tezt/_regressions/rpc/007.client.votes.out

./tezos-client rpc get /chains/main/blocks/head/votes/ballot_list
[]

./tezos-client rpc get /chains/main/blocks/head/votes/ballots
{ "yay": 0, "nay": 0, "pass": 0 }

./tezos-client rpc get /chains/main/blocks/head/votes/current_period_kind
"proposal"

./tezos-client rpc get /chains/main/blocks/head/votes/current_proposal
null

./tezos-client rpc get /chains/main/blocks/head/votes/current_quorum
5500

./tezos-client rpc get /chains/main/blocks/head/votes/listings
[ { "pkh": "[PUBLIC_KEY_HASH]", "rolls": 500 },
  { "pkh": "[PUBLIC_KEY_HASH]", "rolls": 500 },
  { "pkh": "[PUBLIC_KEY_HASH]", "rolls": 500 },
  { "pkh": "[PUBLIC_KEY_HASH]", "rolls": 500 },
  { "pkh": "[PUBLIC_KEY_HASH]", "rolls": 500 } ]

./tezos-client rpc get /chains/main/blocks/head/votes/proposals
[ [ "ProtoDemoNoopsDemoNoopsDemoNoopsDemoNoopsDemo6XBoYp", 500 ] ]

./tezos-client rpc get /chains/main/blocks/head/votes/ballot_list
[ { "pkh": "[PUBLIC_KEY_HASH]", "ballot": "nay" },
  { "pkh": "[PUBLIC_KEY_HASH]", "ballot": "pass" },
  { "pkh": "[PUBLIC_KEY_HASH]", "ballot": "yay" } ]

./tezos-client rpc get /chains/main/blocks/head/votes/ballots
{ "yay": 500, "nay": 500, "pass": 500 }

./tezos-client rpc get /chains/main/blocks/head/votes/current_period_kind
"testing_vote"

./tezos-client rpc get /chains/main/blocks/head/votes/current_proposal
"ProtoDemoNoopsDemoNoopsDemoNoopsDemoNoopsDemo6XBoYp"

./tezos-client rpc get /chains/main/blocks/head/votes/current_quorum
5500

./tezos-client rpc get /chains/main/blocks/head/votes/listings
[ { "pkh": "[PUBLIC_KEY_HASH]", "rolls": 500 },
  { "pkh": "[PUBLIC_KEY_HASH]", "rolls": 500 },
  { "pkh": "[PUBLIC_KEY_HASH]", "rolls": 500 },
  { "pkh": "[PUBLIC_KEY_HASH]", "rolls": 500 },
  { "pkh": "[PUBLIC_KEY_HASH]", "rolls": 500 } ]

./tezos-client rpc get /chains/main/blocks/head/votes/proposals
[]
