tezt/_regressions/rpc/alpha.client.others.out

./tezos-client rpc get /chains/main/blocks/head/context/constants
{ "proof_of_work_nonce_size": 8, "nonce_length": 32,
  "max_anon_ops_per_block": 132, "max_operation_data_length": 32768,
  "max_proposals_per_delegate": 20, "preserved_cycles": 2,
  "blocks_per_cycle": 8, "blocks_per_commitment": 4,
  "blocks_per_roll_snapshot": 4, "blocks_per_voting_period": 64,
  "time_between_blocks": [ "1", "0" ], "endorsers_per_block": 32,
  "hard_gas_limit_per_operation": "1040000",
  "hard_gas_limit_per_block": "10400000", "proof_of_work_threshold": "-1",
  "tokens_per_roll": "8000000000", "michelson_maximum_type_size": 1000,
  "seed_nonce_revelation_tip": "125000", "origination_size": 257,
  "block_security_deposit": "512000000",
  "endorsement_security_deposit": "64000000",
  "baking_reward_per_endorsement": [ "1250000", "187500" ],
  "endorsement_reward": [ "1250000", "833333" ], "cost_per_byte": "250",
  "hard_storage_limit_per_operation": "60000", "test_chain_duration": "0",
  "quorum_min": 2000, "quorum_max": 7000, "min_proposal_quorum": 500,
  "initial_endorsers": 1, "delay_per_missing_endorsement": "1" }

./tezos-client rpc get /chains/main/blocks/head/helpers/baking_rights
[ { "level": 2, "delegate": "[PUBLIC_KEY_HASH]",
    "priority": 0, "estimated_time": "[TIMESTAMP]" },
  { "level": 2, "delegate": "[PUBLIC_KEY_HASH]",
    "priority": 2, "estimated_time": "[TIMESTAMP]" },
  { "level": 2, "delegate": "[PUBLIC_KEY_HASH]",
    "priority": 4, "estimated_time": "[TIMESTAMP]" },
  { "level": 2, "delegate": "[PUBLIC_KEY_HASH]",
    "priority": 6, "estimated_time": "[TIMESTAMP]" },
  { "level": 2, "delegate": "[PUBLIC_KEY_HASH]",
    "priority": 8, "estimated_time": "[TIMESTAMP]" } ]

./tezos-client rpc get '/chains/main/blocks/head/helpers/current_level?offset=0'
{ "level": 1, "level_position": 0, "cycle": 0, "cycle_position": 0,
  "voting_period": 0, "voting_period_position": 0,
  "expected_commitment": false }

./tezos-client rpc get /chains/main/blocks/head/helpers/endorsing_rights
[ { "level": 1, "delegate": "[PUBLIC_KEY_HASH]",
    "slots": [ 2, 13, 17, 19, 23, 24, 31 ],
    "estimated_time": "[TIMESTAMP]" },
  { "level": 1, "delegate": "[PUBLIC_KEY_HASH]",
    "slots": [ 0, 4, 6, 11, 15, 20, 22 ],
    "estimated_time": "[TIMESTAMP]" },
  { "level": 1, "delegate": "[PUBLIC_KEY_HASH]",
    "slots": [ 1, 7, 8, 10, 18, 25, 28 ],
    "estimated_time": "[TIMESTAMP]" },
  { "level": 1, "delegate": "[PUBLIC_KEY_HASH]",
    "slots": [ 3, 5, 12, 16, 27, 30 ],
    "estimated_time": "[TIMESTAMP]" },
  { "level": 1, "delegate": "[PUBLIC_KEY_HASH]",
    "slots": [ 9, 14, 21, 26, 29 ],
    "estimated_time": "[TIMESTAMP]" } ]

./tezos-client rpc get /chains/main/blocks/head/helpers/levels_in_current_cycle
{ "first": 1, "last": 8 }
