tezt/_regressions/rpc/alpha.delegates.out

./tezos-client rpc get '/chains/main/blocks/head/context/delegates/[PUBLIC_KEY_HASH]'
{ "balance": "4000000000000", "frozen_balance": "0",
  "frozen_balance_by_cycle": [], "staking_balance": "4000000000000",
  "delegated_contracts": [], "delegated_balance": "0", "deactivated": false,
  "grace_period": 5, "voting_power": 500 }

./tezos-client rpc get '/chains/main/blocks/head/context/delegates/[PUBLIC_KEY_HASH]/balance'
"4000000000000"

./tezos-client rpc get '/chains/main/blocks/head/context/delegates/[PUBLIC_KEY_HASH]/deactivated'
false

./tezos-client rpc get '/chains/main/blocks/head/context/delegates/[PUBLIC_KEY_HASH]/delegated_balance'
"0"

./tezos-client rpc get '/chains/main/blocks/head/context/delegates/[PUBLIC_KEY_HASH]/delegated_contracts'
[]

./tezos-client rpc get '/chains/main/blocks/head/context/delegates/[PUBLIC_KEY_HASH]/frozen_balance'
"0"

./tezos-client rpc get '/chains/main/blocks/head/context/delegates/[PUBLIC_KEY_HASH]/frozen_balance_by_cycle'
[]

./tezos-client rpc get '/chains/main/blocks/head/context/delegates/[PUBLIC_KEY_HASH]/grace_period'
5

./tezos-client rpc get '/chains/main/blocks/head/context/delegates/[PUBLIC_KEY_HASH]/staking_balance'
"4000000000000"

./tezos-client rpc get '/chains/main/blocks/head/context/delegates/[PUBLIC_KEY_HASH]/voting_power'
500

./tezos-client rpc get '/chains/main/blocks/head/context/delegates/[PUBLIC_KEY_HASH]'
Fatal error:
  No service found at this URL
  

./tezos-client rpc get '/chains/main/blocks/head/context/delegates/[PUBLIC_KEY_HASH]/balance'
Fatal error:
  No service found at this URL
  

./tezos-client rpc get '/chains/main/blocks/head/context/delegates/[PUBLIC_KEY_HASH]/deactivated'
false

./tezos-client rpc get '/chains/main/blocks/head/context/delegates/[PUBLIC_KEY_HASH]/delegated_balance'
Fatal error:
  No service found at this URL
  

./tezos-client rpc get '/chains/main/blocks/head/context/delegates/[PUBLIC_KEY_HASH]/delegated_contracts'
[]

./tezos-client rpc get '/chains/main/blocks/head/context/delegates/[PUBLIC_KEY_HASH]/frozen_balance'
"0"

./tezos-client rpc get '/chains/main/blocks/head/context/delegates/[PUBLIC_KEY_HASH]/frozen_balance_by_cycle'
[]

./tezos-client rpc get '/chains/main/blocks/head/context/delegates/[PUBLIC_KEY_HASH]/grace_period'
Fatal error:
  No service found at this URL
  

./tezos-client rpc get '/chains/main/blocks/head/context/delegates/[PUBLIC_KEY_HASH]/staking_balance'
"0"

./tezos-client rpc get '/chains/main/blocks/head/context/delegates/[PUBLIC_KEY_HASH]/voting_power'
0
