tezt/_regressions/rpc/current.light.votes.out

./tezos-client --mode light rpc get /chains/main/blocks/head/votes/ballot_list
protocol of light mode unspecified, using the node's protocol: PtEdo2ZkT9oKpimTah6x2embF25oss54njMuPzkJTEi5RqfdZFA
[]

./tezos-client --mode light rpc get /chains/main/blocks/head/votes/ballots
protocol of light mode unspecified, using the node's protocol: PtEdo2ZkT9oKpimTah6x2embF25oss54njMuPzkJTEi5RqfdZFA
{ "yay": 0, "nay": 0, "pass": 0 }

./tezos-client --mode light rpc get /chains/main/blocks/head/votes/current_period
protocol of light mode unspecified, using the node's protocol: PtEdo2ZkT9oKpimTah6x2embF25oss54njMuPzkJTEi5RqfdZFA
{ "voting_period": { "index": 0, "kind": "proposal", "start_position": 0 },
  "position": 1, "remaining": 2 }

./tezos-client --mode light rpc get /chains/main/blocks/head/votes/current_period_kind
protocol of light mode unspecified, using the node's protocol: PtEdo2ZkT9oKpimTah6x2embF25oss54njMuPzkJTEi5RqfdZFA
"proposal"

./tezos-client --mode light rpc get /chains/main/blocks/head/votes/current_proposal
protocol of light mode unspecified, using the node's protocol: PtEdo2ZkT9oKpimTah6x2embF25oss54njMuPzkJTEi5RqfdZFA
null

./tezos-client --mode light rpc get /chains/main/blocks/head/votes/current_quorum
protocol of light mode unspecified, using the node's protocol: PtEdo2ZkT9oKpimTah6x2embF25oss54njMuPzkJTEi5RqfdZFA
5500

./tezos-client --mode light rpc get /chains/main/blocks/head/votes/listings
protocol of light mode unspecified, using the node's protocol: PtEdo2ZkT9oKpimTah6x2embF25oss54njMuPzkJTEi5RqfdZFA
[ { "pkh": "[PUBLIC_KEY_HASH]", "rolls": 500 },
  { "pkh": "[PUBLIC_KEY_HASH]", "rolls": 500 },
  { "pkh": "[PUBLIC_KEY_HASH]", "rolls": 500 },
  { "pkh": "[PUBLIC_KEY_HASH]", "rolls": 500 },
  { "pkh": "[PUBLIC_KEY_HASH]", "rolls": 500 } ]

./tezos-client --mode light rpc get /chains/main/blocks/head/votes/proposals
protocol of light mode unspecified, using the node's protocol: PtEdo2ZkT9oKpimTah6x2embF25oss54njMuPzkJTEi5RqfdZFA
[ [ "ProtoDemoNoopsDemoNoopsDemoNoopsDemoNoopsDemo6XBoYp", 500 ] ]

./tezos-client --mode light rpc get /chains/main/blocks/head/votes/successor_period
protocol of light mode unspecified, using the node's protocol: PtEdo2ZkT9oKpimTah6x2embF25oss54njMuPzkJTEi5RqfdZFA
{ "voting_period": { "index": 0, "kind": "proposal", "start_position": 0 },
  "position": 2, "remaining": 1 }

./tezos-client --mode light rpc get /chains/main/blocks/head/votes/total_voting_power
protocol of light mode unspecified, using the node's protocol: PtEdo2ZkT9oKpimTah6x2embF25oss54njMuPzkJTEi5RqfdZFA
2500

./tezos-client --mode light rpc get /chains/main/blocks/head/votes/ballot_list
protocol of light mode unspecified, using the node's protocol: PtEdo2ZkT9oKpimTah6x2embF25oss54njMuPzkJTEi5RqfdZFA
[ { "pkh": "[PUBLIC_KEY_HASH]", "ballot": "nay" },
  { "pkh": "[PUBLIC_KEY_HASH]", "ballot": "pass" },
  { "pkh": "[PUBLIC_KEY_HASH]", "ballot": "yay" } ]

./tezos-client --mode light rpc get /chains/main/blocks/head/votes/ballots
protocol of light mode unspecified, using the node's protocol: PtEdo2ZkT9oKpimTah6x2embF25oss54njMuPzkJTEi5RqfdZFA
{ "yay": 500, "nay": 500, "pass": 500 }

./tezos-client --mode light rpc get /chains/main/blocks/head/votes/current_period
protocol of light mode unspecified, using the node's protocol: PtEdo2ZkT9oKpimTah6x2embF25oss54njMuPzkJTEi5RqfdZFA
{ "voting_period":
    { "index": 1, "kind": "testing_vote", "start_position": 4 },
  "position": 0, "remaining": 3 }

./tezos-client --mode light rpc get /chains/main/blocks/head/votes/current_period_kind
protocol of light mode unspecified, using the node's protocol: PtEdo2ZkT9oKpimTah6x2embF25oss54njMuPzkJTEi5RqfdZFA
"testing_vote"

./tezos-client --mode light rpc get /chains/main/blocks/head/votes/current_proposal
protocol of light mode unspecified, using the node's protocol: PtEdo2ZkT9oKpimTah6x2embF25oss54njMuPzkJTEi5RqfdZFA
"ProtoDemoNoopsDemoNoopsDemoNoopsDemoNoopsDemo6XBoYp"

./tezos-client --mode light rpc get /chains/main/blocks/head/votes/current_quorum
protocol of light mode unspecified, using the node's protocol: PtEdo2ZkT9oKpimTah6x2embF25oss54njMuPzkJTEi5RqfdZFA
5500

./tezos-client --mode light rpc get /chains/main/blocks/head/votes/listings
protocol of light mode unspecified, using the node's protocol: PtEdo2ZkT9oKpimTah6x2embF25oss54njMuPzkJTEi5RqfdZFA
[ { "pkh": "[PUBLIC_KEY_HASH]", "rolls": 500 },
  { "pkh": "[PUBLIC_KEY_HASH]", "rolls": 500 },
  { "pkh": "[PUBLIC_KEY_HASH]", "rolls": 500 },
  { "pkh": "[PUBLIC_KEY_HASH]", "rolls": 500 },
  { "pkh": "[PUBLIC_KEY_HASH]", "rolls": 500 } ]

./tezos-client --mode light rpc get /chains/main/blocks/head/votes/proposals
protocol of light mode unspecified, using the node's protocol: PtEdo2ZkT9oKpimTah6x2embF25oss54njMuPzkJTEi5RqfdZFA
[]

./tezos-client --mode light rpc get /chains/main/blocks/head/votes/successor_period
protocol of light mode unspecified, using the node's protocol: PtEdo2ZkT9oKpimTah6x2embF25oss54njMuPzkJTEi5RqfdZFA
{ "voting_period":
    { "index": 1, "kind": "testing_vote", "start_position": 4 },
  "position": 1, "remaining": 2 }

./tezos-client --mode light rpc get /chains/main/blocks/head/votes/total_voting_power
protocol of light mode unspecified, using the node's protocol: PtEdo2ZkT9oKpimTah6x2embF25oss54njMuPzkJTEi5RqfdZFA
2500
