tezt/_regressions/rpc/granada.light.delegates.out

./tezos-client --mode light rpc get /chains/main/blocks/head/context/contracts
protocol of light mode unspecified, using the node's protocol: ProtoGenesisGenesisGenesisGenesisGenesisGenesk612im
[ "[CONTRACT_HASH]",
  "[PUBLIC_KEY_HASH]",
  "[PUBLIC_KEY_HASH]",
  "[CONTRACT_HASH]",
  "[CONTRACT_HASH]",
  "[PUBLIC_KEY_HASH]",
  "[PUBLIC_KEY_HASH]",
  "[PUBLIC_KEY_HASH]" ]

./tezos-client --mode light rpc get /chains/main/blocks/head/context/delegates
protocol of light mode unspecified, using the node's protocol: ProtoGenesisGenesisGenesisGenesisGenesisGenesk612im
[ "[PUBLIC_KEY_HASH]",
  "[PUBLIC_KEY_HASH]",
  "[PUBLIC_KEY_HASH]",
  "[PUBLIC_KEY_HASH]",
  "[PUBLIC_KEY_HASH]" ]

./tezos-client --mode light rpc get '/chains/main/blocks/head/context/delegates/[PUBLIC_KEY_HASH]'
protocol of light mode unspecified, using the node's protocol: ProtoGenesisGenesisGenesisGenesisGenesisGenesk612im
{ "balance": "4000000000000", "frozen_balance": "0",
  "frozen_balance_by_cycle": [], "staking_balance": "4000000000000",
  "delegated_contracts": [ "[PUBLIC_KEY_HASH]" ],
  "delegated_balance": "0", "deactivated": false, "grace_period": 5,
  "voting_power": 500 }

./tezos-client --mode light rpc get '/chains/main/blocks/head/context/delegates/[PUBLIC_KEY_HASH]/balance'
protocol of light mode unspecified, using the node's protocol: ProtoGenesisGenesisGenesisGenesisGenesisGenesk612im
"4000000000000"

./tezos-client --mode light rpc get '/chains/main/blocks/head/context/delegates/[PUBLIC_KEY_HASH]/frozen_balance'
protocol of light mode unspecified, using the node's protocol: ProtoGenesisGenesisGenesisGenesisGenesisGenesk612im
"0"

./tezos-client --mode light rpc get '/chains/main/blocks/head/context/delegates/[PUBLIC_KEY_HASH]/frozen_balance_by_cycle'
protocol of light mode unspecified, using the node's protocol: ProtoGenesisGenesisGenesisGenesisGenesisGenesk612im
[]

./tezos-client --mode light rpc get '/chains/main/blocks/head/context/delegates/[PUBLIC_KEY_HASH]/staking_balance'
protocol of light mode unspecified, using the node's protocol: ProtoGenesisGenesisGenesisGenesisGenesisGenesk612im
"4000000000000"

./tezos-client --mode light rpc get '/chains/main/blocks/head/context/delegates/[PUBLIC_KEY_HASH]/delegated_contracts'
protocol of light mode unspecified, using the node's protocol: ProtoGenesisGenesisGenesisGenesisGenesisGenesk612im
[ "[PUBLIC_KEY_HASH]" ]

./tezos-client --mode light rpc get '/chains/main/blocks/head/context/delegates/[PUBLIC_KEY_HASH]/delegated_balance'
protocol of light mode unspecified, using the node's protocol: ProtoGenesisGenesisGenesisGenesisGenesisGenesk612im
"0"

./tezos-client --mode light rpc get '/chains/main/blocks/head/context/delegates/[PUBLIC_KEY_HASH]/deactivated'
protocol of light mode unspecified, using the node's protocol: ProtoGenesisGenesisGenesisGenesisGenesisGenesk612im
false

./tezos-client --mode light rpc get '/chains/main/blocks/head/context/delegates/[PUBLIC_KEY_HASH]/grace_period'
protocol of light mode unspecified, using the node's protocol: ProtoGenesisGenesisGenesisGenesisGenesisGenesk612im
5

./tezos-client --mode light rpc get '/chains/main/blocks/head/context/delegates/[PUBLIC_KEY_HASH]/voting_power'
protocol of light mode unspecified, using the node's protocol: ProtoGenesisGenesisGenesisGenesisGenesisGenesk612im
500

./tezos-client --mode light rpc get '/chains/main/blocks/head/context/delegates/[PUBLIC_KEY_HASH]'
protocol of light mode unspecified, using the node's protocol: ProtoGenesisGenesisGenesisGenesisGenesisGenesk612im
Fatal error:
  Command failed: Storage error:
                    Missing key 'contracts/index/63/cb/4c/cb/6c/4c/0000b443c2c85e0aeb6a4c0a37783f4d8251a956e8ad/balance'.
  

./tezos-client --mode light rpc get '/chains/main/blocks/head/context/delegates/[PUBLIC_KEY_HASH]/balance'
protocol of light mode unspecified, using the node's protocol: ProtoGenesisGenesisGenesisGenesisGenesisGenesk612im
Fatal error:
  Command failed: Storage error:
                    Missing key 'contracts/index/63/cb/4c/cb/6c/4c/0000b443c2c85e0aeb6a4c0a37783f4d8251a956e8ad/balance'.
  

./tezos-client --mode light rpc get '/chains/main/blocks/head/context/delegates/[PUBLIC_KEY_HASH]/deactivated'
protocol of light mode unspecified, using the node's protocol: ProtoGenesisGenesisGenesisGenesisGenesisGenesk612im
false

./tezos-client --mode light rpc get '/chains/main/blocks/head/context/delegates/[PUBLIC_KEY_HASH]/delegated_balance'
protocol of light mode unspecified, using the node's protocol: ProtoGenesisGenesisGenesisGenesisGenesisGenesk612im
Fatal error:
  Command failed: Storage error:
                    Missing key 'contracts/index/63/cb/4c/cb/6c/4c/0000b443c2c85e0aeb6a4c0a37783f4d8251a956e8ad/balance'.
  

./tezos-client --mode light rpc get '/chains/main/blocks/head/context/delegates/[PUBLIC_KEY_HASH]/delegated_contracts'
protocol of light mode unspecified, using the node's protocol: ProtoGenesisGenesisGenesisGenesisGenesisGenesk612im
[]

./tezos-client --mode light rpc get '/chains/main/blocks/head/context/delegates/[PUBLIC_KEY_HASH]/frozen_balance'
protocol of light mode unspecified, using the node's protocol: ProtoGenesisGenesisGenesisGenesisGenesisGenesk612im
"0"

./tezos-client --mode light rpc get '/chains/main/blocks/head/context/delegates/[PUBLIC_KEY_HASH]/frozen_balance_by_cycle'
protocol of light mode unspecified, using the node's protocol: ProtoGenesisGenesisGenesisGenesisGenesisGenesk612im
[]

./tezos-client --mode light rpc get '/chains/main/blocks/head/context/delegates/[PUBLIC_KEY_HASH]/grace_period'
protocol of light mode unspecified, using the node's protocol: ProtoGenesisGenesisGenesisGenesisGenesisGenesk612im
Fatal error:
  Command failed: Storage error:
                    Missing key 'contracts/index/63/cb/4c/cb/6c/4c/0000b443c2c85e0aeb6a4c0a37783f4d8251a956e8ad/delegate_desactivation'.
  

./tezos-client --mode light rpc get '/chains/main/blocks/head/context/delegates/[PUBLIC_KEY_HASH]/staking_balance'
protocol of light mode unspecified, using the node's protocol: ProtoGenesisGenesisGenesisGenesisGenesisGenesk612im
"0"

./tezos-client --mode light rpc get '/chains/main/blocks/head/context/delegates/[PUBLIC_KEY_HASH]/voting_power'
protocol of light mode unspecified, using the node's protocol: ProtoGenesisGenesisGenesisGenesisGenesisGenesk612im
0
