{
  "abs_00.tzt": true,
  "abs_01.tzt": true,
  "abs_02.tzt": true,
  "add_00.tc.tzt": true,
  "add_01.tc.tzt": true,
  "add_int-int_00.tzt": true,
  "add_int-nat_00.tzt": true,
  "add_int-nat_01.tzt": true,
  "add_int-timestamp_00.tzt": true,
  "add_mutez-mutez_00.tzt": true,
  "add_mutez-mutez_01.tzt": true,
  "add_nat-int_00.tzt": true,
  "add_nat-nat_00.tzt": true,
  "add_timestamp-int_00.tzt": true,
  "add_timestamp-int_01.tzt": true,
  "add_timestamp-int_02.tzt": true,
  "add_timestamp-int_03.tzt": true,
  "address_00.tc.tzt": true,
  "address_00.tzt": true,
  "address_01.tzt": true,
  "address_02.tzt": true,
  "amount_00.tzt": true,
  "and_bool-bool_00.tzt": true,
  "and_bool-bool_01.tzt": true,
  "and_bool-bool_02.tzt": true,
  "and_bool-bool_03.tzt": true,
  "and_bytes-bytes_00.tzt": true,
  "and_bytes-bytes_01.tzt": true,
  "and_bytes-bytes_02.tzt": true,
  "and_bytes-bytes_03.tzt": true,
  "and_bytes-bytes_04.tzt": true,
  "and_bytes-bytes_05.tzt": true,
  "and_bytes-bytes_06.tzt": true,
  "and_int-nat_00.tzt": true,
  "and_int-nat_01.tzt": true,
  "and_int-nat_02.tzt": true,
  "and_int-nat_03.tzt": true,
  "and_int-nat_04.tzt": true,
  "and_int-nat_05.tzt": true,
  "and_int-nat_06.tzt": true,
  "and_nat-nat_00.tzt": true,
  "and_nat-nat_01.tzt": true,
  "and_nat-nat_02.tzt": true,
  "apply_00.tzt": true,
  "apply_01.tzt": true,
  "apply_02.tzt": true,
  "balance_00.tzt": true,
  "blake2b_00.tzt": true,
  "blake2b_01.tzt": true,
  "car_00.tc.tzt": true,
  "car_00.tzt": true,
  "car_01.tzt": true,
  "cdr_00.tc.tzt": true,
  "cdr_00.tzt": true,
  "cdr_01.tzt": true,
  "chain_id_00.tzt": true,
  "chain_id_01.tzt": true,
  "checksignature_00.tc.tzt": true,
  "checksignature_00.tzt": true,
  "checksignature_01.tzt": true,
  "compare_00.tc.tzt": true,
  "compare_01.tc.tzt": true,
  "compare_02.tc.tzt": true,
  "compare_bool_00.tzt": true,
  "compare_bool_01.tzt": true,
  "compare_bool_02.tzt": true,
  "compare_bool_03.tzt": true,
  "compare_bytes_00.tzt": true,
  "compare_bytes_01.tzt": true,
  "compare_bytes_02.tzt": true,
  "compare_bytes_03.tzt": true,
  "compare_bytes_04.tzt": true,
  "compare_int_00.tzt": true,
  "compare_int_01.tzt": true,
  "compare_int_02.tzt": true,
  "compare_int_03.tzt": true,
  "compare_int_04.tzt": true,
  "compare_keyhash_00.tzt": true,
  "compare_keyhash_01.tzt": true,
  "compare_keyhash_02.tzt": true,
  "compare_mutez_00.tzt": true,
  "compare_mutez_01.tzt": true,
  "compare_mutez_02.tzt": true,
  "compare_mutez_03.tzt": true,
  "compare_mutez_04.tzt": true,
  "compare_mutez_05.tzt": true,
  "compare_nat_00.tzt": true,
  "compare_nat_01.tzt": true,
  "compare_nat_02.tzt": true,
  "compare_nat_03.tzt": true,
  "compare_nat_04.tzt": true,
  "compare_nat_05.tzt": true,
  "compare_never_00.tzt": true,
  "compare_pairintint_00.tzt": true,
  "compare_pairintint_01.tzt": true,
  "compare_pairintint_02.tzt": true,
  "compare_pairintint_03.tzt": true,
  "compare_string_00.tzt": true,
  "compare_string_01.tzt": true,
  "compare_string_02.tzt": true,
  "compare_string_03.tzt": true,
  "compare_string_04.tzt": true,
  "compare_timestamp_00.tzt": true,
  "compare_timestamp_01.tzt": true,
  "compare_timestamp_02.tzt": true,
  "compare_timestamp_03.tzt": true,
  "compare_timestamp_04.tzt": true,
  "compare_timestamp_05.tzt": true,
  "concat_00.tc.tzt": true,
  "concat_bytes_00.tzt": true,
  "concat_bytes_01.tzt": true,
  "concat_listbytes_00.tzt": true,
  "concat_listbytes_01.tzt": true,
  "concat_listbytes_02.tzt": true,
  "concat_liststring_00.tzt": true,
  "concat_liststring_01.tzt": true,
  "concat_liststring_02.tzt": true,
  "concat_liststring_03.tzt": true,
  "concat_liststring_04.tzt": true,
  "concat_string_00.tzt": true,
  "concat_string_01.tzt": true,
  "concat_string_02.tzt": true,
  "cons_int_00.tzt": true,
  "cons_int_01.tzt": true,
  "cons_int_02.tzt": true,
  "cons_lists_00.tc.tzt": true,
  "cons_string_00.tzt": true,
  "contract_00.tzt": true,
  "contract_01.tzt": true,
  "contract_02.tzt": true,
  "contract_03.tzt": true,
  "contract_04.tzt": true,
  "contract_05.tzt": true,
  "createcontract_00.tzt": false,
  "createcontract_01.tzt": false,
  "dig_00.tzt": true,
  "dig_01.tzt": true,
  "dig_02.tzt": true,
  "dig_03.tzt": true,
  "dig_04.tzt": true,
  "dip_00.tc.tzt": true,
  "dip_00.tzt": true,
  "dip_01.tzt": true,
  "dip_02.tzt": true,
  "dipn_00.tc.tzt": true,
  "dipn_00.tzt": true,
  "dipn_01.tc.tzt": true,
  "dipn_01.tzt": true,
  "dipn_02.tc.tzt": true,
  "dipn_02.tzt": true,
  "dipn_03.tzt": true,
  "drop_00.tc.tzt": true,
  "drop_00.tzt": true,
  "dropn_00.tc.tzt": true,
  "dropn_00.tzt": true,
  "dropn_01.tzt": true,
  "dropn_02.tzt": true,
  "dropn_03.tzt": true,
  "dugn_00.tzt": true,
  "dup_00.tc.tzt": true,
  "dup_00.tzt": true,
  "dupn_00.tc.tzt": true,
  "dupn_00.tzt": true,
  "dupn_01.tc.tzt": true,
  "dupn_01.tzt": true,
  "dupn_02.tzt": true,
  "dupn_03.tzt": true,
  "dupn_04.tzt": true,
  "ediv_int-int_00.tzt": true,
  "ediv_int-int_01.tzt": true,
  "ediv_int-int_02.tzt": true,
  "ediv_int-int_03.tzt": true,
  "ediv_int-int_04.tzt": true,
  "ediv_int-int_05.tzt": true,
  "ediv_int-int_06.tzt": true,
  "ediv_int-int_07.tzt": true,
  "ediv_int-int_08.tzt": true,
  "ediv_int-nat_00.tzt": true,
  "ediv_int-nat_01.tzt": true,
  "ediv_int-nat_02.tzt": true,
  "ediv_int-nat_03.tzt": true,
  "ediv_int-nat_04.tzt": true,
  "ediv_int-nat_05.tzt": true,
  "ediv_mutez-mutez_00.tzt": true,
  "ediv_mutez-mutez_01.tzt": true,
  "ediv_mutez-mutez_02.tzt": true,
  "ediv_mutez-mutez_03.tzt": true,
  "ediv_mutez-mutez_04.tzt": true,
  "ediv_mutez-mutez_05.tzt": true,
  "ediv_mutez-nat_00.tzt": true,
  "ediv_mutez-nat_01.tzt": true,
  "ediv_mutez-nat_02.tzt": true,
  "ediv_mutez-nat_03.tzt": true,
  "ediv_mutez-nat_04.tzt": true,
  "ediv_mutez-nat_05.tzt": true,
  "ediv_mutez-nat_06.tzt": true,
  "ediv_nat-int_00.tzt": true,
  "ediv_nat-int_01.tzt": true,
  "ediv_nat-int_02.tzt": true,
  "ediv_nat-int_03.tzt": true,
  "ediv_nat-int_04.tzt": true,
  "ediv_nat-int_05.tzt": true,
  "ediv_nat-nat_00.tzt": true,
  "ediv_nat-nat_01.tzt": true,
  "ediv_nat-nat_02.tzt": true,
  "ediv_nat-nat_03.tzt": true,
  "ediv_nat-nat_04.tzt": true,
  "emptybigmap_nat-nat_00.tzt": true,
  "emptymap_nat-nat_00.tzt": true,
  "emptymap_string-string_00.tzt": true,
  "emptyset_00.tc.tzt": true,
  "emptyset_nat_00.tzt": true,
  "eq_00.tzt": true,
  "eq_01.tzt": true,
  "eq_02.tzt": true,
  "eq_03.tzt": true,
  "eq_04.tzt": true,
  "exec_00.tzt": true,
  "exec_01.tzt": true,
  "exec_02.tzt": true,
  "exec_03.tzt": true,
  "failwith_00.tc.tzt": true,
  "failwith_00.tzt": true,
  "gas_exhaustion.tzt": true,
  "ge_00.tzt": true,
  "ge_01.tzt": true,
  "ge_02.tzt": true,
  "ge_03.tzt": true,
  "ge_04.tzt": true,
  "get_00.tc.tzt": true,
  "get_bigmapstringstring_00.tzt": true,
  "get_bigmapstringstring_01.tzt": true,
  "get_bigmapstringstring_02.tzt": true,
  "get_map_00.tc.tzt": true,
  "get_mapintint_00.tzt": true,
  "get_mapintint_01.tzt": true,
  "get_mapstringstring_00.tzt": true,
  "get_mapstringstring_01.tzt": true,
  "get_mapstringstring_02.tzt": true,
  "gt_00.tc.tzt": true,
  "gt_00.tzt": true,
  "gt_01.tzt": true,
  "gt_02.tzt": true,
  "gt_03.tzt": true,
  "gt_04.tzt": true,
  "if_00.tc.tzt": true,
  "if_00.tzt": true,
  "if_01.tc.tzt": true,
  "if_01.tzt": true,
  "ifcons_00.tc.tzt": true,
  "ifcons_listint_00.tzt": true,
  "ifcons_listint_01.tzt": true,
  "ifcons_listnat_00.tzt": true,
  "ifcons_listnat_01.tzt": true,
  "ifleft_00.tc.tzt": true,
  "ifleft_orintstring_00.tzt": true,
  "ifleft_orstringint_00.tzt": true,
  "ifnone_00.tc.tzt": true,
  "ifnone_optionint_00.tzt": true,
  "ifnone_optionnat_00.tzt": true,
  "implicitaccount_00.tzt": true,
  "int_00.tc.tzt": true,
  "int_nat_00.tzt": true,
  "int_nat_01.tzt": true,
  "is_implicit_account_00.tzt": true,
  "is_implicit_account_01.tzt": true,
  "isnat_00.tzt": true,
  "isnat_01.tzt": true,
  "iter_00.tc.tzt": true,
  "iter_listint_00.tzt": true,
  "iter_listint_01.tzt": true,
  "iter_listint_02.tzt": true,
  "iter_listint_03.tzt": true,
  "iter_liststring_00.tzt": true,
  "iter_liststring_01.tzt": true,
  "iter_mapintint_00.tzt": true,
  "iter_mapintint_01.tzt": true,
  "iter_mapintint_02.tzt": true,
  "iter_mapintint_03.tzt": true,
  "iter_mapintint_04.tzt": true,
  "iter_mapstringstring_00.tzt": true,
  "iter_setint_00.tzt": true,
  "iter_setint_01.tzt": true,
  "iter_setint_02.tzt": true,
  "iter_setstring_00.tzt": true,
  "iter_setstring_01.tzt": true,
  "iter_setstring_02.tzt": true,
  "join_tickets_00.tzt": true,
  "join_tickets_01.tzt": true,
  "join_tickets_02.tzt": true,
  "join_tickets_03.tzt": true,
  "keccak_00.tzt": true,
  "keccak_01.tzt": true,
  "le_00.tzt": true,
  "le_01.tzt": true,
  "le_02.tzt": true,
  "le_03.tzt": true,
  "le_04.tzt": true,
  "left_int-nat_00.tzt": true,
  "loop_00.tc.tzt": true,
  "loop_00.tzt": true,
  "loop_01.tc.tzt": true,
  "loop_01.tzt": true,
  "loop_02.tzt": true,
  "loopleft_00.tzt": true,
  "loopleft_01.tzt": true,
  "loopleft_02.tzt": true,
  "loopleft_03.tzt": true,
  "loopleft_04.tzt": true,
  "lsl_bytes_00.tzt": true,
  "lsl_bytes_01.tzt": true,
  "lsl_bytes_02.tzt": true,
  "lsl_bytes_03.tzt": true,
  "lsl_bytes_04.tzt": true,
  "lsl_bytes_05.tzt": true,
  "lsl_bytes_06.tzt": true,
  "lsl_nat_00.tzt": true,
  "lsl_nat_01.tzt": true,
  "lsl_nat_02.tzt": true,
  "lsl_nat_03.tzt": true,
  "lsl_nat_04.tzt": true,
  "lsl_nat_05.tzt": true,
  "lsl_nat_06.tzt": true,
  "lsl_nat_07.tzt": true,
  "lsl_nat_08.tzt": true,
  "lsr_bytes_00.tzt": true,
  "lsr_bytes_01.tzt": true,
  "lsr_bytes_02.tzt": true,
  "lsr_bytes_03.tzt": true,
  "lsr_bytes_04.tzt": true,
  "lsr_bytes_05.tzt": true,
  "lsr_bytes_06.tzt": true,
  "lsr_bytes_07.tzt": true,
  "lsr_nat_00.tzt": true,
  "lsr_nat_01.tzt": true,
  "lsr_nat_02.tzt": true,
  "lsr_nat_03.tzt": true,
  "lsr_nat_04.tzt": true,
  "lsr_nat_05.tzt": true,
  "lsr_nat_06.tzt": true,
  "lsr_nat_07.tzt": true,
  "lt_00.tzt": true,
  "lt_01.tzt": true,
  "lt_02.tzt": true,
  "lt_03.tzt": true,
  "lt_04.tzt": true,
  "map_listint_00.tzt": true,
  "map_listint_01.tzt": true,
  "map_listint_02.tzt": true,
  "map_listint_03.tzt": true,
  "map_listint_04.tzt": true,
  "map_listint_05.tzt": true,
  "map_listint_06.tzt": true,
  "map_liststring_00.tzt": true,
  "map_liststring_01.tzt": true,
  "map_liststring_02.tzt": true,
  "map_liststring_04.tzt": true,
  "map_liststring_05.tzt": true,
  "map_liststring_06.tzt": true,
  "map_liststring_07.tzt": true,
  "map_liststring_08.tzt": true,
  "map_mapintint_00.tzt": true,
  "map_mapintint_01.tzt": true,
  "map_mapintstring_00.tzt": true,
  "map_mapintstring_01.tzt": true,
  "map_mapstringnat_00.tzt": true,
  "map_mapstringnat_01.tzt": true,
  "map_mapstringnat_02.tzt": true,
  "mem_bigmapnatnat_00.tzt": true,
  "mem_bigmapnatnat_01.tzt": true,
  "mem_bigmapnatnat_02.tzt": true,
  "mem_bigmapnatnat_03.tzt": true,
  "mem_bigmapnatnat_04.tzt": true,
  "mem_bigmapnatnat_05.tzt": true,
  "mem_bigmapstringnat_00.tzt": true,
  "mem_bigmapstringnat_01.tzt": true,
  "mem_bigmapstringnat_02.tzt": true,
  "mem_bigmapstringnat_03.tzt": true,
  "mem_bigmapstringnat_04.tzt": true,
  "mem_bigmapstringnat_05.tzt": true,
  "mem_mapintint_00.tzt": true,
  "mem_mapnatnat_00.tzt": true,
  "mem_mapnatnat_01.tzt": true,
  "mem_mapnatnat_02.tzt": true,
  "mem_mapnatnat_03.tzt": true,
  "mem_mapnatnat_04.tzt": true,
  "mem_mapnatnat_05.tzt": true,
  "mem_mapstringnat_00.tzt": true,
  "mem_mapstringnat_01.tzt": true,
  "mem_mapstringnat_02.tzt": true,
  "mem_mapstringnat_03.tzt": true,
  "mem_mapstringnat_04.tzt": true,
  "mem_mapstringnat_05.tzt": true,
  "mem_setint_00.tzt": true,
  "mem_setint_01.tzt": true,
  "mem_setstring_00.tzt": true,
  "mem_setstring_01.tzt": true,
  "mem_setstring_02.tzt": true,
  "mul_int-int_00.tzt": true,
  "mul_int-nat_00.tzt": true,
  "mul_mutez-nat_00.tzt": true,
  "mul_mutez-nat_01.tzt": true,
  "mul_nat-int_00.tzt": true,
  "mul_nat-mutez_00.tzt": true,
  "mul_nat-mutez_01.tzt": true,
  "mul_nat-nat_00.tzt": true,
  "neg_int_00.tzt": true,
  "neg_int_01.tzt": true,
  "neg_int_02.tzt": true,
  "neg_nat_00.tzt": true,
  "neg_nat_01.tzt": true,
  "neq_00.tzt": true,
  "neq_01.tzt": true,
  "neq_02.tzt": true,
  "neq_03.tzt": true,
  "neq_04.tzt": true,
  "never_00.tc.tzt": true,
  "never_00.tzt": true,
  "nil_nat_00.tzt": true,
  "none_int_00.tzt": true,
  "none_pair-nat-string.tzt": true,
  "not_bool_00.tzt": true,
  "not_bool_01.tzt": true,
  "not_bytes_00.tzt": true,
  "not_bytes_01.tzt": true,
  "not_bytes_02.tzt": true,
  "not_bytes_03.tzt": true,
  "not_bytes_04.tzt": true,
  "not_bytes_05.tzt": true,
  "not_int_00.tzt": true,
  "not_nat_00.tzt": true,
  "not_nat_01.tzt": true,
  "not_nat_02.tzt": true,
  "not_nat_03.tzt": true,
  "not_nat_04.tzt": true,
  "not_nat_05.tzt": true,
  "not_nat_06.tzt": true,
  "not_nat_07.tzt": true,
  "now_00.tzt": true,
  "now_01.tzt": true,
  "or_bool-bool_00.tzt": true,
  "or_bool-bool_01.tzt": true,
  "or_bool-bool_02.tzt": true,
  "or_bool-bool_03.tzt": true,
  "or_bytes-bytes_00.tzt": true,
  "or_bytes-bytes_01.tzt": true,
  "or_bytes-bytes_02.tzt": true,
  "or_bytes-bytes_03.tzt": true,
  "or_bytes-bytes_04.tzt": true,
  "or_bytes-bytes_05.tzt": true,
  "or_bytes-bytes_06.tzt": true,
  "or_nat-nat_00.tzt": true,
  "or_nat-nat_01.tzt": true,
  "or_nat-nat_02.tzt": true,
  "or_nat-nat_03.tzt": true,
  "or_nat-nat_04.tzt": true,
  "or_nat-nat_05.tzt": true,
  "or_nat-nat_06.tzt": true,
  "pack_address_00.tzt": true,
  "pack_address_01.tzt": true,
  "pack_address_02.tzt": true,
  "pack_address_03.tzt": true,
  "pack_address_04.tzt": true,
  "pack_address_05.tzt": true,
  "pack_bool_00.tzt": true,
  "pack_bool_01.tzt": true,
  "pack_bytes_00.tzt": true,
  "pack_bytes_01.tzt": true,
  "pack_bytes_02.tzt": true,
  "pack_chainid_00.tzt": true,
  "pack_contract_00.tzt": true,
  "pack_key_00.tzt": true,
  "pack_key_01.tzt": true,
  "pack_key_02.tzt": true,
  "pack_key_03.tzt": true,
  "pack_keyhash_01.tzt": true,
  "pack_keyhash_02.tzt": true,
  "pack_keyhash_03.tzt": true,
  "pack_keyhash_04.tzt": true,
  "pack_lambda_comb_pairs.tzt": false,
  "pack_list-bool_00.tzt": true,
  "pack_list-bool_01.tzt": true,
  "pack_list-list-bool.tzt": true,
  "pack_list_large_00.tzt": true,
  "pack_map-bool-unit_00.tzt": true,
  "pack_operation_00.tc.tzt": true,
  "pack_option-unit_00.tzt": true,
  "pack_option-unit_01.tzt": true,
  "pack_or-unit-bool_00.tzt": true,
  "pack_or-unit-bool_01.tzt": true,
  "pack_pair-bool-unit_00.tzt": true,
  "pack_signature_00.tzt": true,
  "pack_signature_01.tzt": true,
  "pack_signature_02.tzt": true,
  "pack_signature_03.tzt": true,
  "pack_string_00.tzt": true,
  "pack_string_01.tzt": true,
  "pack_string_02.tzt": true,
  "pack_string_03.tzt": true,
  "pack_unit_00.tzt": true,
  "packunpack_address_00.tzt": true,
  "packunpack_bool_00.tzt": true,
  "packunpack_bytes_00.tzt": true,
  "packunpack_int_00.tzt": true,
  "packunpack_keyhash_00.tzt": true,
  "packunpack_mutez_00.tzt": true,
  "packunpack_nat_00.tzt": true,
  "packunpack_string_00.tzt": true,
  "packunpack_timestamp_00.tzt": true,
  "pair_00.tc.tzt": true,
  "pair_int-int_00.tzt": true,
  "pair_nat-string_00.tzt": true,
  "pair_pair-nat-string-pair-string-nat_00.tzt": true,
  "push_00.tc.tzt": true,
  "push_int_00.tzt": true,
  "push_string_00.tzt": true,
  "read_ticket_00.tzt": true,
  "right_nat-int_00.tzt": true,
  "self_00.tzt": true,
  "self_01.tzt": true,
  "self_in_lambda.tc.tzt": true,
  "sender_00.tzt": true,
  "setdelegate_00.tc.tzt": true,
  "setdelegate_00.tzt": false,
  "sha256_00.tzt": true,
  "sha256_01.tzt": true,
  "sha3_00.tzt": true,
  "sha3_01.tzt": true,
  "sha512_00.tzt": true,
  "sha512_01.tzt": true,
  "size_bytes_00.tzt": true,
  "size_listint_00.tzt": true,
  "size_listint_01.tzt": true,
  "size_listint_02.tzt": true,
  "size_listint_03.tzt": true,
  "size_mapintint_00.tzt": true,
  "size_mapstringnat_00.tzt": true,
  "size_mapstringnat_01.tzt": true,
  "size_mapstringnat_02.tzt": true,
  "size_mapstringnat_03.tzt": true,
  "size_setint_00.tzt": true,
  "size_setint_01.tzt": true,
  "size_setint_02.tzt": true,
  "size_setint_03.tzt": true,
  "size_setstring_00.tzt": true,
  "size_string_00.tzt": true,
  "slice_bytes_00.tzt": true,
  "slice_bytes_01.tzt": true,
  "slice_bytes_02.tzt": true,
  "slice_bytes_03.tzt": true,
  "slice_bytes_04.tzt": true,
  "slice_string_00.tzt": true,
  "slice_string_01.tzt": true,
  "slice_string_02.tzt": true,
  "slice_string_03.tzt": true,
  "slice_string_04.tzt": true,
  "slice_string_05.tzt": true,
  "some_00.tc.tzt": true,
  "some_int_00.tzt": true,
  "some_pairintint_00.tzt": true,
  "some_string_00.tzt": true,
  "source_00.tzt": true,
  "split_ticket_00.tzt": true,
  "split_ticket_01.tzt": true,
  "split_ticket_02.tzt": true,
  "split_ticket_03.tzt": true,
  "split_ticket_04.tzt": true,
  "sub_int-int_00.tzt": true,
  "sub_int-int_01.tzt": true,
  "sub_int-int_02.tzt": true,
  "sub_int-int_03.tzt": true,
  "sub_int-int_04.tzt": true,
  "sub_int-int_05.tzt": true,
  "sub_int-nat_00.tzt": true,
  "sub_int-nat_01.tzt": true,
  "sub_int-nat_02.tzt": true,
  "sub_int-nat_03.tzt": true,
  "sub_int-nat_04.tzt": true,
  "sub_int-nat_05.tzt": true,
  "sub_mutez_00.tzt": true,
  "sub_mutez_01.tzt": true,
  "sub_nat-int_00.tzt": true,
  "sub_nat-int_01.tzt": true,
  "sub_nat-int_02.tzt": true,
  "sub_nat-int_03.tzt": true,
  "sub_nat-int_04.tzt": true,
  "sub_nat-int_05.tzt": true,
  "sub_nat-nat_00.tzt": true,
  "sub_nat-nat_01.tzt": true,
  "sub_nat-nat_02.tzt": true,
  "sub_nat-nat_03.tzt": true,
  "sub_nat-nat_04.tzt": true,
  "sub_timestamp-int_00.tzt": true,
  "sub_timestamp-int_01.tzt": true,
  "sub_timestamp-int_02.tzt": true,
  "sub_timestamp-int_03.tzt": true,
  "sub_timestamp-int_04.tzt": true,
  "sub_timestamp-int_05.tzt": true,
  "sub_timestamp-int_06.tzt": true,
  "sub_timestamp-timestamp_00.tzt": true,
  "sub_timestamp-timestamp_01.tzt": true,
  "sub_timestamp-timestamp_02.tzt": true,
  "sub_timestamp-timestamp_03.tzt": true,
  "sub_timestamp-timestamp_04.tzt": true,
  "swap_00.tc.tzt": true,
  "swap_00.tzt": true,
  "swap_01.tc.tzt": true,
  "ticket_00.tzt": true,
  "ticket_01.tzt": true,
  "transfertokens_00.tc.tzt": true,
  "transfertokens_00.tzt": false,
  "transfertokens_01.tzt": false,
  "unit_00.tzt": true,
  "unpair_00.tc.tzt": true,
  "unpair_pairstringstring_00.tzt": true,
  "update_00.tc.tzt": true,
  "update_bigmapstringstring_00.tzt": true,
  "update_bigmapstringstring_01.tzt": true,
  "update_bigmapstringstring_02.tzt": true,
  "update_bigmapstringstring_03.tzt": true,
  "update_bigmapstringstring_04.tzt": true,
  "update_bigmapstringstring_05.tzt": true,
  "update_bigmapstringstring_06.tzt": true,
  "update_bigmapstringstring_07.tzt": true,
  "update_mapintint_00.tzt": true,
  "update_mapintint_01.tzt": true,
  "update_setint_00.tzt": true,
  "update_setint_01.tzt": true,
  "update_setint_02.tzt": true,
  "view_00.tzt": true,
  "view_01.tzt": true,
  "xor_bool-bool_00.tzt": true,
  "xor_bool-bool_01.tzt": true,
  "xor_bool-bool_02.tzt": true,
  "xor_bool-bool_03.tzt": true,
  "xor_bytes-bytes_00.tzt": true,
  "xor_bytes-bytes_01.tzt": true,
  "xor_bytes-bytes_02.tzt": true,
  "xor_bytes-bytes_03.tzt": true,
  "xor_bytes-bytes_04.tzt": true,
  "xor_bytes-bytes_05.tzt": true,
  "xor_bytes-bytes_06.tzt": true,
  "xor_nat-nat_00.tzt": true,
  "xor_nat-nat_01.tzt": true,
  "xor_nat-nat_02.tzt": true,
  "xor_nat-nat_03.tzt": true,
  "xor_nat-nat_04.tzt": true,
  "xor_nat-nat_05.tzt": true,
  "xor_nat-nat_06.tzt": true
}
