sc_rollup_inbox_current_messages_hash.out

./tezos-client --wait none originate sc rollup from '[PUBLIC_KEY_HASH]' of kind arith of type unit booting with  --burn-cap 9999999
Node is bootstrapped.
Estimated gas: 1800.796 units (will add 100 for safety)
Estimated storage: 6540 bytes added (will add 20 for safety)
Operation successfully injected in the node.
Operation hash is '[OPERATION_HASH]'
NOT waiting for the operation to be included.
Use command
  tezos-client wait for [OPERATION_HASH] to be included --confirmations 1 --branch [BLOCK_HASH]
and/or an external block explorer to make sure that it has been included.
This sequence of operations was run:
  Manager signed operations:
    From: [PUBLIC_KEY_HASH]
    Fee to the baker: ꜩ0.000428
    Expected counter: 1
    Gas limit: 1901
    Storage limit: 6560 bytes
    Balance updates:
      [PUBLIC_KEY_HASH] ... -ꜩ0.000428
      payload fees(the block proposer) ....... +ꜩ0.000428
    Originate smart contract rollup of kind arith and type unit with boot sector ''
      This smart contract rollup origination was successfully applied
      Consumed gas: 1800.796
      Storage size: 6540 bytes
      Address: [SC_ROLLUP_HASH]
      Balance updates:
        [PUBLIC_KEY_HASH] ... -ꜩ1.635
        storage fees ........................... +ꜩ1.635


./tezos-client --wait none send sc rollup message 'text:["hello, message number 0", "hello, message number 1", "hello, message number 2", "hello, message number 3", "hello, message number 4"]' from bootstrap1 to '[SC_ROLLUP_HASH]'
Node is bootstrapped.
Estimated gas: 1655.046 units (will add 100 for safety)
Estimated storage: no bytes added
Operation successfully injected in the node.
Operation hash is '[OPERATION_HASH]'
NOT waiting for the operation to be included.
Use command
  tezos-client wait for [OPERATION_HASH] to be included --confirmations 1 --branch [BLOCK_HASH]
and/or an external block explorer to make sure that it has been included.
This sequence of operations was run:
  Manager signed operations:
    From: [PUBLIC_KEY_HASH]
    Fee to the baker: ꜩ0.00058
    Expected counter: 2
    Gas limit: 1756
    Storage limit: 0 bytes
    Balance updates:
      [PUBLIC_KEY_HASH] ... -ꜩ0.00058
      payload fees(the block proposer) ....... +ꜩ0.00058
    Add a message to the inbox of the smart contract rollup at address [SC_ROLLUP_HASH]
      This operation sending a message to a smart contract rollup was successfully applied
      Consumed gas: 1655.174
      Resulting inbox state: 
         rollup = [SC_ROLLUP_HASH]
         level = 3
         current messages hash  = [SC_ROLLUP_COMMITMENT_HASH]
         nb_available_messages = 5
         nb_messages_in_commitment_period = 5
         starting_level_of_current_commitment_period = 2
         message_counter = 5
         old_levels_messages = 
       content = [SC_ROLLUP_COMMITMENT_HASH]
       index = 1
       back_pointers = [SC_ROLLUP_COMMITMENT_HASH]
    
    


./tezos-client --wait none send sc rollup message 'text:["hello, message number 5", "hello, message number 6", "hello, message number 7", "hello, message number 8", "hello, message number 9", "hello, message number 10"]' from bootstrap1 to '[SC_ROLLUP_HASH]'
Node is bootstrapped.
Estimated gas: 1656.073 units (will add 100 for safety)
Estimated storage: no bytes added
Operation successfully injected in the node.
Operation hash is '[OPERATION_HASH]'
NOT waiting for the operation to be included.
Use command
  tezos-client wait for [OPERATION_HASH] to be included --confirmations 1 --branch [BLOCK_HASH]
and/or an external block explorer to make sure that it has been included.
This sequence of operations was run:
  Manager signed operations:
    From: [PUBLIC_KEY_HASH]
    Fee to the baker: ꜩ0.000608
    Expected counter: 3
    Gas limit: 1757
    Storage limit: 0 bytes
    Balance updates:
      [PUBLIC_KEY_HASH] ... -ꜩ0.000608
      payload fees(the block proposer) ....... +ꜩ0.000608
    Add a message to the inbox of the smart contract rollup at address [SC_ROLLUP_HASH]
      This operation sending a message to a smart contract rollup was successfully applied
      Consumed gas: 1656.201
      Resulting inbox state: 
         rollup = [SC_ROLLUP_HASH]
         level = 4
         current messages hash  = [SC_ROLLUP_COMMITMENT_HASH]
         nb_available_messages = 11
         nb_messages_in_commitment_period = 11
         starting_level_of_current_commitment_period = 2
         message_counter = 6
         old_levels_messages = 
       content = [SC_ROLLUP_COMMITMENT_HASH]
       index = 2
       back_pointers = [SC_ROLLUP_COMMITMENT_HASH]
      [SC_ROLLUP_COMMITMENT_HASH]
    
    


./tezos-client --wait none send sc rollup message 'text:[]' from bootstrap1 to '[SC_ROLLUP_HASH]'
Node is bootstrapped.
Estimated gas: 1651.525 units (will add 100 for safety)
Estimated storage: no bytes added
Operation successfully injected in the node.
Operation hash is '[OPERATION_HASH]'
NOT waiting for the operation to be included.
Use command
  tezos-client wait for [OPERATION_HASH] to be included --confirmations 1 --branch [BLOCK_HASH]
and/or an external block explorer to make sure that it has been included.
This sequence of operations was run:
  Manager signed operations:
    From: [PUBLIC_KEY_HASH]
    Fee to the baker: ꜩ0.000445
    Expected counter: 4
    Gas limit: 1752
    Storage limit: 0 bytes
    Balance updates:
      [PUBLIC_KEY_HASH] ... -ꜩ0.000445
      payload fees(the block proposer) ....... +ꜩ0.000445
    Add a message to the inbox of the smart contract rollup at address [SC_ROLLUP_HASH]
      This operation sending a message to a smart contract rollup was successfully applied
      Consumed gas: 1651.525
      Resulting inbox state: 
         rollup = [SC_ROLLUP_HASH]
         level = 5
         current messages hash  = [SC_ROLLUP_COMMITMENT_HASH]
         nb_available_messages = 11
         nb_messages_in_commitment_period = 11
         starting_level_of_current_commitment_period = 2
         message_counter = 0
         old_levels_messages = 
       content = [SC_ROLLUP_COMMITMENT_HASH]
       index = 3
       back_pointers = [SC_ROLLUP_COMMITMENT_HASH]
      [SC_ROLLUP_COMMITMENT_HASH]
    
    

