sc_rollup_origination_bootsector.out

./tezos-client --wait none originate sc rollup from '[PUBLIC_KEY_HASH]' of kind arith booting with '10 10 10 + +' --burn-cap 9999999
Node is bootstrapped.
Estimated gas: 1600.648 units (will add 100 for safety)
Estimated storage: 6534 bytes added (will add 20 for safety)
Operation successfully injected in the node.
Operation hash is '[OPERATION_HASH]'
NOT waiting for the operation to be included.
Use command
  tezos-client wait for [OPERATION_HASH] to be included --confirmations 1 --branch [BLOCK_HASH]
and/or an external block explorer to make sure that it has been included.
This sequence of operations was run:
  Manager signed operations:
    From: [PUBLIC_KEY_HASH]
    Fee to the baker: ꜩ0.000414
    Expected counter: 1
    Gas limit: 1701
    Storage limit: 6554 bytes
    Balance updates:
      [PUBLIC_KEY_HASH] ... -ꜩ0.000414
      payload fees(the block proposer) ....... +ꜩ0.000414
    Originate smart contract rollup of kind arith with boot sector '10 10 10 + +'
      This smart contract rollup origination was successfully applied
      Consumed gas: 1600.648
      Storage size: 6534 bytes
      Address: [SC_ROLLUP_HASH]
      Balance updates:
        [PUBLIC_KEY_HASH] ... -ꜩ1.6335
        storage fees ........................... +ꜩ1.6335


./tezos-client rpc get '/chains/main/blocks/head/context/sc_rollup/[SC_ROLLUP_HASH]/boot_sector'
"10 10 10 + +"
