tezt/_regressions/tx_rollup_deposit.out

./tezos-client --wait none originate contract tx_rollup_deposit transferring 0 from '[PUBLIC_KEY_HASH]' running file:./tezt/tests/contracts/proto_alpha/tx_rollup_deposit.tz --init Unit --burn-cap 3
Node is bootstrapped.
Estimated gas: 1423.237 units (will add 100 for safety)
Estimated storage: 399 bytes added (will add 20 for safety)
Operation successfully injected in the node.
Operation hash is '[OPERATION_HASH]'
NOT waiting for the operation to be included.
Use command
  tezos-client wait for [OPERATION_HASH] to be included --confirmations 1 --branch [BLOCK_HASH]
and/or an external block explorer to make sure that it has been included.
This sequence of operations was run:
  Manager signed operations:
    From: [PUBLIC_KEY_HASH]
    Fee to the baker: ꜩ0.000522
    Expected counter: 1
    Gas limit: 1524
    Storage limit: 419 bytes
    Balance updates:
      [PUBLIC_KEY_HASH] ... -ꜩ0.000522
      payload fees(the block proposer) ....... +ꜩ0.000522
    Origination:
      From: [PUBLIC_KEY_HASH]
      Credit: ꜩ0
      Script:
        { parameter (pair address tx_rollup_l2_address) ;
          storage unit ;
          code { CAR ;
                 UNPAIR ;
                 CONTRACT %deposit (pair (ticket unit) tx_rollup_l2_address) ;
                 IF_SOME
                   { SWAP ;
                     PUSH mutez 0 ;
                     SWAP ;
                     PUSH nat 10 ;
                     PUSH unit Unit ;
                     TICKET ;
                     PAIR ;
                     TRANSFER_TOKENS ;
                     DIP { NIL operation } ;
                     CONS ;
                     DIP { PUSH unit Unit } ;
                     PAIR }
                   { FAIL } } }
        Initial storage: Unit
        No delegate for this contract
        This origination was successfully applied
        Originated contracts:
          [CONTRACT_HASH]
        Storage size: 142 bytes
        Paid storage size diff: 142 bytes
        Consumed gas: 1423.237
        Balance updates:
          [PUBLIC_KEY_HASH] ... -ꜩ0.0355
          storage fees ........................... +ꜩ0.0355
          [PUBLIC_KEY_HASH] ... -ꜩ0.06425
          storage fees ........................... +ꜩ0.06425

New contract [CONTRACT_HASH] originated.
Contract memorized as tx_rollup_deposit.
KT1TCZHxqrmEpwDV8mB1Yvu8Bx5PHvLpDbSy
tru1HyCWUoe7VYrjsqRaBTzU7R5zcKdJqnmiK

./tezos-client rpc get '/chains/main/blocks/head/context/tx_rollup/[TX_ROLLUP_HASH]/inbox'
{ "contents": [ "M2sbhxVuiczf7fVeSymSfXTSfDsk3qLbaDJyKLQzxGB2tg89JkP" ],
  "cumulated_size": 61 }
