tezt/_regressions/tx_rollup_rpc_state.out

./tezos-client --wait none originate tx rollup from '[PUBLIC_KEY_HASH]' --burn-cap 9999999 --storage-limit 60000
Node is bootstrapped.
Estimated gas: 1410.040 units (will add 100 for safety)
Operation successfully injected in the node.
Operation hash is '[OPERATION_HASH]'
NOT waiting for the operation to be included.
Use command
  tezos-client wait for [OPERATION_HASH] to be included --confirmations 1 --branch [BLOCK_HASH]
and/or an external block explorer to make sure that it has been included.
This sequence of operations was run:
  Manager signed operations:
    From: [PUBLIC_KEY_HASH]
    Fee to the baker: ꜩ0.000378
    Expected counter: 1
    Gas limit: 1511
    Storage limit: 60000 bytes
    Balance updates:
      [PUBLIC_KEY_HASH] ... -ꜩ0.000378
      payload fees(the block proposer) ....... +ꜩ0.000378
    Tx rollup origination:
      From: [PUBLIC_KEY_HASH]
      This tx rollup origination operation was successfully applied
      Balance updates:
        [PUBLIC_KEY_HASH] ... -ꜩ15
        storage fees ........................... +ꜩ15
      Consumed gas: 1410.040
      Originated tx rollup: [TX_ROLLUP_HASH]


./tezos-client rpc get '/chains/main/blocks/head/context/tx_rollup/[TX_ROLLUP_HASH]/state'
{ "last_removed_commitment_hashes": null, "commitment_tail_level": null,
  "oldest_inbox_level": null, "commitment_head_level": null,
  "head_level": null, "burn_per_byte": "0", "inbox_ema": 0 }
