tx_rollup_rpc_inbox.out

./tezos-client --wait none originate tx rollup from '[PUBLIC_KEY_HASH]' --burn-cap 9999999 --storage-limit 60000
Node is bootstrapped.
Estimated gas: 1410.108 units (will add 100 for safety)
Operation successfully injected in the node.
Operation hash is '[OPERATION_HASH]'
NOT waiting for the operation to be included.
Use command
  tezos-client wait for [OPERATION_HASH] to be included --confirmations 1 --branch [BLOCK_HASH]
and/or an external block explorer to make sure that it has been included.
This sequence of operations was run:
  Manager signed operations:
    From: [PUBLIC_KEY_HASH]
    Fee to the baker: ꜩ0.000378
    Expected counter: 1
    Gas limit: 1511
    Storage limit: 60000 bytes
    Balance updates:
      [PUBLIC_KEY_HASH] ... -ꜩ0.000378
      payload fees(the block proposer) ....... +ꜩ0.000378
    Tx rollup origination:
      From: [PUBLIC_KEY_HASH]
      This tx rollup origination operation was successfully applied
      Balance updates:
        [PUBLIC_KEY_HASH] ... -ꜩ15
        storage fees ........................... +ꜩ15
      Consumed gas: 1410.108
      Originated tx rollup: [TX_ROLLUP_HASH]


./tezos-client --wait none submit tx rollup batch 626c6f62 to '[TX_ROLLUP_HASH]' from '[PUBLIC_KEY_HASH]'
Node is bootstrapped.
Estimated gas: 2021.382 units (will add 100 for safety)
Estimated storage: no bytes added
Operation successfully injected in the node.
Operation hash is '[OPERATION_HASH]'
NOT waiting for the operation to be included.
Use command
  tezos-client wait for [OPERATION_HASH] to be included --confirmations 1 --branch [BLOCK_HASH]
and/or an external block explorer to make sure that it has been included.
This sequence of operations was run:
  Manager signed operations:
    From: [PUBLIC_KEY_HASH]
    Fee to the baker: ꜩ0.000466
    Expected counter: 2
    Gas limit: 2122
    Storage limit: 0 bytes
    Balance updates:
      [PUBLIC_KEY_HASH] ... -ꜩ0.000466
      payload fees(the block proposer) ....... +ꜩ0.000466
    Tx rollup transaction:[TX_ROLLUP_HASH], 4 bytes, From: [PUBLIC_KEY_HASH]
      This tx rollup submit operation was successfully applied
      Balance updates:
        
      Consumed gas: 2021.382


./tezos-client rpc get '/chains/main/blocks/head/context/tx_rollup/[TX_ROLLUP_HASH]/inbox/0'
{ "inbox_length": 1, "cumulated_size": 4,
  "merkle_root": "[TX_ROLLUP_INBOX_HASH]" }
