tezt/_regressions/tx_rollup_batch_encoding.out

./tezos-client --wait none originate tx rollup from '[PUBLIC_KEY_HASH]' --burn-cap 9999999 --storage-limit 60000
Node is bootstrapped.
Estimated gas: 1410.092 units (will add 100 for safety)
Operation successfully injected in the node.
Operation hash is '[OPERATION_HASH]'
NOT waiting for the operation to be included.
Use command
  tezos-client wait for [OPERATION_HASH] to be included --confirmations 1 --branch [BLOCK_HASH]
and/or an external block explorer to make sure that it has been included.
This sequence of operations was run:
  Manager signed operations:
    From: [PUBLIC_KEY_HASH]
    Fee to the baker: ꜩ0.000378
    Expected counter: 1
    Gas limit: 1511
    Storage limit: 60000 bytes
    Balance updates:
      [PUBLIC_KEY_HASH] ... -ꜩ0.000378
      payload fees(the block proposer) ....... +ꜩ0.000378
    Tx rollup origination:
      From: [PUBLIC_KEY_HASH]
      This tx rollup origination operation was successfully applied
      Balance updates:
        [PUBLIC_KEY_HASH] ... -ꜩ15
        storage fees ........................... +ꜩ15
      Consumed gas: 1410.092
      Originated tx rollup: [TX_ROLLUP_HASH]


./tezos-client --wait none submit tx rollup batch 000102030405060708090a0b0c0d0e0f101112131415161718191a1b1c1d1e1f202122232425262728292a2b2c2d2e2f303132333435363738393a3b3c3d3e3f404142434445464748494a4b4c4d4e4f505152535455565758595a5b5c5d5e5f606162636465666768696a6b6c6d6e6f707172737475767778797a7b7c7d7e7f808182838485868788898a8b8c8d8e8f909192939495969798999a9b9c9d9e9fa0a1a2a3a4a5a6a7a8a9aaabacadaeafb0b1b2b3b4b5b6b7b8b9babbbcbdbebfc0c1c2c3c4c5c6c7c8c9cacbcccdcecfd0d1d2d3d4d5d6d7d8d9dadbdcdddedfe0e1e2e3e4e5e6e7e8e9eaebecedeeeff0f1f2f3f4f5f6f7f8f9fafbfcfdfeff to '[TX_ROLLUP_HASH]' from '[PUBLIC_KEY_HASH]'
Node is bootstrapped.
Estimated gas: 2021.926 units (will add 100 for safety)
Estimated storage: no bytes added
Operation successfully injected in the node.
Operation hash is '[OPERATION_HASH]'
NOT waiting for the operation to be included.
Use command
  tezos-client wait for [OPERATION_HASH] to be included --confirmations 1 --branch [BLOCK_HASH]
and/or an external block explorer to make sure that it has been included.
This sequence of operations was run:
  Manager signed operations:
    From: [PUBLIC_KEY_HASH]
    Fee to the baker: ꜩ0.000718
    Expected counter: 2
    Gas limit: 2122
    Storage limit: 0 bytes
    Balance updates:
      [PUBLIC_KEY_HASH] ... -ꜩ0.000718
      payload fees(the block proposer) ....... +ꜩ0.000718
    Tx rollup transaction:[TX_ROLLUP_HASH], 256 bytes, From: [PUBLIC_KEY_HASH]
      This tx rollup submit operation was successfully applied
      Balance updates:
        
      Consumed gas: 2021.926

"000102030405060708090a0b0c0d0e0f101112131415161718191a1b1c1d1e1f202122232425262728292a2b2c2d2e2f303132333435363738393a3b3c3d3e3f404142434445464748494a4b4c4d4e4f505152535455565758595a5b5c5d5e5f606162636465666768696a6b6c6d6e6f707172737475767778797a7b7c7d7e7f808182838485868788898a8b8c8d8e8f909192939495969798999a9b9c9d9e9fa0a1a2a3a4a5a6a7a8a9aaabacadaeafb0b1b2b3b4b5b6b7b8b9babbbcbdbebfc0c1c2c3c4c5c6c7c8c9cacbcccdcecfd0d1d2d3d4d5d6d7d8d9dadbdcdddedfe0e1e2e3e4e5e6e7e8e9eaebecedeeeff0f1f2f3f4f5f6f7f8f9fafbfcfdfeff"
