tezt/_regressions/tx_rollup_rpc_inbox_merkle_tree_path.out

./tezos-client rpc post /chains/main/blocks/head/helpers/forge/tx_rollup/inbox/message_hash with '{
  "message": {
    "batch": "Kouroukoukou"
  }
}'

./tezos-client rpc post /chains/main/blocks/head/helpers/forge/tx_rollup/inbox/message_hash with '{
  "message": {
    "batch": "roukoukou"
  }
}'

./tezos-client rpc post /chains/main/blocks/head/helpers/forge/tx_rollup/inbox/message_hash with '{
  "message": {
    "batch": "stach"
  }
}'

./tezos-client rpc post /chains/main/blocks/head/helpers/forge/tx_rollup/inbox/message_hash with '{
  "message": {
    "batch": "stach"
  }
}'
{ "hash": "[TX_ROLLUP_MESSAGE_HASH]" }
{ "hash": "[TX_ROLLUP_MESSAGE_HASH]" }
{ "hash": "[TX_ROLLUP_MESSAGE_HASH]" }
{ "hash": "[TX_ROLLUP_MESSAGE_HASH]" }

./tezos-client rpc post /chains/main/blocks/head/helpers/forge/tx_rollup/inbox/merkle_tree_path with '{
  "message_hashes": [
    "[TX_ROLLUP_MESSAGE_HASH]",
    "[TX_ROLLUP_MESSAGE_HASH]",
    "[TX_ROLLUP_MESSAGE_HASH]",
    "[TX_ROLLUP_MESSAGE_HASH]"
  ],
  "position": 3
}'
{ "path":
    [ "[TX_ROLLUP_INBOX_HASH]",
      "[TX_ROLLUP_INBOX_HASH]" ] }

./tezos-client rpc post /chains/main/blocks/head/helpers/forge/tx_rollup/inbox/merkle_tree_path with '{
  "message_hashes": [
    "[TX_ROLLUP_MESSAGE_HASH]",
    "[TX_ROLLUP_MESSAGE_HASH]",
    "[TX_ROLLUP_MESSAGE_HASH]",
    "[TX_ROLLUP_MESSAGE_HASH]"
  ],
  "position": 0
}'
{ "path":
    [ "[TX_ROLLUP_INBOX_HASH]",
      "[TX_ROLLUP_INBOX_HASH]" ] }

./tezos-client rpc post /chains/main/blocks/head/helpers/forge/tx_rollup/inbox/merkle_tree_path with '{
  "message_hashes": [
    "[TX_ROLLUP_MESSAGE_HASH]",
    "[TX_ROLLUP_MESSAGE_HASH]",
    "[TX_ROLLUP_MESSAGE_HASH]",
    "[TX_ROLLUP_MESSAGE_HASH]"
  ],
  "position": 4
}'
Fatal error:
  Command failed: Merkle_list_invalid_position
  
