CoWPyLdNG6FCKVehRcha2uVTcU86rCoFrGMtpkS4JJktkx2keW1N
CoVxC53Ln3CjRnyhKbUmqCsEVxoj58wxDZpYW8u6hz2tejVRDjaY
CoV53eSAMac6UNDW2gz7UWKo2PEP9VUGAFJw962Y6W85XrdNhHBQ
CoUqmc2p4Xk8eFfU5P3xcEQ8VFH838VmZLjhfGGE1Ps1LEFXhttD
CoVHPHnf87tmHjj53sdzCVFSp4sfLQbobRpUhZdKas9h42SZM8Ud
CoVSHGgewG8FnTJewHQKyhpSoMPG9skE3NLEYeefe4mqzBJqG8F9
CoVZZtZVPirJrupFh5a7FofB5UY1oaexckQrgFfioNxuFoL6Duf7
CoUjAuVyr2LFA8UodcER4CuzqCQ12mp6k79Xuwt8JcnSncWE1ux2
CoV8KM55ENv3qv9yYfmdGf3bEuC3YmDupvFyVxU9B4sioKj5b9a1
CoV9hhscCxGauGYiti3bdosVw6c72m7cFVM8f73d2fbSZgn6g2qQ
CoUtw3CZ9AeYcous8Lme8XU9erLE61eFB7JpNbJ7953SzRwFA87s
CoVvUYGAnkPtGok3emruZA6M9Ss9yjHkomQp29Fq6zKxnMRL2Dqw
CoV4B3mbhk76d9wLrRHhzhNKZA5jWtEVrpPXUZ1UPDp23zzU4ru9
CoWMraCLBe6epv7uTSgnYdk6teEZfF67e3cGV3aEiwNXctP6GmCP
CoVbw483USjuVwgbDKNC5qhGLwYhuRwCmuTouEyHk7rJxKuDVx1V
CoVYkM9gUuCrSMCcCJ4NJ4dj6rKLLBbDo9mjKTK164S7tBqUgL7Q
CoUyShj2fHCLVBaozf8JBc44dz9oqKU9W1EoNEDpZYZQDhUjvYFD
CoUo7nVFqHeiYttfzvAJt4sXT619e36mDbVy8F4TGV5BvNqZnk4u
CoV7gMkyzeNgaeV6g2EqdAgGwrNAT8wrbDgWRsyRahRfRbWU6XMq
CoVPHN2YDYiRVAVhhwJJEdbttnHEqwNfTN4cVc5SRVszNHD3pcuR
CoUg6rEPY4HzkTTySZ9joP1Wwxuqk1cma4LunSamQuavNycuJC4R
CoVtB7YyMtvAtMoXAF8xrbeywx6xLvxy3rM7wY7WxYzSoCUh4jzZ
CoVBh99fged4Yw4y7H3edpHExQSgmc42ffHL43czQgJQX7n2Hafy
CoWL831pUnPHXdMdceQomsJTamHXxQRTamkTV93kCLcHkHweLWMW
CoWDaFViYhjgtf1vPwqXWELHQ11PrgdTX8jXYDYhJbTH64NBk8gq
CoUk5M5MTPSGFFAUY5Ag7ufpkyiScEWUEozD1cGePgtYp9n9mbua
CoW2qtSEGkne2nyqzEYK1hGt84mJ7CDtF4U1Gw97SHwwAbS7cbcb
CoVRwpMCGkhos8hUjjuciF8GAsMaCbPNDm7C5P1TQcaKRiUETPCa
CoVayvtE6tzmx59qUyxGTmH8UJmESNwkectokWJzdJGh1eb4tJ7p
CoVN6SiX3FeR4F7SyoHJisReKLYcGnwLMoVkPXTs5FZHAB6ocKRh
CoVyfUAvys73BcvtNbFYP6Ju1kao4DSSm8FYbYbkF6vWXYDY82Bj
CoVPVTxsYoW5GbvGn7KVRKTtUnP7MSNoR7T2DV6M8fatLXWDdHL5
CoUyfGNRU3srZupTs7fPVzRLQJSJa1SS3cv68RS9ADftbMtUHp2H
CoUqXs3QyGwuqE9YLepgRpXr6t8jPDbjSjsbzPneafeGfFocLwXm
CoUjXDvYqjGSMJDGN5zSHiLG4zRDP4QfuBbWdtk2SfwESPWkqqCp
CoUrLjMQov6sDemikse1jeU6XUdQau23ZaW2GyZdxSDpjkdvKNuy
CoVpLP9MKDu49wLYriC6AyubDAiuc9NuR5FCtmYzWSM79G7bdn37
CoVfry3grdE8wUy7p3DVCThmP7J4H44z7k6RgNRa1C1otz3xFGgX
CoUg8gwBMRddRyKaNNSMvPFFXGUdRojpYdQZVHzLkT7LkVUJtJwN
CoWC1XUMy2gJjcqWBoprE9m4g9FCzSxQJpojLNg4BKK6pGPSnG9j
CoVThWNvt7YyKoggPNoyuHMaM8oJtgnoCwu4F9KdtFqEuyBRugbs
CoWVLabqiYkLs7UGo4JbAbzYt8UAxJhrgBgYHDhQUFHWAvM1Dh6X
CoVvtvS4d4WdKCHBzxjeB4RFXxGv4oGuVmn48NuuFdV2aTw5TkHa
CoUhSWxW4S9eVAPK5yWjh1VFNirwqqQEusKMTHqNKirQpc5mqy72
CoVJUbKkUf29BV3xgPadpqdk8oQ5MiHCzvi5PnDyk9X1AkL5iqaL
CoVD6KukZvTVg24ebWnTBAtPHc4Rx9e4Bk2zMcjCwSBKyG23c6i8
CoVTM9FX637SdMNVQPwD9qhwA7ZjbcY5YCsPmBVwkC7C7A1mHfov
CoVCyJmRoyDdj6akvSGYiqT2aAnWUNKXAxVNqsajqauFQN74tghr
CoVYsae6wfa7ML6NKEZkcbWKVjYUCBJuu9G2FZSK5255eCreJKMT
CoWR7zmFURFHBrnoD3gf3avuQZhvVUiXCbmhzu7ZwixRuSkqqRyh
CoW26X5hgmQAQbhebdK81uNj914Js5RqMcxKMNfXoqvRQyWx2SqD
CoW247BwveCEemHH2Kqtt23fP8CrGThiAzmCCpyvisf9VUuzL3CG
CoUhdBmagEEpgKMngJ7nfjquARYcQwFS86UUEtmeYVhbdeJG5bdM
CoVSHM4vSsrYK51MarR9wPYxNjxBMve5kJbTczqTk9zMcgStvL1n
CoWMb1U4VHn5VETeyVxFyfsbEBXNveDnBKhz4eg6rMpzQPAFhURT
CoUtde4ZgxgBea9E2BXZmeoFVRtKnrhgM9KkNBKPnnxshzAd3NMB
CoWRt3ihL8vHSgzDh6BaLzS4mUUdXJetFBNz1g3B5feWfQMV4FX3
CoVhAbNhSVvDx1Dg7XuyWoNy4PsrDp7r23P7jXQfCgqcuoJybP8A
CoUuGXKG97RTWYiNmA51rmREgTuK6kB8wt7gHFfjgnxrhrmUamjd
CoVSTcgYDJCSCvUihxdnQozVqfs3ucEpvy9r3VBYYUwMS9aUSCDv
CoVsK2qh3ytGQNmYqU4MuGDjQQLm687vM7kwURNr133wCq6hpDSW
CoVW7D3maP4AwpgM9V4Rn7NEPu8zpx5y9TF5NhnJnS12fkEtqWFh
CoWCCxLWTicGvBNg7S4erpNYDp74ijUwmuieydwXb4T29GvTo1rB
CoVa1dKkfvSeKYj5QXWyNH8DyyCppA2saQ2XSqSkVAvgQZJ1fye2
CoVx4TiRwsUJVCBrEGX93gDRr1UqtDi4WNPWFMeFFLmfGvx4J8uX
CoWLrT1zs1V7m9eXmhJ4PkY5EP9vSF71z1yR5Tr9uujAAhSSy2Et
CoVCgdRenS1sdQWbQnx75SfdKM6x127wKF7dXN5KtEso5MonVJLW
CoVNahL9VsNnhAuyDnvJ2FismgtDho7X6kp8oDFyLfmtGiFmXmxB
CoW8hy2cRvrx9uHXF96sYk7Sq757rKpp7AKQ2zGRVPwnNXmV4mZY
CoWT666kEXJGJYmThsSEkHuVo7Tv2xQ9FH6rJ75vSyTWutVgqTND
CoVRsyeVkidb4ZRKxTGRZxv9Wgx2QmfofWbWzLoxR1LwwXStFmyv
CoV1JBDocgQhyYd93wpSHpKmFYXadfMo2YSyUNYPDJPKHcj2kmus
CoUnXb53oeqgyPTNjqjkWP7dpXU4MNMw1coeufgaYNKfRrHUtsRr
CoW2D3vbtpgfcdbNRQsbjMU4pPwXUA3ykpHYdEv1Xf2KbrSVFdMA
CoVCTRoVnJeMXJcWDTBmJsKYN7w6P4nBzHxTKcbfZMfDRGjqx3UA
CoVHM3JXvAArCAgWyYiMBHRSZT1i3SpXwx4fy4nViPcnYJYRYwxa
CoWJpjhFefMBoYr3tnyfQR4hdPchN9xQ8wDfq2C4E3NQF5ngJcnh
CoV4GRLvM5gjD8axwZscEdcaC4KAt2f4EXysNsdhNd9MBTtazNvS
CoVK7bssjZL6zMkYJGJG7bNzx24vwVCVn16g8R5cTBEPe6ygzi9p
CoUmFKY9y2EezDTLFCibAXoLtzpTHCdpKNF9W97LWRWA6GLhkekB
CoVKpGyBzp1gxyWg1hGTdqYHLa92MzwDpKMqE1vyHreQWLt8FUsz
CoV5mXYYRic96dmCP9kYDedufCnH9jzVkcVDcCaU9MFJPLM6Utcg
CoVCESaF8ZBAGsaeCSAHKVdaeGxqjNv4Fm8qVjG2mGtCNWT1ND1J
CoUgJwxvuLTzXMLbG4oLU437cjqKAWfV5PrAgqFuBjLtMqQCUXa3
CoV52qrCA2uhGywhNMPHb7Fkk9UjDVUWWcyjyCQmcVMAgiCk3pGS
CoVeKKXXNGofeLVFNTN3N7VqBooV1pCpZcEWQ5CdRd3XYik7NKNU
CoW8EsK7VL6DmAtopufiLTwcsoyQc28eMvjwuYbWopRvhPgEDr3Q
CoVWCN6aJ94BGgkiv1y857991kqv8KDgXRkkhfKzTVhKMp7J2D8d
CoWMteS6pynfgWfC8Q6AP3vgpkvJRvCx2mvYbfJ6PECycSMYwRTC
CoVbsuc5oJKDLbPswcrmFMECPgZNUgZjtwP8XApPSeQUB7TaurdZ
CoVhAqKABkgXXEX96BSMsMDPrCmLvbmoGjGvGvz7U3YbKAYa7g5z
CoV4pLa2DHkB8F4jJ4Ujs3YivFg1v73Qu2T9doPKkQ8Vj3snLC1p
CoV18QLzY9JvH5qeZwyw2jAhWhSok2mvE6YqHoVhEvpKiN3uNmmJ
CoWXo9FA8NvYqY2Ren5CXnYBvXqNX6nDdGsAVGudiqb2xNfietAY
CoVjjTcawyy2e1QATRCoEhfew3kpwFKNscfV5FmvBd9acDCjK5iW
CoVvzeQFas8LwjC8JVvakh3dHBBYvcrz1TBvocAX4rviU78zPAVM
CoWZPpAe9i6jknypA6mjDYbtnMnTvZo25shm1PeBCb8hCtu29ZgF
CoVdqfCJUSJefwSoG7vohPhxEgyeGLar35suq1L7Cf5PMLXwh67i
CoUp8oC3cRrbVwi9kUMoVRcZAkUKSqziqMDbj42zpiu88nG3fg9H
CoVpATnBFxz9txUKPcBQh8yQShaJBq83Z4oVCMpyE8H5pgK2zFT7
CoVCLAQc2XEERDZ7rrSFnMG5k82PGSyqPiZgnaAEYBwRXQhrmEdv
CoVLXTiHf6E1gMX6pxNX5HHfw2k8JvyfvdwWF2L1ENtjV2ycaqQ7
CoVdrKtdvkgpjkcQobMRX2XSfBLSLtxEmnT6KqcaWCkWHLUe6sE7
CoVzAvVFHxkUUkihoD71T89hpEvmDjWdcW8g3b8BuEBSWKuKLart
CoUzrKTTUrQyr5YJaMicFjwC3DpxUM6X9LWFTcug8JWCvXerjq6B
CoW4Q7MqLfoEP3N6v4RrbZcCCZpdZ1whK42LtN6Egz8XXs7WYhbn
CoWPamFAGEnEXAyUeLep9gFjeMw5cUvEzuDEmBiTHMNfLUHxV1P3
CoW1Dhbw7Tmv6qXSP6De9RVdozJTPy8JF4NnNcC56XNKv8daxsC6
CoVSNEE5qmNUjK6vgkUXmfbckgHNCQm1ctUx88daNSpmbziRbRMP
