CoVNepy6ovJ9D2oWVRJgMZKswpx1w6EAF192XMF1aohZ8X7VsDSe
CoVvG7Kd5rzPfkTTSyeFfaym26kBNj7nQFi3LWQnBab64f1Qv8Vd
CoVgNLtNbpL5YQiDyFAimA6Lwqvo5cTF9W3asagFVY9Lf8fc38nw
CoVXwux5jAU7tRtxikoxn9DmW6cE1XtXtr4sk3miN9jA4pxmuuf7
CoVNCDHdJTpR4TnRMJ6KkmsyfXgGiwHL3VYb8PePH7sJmL3wSvF6
CoVuEdMCDnLakjVpbr7zmccQWT74dZgjnoqPZhmGwD4vd55fyHoe
CoWBBNDQ2b9uXjs1fY2DGK1nUivSS4Pw5UZVn9cw6oQz9aLESbrW
CoW1jWrSGaaLFMiVMBaTn5YE3CVBrRYo2miqS9dAGVcMW3d1ebrC
CoV1ZBb4t91mcQyTSkkUU2iwC4LLbegBGP7ciRX5qK4hdHvqVZHy
CoW1LvU1krc8ry5dfHcbAdRot4QrU55SyJgbGfc8ZsHEaYazCvSm
CoW4dP9Vz4BZLZxG6wnufGWpbg99W3AUhTqX4krkPJKgthZwQUMd
CoVcR7TpDpoTbSSdquXt4Bm2o9Mp34ynMHZExugtr6NJQyckuUKZ
CoUhm4nKrXNs2q2qHgijM5StsmZgxvU7cMb7DSBcaNkdaPY8d4em
CoVwepmKge3q144D8tV1P259tChLKhJxinWbmGBUvuLi23UMsbUZ
CoVDD4BUH7S78vqUvrj37yqZujJZJNNXYhdfMPotLJc9cvbw1Yow
CoWK2ePCx9DoJk3aQtzNPEQ9QgxVTDQhFkpB2wLEEG2b9xGudZEb
CoVXZLPAVCR9orynisQ7WNmKtG6XhKnLmbAJ7jG4pGC8gVpqMkSW
CoVNrpimpgXS22vfMNvZMWCgYrNMW1oxUbdtqp9CoFaNcNXxVWSg
CoWXMx1x6QYAXuSYM8TtnoefL8ixqKG8BMyMwY5W9TkNSes6KbFY
CoUheoHGM8mFsjEn6X7tXV6cDyZMhE6rgM9iR6mczDCob67ecy1A
CoV8zALBqcdLCiHYTuEBevLhqstJiDdd3wjJc8t2HFhXCCMSEP23
CoWSvoCgqTAbaSvtrfDe7fyWKmbwssc3LzhehgYjyRhq8p7xGkpb
CoVmut6eHektQiqb2fPCdfehR7TeZuvEMacAMxMzpaJT9vazjvL7
CoVT2ucS798Ktw3vtWZ33kbEvkEFL3K565K43SRChL841LKzf2Gj
CoVj3v6mLtbyjryvg6U4Sfx9h3cK4TpuFKwrFURFXpAEfarYtxpn
CoVJysMrU6dd6JBu5Haa1GHPeeAQ9DNPx5BaKU28vCx8ep1Xf7qi
CoVUzgUouvkTR9Kq7CACE2BVHw7v9X45vcprwWmgp3EmYtAbow6M
CoUnQSVEPX3eLXbKnJPXoLycYoSeEnfwvGzWrPjnVEptt6gULmuE
CoVQo7a6p3gmHfqRoHuPkW3Y5ph41rdhrXVPjwyo6ZXAUp6D15M7
CoWWqjRX9KDiia23QobFTqCpeSQkuuRQjUAJEBxUTQsNYD6mNTDh
CoWN9aruQeWadDeHHmhpxczXEB8ZEj7aLA5K8HHqaByx57UeQoNK
CoWBBy3QYDLbXifJRCfcsqP4zdj85uGCqEJ7ij6DSKBhLVskSEAC
CoVRBoGT1RMnXzFgTtimMSJYbajosQWELMy5LDbLT4Gbse3DtJZb
CoVSLu9YJeSZjtUdzEdi4vzgUPbYgdR2pdHxQyeDH2XWA5PyJEB6
CoVMAUijAeSQRwQWzJs5mZ1djQxkt7hDVbt4QYtiGwNirvQ7YNgq
CoWCBZc6VbYm9otsAVDvw3Cu2EwMiHHswaAw8sEg6TW1AwLiYtoF
CoVqo7oMuebTqWY1ZguhviFUWzdihssoytdA1xbgRkge7Mfsqqvr
CoWMY8xDdNRawvKZuxtobLRURAnSewA5oMqFwyG1zYTZSZcLf2Sd
CoVsMQ8G27KxYZ9jqohhw44NkSnoAWbGBoF6CMcWjaf3jExCELjJ
CoVs8h6EVTyJ9HWfpCs225tZ1psLMcvWNJZMFv44jX65g3WuuJox
CoUzWQjEN8C6yQvK4YBrHQsvqYESiAFrQXePoN6jq4Q3KcbG9TeW
CoVMf5aF4HYWs6qCFWpMmmydK6z3xFneweyzDoaDRazihHpS5Rwt
CoV9nbFkuypADCwpWHPHRzXHkPLFYKT5ri6BTEc7bFwhvH9a1TV2
CoUqZY4RHD8QvGrnoYczssn2WBCgJEhcZZhTABsfq1GQLszxuvuy
CoW7Bagw4zKpdzGhUPBSc6zABXyXKf3SEiHdJ3JTeY3UrQxGZoy9
CoVbj1WNguSVY86haYGxZUtuYyT4DYywjXBpmtqSKzbMKFsXUc8p
CoUxTgffBNb5KftixYvTdh9D7z7bkPMxPiPFUofqvJxy3QLLEBhi
CoUykoHMJoTdVmkkDALAvQrHdd41SV3CncAvSRVtrX3b1yquBu6q
CoVW35Tt84zFmqQDQ4ENs2RcKbjHrKQekp8zRSADKSbLCyHsSC6U
CoV9S6Jju2QQekXC8aLGfpYDDpx8PprpKdaLJTeKkmwXz9pS51yt
CoUwxurRaoKzWmr7LqKhWkTNa6gDsswPrtLNpV9p7U1CdwPtrHwr
CoVDCmX1CFTz1WYYYFyj5GBF9hCSboMhj1iF2LjroYTDjCXt6C95
CoVc4qm1Sx5PurSEVFaft4Pxa9vSDfDCMBAJ5kMqqH7sSvkyKjbK
CoV5iGv4vi4fjcFtp19ztuz8v9cqajUKokaCZXpXiD6EoKZW4uUr
CoWX8L2aMPwGrHo7rnntWDErdxAhgJB8bWauV62vp8qpBFu5SaXN
CoVwofetdpA5MGrmzTjam9mKZFo8AptBzRPaseQ4LVsHsgReoGAy
CoWL44x35tKpgCp7gnszATcErqq22yJt3GgToz7HoJv91mrbZEJL
CoW29eyVGqTLkhhWsA9YZn8A688jyjCzC84SmXZyyfaf7gZDuqZ4
CoWWPAA1EukjfTCuTGbFSXU5ZFioz1KnDW3svVoZB8KEzKK8GFbL
CoVfYrrRXNBejp8uNExRCxrRVY7YieN89eo5UGdvgmYA4Dfp63KA
CoVxtNdM9rpRY73ujYBU8nZ7eEofPfhJbAtHhMwGBqkYq8J8zYgM
CoVbH58752rYHTQDgFbTm8EkEcYSYTTNWPbpo6bS1qtTnhNSyiC1
CoUh1UjCGrvhFsJ2JaYL7hZKajjyAhFryY5abGuY6SgADvuaX1Fm
CoWM5DWkTVP3CqGVdyYLijcChdc3zygs6qsHg5q4QX9xcYcbXVFF
CoWAMMFSWKwjLnPq5Bm1DKTXsbht9gUCFwKQeQjJZxNffEDJShBp
CoVWTg1orR9DCp3o2ZQ1xgXLno3g41kaDz8QFFVy3BHhDtjKmeJn
CoWXCnHvyu1Mx2sXhFgA21HtWTjkoM92K3VrWCFLsJrcH29QyCnN
CoW9MFBjreUuszB1dR3M6nQqforu8oEkr7gdVptPPi5vRXx1MFdZ
CoUre92ycj7QbZG32MqREHcvLKeTgafd4i2kjmkeSe2qQHT6XydM
CoUvoq54EV4o3KTKqmqBT9LmqNGW2WVqy24QoXEeu4eVwpfjnVCz
CoVuvqyB5kjky3z9WmZDF7tjEvJfDUQT1Us2FCrxHU6ymxyrvwhy
CoVc4ZBWzQ4pFH8Amu3XCYmtxJSiu9vXnC9KfxteLUo3JLvtk7CX
CoV4y4FxJ9yYsKSHpCv6kKP44ikARwkYiogFiX5yJrB22NhTEpSm
CoWVoZ4Yivg25yvwrMQyDtwCoV6TGzkAMH4XBBur7KK3RjG8dbPo
CoWJ3tYW1uS5zBjSPtNFWVUqURCi14dVwBh2TkBpaJSP3QwBvbrU
CoWQqEt9fi74K7PVz5v14kVMtoMiGFeH3nU33H1gXV4hH15okWdh
CoUywwFGufLycG1mtkNgjQkLoDe4dpaVjsk4x6QrdFrnX3T6gToy
CoWZFP3SqucYfy7zbr2ZvduBKry2ASzrT2MGW4wtep4NbzAEwvoe
CoV8rPmX8VnSh9JHtRfvcqZxQPkyyx4U3gb7SKD8jC6hqYHoGxzN
CoVaPFtqtiBXHcsqhvWv7qJwU6MZNkPJxxgMxnDJm3F4bRK6EN7n
CoVAmX3TNsx1297BHVz5uiVRcKwJpXHrWY1MysWN4a6gGwfjw7z4
CoWJTe5gMGrgVi11qDZ1HvLbS67xcrapSdEWoFhsgDQHrChjSWXM
CoVtstNJ2cK2M7rqxvwiz5i7Qi7cR8NiKQ1KybjNmUU5USgkahqJ
CoVh3xfbnamGZ6iSUBYPSgFvxGDsjJchZhakozsZJJ6h8oBup5uo
CoUt2mbq9h2VcxX2G8TSiha1qPtYf6Qq85xuEdX2Ntazcz8LXSqT
CoWZpRbuR7Z7oDuQxu4s2J9rz1CLcLTtKPykcDwScWRvsHKcKbYU
CoV5UBMQhxnD4MXQLAsjPrz3NntUDpHNTVNNH8hu3wXM3xNmxWSb
CoWSZfPQRJr5hqG6817bjeYnmk8mBQMvuX32k8CjKU7JsGMfGaka
CoVreW1GgvbLMVAXxPnzEP95wEpaj62GhoZBTUzDe5Lvgg9acNaC
CoVuYuR7vh8Ed1viQiTFFS7BJdJrhsEMsvgG5fMNrZe1z6vu4ZxA
CoVipDoL5JvqyRs1eDijjTh8Gt9QTktZqA2bsDc2MZb7PTrUqZ3c
CoWTmkYG8hUUBXPJEuSCjucgFykTewoHwUaGJhxnqhGLJ2U4zXQi
CoVwrbFXFc4N9X7X5eTpo3AsiKmcdjQ4jiKUMHZWFt2ZJzPrgrVo
CoUheeJFSPTgpFAY1gzTcSN5vTNeKVnhwW2ZQqF5Vtb3PKQQ3MpR
CoVyo65dMGx68usr3VSdUGpWt23pLjJhrJvqqNUtMpdBeNW7bjH9
CoVEdA9zEdUqe6APXpQMbCLw92NMgfTxhdRv891hpzL2WPShgbv8
CoVmThzjxE5hmVLFE8Aghu5FVXgV9rygF1ztyEPtgTctPaB7Ac3P
CoVLNvewEL6TG953qK7L5zR8kn9LAmYRZ1zoyVu1qPwzCR5jhTbf
CoUshn5SmdSZDtF7Yi4ED2KxkVtZU51mzr8epQPxy1ZGu561TZ3j
CoUj4pvQgpknAJRfGjZsRWF1V7WQ25qkfuaZDU9er2jyJBxz13sz
CoUeKhRKzbbbxYkq7Epk3bWTozsG2uimHKFPEPCagEMZMjvfxUD1
CoWLqWNTxbAP5ZX7K35qEaQ3gmFS2LmMvhEBS8Xhyp9zGrvkRkv5
CoWTpFBmdzafXwpfCWTXT4iPTCizLRZ5yo8v4b2PyqCuHh5cm55p
CoUmW3favrhXFMzYVmtwSbKXJtL1KeZmsXxrM3f1v3Mz3715gv8L
CoWQu4D2LxvUgZeXLFeq3q2csf2Xs8CnCdfXsrL75UtoYUucF3Hg
CoUrEt2HG2d9nLtd75gcNwmMXZVywwFhd6QY1fb9yfUae1g2Ws7a
CoVrp9avvftG2UeiQacBX8E8rK1BpqhWaDB2nTPbTyYJPyY9CM6m
CoUvm2A6zNhWxbZ74jFu34DFS9or23GiEbYvXBnVG2nwRA635ZHR
CoUnhH4PFtWj2p1szpkoVrBBddsnDTxo4J92yqWMRSRnAwSjR8pE
CoV4W28yu2RLvPNKViX3MBy6zAGHsDUV8u791F51YT8kDv68tQPF
CoVJfasymZ5LB8bVUjiLKEN7gyBDc8WkEiKWgCAvQEE8ZHRu2MNg
CoVEsKbQR8QFMLnt9uQGjgKpQoEAumzKgXmWZHcBApr3us14idg3
CoVzU9Pwm6joyNdAJS1Pfbbv3qAWhu1VCQmG8cHNZzgts3Uiiuon
CoWMJQey7Ncx7xzcmvac6bNkreCaRavMxy4bGzTFbkB2QdwAvvc8
CoVXEdTkd1t9jAkZSvE9CGdV2RXHEr2QSStPafiPAha2wRJ7AKAS
CoVWhKiQiQXoCvikYCzQJsJ5EKDBLCGGVXPVArFcpr2aTSfZ5iPR
CoWApp2DakuaVbCCAEEkAQhACTgArgJpCk5KRBr5MNsHGitGsCxo
CoUeRyzfxhKYyMWa9JzyXng6uJ4wGoAuHcWYpRvk7QGjh6Sz7GAM
CoVMQsZNuXeHZRKGUec786ukGHGe1hY6i62MSsA4cYRtLgfVDxAb
CoWTEaZhmbddy2S9U2Du6c1CsuLvwXcfeYwY3p5eG7jvXXZgjKVT
CoVWj3Qbq8i4whHch9daveya6xWaeJB4X3dGuKnpxQoN9cBx9ECL
CoWQ1QCikbn2LE8nWBs9biuwCahE38jCN9h7Aw4kTi8CkN5TatxQ
CoVnnNWiEx7Sbf1aXUGukw6bKHceM8seAwBzfhjkG4rxASj15yDP
CoVjXDXKm1PiK3iJfhNCZqy8CUHx6z8xbjr31LjKp9M3fJFjEiKc
CoUtbEfpf5PSduCydC5Pxms2XD5dawRhRoaAQU7FPhwvW1ZuvvZ8
CoWS4dAJwkeRXPDQH2r9mNVV6AmAcRnjWsRxLPJpGicwkRb4S3r4
CoWHwkjgbiJS4MEHxTZjV9wxRSHmx4ZrbRHeZxJuxKATUy5hrawp
CoVDyHc4UP9auQY9sP97Vd9vmfDK8s6sDD9L7cz9RRPct8Bo8fNr
CoVQqwt34yqeor6T35XdtxCTeWgZ3KPNXHxhNDb4St3qsaZnAzoT
CoVjSNuRqGok7iq9XGr7btPjAzddAuntK8VsF6TTCg6HAMJoKrGy
CoUwYpfr8Ag74URvWPf3jTuCNi7TfFVAyKeCG2PkcV8DgZ6xaAso
CoWTXimAuDRVqtjLugvmwLBqWDZ63Wd79gsQrMj4Y1umUGFnro3W
CoWAyDCHZr7vHF9UkLUygfuHNXf3974qirnGS4UsmrJHKCn79kWG
CoUmsHSXHmqUL5puA621wBC1B5euUbc5FAZLUz9Un2mSZfkBQkkX
CoVhGRFHUjs3V9JdCCfz6uWkoeKf8CXWs5wQd1xkbQ9JnGcsizKs
