CoWE424DwmLmudEshm8xQ43emXjmorneqKHfiCwQggNwmw655i5y
CoUgkk6GMBERqWB6p1DHDF3YDDrtzc3rd1ynUUUQ9KxphEANKPft
CoVXvbXff7c8twgSLAtJSrAwkbJfwvaDDt43QAtwEAa37SiiUcUp
CoVnLdzoFrC7xbSSiXz9CoTnSCQAtfcQz4z68SNViXm9qG3TN9LT
CoVCszo43QovnhvUuwcSMtQ7ycXX98DCgbJN8XpwNuFZicQjMv3i
CoVdZ555EDZXuKyGW6wKpCeGRuukLQkrUznobu2CMujPUN9hYCtw
CoVvfP1e9us2pCuVZEtrUv24NHNuXUm48vBuN3geV9us4YehRGXV
CoVBunoUN5aTXbuZfK6k8jWwJKRG3JNC1bPvusZgJ8uFXELsFPJQ
CoVVGHD7q7JBLW4UMk4g3czbWVkwECqN8oCeDNebPWeJLLg1DviA
CoVaW4CVQpJjyt9dMSpyuRkKWY8H34qVVDXbBsqRicD6EtSGXKyS
CoWWGafqUGWHy71A9UnXeZLPm45HkETPRoDUDsJLEDoxmdcPvmYj
CoVGNsaGAuqT3QDzP784Kgeratn21yBbYgARZazk2h5xhM8syPcp
CoW9pivP26whNLqGXhRY9svvtWbvCDJ6Jmq9LqhjEeLnBQqaY8FF
CoVokiwkovTRfdGoYG3jT251rTNqBgBZW3ppaRoL3Nj8r8cMZRV1
CoVCk262dovrbVSxXtvLcgsrEJXZWoRCUs8mhWudzaT9svbGQiYD
CoViVeXQj8UDZnmGhaxvEeLo88AvuuuKycHyC3B9McwNakZ1Ywah
CoVZrBFUhuMhVYjyhY3Gj4sLxYPL13uivnr21qpMZzX9F3h6ZHeU
CoVHP4kHFrh6oTzKXsYvSnuJAfoYAbLD3GNrvgYMZzTYhQcXMaLR
CoV1d35KonJdf22V1B6udKgftkkNi8BiXXfVvW9AWLC8VdSeYnYT
CoUvGFaV31JSpJUGAa6zsXShnsJLUqZMCsr3Vo47Zf6UrCo7pRJh
CoVv4Mc8SyHVDfBN18g3ZXyZCx1hdyh1STcotxJUvGo3hgJokr8A
CoVFTKCmeFZiRWgjjwPvsgCpNVZ9DpsGuoJSM6d7UdoH6Mtt5L4j
CoVGspQftkDMy7WHjYY3563gXa1bhNYwNAau5ybz2y6ghmRxXXdF
CoUhGzZnvA2kUKj2uUoWm1U2W1hSVK92aYFJ2DGNVcGhF16dP5ay
CoVdPCfn2Be6CPuURXzNAVhhT3Q7tniPfbSc8EYfoEiSymuPmrU7
CoV8SLymVR4FckZN48nHs96sqRfLVzdVkp1wi46GgumsGibYnsKc
CoUpfBStwmeeSQyC2K5tudQmtcA1Fitw43NjGhVAKzXWCgTNU6Ey
CoWZ1U6o9X1vzzxhvbtPVsac5474SzsujQz2wCPpYvZdtCwfW8nv
CoUgKviDa61KYAoxFKtT8fFjEhDzKuZN1WjoDdEdYqMA99wKsvnK
CoVdWmABbpcXNjsDTwNRHyqA1VgfvE963cbeaaxKrrTSdtyx3LJY
CoWXPhTPVNHa4hgNFc1gohcPjRziwsT2XP2tFKHaA7UF27G5nGjg
CoVBgN64U6kWxHj1vF19K9EnPReeK3pcFzYZfgTaT3ynVg7dK6fN
CoUgYPZoiMpfhmuGvCCiCiPiphzDHRtN64JCUHQ67tgC9ZXasdb3
CoVYuRQzMeaHeKg5vGg35UG1fVF5iaZFbmn7RZVTJFZ5NP1AJR8v
CoW7dWZ3tVk4UqZPE67oQyhYLdn3Z6b6nevf1ELpfRVtj6WnnmkF
CoUyCPEZM7nvDK92jCdEpmwm4mFtnqyGMnW4ecrFXVYRxNPXzEcT
CoVLaYirUh8N6UsrkK7BAPpcaTzgKz41BsE4BxBDAcKeGDvBF8ER
CoWZmPA3QFQj8kWBNt6Z1fe7VaoS1Pyxo6s577KrqLSZnWe83sQg
CoVJMougC3jHa6hCmJNa6sKhEFFFR2kScnTSwAWycAu4jpA5GiK8
CoV8mzMNWwaQgvuZv8r5ZR6KUzm6TFEkH12fwgKWum8BVJhY24AV
CoWEAmf5rjLpu5NfwLryp7YYpVviVdpHit2cdPjUypuUiVoH8gSP
CoV8soVzvxPT7xBkrnX9uh7oDEyhWnWwxBTcNMqka8thrn9XGTST
CoVXb3ZNcJtTzHtRMYUYafAeE3429aZPsccWsxB8hn8Lmf7C3fMT
CoUtsCcUbHjQbc2SYuXWhSrCoLKq8xVQonM4atWTYSvDnZB1Vkp2
CoWAZe4eLd6jP1nQb1nQCshqV1SzYwWf2UtgvaG6qn6nQbaJUxYq
CoV5TxFk9mjQdRhuNJ1NifhmDfcVYSx3ZcdD7hzgXTao5grhLFev
CoV1xAZACw5aeYqLLV3J6hDoT3oCcLYgaSxyXpXjWFryNCu8HSk9
CoVyButuG2nfJFUqBhAGA9pVTHgSfyqXauynPk5gJL4H3KAMvJ5g
CoUuD1zBgCHzJkB5LLxw4ytRfUgzN5pzUpADM8uj7AcJmwPWaaUX
CoVi832ALxwoHmuJ9U8nM6TfFKFJZUGbPD2zn3bxESjvAXKAbmru
CoWUeC5C4vyZDRkJi2dFZ2JLCKo7GwUAmt9biBMweyGVVTBNNESD
CoVp65mgxPfyLJ5i1XBPG1r7MoohaJWWcnsS7QgW96Aj39F2kqAD
CoVq4pBkChUPT6CsgU9jza2WDEHkzLYewMW5cnbTvVuCsb15q7bH
CoWLdiGQuypfi48jrExdv2vafRrCVoTY4BN9cLKggHRXwxcsDFYT
CoVzgzhVnK2kVzqyJ9ruvk2h9P5NcshcKPAq2Vr734rrt9qTN3Jt
CoW9r8FmiJ24nUbwJkVE5s5vkUWGZFzrbM61MF3cdyceeEZ1cRrT
CoWaiGwXzADaTi92f1E7PWH44ZXAhGxyQ22HsmUANq3w6sSQqDLD
CoVksP1cb2CSUzBoB6ifYBJkaTwuGji2WCKpbPZPjb1Uymnz5fPE
CoVtcSffuGjp1NVW9WisgPsg7SF1FtSwGsyTHp1kDEnCxRVmmkFP
CoVXCro6sUgCgKzd4Cyiue6anfgwCbR3y9sEaoaEY8oBNpNAaTmc
CoWaJ4VckAVTtNqmwmYihogUYY35U2r7mUabRCE7uNhauieCB4Rn
CoW2dAdFXim8ZXYsHzsqiFLfw6UBncVeAqVeTjptx8W3u6ZHtNRr
CoWYQym55aP79rMQddyDeX2dECsQKLuR3g47e5Ma91LEku8ur2fc
CoVu63sELZbhZ8YCy1DQatjDWmmYMwEEqfz1wKdEK3JU79pNdhFt
CoVJEFHhWrKE6DBLw3qkcQWfB58ZberNVyzP3L8gYcBC9feUPCeC
CoVTaFPdw9chSxVGCoh6YifUnnoc72ywXYkqTEBr7otyoJDDeoiN
CoW1h3HSvKokyVKcnyQHe7rKkFhwEH1jPJQaM31wZa3YPFYHJmEy
CoWPvmNv4pCYPqTfQpAU3tMPFLZDSfBvaoSDnF61DLFNfiwEeLNL
CoUemhusFVQriQyNnW9xs3dUEfBLLtXAGDcBsBBBuHJ3egQUnfRn
CoVouyhkKH1AYhpMxyMoRBCvoWv4gWC1BXp83Tt1ViG1Tpbau8fn
CoW8gNRK7E4uFvSdC8Y23s3dPyeDqZaZumxC9tdCV4QZ3rCpBCYG
CoWUHX6xMtY54YibDCjWEFqzK1EaZQLtxeZ4fdNiaMU4Uu14JQRX
CoVTXEmXkxPEBo5XdPXXc3M3rx14Xk7KDNQivWC13X7xYwiyxCpk
CoVAUDMEX7dHxsY8MgUqNFEDNT4xx99nU42J2P19MW11auKRGgk3
CoVbuHmMgagBj6jmTWU8pCNDLDbKuULbvD2EZgkNWKqAuaTQKke3
CoWAHynpjbgftVNs97iP4n5Tv3t6YLpe91AhoFgk3RyPykYWeXUi
CoVJBrtQFP3UFPhwJTR9mB5iCaZrdPYvXGBApJ6chBU1JUVeqGJk
CoVTFUkSfZ6RrejMuwbktZk39JLB7LBMqf1gjxhZsXaj4nevt1ca
CoWPrGqbfNadHXG8V8EvB7BMUGNfrYeYHYTkGnU8hwZgdxvoBAB5
CoVutPfc7NkCEQEXddSXFMds5EmA2aCjdwQ3qynSN2Lp1a7eK3CG
CoVrJEsATj84b5ijsCLc6p4cW3MhpDqeS5uqcDCV4kZL7YBnug4d
CoW7rwcydyTTsjDUoYfGgc4D5zrE6iPYb3S32ofaGNcQ9zCqCMHE
CoWDjXyL7pwBL6jb63xQHuqD4pP9LoxL8KE1Sz9fdq7ZNmanh6ko
CoVNS9Rjj3aAGykRnaYxuSa5fCTMJaCtxLbV132KNvBJAit9r1XP
CoWakwA83sF6rtB18uGsUTa537tWyqVKPUKW7q5NBV9G9CbisZ6C
CoVYwheQJfUMNWXq66tDGonKBdRuSUpiwsCcPvzpeDG1xvjk7jb5
CoVZyoqcYLZmyNbR76Vm5jQkxkyvxokrvXYnwZLeDR4SKRXwdsQR
CoVkv5FyxkfG4cJPBarnWaFkNaX8oCH4dxK2dhPyhZoKpSVpBEB9
CoVxubByP4htCWZPq8HhFCRT8n83Xv6Cp7VxthxVPKtBpLcqAWXJ
CoWZtmtN7aYKufLTaenuugDUDQmdzobgWH6GgwVBZYyfofotQE4b
CoWTmQgj1zMsJxfSpzCXdznTB27iJ9BP2hcdXeAHvUrZjGgNCbMM
CoVhve3WY3fxW3GaNMvuZheazp2Rsnd4rtv2q91sabVVoukYRyM5
CoW5rKEngNNSjv1J4JuDg7nh8QYEeCyNnWGboVLT5ZZsSvsytUaq
CoWRvjFy4VvaBbLi1WoGYzcCZHRR7vnU3mx2zXPLqq9yQx3i33mx
CoVMYCy96LnETzfahhTypXXb2s59Bnfd2AUT7LwMDVQDhpYwoxiw
CoVktjKk9X3eiWfVDLVCBkttj1FJJ2WuxfWdewJ6jW3jhpZXwQ4o
CoW9V3ZkiG4hMG7pnWxWPnA3cBZ5yPMTm44ysR822X2H2rnCNvKv
CoVaCeEWZNmBDsW3zHFQTeM6a9MqrqvMrhhmSgfr7RUQeZc2azLQ
CoVRfCa5CkxoQ7xRUMM7Vewsr3LVCoZxhgKuCgD6WTHgYPFwp2UT
CoVXmGNHfFMZB4n6215LVjXs8ig9MKzaNbE3ekk6hWxaLdDJ7N2t
CoUxMHUccLvpsTzo42YeP2goBW5yU1kEgyNeSkRT1E9jKyxKF7FL
CoVvZgcpA6UDFL9hEAvydCGa4s5mHYe2zD9YTb2TLQbrbk25x2DW
CoVwLWZy67GfSkc1y57N9jQCsZCpMtkKXkj21Lvm9dxZBdSvBg94
CoVG6yAfo7HniQKwNyAXTLsd1h7qNPEpJU5dCDTWB9AApWPub2g9
CoVGekQsqAG2HTb762njoghpKgEzJVDvrfsv3DbpWc7SFJhrd2tu
CoVWwdx4d7Jf5dTak2vtumv5RpD4Q6QjGFSuhavbipTSisSdrdp3
CoWPgsnBtz1B6Yf3ompdKMxUvUyBLNRxL246fT9cS5chk6Ex2F1R
CoWSZrNGSRSU1shtLc7pnwt36e6yerP3QgoZEUBrmCNmmS7hx2hy
CoW8Tz8CtPGkKKeFogFccb9hD2oxVRxDk21kTaHJhMheMb3NHfwy
CoUg5Po5Zv44MNn8ejGJDNJwrBvxRy1yAgNaunBoiUBRd4vAKJTP
CoWLdGB26BVJPep7AdmfjkevD9FpnsL7cshzGwSwd3rREx4JcNd8
CoWB6yZnRVvnt3xjYGoQFWnocu2deTTRWbAD28hND1cJhb2dapXW
CoW6JAUEpnD8xcbByUiKtfp1ZhpmwEbQxiMmN1p19gyUgUqmFA3r
CoWG8z8k1uePsMtM8KeF55oC5KuNFkNssvZ9rrGwyHQQTjNLMGph
CoWY64eGxi5KbGnzKRb28KCeNtkhrxB53Gx72aXQWh1Y9DwojZMU
CoV6Fn8WG43xeNBGk9a5LCo4vexyo7D86CEHSpCQXd9vETe6cH8m
CoVqs4CP3i5z4KmjwrqyQbtjgKBnU1bC5x1nedGwcHPZXw2xxuca
CoV5bHX7HZf53Vgxj87z6fCsvpX3ooCFsZr4zG9KMHiWnbkcW7uD
CoUwQd3LbzhULwvweizXTiiJcdotTCxK8as1H7tdHkaJFHDSfShE
CoVYKfCzYqjG5LXVkmE8DDC5JedKPTFZzB3R1mj9MuzbeycrqAjy
CoUfxvLeSpDBtjvK5kyzLFY4L3SQgn2mrbUPZewRuWv1pW81ecfG
CoWEhMFdhxDmKSVZM1umYm5y49JEZ7uiwPUM8qDD4BijvSkAS9MZ
CoUyryXub2f8bKjaCc5pGimR8cDgVuQu1r3KjespNwH3wS2Rj8KS
CoW8CWW2MVoZgLpy5XZXufDemsZE1yoYgvXcD59YGgrryaYTUYzi
CoWB2FhHsgoFHJq5HsVvUca3ZfntfaKgdvTPWFyWugyCF6RdzRyn
CoVgvYhNRnybreYo345FBvz3n6MTCyJTxNyauHxNTimkcFjHFF5i
CoWXmXs3p22DeMtxFy72k6DuftfMRvZgty9kSrtV4GvBhzSegxPn
CoVqtdu9qcp1PwDJp8bMfF71aAuVV5KevstRDbkXQfG64aJSHX22
CoV1ZVhTDUyKPr4wU7stpN5uCFm2j33WEhqgkVqrQ9wF3AbiD4kr
CoWUQdXD9vr28P8MtjME1imyJNTNXMkAgfRbHGiPAuLDr8vDWJn1
CoVaqjpkd7BvM2VuLQ7aWLUHJCEGv6z3Tx1atzwUnenUiimrU3XM
CoWN2DAbntLXnUCkyHvQkVvLZFtq9zwPmnvZFsVgmPFSKxXAW5DB
CoVWmzpX5iZSS9qsCSiphLZTSvVDcv4ropWUhqVbsdmeAqLGFFcK
CoUsLEhuaH1XcgThPhLrX6WMcWRAGUdSC71vaXufQMvmaUT8WENG
CoVvEETbuvnqb4je4SmTQaWtdAAtuvhZKLZLcZ2V4oH631TpXRw9
CoVPhmBGuK8hrL42XeSaKGTD7fmNyC2CS5aVGDJwHovXnXzmvVBF
CoVVwMgyUvrgucKqmpq7ES6NZWot8Lq9GDy9Sb9yU5DuVtcEzAef
CoUh1hYk3Yais9r76f5ycHrtT64XVp5WXeP1Cfe2jFDj83DBYxmo
CoWDGHSK4rTiQEPuWLb9LzzdYWiQ2avgmLmwaqZpMQjCiYSyK8Rk
CoWFrXqfRMJkypD9zCiii4gMg93umFh6MvQ7v4z8FRmRTQsXqPud
