CoVjdMgTBWBTh2wKtHKGgjziEvYVS2oKAnBQyCVtcd3cRwg9ZjYR
CoVYC6uSEf36ziLMQ7B7yaCnWErRBjVbUiYmm5zmDvgHHaont4r2
CoVHGgrBuuTu3BWNyoMxTFinEt8SUqvvXLsY8gjLkAgk4U3ASA68
CoUpLxLLAneW8q9JUi3Jpy9sPji7hzsjf92ukUSUMnGgEqQj4uMP
CoV182dQXCPZ8QQFir2qZNK1kCKpzpC8bhh8wMgycqTNPBKkuQk4
CoUuUv8PkEbdfgHwTxYHPHgGPRPF6R9328VgUHPjkqXxidZUHzxU
CoVvusLjX6x92YGuUwZSmJVrXHRCJToXxtmJN4WfFYzzSjBkfyJ8
CoUuVjGXiHmwMwMNS82YxCAbEYRucbiCSxH9bWSxdijicwi7gMea
CoVPMw6AdTKLHFWBjGbqMJQxHZ19HE2isPiibzmsFRdWm3w7CKVx
CoW1Reb35ZBShkvBxa7cZoT1j6H3cggD5SnrnZbATZRXLhPYokM5
CoV7KkTAWtxCFpvdhzXMeqcDAnnNSEVfsVtVq4kdM9Fb5azAGG77
CoVYMFp1j5jrAf5vYPrBJtsi6UijSgvZgUGMDrSUESpWufFq3K7o
CoVGMeXYwR91rsQLGG6KesVzn259oS7aEALBjdu5Hy1x6jAYt6Cc
CoWTvcYYzDhNZtizGMRMHbAYGaKTJ758gBeTz51hjoX1rpAapsfr
CoWGAuJo29xtHocEq1Kybiybr2UEo2wKNLGcjj2aWHQbHrGaBS6S
CoVH8zdcjJnDjvF9C64Ys9mMtpn1kSPZNHWoc32egEMdUiYUouhG
CoWGdDVK3SWa75XBTR55xsFMCLS7Z3AkSpT11Ck3b1RxDBEhTD6d
CoWC3x28ZuYqUE2UonvkBSsWdNY5fNoM9SQvzhJzdJud7Qrjrm4n
CoUjnkC7LZqTF9xPKcTw4sLnbE6zGGWjeZCXkbUR8KMSPRK12r1e
CoV9MHynRhaXuidEDCms8gb3awegrfv4tcm7gmpQykHEnPp3KbEz
CoWQK11vcJaRyobZG6bHW566vb4aqVFvZErLSZQDcbEcHWHnRjjL
CoVaurH6PSt3HLECE55Vgw9xEHSXCvTxEewUReX9DTH1RQLV7Zow
CoUqjQDNduQRSUgrTj39bnr3ya2gVUJyzW1VZxdEt5z6yxyfBKms
CoV3BYvXDv8Jvd53B2SwzzLGKi475Xi7bsLAiD17H3X6PUmQvLQ5
CoVSRc8xdHnCShzhmha2fdhnDJYRV5nUpyYTtC6fpQqgA6aCw9uX
CoWAomvdYRbykM8byS47i8YwmG5TBztZzzeF2gVxWohLkfjyPY14
CoWAJtMk9AZynEnJGoMEk2HEGjWtRhRqx8HHwbhgaqeNKZnWcAgN
CoVTpYUZ7nndXwZg6PJxg5ZUYtK2kdvZh5YVb5T3rciDHdFmuLJh
CoUr6zvJgFoVoEufn758CbH3z2g6Yk1x5bv2FxtdTprF5K8wM5EF
CoV2sgraprrWmaKYSRN1qHWayMrYRmT2wv7fjbzTSxetSQZyMeNg
CoVzbudzaQVHcFReS8wZxkKoh94LowPnDVGr5chB7GJBLhYb7w8Z
CoWPFFpj63xkoDeVSomC4SJpney4aEWkDvEEDUXujFTWi4o6fXKF
CoVwtUfBVpFdvMCh2pnSYxPesWPnq8LpvaZ4K6xEuNVWMzAUhT8t
CoW2VRb1CSs63vTjivPh53KQu9StoeeK9HbVzsReU8UbsnrigrjZ
CoUru4BQH4m5hWAcSF1ujuVqiDfxy1ujXij95GgBDbhAEzGx7PJ6
CoWVaXPJWAPr475u1jYUx3ZQoVL6Pk3S7nm7PGeYPsNLzsXeQN8H
CoW6vy8HVMDz1tNSweTnPt5w2V3h6N53qV3peESBBaCaR2BsDFef
CoVW2CP1isyQqsYwHxshjdA7ujTZoAzQ4uxnUzjh9fKAeFif69Wu
CoW9r3cS7fcKER7yVAsc7tujcLTK8bV8CMhTuoShKSk7gkrWCdSG
CoUtKGnys7CQCdGQjdV38rWGqtuPZEnQypmCp1LLCEBVAHc8eRt1
CoWRiYnMwiaT4WHDqFSB7bK4MYh2WKv3QQnquzgQnLpammuyAG6B
CoW7LYcfxuHhbC2Zp9FUBeaFJbiYxowR2mtHA2Lko8ks4tC8x7YF
CoWFXenbnDsey3xEKsM9UuzipJJiWdvXSAp8f3wveBwbofYooYYY
CoWHhNvVrULSXaX4NBNC2CYpGnrEA844KgCQJw6Bk3iMKKyj5EKN
CoUf4PGR3MorPnS9MpCecw5dELmD57UZ9g3gySvuq3reTTebbV9D
CoVTDiRP1i7bgxXjcjG3zA2AgENudJHqtgyV8EXhra4TEEFCz3RN
CoUvXvm97DWM1RvwSkmamBj5Bcx525v9dESHSAnyYA8dSZLzTYJd
CoW2h4FqXhViHqCqkPVabfbzfwpCqdfLjuCUyM7k3DsBt8uExutt
CoWXPS5Lv6gcxjbkMZJBqjjZELvDGDiwWYvZQqRso9wPaE7i2V59
CoVByctth5Zr2NhetFFtfrFNEL41q4TxBASGqzpBWDSz3tBx5pdW
CoV6Vxbc9HtaJ7v4VML6H9ArUz54khtSNqPUXUdug481Whr3yPsK
CoV7ZTUbWMX6bHP1bqteYSzpcaye67u7wYmpmMkj1LMZ2TPS1J7s
CoUvbVg4GP1a59mFx5DLowpqqsNZ39S6ri7gHWANPcwV4CaRZY7Z
CoVJjZcqMdt1uZakZg8Hzz3PZqz8EafoTui7KwpkqUvi18f4RhCj
CoVz9rZ3rs6MSrRTbaFdGgTXyJRFt6KzFSos4GEDkTrh3UVDp2z7
CoWHUtM1v4zNYnyvT6FBkYsmBX29BS4FJB2GB9JWuB7W7WJa3ZPW
CoWKXPvxLBz4fDvvTo7nbh7v7ou6jsXt6aog6jBDitZpTScyhfrc
CoUqFAqURFBWfYf9w66UxGB3zGw4yATm5rvXWCk8ugdfgnwWAnxy
CoUq7Y5X8sboDs3YCCoL5tk5hCWVLiA5paac5e7TB6EBELmDjJLQ
CoUq3DMpPsodoxr4soN7GcCPbH3a2fzZxMXR1yZ6XkxeSPRxsHJb
CoUgfz4GMV7YpPzy7buVWBn2brunfrq4ca1Tez7BqvcCoScv39qq
CoWN3JP4Szzv4qeCFxXjEUynbLckE38Qim466wqRaY8WkiiRaomH
CoVPD9nPKcy9X5aTGgzfnYWgJuUQySQjNPc8wXpJRVU5jb7tfQpn
CoV1J395GDoqh322bQxaZrQw35bEqTWT3vgEdBj41wy8xG7VV7rc
CoVgctuNqbVPDYWkankrhkWhEHTzPqq2J1XQh6GFDKxC1Cj118rA
CoUm5aaCJWC57MA9xrbZGDdw75BpKTYCkUorA1QPa22H5NNHD8Ga
CoVKw7VWe7mjduwiEV9ym7YKpcxjcjgrzCXfXpL9kQppCfkrw5T7
CoWZ2EWpjZC9bUQUFxn11G8C5VERvjUz8LGLD3o8o2qghMCYRqF6
CoVzQAgthxcJEHZG8PTNRBYp3arYTS88Ad7SztbopnZv4xJj4Chd
CoUhnRXKfugs1KeUGB52XnG9A6gFfvi7eLvwj4LXZ4asNoa7kk7t
CoUezM7R7MERdHKAhRU3Z3bavcHAPQWResCWUDvLGRDqx6J5kJfs
CoUvGkAXcFHPvWWqm3UL5tcr53HpcASgfJYVQKt7wYEkavJx6puY
CoVYEyiq3XSY1UQcqo2oymjFCXsjg3G18fW6UcjoHvgCAF8Pv7zk
CoUfDWeoWfpPPthnmoYCsBcdt5cN7ywiPxHHg3s1VdUNfgpVB3Ao
CoVPFqBQwPXikAeeWnKLoCZzjdYR6wYqZReynKhjbu9Lpb6nZEQ1
CoUv2ZsHymjDqY9kmxsL8JpLp61wGgi6LCagXShWSRzYiXjLFPqF
CoVq3diHCKHU4Ab2Lgn868FzYjLZuaURaktABQR3ZU2gyxSKFzkw
CoUieR2h9PpLKz5m9coVr7U2h99wquKrD6xhYcCNGuZn13eRDdMq
CoVVk7JpSwn9dk1CyZWrMVukhkMEHkyRKjdDbMBqbscuh4AtrNnD
CoWWLeuDrt5WoyfpSvafzAAyGcFH57WHW6V5RJeYKtk9tVpM1D4h
CoWNUHK7pPuKeXXbo8A9hbCtwnRdQUFBjVBp8Ajp43TpGxugoaSb
CoV59pPSR3r9Q37wNvNvnXhw7LcFEXz7VkmbAiiM3JCsU1C4gUck
CoViQNnPPgHRDGo5Qfsc9H4qmKVvWz6MBbyCg8MPhhp2LJvrkYjP
CoWDEDron4WMDtn4WiebeLiQUtwMjS9gzviULRkaahekGhXeqxHp
CoWJenSLece78b7TrMgPYo5xn5FWc4WRQVK2FnVKGreqPdz1SeAq
CoVFaMWveuNvJiHD7MWhuMsNJecFyYTaLgfKGYWo2sRQxAzDdaBn
CoV4UMrFH467A3LJcMyXvMsmb1AfURU1GMUKiHnF6aNx134evjdH
CoUjoWqP2WVNw1uiRZXSHQYikehvgSCYnLY6a4wY62LkpHKQuqH1
CoUywyamoqhr5Bs5gw9fYpi1GLCGg8mPNadkVMJghszWJzJR9D45
CoWPrsnHvjq56oEC4jLh61nkRZ9RHPj6FC9VrtMFAz32EQQGUm41
CoW1Q53aT2WeU3TbxLnasSuVW3Zo4fEJDvdmQvuMMWMSiJHk5i8b
CoVzkYkgDA27rpCT4jJFYowr7VAyhcJFhPGVx5TU44utyv7iwagM
CoWR8q5LRBp319zuqrPj3mbEZRPKR3LTtSJEGNvhJZj2oWfPoXzH
CoVxPJFgbxAScwSqM2nUfZDE5qvQwzr4cJJhzevM9q9x5D5jiMC1
CoWP4VTEuDisibd4BxhsVZH2UUsN4qZRVkdQQ4vWVz1SmqpJ3xt1
CoVeAnb6PviyrxVo3YU7uVXeSVcDKMWuwk9UD3LDo2omF7oRnCWL
CoWQfRD8HppwPvQNsY9m1PsVV96eZeDUpj4hnQkgDZXPxbBxz6wz
CoVxjnBCK4PNC6dxbEsWzn7ea1x32dJRdyVu4DhRaw6T272ZDBG1
CoWLNRjdgE1z62L4PNuEmHGGZhqBgtuUByRSGvHSGRwAE1faiiex
CoW59dSF7UnnUJAkXzcSbb9bcDMjC9qgdsH3yJmP7xLTHpAv5Ut2
CoWJioafmZaMzcr2a3iFQnMdkz1eYpPJ5fxxFigyNZBcVm9LpBUU
CoWNJjZJTkaJjavhQMQqrshWNGR4i5drnmFSE7eYmn1vrY6cdb4M
CoVYELC4SoZmUmk5UK4vDceRFZVzNQAibb9Krdh2ov56b6sDvEoQ
CoWKQtUQ2PZ5Po1hSKxTf5JLTQ3S3NdHcycjH6USgLZtxvakbLWb
CoWHcDSr7VnGK86JxUqTRS5WW6mwjNfyP9h7uyTTJQBvJcLoMRds
CoVWpqoQ6giFQ9PKLJzebjBscFicPi86A2MNo8pzPJtcUmmNyexP
CoWShoZrEgaJ845Kq8BCmwYREMb5cqz2NsgGAg6WhcBwGrMuQCW8
CoVECBioJcwBpGFfVN41tLe4ZB3cj3PsML4ceHADNa6Hc1X2smgg
CoWPdq3umyhVfCpLx81cACbip4q7FoiXMTpCJdZYzL3XG5uEgbRr
