CoV5acqYigazkmEfUr9jKqkU4MGjKdpFh6W1ZMgQAggnM4L3j9cT
CoVTdwGkQJf5o92fReFrD2S6uddpeAFKngUEBaXvXKUpdCNraoDB
CoVBzjQzJ7He6ZH4ijFtfrjXim6AvNXfgV2nAMscuAguYCyvwwh9
CoWFdyx9AmYsYAHqUSCqTnqpBpLp5Z3a2DbKaKT6KUaATnJKiAqR
CoVbwscLkYE6RbpicVLPNsq27oCkxZKFLpwPeC33GtjJB6ViupG7
CoWScPaoM83d2cMMtNMRUW9gwHLuqPkNLWRMaWJnSogdbnSmv8U9
CoWK83SQQhrKwSABh2EWcGxCiuQ7txY7VnQyr8XqnPVNs2Kt8bR6
CoVxdJiqrxEGARVmVWJFu63KUm6mVLxPP9yXBU4vqeSD8vvFVi7a
CoWCSHYzUD6jHqg5V1d4RpwxxZrbsAnBLTZ9K1DsNWXqnzJhwxkX
CoVdiEBGhvcRtmqCqMhiBkG7e71h7yWDmnT3G92so8FYLZkuJdr3
CoWG9ESbtc8Tuxm4cN6hzx1Wwac66xVPWuNRDX5KhunqYLS3Tb9v
CoVPzHst7jcknjae3Sc7XBkJVRYRMwDPmqAPsX9SGHwQBgyLZ1rd
CoWRXSMrJWb2RqL1zY3JpiM59aDsvrbiR6m8HjfFapTNiDFuRu9a
CoW1Wgpq1DXwHdFHwtesHv6yYszZYn5t5L4Yk2a7wBJAeiQpbCog
CoUtUv5jaNhazfJxh5CSw9uz4QknjDHH83mZ7w7m2v7KMZyPe7og
CoVWJfuDsJRKsLGpdxVf6Bdzu1zrdUTNUZzLKwoAAGoEERmd7PuH
CoVFpboccr2GcWEitRX3TSPdWZcKqc7wUUJai2xtmeGCKbnTMtfG
CoVyYALMKRRB4KxYxwxNiWXjN8zLRMbNSoVkZNLQRznTD9HCxjQV
CoVSRWhQWVaznyUsRK55Yy4Zz5MF7R6yhHsMYrqzuKNEmk2rwAVa
CoVibKcCgu9ytq5GheahpsfgkmkA1zcsS9dLT4T92hKCN8Tw3iAN
CoWFirzsZMaGTrDhJMnmxXUTwxyigJrKAvyx2ssZktkamJBjcJBs
CoVEh9quxwnNVnSMWgiv7N5kcqE21Noho3oqqtEYSdgYRTPxQZrW
CoUty7JnXH5rVY8gAnz9foJLF23664k9Rf1A2kqJbUyVdLorMcWv
CoUgC4DrSEQCRYVwcuqZDLVxucY3ZwiT6yn5GjDS9qjiroz6viZ3
CoVC6quebXL9DuRJdttc2983hYV7o8Fp55aFnA5smWbo47seXdGF
CoVJTJN2shtKLFrNtJnydFTa7xRb7qRDbvqooEUKDsHY51Kut22B
CoVxaFJzHry4p1vf3gKeg2qcrnJC9tkeLNjrCmtqcvW9YdQmLvVw
CoWSYZhmi849Uaerdfe8MEyddoPhpzFDBzRhPmVidZJ8qT4De434
CoVcjDD7X2F13F8znrd85GeMADdaLKcDpcqbEqcmQmML6o2DiqZS
CoVjgErebzfDVsDRzJp6nLENdxeGgw6Tic4Z2moxzsQAM5n5A1V9
CoVzujsHiwhutKM1KFBkr18CEDjLLxE4rqxWQiriZ2mAd72KAgNn
CoVbA2U179RPtGTS5j1y6ZBaM2fLn7fxEnkQUwiaJmCXLotHUH5G
CoVvZt5Y1hwPCVVBrKVuUj7aTBJm3n3QiWPBofvbB7vKiow11eWm
CoVjfGmWgzXBeJ7Zap61zjzaHDnqJEHj9XohoyM3D8Tt17wx9XaE
CoUuhsggQhnrsRJK9CzQLHMn3GhqThqKotK8MGgiqStpd55tqnHg
CoV94Xm6AZ77gNXP5NWWXa4nRekQRb6X55PpTZijH6QYjA8wAvkr
CoVx8ukVR9euKbAvQr4ypPqBzs55L5MyMBSVtUPmprSQqcP87WNG
CoWTHS5GDYSZDRTaFHsRPQKitttBR1xkMT555zkSvYpRwKAjrgmH
CoWQgTGoDr8AAA3Sy6GRDT6LZn7PLEj2GQu1bqS8czk4F7XMG7XF
CoV8sQ7N5eNRFcWrbPtmyadtKjcLiPbg13mQNzRvk7YUVBLiFQ77
CoVUKnCD8BeZ4dEduT4mnApkvcf2rttBZzpZFMJfNhCzJqu8SYm9
CoV1wT9C9bWUFr6rZgpTT7aSz2JUDGUXSqsERU5HY1JDWZfNL7hE
CoVQVNauLXHi4wGo6ETP66UyoqRueZZbLqLzhynhbP3eiD8GNFPz
CoVMnSCC3bKAUkJsKm78VawGHAtzar13xZfmVUPwiWHe7LXQ6KEj
CoVzNcGhgk6tdwYFx27rR8MuSvgUdgKvvyNXKUf7cHvekTvxiHHg
CoWUywSRkJqCnQQKvn1vag3rcH9a4sX9ZJ84CyyArGukbApNbjEf
CoWXpLPQTfTPYHekhTDJZWrZnZA9uuNLzVpuxV6PPKVgLSedDiQW
CoW8rTe54g1psS3ptpFQHwKaBtXjDMySCcW2izPggRk5UXUxzMj6
CoUuRwjsnzgLHzuigrhDnY6fEpmKSpfk19SAuRt5ornfQSDgYVKr
CoUyg82HPeZgyw1g1SJ9gRVzsVtcmYTkscT3Uopq76RJajRA8qrm
CoVE5Tj43Nzta8ivW1uSoNnieUjGCWFyPoZ6YqUyZzFSFH83wo38
CoVnwbBoVhqrZFUFeeYdu7gQdY86v588Mt4myyDheF57mKTrNVeB
CoUyEtevSMLFgBubm7o3Y6Z68NNCgD3pHLNoF9SeZxmneiuU1ARa
CoWSjGiaUyCrAWEVUWPGcQaHgsHvMw5R1RfDbYVkf8eEGvdyNCrb
CoWRVuqNHuC1CygHSJo16BePkq3RtRvNFPTGRx3xXRnaEGdnjpLj
CoW1PTqLWo3Lfa7QsRriBQ3o2LKscQUwZFsY1cjz6JAGEMbbE41Y
CoVW2VQfbShYzLojjmbqhmKe3kehApkrL4tbosMRnbumwRdhQ34Q
CoUhkLysvEyAKkFa1adGtqqMYzZ9ERWn55tBrQXjt5wiPRPsiyEy
CoW8HfcZTKwJVZYmfkdd4kVdVtnLWMms7UsErCM6Kt7s4wf19grn
CoUwjdH2jHnjqjJzeBzFG1UVARtQb5KRZWFjc2tuhSB583N2YzCs
CoVtSp5WTP3aZbY4uF6t1UmjaenCyR62M75Ti644FiCNMVf9SAga
CoWMUHcxmABbBgEyPCXV8KTuiutLzvdTudAWFFrahoeCWhX8APaG
CoV9uR4xdjpU4SZQtmjNSHSSmUyzfScB2ryzhPs2Evk7Whj4T2sL
CoVaR4PYBonSmDfPFsTFbKxeMyjQYQRuDze4e219axAcQ6MuWi1a
CoVZ13mLx6v7GHWWaLFfunpN7ZkTs6VgMTETW12SLQXS22nXCkLg
CoWRH3RBpgmbyHJp9tWx91n7Wj3cjaZtNo2uM5LFxSnLXn2Rqjuz
CoW94aMJMFecpEj5mzaa1rxJAMjYWkrPRJpLQ2p5dDujbKBNr3NS
CoVAbzGJbAqqUkinrTgEot7hDXqHDzmCfkBwwYpXB6PRkv9UXWUu
CoVCyMYyEag7jmwsT9Yahk7e6oouNEiSthaLzWDRLn4M1Z3kLSsW
CoUnrAeDdR7MTSLdGXukVVtEb8kDFDsvxuPd6mrvAAgMCDwBLmVs
CoWNrurrmgzZ4FP2bNPSUhKUFmR7Z2z3yhyvmZfJJD5iWuqd9kX2
CoWFhjT5X6YQYPKGpemHyH64NGxirxbHkSjDxHNd9y5M2QTVtPwK
CoUgrtk2TgHLjszre71A5GN7WsDhqjSKyAtPjjCvSTev17y6PKTm
CoWTYYotCVgXdAvqkidK2AidBuASshkKVW2XH8mhK6w9MnZE5xMe
CoVNiG7avEnd4KcNYsiXVYzHcjjsGTPW2BxWKWioJNsFacDdqedP
CoWTkQUwnoGiv4ngjqNUGUe5KFxvAQPKQmbfyoLq2GZyFJ3hU4RX
CoWAyEmFW7Bo3U5eEa81gNFzmHamjrTTPG5Z7GJS5GnuZuq1Z4qf
CoViL4gqGLmyfjywma8ERJRAJ8eo1pvAjkupBG6cZdPp6fGWNP7P
CoW8px2JtJGeh1bp8miBsWJD6jfTmVQ2SU7SvVv945DzuRdtkCmW
CoVCkBNrt7gshqmhbbyCPfKhGPgQkxF1ejNeq5mih2rJ8q9Y78Si
CoWDAKhoSzFmp5sq9wM9AyFHZn3MXgXpbmoUXZuXR9xSczStnGwT
CoV8rLjrvvqTEfHg63R77ViJBifWUyyKzApYMswE23Gj2LY5Haag
CoUgezMUsHMbCcXsdFn1fvKRaDTSDeKg9LHiV38Wm5iUFjpDD5Rb
CoVe11jJ75BLYMtambLUwqY5fwYcC8e2UWnyYgDAjpAtrukS5dT1
CoVrVU1UKShp1BJETgU2aaBspzHH8ERB8aq1gpMytnQqLwUnet3n
CoUpjnM5zTWoVAHV7pLaoipx2LdVxr5maEJa6wEiK8SYMpzH1Bse
CoV7HeBHjiZneFicUZk71wLWpD699gtHLr4sHtc2LZL5ZYELPy1W
CoVR6vAD8dvCcyF96961HfFaFJD5HAFPAkcsoVNxDaK3q4xSwVk4
CoVyDguVF2kyf7meeBxKtfuioXhzdXtD359HY2s4nMGfFQBZeBRq
CoV6Auj7NzYru6Zj8HTqM6aonAiSiy9DHAmgyShGCjC63ujQQAHX
CoVMjcqfiBqrwtrii5wLsYhDj8MRDR8GMX4n6xnqACvjsL1G72Z4
CoV4d7nAfWd55HXGzTfEgqxNeXZxiwT1Jd7gxkEXQGMGG9k7x5UF
CoWYSaBQo72aY3zBN6rzVpsZUEoh19jdHAaDeJBDB1ke2LFC47h4
CoVGEJ3mio3SBid211udBEPgX37VKDFLxWoacdEC1qAAiSLoZePS
CoVS4sGvSm6LzvCCi8EUYY2D37h7bT6ce1byYTBAMf7KW6ZiS2Pa
CoV8hvtrhLfS5Ef8ep3irmBZm84jb6WFpcZzsGPFKFtvjrKwpCA8
CoW5QWaaLF6Kwh78bm8fUYLYakdUomtaKUFb5LoGK4AbuVna9jJg
CoVZU81Ky5WzMgrGbGjik1WkxXJpzdsZm3WRV1qkDPxWKkixv2TF
CoVr1tXyNWiaA2yzGxANzaaCm9zooZsPzYavVYdLeCKyuDkNz7ZW
CoVajcUu2iPfNdPsecFqjucnXpkC21D2toBReTuFqpFYh3HUgGzt
CoV2TgTovJBjNJ4YRtNvYtq3Bk3GMWmeHWZQmT4V6PDJbavBW94i
CoVN5FBxP6W2usXhUiT5UZPR9G61VSYfQo9JB5iWpRzn1v8aQa9Y
CoWJ19tNKcSpa3k8GE2wegons9QgZR7HAacXJmQQN9AZv1BauF4K
CoVPTccoT488UEYHxSd1DUML5r6yNvY4MKmaVpvrpSt3pDtHvN5w
CoVtbu4Wce3DeQgLUgxzVhkze9iTsHnuUiVxZvpQVWWXtk6aUUBk
CoVb5HdKYEt8te2kuSNTjVXbLbLqaeSnNhqtm81XfJMWAswbvsi5
CoVwNni9MuiBFR4ryQ2ak5TkW55sZh5hKKRjv7jrXgA4Tt1nT2Zn
CoWVGzhPn23UJWHmAK3dRCN3YUQauShG41McrbNCSd4JQZ1EfdB8
CoWAcGXjF3oSKjBbbxaeifuSKBRSLFMLnFVVzQXgPTdkPHRAk28A
CoV2bJcREU1qpPu74ZLAZyWZWgXtBSMvDEBkjKCfWtKTMryJhKfu
CoUmh5Y4qYYcdJG5eSFmVv6JZL6X6r3kEbh9zy8LUziKLof1cDFb
CoVhxrZVXL425kNrdqJtWtyiZxSqshDQsuJ6E8yRvYEPdBcyxUT1
CoWQVHzkSG6tu1N3Skd3aDmQZJLFzo8kfw4nTCMHkz8zTjuJLAer
CoWZcPyfDM7mPKeVQkFZ23RYH6JtehGeWAdbNiu4T7HYU3uchbPd
CoVeJHHkwPRBeEoz1hikSQC8SQyik8TfUu5zhf2M5Jhv95PpF2J5
CoVGeHp1y46abVtLqmkxXridt6q894g1hKG6km9uwbLMSYqqABpW
CoVHsRATqsqRtYj63hjWug77hV9vhiu8TzLs5WcXzuXJ4PmMfGF1
CoV1JzSLk18T2GGEmrgd4bMi12XdvDeKt4XLiMQKT8K4tSGhcXNR
CoWBwvi21Tkj73j1PC4uFfxHfCUcgG8MTN5RFgyW8z2Luk7SE4EU
CoWZmvfyi662jwHGeQk8wRsq3i4hwjJ2w9cja9RMxRK2q8pe41mH
CoWGQX1EtTsSwHuLsxQ7zjCprwsDbSXdqAmcxxEQobSvpqLHqdDn
CoVubsqiFkLLZZuYDvUpdfuh2FWozGNeBNdqoPDCU6KR63pXEWJC
CoWTZBUMvXwHf2HguC5JJu4iaEYbW9gdEuZ7sddQ8S4X8c8gscQj
CoWRjxfwA3Mj4s4NyL4RvQ8Desbyd15Ej2GymMsAizoLX1RcSWYh
CoVQny3qzSaHmEHy7Fj1s7ZzBkgifce11biwZz6epNdFKKXDqxDa
CoViYtGLFEpiFqUbCHA8fPBLXeKQwMckoZWqJ2sQD3c2pNqVAF8A
CoWLH6fVjN3Y61UrEHEi5yhBF8zanaVffWAVEPTJgGiZux9sgNWs
CoUiwUBLFJoaArtaNrUcsBMbQNYzEETMq845VvW2VCENdJSqiyXk
CoV6qaTjTt2ndz8hxAKGUuC15g6mDkpTJa4GHSNNWy2Kq33KZEeE
CoWTvasSyUmBDKhNJWc4EbW1BWd7z4cSxAomnLZ8yzQLueUxgZ5Z
CoV2J5QWWo13WhdmTgeVrvizmAGq8FAyMpx2JyLTw5nycqMJrncb
CoVTnLqud9474B4xVsbuKZmyiEECsscUxti3wnYg2hrNtBi2EYaz
CoWTygvG9qpJn3t51amk2vNhgZkDtK4x89jYMPTqeUqtH4p6frjr
CoVHDxCLBz2LnUdZpLS9KtrBL4B7TUqsW2YSWxQesdvT9gqrnSLX
