5000, 1176
5001, 2336
5002, 2388
5003, 2367
5004, 1965
5005, 2484
5006, 2536
5007, 2554
5008, 2559
5009, 2581
5010, 2614
5011, 2174
5012, 2167
5013, 2010
5014, 2529
5015, 2581
5016, 2129
5017, 2125
5018, 2010
5019, 2435
5020, 2414
5021, 2014
5022, 2046
5023, 2573
5024, 2615
5025, 2616
5026, 2617
5027, 2618
5028, 2619
5029, 2620
5030, 2621
5031, 2622
5032, 2623
5033, 2624
5034, 2625
5035, 2626
5036, 2627
5037, 2628
5038, 2629
5039, 2630
5040, 2631
5041, 2147
5042, 2108
5043, 2610
5044, 2652
5045, 2653
5046, 2654
5047, 2655
5048, 2656
5049, 2657
5050, 2658
5051, 2659
5052, 2660
5053, 2661
5054, 2662
5055, 2663
5056, 2179
5057, 2625
5058, 2126
5059, 2059
5060, 2478
5061, 2457
5062, 2540
5063, 2100
5064, 2524
5065, 2503
5066, 2102
5067, 2525
5068, 2504
5069, 2590
5070, 2150
5071, 2570
5072, 2549
5073, 2149
5074, 2570
5075, 2549
5076, 2149
5077, 2181
5078, 2689
5079, 2731
5080, 2732
5081, 2733
5082, 2249
5083, 2695
5084, 2206
5085, 2194
5086, 2226
5087, 2734
5088, 2776
5089, 2777
5090, 2778
5091, 2779
5092, 2780
5093, 2781
5094, 2782
5095, 2783
5096, 2784
5097, 2785
5098, 2301
5099, 2747
5100, 2261
5101, 2194
5102, 2614
5103, 2593
5104, 2613
5105, 2592
5106, 2198
5107, 2618
5108, 2597
5109, 2613
5110, 2592
5111, 2189
5112, 2702
5113, 2355
5114, 2424
5115, 2336
5116, 2956
5117, 2906
5118, 2421
5119, 2821
5120, 2273
5121, 2234
5122, 2173
5123, 2152
5124, 2243
5125, 2139
5126, 2492
5127, 2588
5128, 2596
5129, 2535
5130, 2438
5131, 2249
5132, 2805
5133, 2034
5134, 2026
5135, 2060
5136, 3073
5137, 2700
5138, 3006
5139, 2874
5140, 3151
5141, 2783
5142, 3495
5143, 2959
5144, 2770
5145, 3165
5146, 2978
5147, 3311
5148, 2682
5149, 2681
5150, 2681
5151, 2680
5152, 2681
5153, 2776
5154, 2812
5155, 2772
5156, 2738
5157, 3268
5158, 2805
5159, 3003
5160, 2768
5161, 2754
5162, 2736
5163, 2755
5164, 2718
5165, 2791
5166, 2754
5167, 2794
5168, 2849
5169, 2809
5170, 2697
5171, 2358
5172, 2556
5173, 2449
5174, 2246
5175, 2116
5176, 2821
5177, 1605
5178, 2216
5179, 2177
5180, 2220
5181, 2221
5182, 2195
5183, 2338
5184, 2138
5185, 1677
5186, 2621
5187, 1937
5188, 1677
5189, 2032
5190, 1937
5191, 1677
5192, 2629
5193, 1892
5194, 1632
5195, 1842
5196, 1723
5197, 1713
5198, 1904
5199, 1560
5200, 1758
5201, 1651
5202, 1448
5203, 1382
5204, 1175
5205, 1175
5206, 1175
5207, 1175
5208, 1175
5209, 1175
5210, 1175
5211, 1175
5212, 1175
5213, 1175
5214, 1175
5215, 1175
5216, 1175
5217, 1175
5218, 1175
5219, 1175
5220, 1175
5221, 1175
5222, 1175
5223, 1175
5224, 1175
5225, 1175
5226, 1175
5227, 1175
5228, 1175
5229, 1175
5230, 1175
5231, 1175
5232, 1175
5233, 1175
5234, 1175
5235, 1175
5236, 1175
5237, 1175
5238, 1175
5239, 1175
5240, 1175
5241, 1175
5242, 1175
5243, 1175
5244, 1175
5245, 1175
5246, 1175
5247, 1175
5248, 1175
5249, 1175
5250, 1175
5251, 1175
5252, 1175
5253, 1175
5254, 1175
5255, 1175
5256, 1175
5257, 1175
5258, 1175
5259, 1175
5260, 1175
5261, 1175
5262, 1175
5263, 1175
5264, 1175
5265, 1175
5266, 1175
5267, 1175
5268, 1175
5269, 1175
5270, 1175
5271, 1175
5272, 1175
5273, 1175
5274, 1175
5275, 1175
5276, 1175
5277, 1175
5278, 1175
5279, 1175
5280, 1175
5281, 1175
5282, 1175
5283, 1175
5284, 1175
5285, 1175
5286, 1175
5287, 1175
5288, 1175
5289, 1175
5290, 1175
5291, 1175
5292, 1175
5293, 1175
5294, 1175
5295, 1175
5296, 1175
5297, 1175
5298, 1175
5299, 1175
5300, 1175
5301, 1175
5302, 1175
5303, 1175
5304, 1175
5305, 1175
5306, 1175
5307, 1175
5308, 1175
5309, 1175
5310, 1175
5311, 1175
5312, 1175
5313, 1175
5314, 1175
5315, 1175
5316, 1175
5317, 1175
5318, 1175
5319, 1175
5320, 1175
5321, 1175
5322, 1175
5323, 1175
5324, 1175
5325, 1175
5326, 1175
5327, 1175
5328, 1175
5329, 1175
5330, 1175
5331, 1175
5332, 1175
5333, 1175
5334, 1175
5335, 1175
5336, 1175
5337, 1175
5338, 1175
5339, 1175
5340, 1175
5341, 1175
5342, 1175
5343, 1175
5344, 1175
5345, 1175
5346, 1175
5347, 1175
5348, 1175
5349, 1175
5350, 1175
5351, 1175
5352, 1175
5353, 1175
5354, 1175
5355, 1175
5356, 1175
5357, 1175
5358, 1175
5359, 1175
5360, 1175
5361, 1175
5362, 1175
5363, 1175
5364, 1175
5365, 1175
5366, 1175
5367, 1175
5368, 1175
5369, 1175
5370, 1175
5371, 1175
5372, 1175
5373, 1175
5374, 1175
5375, 1175
5376, 1175
5377, 1175
5378, 1175
5379, 1175
5380, 1175
5381, 1175
5382, 1175
5383, 1175
5384, 1175
5385, 1175
5386, 1175
5387, 1175
5388, 1175
5389, 1175
5390, 1175
5391, 1175
5392, 1175
5393, 1175
5394, 1175
5395, 1175
5396, 1175
5397, 1175
5398, 1175
5399, 1175
5400, 1175
5401, 1175
5402, 1175
5403, 1175
5404, 1175
5405, 1175
5406, 1175
5407, 1175
5408, 1175
5409, 1175
5410, 1175
5411, 1175
5412, 1175
5413, 1175
5414, 1175
5415, 1175
5416, 1175
5417, 1175
5418, 1175
5419, 1175
5420, 1175
5421, 1175
5422, 1175
5423, 1175
5424, 1175
5425, 1175
5426, 1175
5427, 1175
5428, 1175
5429, 1175
5430, 1175
5431, 1175
5432, 1175
5433, 1175
5434, 1175
5435, 1175
5436, 1175
5437, 1175
5438, 1175
5439, 1175
5440, 1175
5441, 1175
5442, 1175
5443, 1175
5444, 1175
5445, 1175
5446, 1175
5447, 1175
5448, 1175
5449, 1175
5450, 1175
5451, 1175
5452, 1175
5453, 1175
5454, 1175
5455, 1175
5456, 1175
5457, 1175
5458, 1175
5459, 1175
5460, 1175
5461, 1175
5462, 1175
5463, 1175
5464, 1175
5465, 1175
5466, 1175
5467, 1175
5468, 1175
5469, 1175
5470, 1175
5471, 1175
5472, 1175
5473, 1175
5474, 1175
5475, 1175
5476, 1175
5477, 1175
5478, 1175
5479, 1175
5480, 1175
5481, 1175
5482, 1175
5483, 1175
5484, 1175
5485, 1175
5486, 1175
5487, 1175
5488, 1175
5489, 1175
5490, 1175
5491, 1175
5492, 1175
5493, 1175
5494, 1175
5495, 1175
5496, 1175
5497, 1175
5498, 1175
5499, 1175
5500, 1175
5501, 1175
5502, 1175
5503, 1175
5504, 1175
5505, 1175
5506, 1175
5507, 1175
5508, 1175
5509, 1175
5510, 1175
5511, 1175
5512, 1175
5513, 1175
5514, 1175
5515, 1175
5516, 1175
5517, 1175
5518, 1175
5519, 1175
5520, 1175
5521, 1175
5522, 1175
5523, 1175
5524, 1175
5525, 1175
5526, 1175
5527, 1175
5528, 1175
5529, 1175
5530, 1175
5531, 1175
5532, 1175
5533, 1175
5534, 1175
5535, 1175
5536, 1175
5537, 1175
5538, 1175
5539, 1175
5540, 1175
5541, 1175
5542, 1175
5543, 1175
5544, 1175
5545, 1175
5546, 1175
5547, 1175
5548, 1175
5549, 1175
5550, 1175
5551, 1175
5552, 1175
5553, 1175
5554, 1175
5555, 1175
5556, 1175
5557, 1175
5558, 1175
5559, 1175
5560, 1175
5561, 1175
5562, 1175
5563, 1175
5564, 1175
5565, 1175
5566, 1175
5567, 1175
5568, 1175
5569, 1175
5570, 1175
5571, 1175
5572, 1175
5573, 1175
5574, 1175
5575, 1175
5576, 1175
5577, 1175
5578, 1175
5579, 1175
5580, 1175
5581, 1175
5582, 1175
5583, 1175
5584, 1175
5585, 1175
5586, 1175
5587, 1175
5588, 1175
5589, 1175
5590, 1175
5591, 1175
5592, 1175
5593, 1175
5594, 1175
5595, 1175
5596, 1175
5597, 1175
5598, 1175
5599, 1175
5600, 1175
5601, 1175
5602, 1175
5603, 1175
5604, 1175
5605, 1175
5606, 1175
5607, 1175
5608, 1175
5609, 1175
5610, 1175
5611, 1175
5612, 1175
5613, 1175
5614, 1175
5615, 1175
5616, 1175
5617, 1175
5618, 1175
5619, 1175
5620, 1175
5621, 1175
5622, 1175
5623, 1175
5624, 1175
5625, 1175
5626, 1175
5627, 1175
5628, 1175
5629, 1175
5630, 1175
5631, 1175
5632, 1175
5633, 1175
5634, 1175
5635, 1175
5636, 1175
5637, 1175
5638, 1175
5639, 1175
5640, 1175
5641, 1175
5642, 1175
5643, 1175
5644, 1175
5645, 1175
5646, 1175
5647, 1175
5648, 1175
5649, 1175
5650, 1175
5651, 1175
5652, 1175
5653, 1175
5654, 1175
5655, 1175
5656, 1175
5657, 1175
5658, 1175
5659, 1175
5660, 1175
5661, 1175
5662, 1175
5663, 1175
5664, 1175
5665, 1175
5666, 1175
5667, 1175
5668, 1175
5669, 1175
5670, 1175
5671, 1175
5672, 1175
5673, 1175
5674, 1175
5675, 1175
5676, 1175
5677, 1175
5678, 1175
5679, 1175
5680, 1175
5681, 1175
5682, 1175
5683, 1175
5684, 1175
5685, 1175
5686, 1175
5687, 1175
5688, 1175
5689, 1175
5690, 1175
5691, 1175
5692, 1175
5693, 1175
5694, 1175
5695, 1175
5696, 1175
5697, 1175
5698, 1175
5699, 1175
5700, 1175
5701, 1175
5702, 1175
5703, 1175
5704, 1175
5705, 1175
5706, 1175
5707, 1175
5708, 1175
5709, 1175
5710, 1175
5711, 1175
5712, 1175
5713, 1175
5714, 1175
5715, 1175
5716, 1175
5717, 1175
5718, 1175
5719, 1175
5720, 1175
5721, 1175
5722, 1175
5723, 1175
5724, 1175
5725, 1175
5726, 1175
5727, 1175
5728, 1175
5729, 1175
5730, 1175
5731, 1175
5732, 1175
5733, 1175
5734, 1175
5735, 1175
5736, 1175
5737, 1175
5738, 1175
5739, 1175
5740, 1175
5741, 1175
5742, 1175
5743, 1175
5744, 1175
5745, 1175
5746, 1175
5747, 1175
5748, 1175
5749, 1175
5750, 1175
5751, 1175
5752, 1175
5753, 1175
5754, 1175
5755, 1175
5756, 1175
5757, 1175
5758, 1175
5759, 1175
5760, 1175
5761, 1175
5762, 1175
5763, 1175
5764, 1175
5765, 1175
5766, 1175
5767, 1175
5768, 1175
5769, 1175
5770, 1175
5771, 1175
5772, 1175
5773, 1175
5774, 1175
5775, 1175
5776, 1175
5777, 1175
5778, 1175
5779, 1175
5780, 1175
5781, 1175
5782, 1175
5783, 1175
5784, 1175
5785, 1175
5786, 1175
5787, 1175
5788, 1175
5789, 1175
5790, 1175
5791, 1175
5792, 1175
5793, 1175
5794, 1175
5795, 1175
5796, 1175
5797, 1175
5798, 1175
5799, 1175
5800, 1175
5801, 1175
5802, 1175
5803, 1175
5804, 1175
5805, 1175
5806, 1175
5807, 1175
5808, 1175
5809, 1175
5810, 1175
5811, 1175
5812, 1175
5813, 1175
5814, 1175
5815, 1175
5816, 1175
5817, 1175
5818, 1175
5819, 1175
5820, 1175
5821, 1175
5822, 1175
5823, 1175
5824, 1175
5825, 1175
5826, 1175
5827, 1175
5828, 1175
5829, 1175
5830, 1175
5831, 1175
5832, 1175
5833, 1175
5834, 1175
5835, 1175
5836, 1175
5837, 1175
5838, 1175
5839, 1175
5840, 1175
5841, 1175
5842, 1175
5843, 1175
5844, 1175
5845, 1175
5846, 1175
5847, 1175
5848, 1175
5849, 1175
5850, 1175
5851, 1175
5852, 1175
5853, 1175
5854, 1175
5855, 1175
5856, 1175
5857, 1175
5858, 1175
5859, 1175
5860, 1175
5861, 1175
5862, 1175
5863, 1175
5864, 1175
5865, 1175
5866, 1175
5867, 1175
5868, 1175
5869, 1175
5870, 1175
5871, 1175
5872, 1175
5873, 1175
5874, 1175
5875, 1175
5876, 1175
5877, 1175
5878, 1175
5879, 1175
5880, 1175
5881, 1175
5882, 1175
5883, 1175
5884, 1175
5885, 1175
5886, 1175
5887, 1175
5888, 1175
5889, 1175
5890, 1175
5891, 1175
5892, 1175
5893, 1175
5894, 1175
5895, 1175
5896, 1175
5897, 1175
5898, 1175
5899, 1175
5900, 1175
5901, 1175
5902, 1175
5903, 1175
5904, 1175
5905, 1175
5906, 1175
5907, 1175
5908, 1175
5909, 1175
5910, 1175
5911, 1175
5912, 1175
5913, 1175
5914, 1175
5915, 1175
5916, 1175
5917, 1175
5918, 1175
5919, 1175
5920, 1175
5921, 1175
5922, 1175
5923, 1175
5924, 1175
5925, 1175
5926, 1175
5927, 1175
5928, 1175
5929, 1175
5930, 1175
5931, 1175
5932, 1175
5933, 1175
5934, 1175
5935, 1175
5936, 1175
5937, 1175
5938, 1175
5939, 1175
5940, 1175
5941, 1175
5942, 1175
5943, 1175
5944, 1175
5945, 1175
5946, 1175
5947, 1175
5948, 1175
5949, 1175
5950, 1175
5951, 1175
5952, 1175
5953, 1175
5954, 1175
5955, 1175
5956, 1175
5957, 1175
5958, 1175
5959, 1175
5960, 1175
5961, 1175
5962, 1175
5963, 1175
5964, 1175
5965, 1175
5966, 1175
5967, 1175
5968, 1175
5969, 1175
5970, 1175
5971, 1175
5972, 1175
5973, 1175
5974, 1175
5975, 1175
5976, 1175
5977, 1175
5978, 1175
5979, 1175
5980, 1175
5981, 1175
5982, 1175
5983, 1175
5984, 1175
5985, 1175
5986, 1175
5987, 1175
5988, 1175
5989, 1175
5990, 1175
5991, 1175
5992, 1175
5993, 1175
5994, 1175
5995, 1175
5996, 1175
5997, 1175
5998, 1175
5999, 1175
6000, 1175
6001, 1175
6002, 1175
6003, 1175
6004, 1175
6005, 1175
6006, 1175
6007, 1175
6008, 1175
6009, 1175
6010, 1175
6011, 1175
6012, 1175
6013, 1175
6014, 1175
6015, 1175
6016, 1175
6017, 1175
6018, 1175
6019, 1175
6020, 1175
6021, 1175
6022, 1175
6023, 1175
6024, 1175
6025, 1175
6026, 1175
6027, 1175
6028, 1175
6029, 1175
6030, 1175
6031, 1175
6032, 1175
6033, 1175
6034, 1175
6035, 1175
6036, 1175
6037, 1175
6038, 1175
6039, 1175
6040, 1175
6041, 1175
6042, 1175
6043, 1175
6044, 1175
6045, 1175
6046, 1175
6047, 1175
6048, 1175
6049, 1175
6050, 1175
6051, 1175
6052, 1175
6053, 1175
6054, 1175
6055, 1175
6056, 1175
6057, 1175
6058, 1175
6059, 1175
6060, 1175
6061, 1175
6062, 1175
6063, 1175
6064, 1175
6065, 1175
6066, 1175
6067, 1175
6068, 1175
6069, 1175
6070, 1175
6071, 1175
6072, 1175
6073, 1175
6074, 1175
6075, 1175
6076, 1175
6077, 1175
6078, 1175
6079, 1175
6080, 1175
6081, 1175
6082, 1175
6083, 1175
6084, 1175
6085, 1175
6086, 1175
6087, 1175
6088, 1175
6089, 1175
6090, 1175
6091, 1175
6092, 1175
6093, 1175
6094, 1175
6095, 1175
6096, 1175
6097, 1175
6098, 1175
6099, 1175
6100, 1175
6101, 1175
6102, 1175
6103, 1175
6104, 1175
6105, 1175
6106, 1175
6107, 1175
6108, 1175
6109, 1175
6110, 1175
6111, 1175
6112, 1175
6113, 1175
6114, 1175
6115, 1175
6116, 1175
6117, 1175
6118, 1175
6119, 1175
6120, 1175
6121, 1175
6122, 1175
6123, 1175
6124, 1175
6125, 1175
6126, 1175
6127, 1175
6128, 1175
6129, 1175
6130, 1175
6131, 1175
6132, 1175
6133, 1175
6134, 1175
6135, 1175
6136, 1175
6137, 1175
6138, 1175
6139, 1175
6140, 1175
6141, 1175
6142, 1175
6143, 1175
6144, 1175
6145, 1175
6146, 1175
6147, 1175
6148, 1175
6149, 1175
6150, 1175
6151, 1175
6152, 1175
6153, 1175
6154, 1175
6155, 1175
6156, 1175
6157, 1175
6158, 1175
6159, 1175
6160, 1175
6161, 1175
6162, 1175
6163, 1175
6164, 1175
6165, 1175
6166, 1175
6167, 1175
6168, 1175
6169, 1175
6170, 1175
6171, 1175
6172, 1175
6173, 1175
6174, 1175
6175, 1175
6176, 1175
6177, 1175
6178, 1175
6179, 1175
6180, 1175
6181, 1175
6182, 1175
6183, 1175
6184, 1175
6185, 1175
6186, 1175
6187, 1175
6188, 1175
6189, 1175
6190, 1175
6191, 1175
6192, 1175
6193, 1175
6194, 1175
6195, 1175
6196, 1175
6197, 1175
6198, 1175
6199, 1175
6200, 1175
6201, 1175
6202, 1175
6203, 1175
6204, 1175
6205, 1175
6206, 1175
6207, 1175
6208, 1175
6209, 1175
6210, 1175
6211, 1175
6212, 1175
6213, 1175
6214, 1175
6215, 1175
6216, 1175
6217, 1175
6218, 1175
6219, 1175
6220, 1175
6221, 1175
6222, 1175
6223, 1175
6224, 1175
6225, 1175
6226, 1175
6227, 1175
6228, 1175
6229, 1175
6230, 1175
6231, 1175
6232, 1175
6233, 1175
6234, 1175
6235, 1175
6236, 1175
6237, 1175
6238, 1175
6239, 1175
6240, 1175
6241, 1175
6242, 1175
6243, 1175
6244, 1175
6245, 1175
6246, 1175
6247, 1175
6248, 1175
6249, 1175
6250, 1175
6251, 1175
6252, 1175
6253, 1175
6254, 1175
6255, 1175
6256, 1175
6257, 1175
6258, 1175
6259, 1175
6260, 1175
6261, 1175
6262, 1175
6263, 1175
6264, 1175
6265, 1175
6266, 1175
6267, 1175
6268, 1175
6269, 1175
6270, 1175
6271, 1175
6272, 1175
6273, 1175
6274, 1175
6275, 1175
6276, 1175
6277, 1175
6278, 1175
6279, 1175
6280, 1175
6281, 1175
6282, 1175
6283, 1175
6284, 1175
6285, 1175
6286, 1175
6287, 1175
6288, 1175
6289, 1175
6290, 1175
6291, 1175
6292, 1175
6293, 1175
6294, 1175
6295, 1175
6296, 1175
6297, 1175
6298, 1175
6299, 1175
6300, 1175
6301, 1175
6302, 1175
6303, 1175
6304, 1175
6305, 1175
6306, 1175
6307, 1175
6308, 1175
6309, 1175
6310, 1175
6311, 1175
6312, 1175
6313, 1175
6314, 1175
6315, 1175
6316, 1175
6317, 1175
6318, 1175
6319, 1175
6320, 1175
6321, 1175
6322, 1175
6323, 1175
6324, 1175
6325, 1175
6326, 1175
6327, 1175
6328, 1175
6329, 1175
6330, 1175
6331, 1175
6332, 1175
6333, 1175
6334, 1175
6335, 1175
6336, 1175
6337, 1175
6338, 1175
6339, 1175
6340, 1175
6341, 1175
6342, 1175
6343, 1175
6344, 1175
6345, 1175
6346, 1175
6347, 1175
6348, 1175
6349, 1175
6350, 1175
6351, 1175
6352, 1175
6353, 1175
6354, 1175
6355, 1175
6356, 1175
6357, 1175
6358, 1175
6359, 1175
6360, 1175
6361, 1175
6362, 1175
6363, 1175
6364, 1175
6365, 1175
6366, 1175
6367, 1175
6368, 1175
6369, 1175
6370, 1175
6371, 1175
6372, 1175
6373, 1175
6374, 1175
6375, 1175
6376, 1175
6377, 1175
6378, 1175
6379, 1175
6380, 1175
6381, 1175
6382, 1175
6383, 1175
6384, 1175
6385, 1175
6386, 1175
6387, 1175
6388, 1175
6389, 1175
6390, 1175
6391, 1175
6392, 1175
6393, 1175
6394, 1175
6395, 1175
6396, 1175
6397, 1175
6398, 1175
6399, 1175
6400, 1175
6401, 1175
6402, 1175
6403, 1175
6404, 1175
6405, 1175
6406, 1175
6407, 1175
6408, 1175
6409, 1175
6410, 1175
6411, 1175
6412, 1175
6413, 1175
6414, 1175
6415, 1175
6416, 1175
6417, 1175
6418, 1175
6419, 1175
6420, 1175
6421, 1175
6422, 1175
6423, 1175
6424, 1175
6425, 1175
6426, 1175
6427, 1175
6428, 1175
6429, 1175
6430, 1175
6431, 1175
6432, 1175
6433, 1175
6434, 1175
6435, 1175
6436, 1175
6437, 1175
6438, 1175
6439, 1175
6440, 1175
6441, 1175
6442, 1175
6443, 1175
6444, 1175
6445, 1175
6446, 1175
6447, 1175
6448, 1175
6449, 1175
6450, 1175
6451, 1175
6452, 1175
6453, 1175
6454, 1175
6455, 1175
6456, 1175
6457, 1175
6458, 1175
6459, 1175
6460, 1175
6461, 1175
6462, 1175
6463, 1175
6464, 1175
6465, 1175
6466, 1175
6467, 1175
6468, 1175
6469, 1175
6470, 1175
6471, 1175
6472, 1175
6473, 1175
6474, 1175
6475, 1175
6476, 1175
6477, 1175
6478, 1175
6479, 1175
6480, 1175
6481, 1175
6482, 1175
6483, 1175
6484, 1175
6485, 1175
6486, 1175
6487, 1175
6488, 1175
6489, 1175
6490, 1175
6491, 1175
6492, 1175
6493, 1175
6494, 1175
6495, 1175
6496, 1175
6497, 1175
6498, 1175
6499, 1175
6500, 1175
6501, 1175
6502, 1175
6503, 1175
6504, 1175
6505, 1175
6506, 1175
6507, 1175
6508, 1175
6509, 1175
6510, 1175
6511, 1175
6512, 1175
6513, 1175
6514, 1175
6515, 1175
6516, 1175
6517, 1175
6518, 1175
6519, 1175
6520, 1175
6521, 1175
6522, 1175
6523, 1175
6524, 1175
6525, 1175
6526, 1175
6527, 1175
6528, 1175
6529, 1175
6530, 1175
6531, 1175
6532, 1175
6533, 1175
6534, 1175
6535, 1175
6536, 1175
6537, 1175
6538, 1175
6539, 1175
6540, 1175
6541, 1175
6542, 1175
6543, 1175
6544, 1175
6545, 1175
6546, 1175
6547, 1175
6548, 1175
6549, 1175
6550, 1175
6551, 1175
6552, 1175
6553, 1175
6554, 1175
6555, 1175
6556, 1175
6557, 1175
6558, 1175
6559, 1175
6560, 1175
6561, 1175
6562, 1175
6563, 1175
6564, 1175
6565, 1175
6566, 1175
6567, 1175
6568, 1175
6569, 1175
6570, 1175
6571, 1175
6572, 1175
6573, 1175
6574, 1175
6575, 1175
6576, 1175
6577, 1175
6578, 1175
6579, 1175
6580, 1175
6581, 1175
6582, 1175
6583, 1175
6584, 1175
6585, 1175
6586, 1175
6587, 1175
6588, 1175
6589, 1175
6590, 1175
6591, 1175
6592, 1175
6593, 1175
6594, 1175
6595, 1175
6596, 1175
6597, 1175
6598, 1175
6599, 1175
6600, 1175
6601, 1175
6602, 1175
6603, 1175
6604, 1175
6605, 1175
6606, 1175
6607, 1175
6608, 1175
6609, 1175
6610, 1175
6611, 1175
6612, 1175
6613, 1175
6614, 1175
6615, 1175
6616, 1175
6617, 1175
6618, 1175
6619, 1175
6620, 1175
6621, 1175
6622, 1175
6623, 1175
6624, 1175
6625, 1175
6626, 1175
6627, 1175
6628, 1175
6629, 1175
6630, 1175
6631, 1175
6632, 1175
6633, 1175
6634, 1175
6635, 1175
6636, 1175
6637, 1175
6638, 1175
6639, 1175
6640, 1175
6641, 1175
6642, 1175
6643, 1175
6644, 1175
6645, 1175
6646, 1175
6647, 1175
6648, 1175
6649, 1175
6650, 1175
6651, 1175
6652, 1175
6653, 1175
6654, 1175
6655, 1175
6656, 1175
6657, 1175
6658, 1175
6659, 1175
6660, 1175
6661, 1175
6662, 1175
6663, 1175
6664, 1175
6665, 1175
6666, 1175
6667, 1175
6668, 1175
6669, 1175
6670, 1175
6671, 1175
6672, 1175
6673, 1175
6674, 1175
6675, 1175
6676, 1175
6677, 1175
6678, 1175
6679, 1175
6680, 1175
6681, 1175
6682, 1175
6683, 1175
6684, 1175
6685, 1175
6686, 1175
6687, 1175
6688, 1175
6689, 1175
6690, 1175
6691, 1175
6692, 1175
6693, 1175
6694, 1175
6695, 1175
6696, 1175
6697, 1175
6698, 1175
6699, 1175
6700, 1175
6701, 1175
6702, 1175
6703, 1175
6704, 1175
6705, 1175
6706, 1175
6707, 1175
6708, 1175
6709, 1175
6710, 1175
6711, 1175
6712, 1175
6713, 1175
6714, 1175
6715, 1175
6716, 1175
6717, 1175
6718, 1175
6719, 1175
6720, 1175
6721, 1175
6722, 1175
6723, 1175
6724, 1175
6725, 1175
6726, 1175
6727, 1175
6728, 1175
6729, 1175
6730, 1175
6731, 1175
6732, 1175
6733, 1175
6734, 1175
6735, 1175
6736, 1175
6737, 1175
6738, 1175
6739, 1175
6740, 1175
6741, 1175
6742, 1175
6743, 1175
6744, 1175
6745, 1175
6746, 1175
6747, 1175
6748, 1175
6749, 1175
6750, 1175
6751, 1175
6752, 1175
6753, 1175
6754, 1175
6755, 1175
6756, 1175
6757, 1175
6758, 1175
6759, 1175
6760, 1175
6761, 1175
6762, 1175
6763, 1175
6764, 1175
6765, 1175
6766, 1175
6767, 1175
6768, 1175
6769, 1175
6770, 1175
6771, 1175
6772, 1175
6773, 1175
6774, 1175
6775, 1175
6776, 1175
6777, 1175
6778, 1175
6779, 1175
6780, 1175
6781, 1175
6782, 1175
6783, 1175
6784, 1175
6785, 1175
6786, 1175
6787, 1175
6788, 1175
6789, 1175
6790, 1175
6791, 1175
6792, 1175
6793, 1175
6794, 1175
6795, 1175
6796, 1175
6797, 1175
6798, 1175
6799, 1175
6800, 1175
6801, 1175
6802, 1175
6803, 1175
6804, 1175
6805, 1175
6806, 1175
6807, 1175
6808, 1175
6809, 1175
6810, 1175
6811, 1175
6812, 1175
6813, 1175
6814, 1175
6815, 1175
6816, 1175
6817, 1175
6818, 1175
6819, 1175
6820, 1175
6821, 1175
6822, 1175
6823, 1175
6824, 1175
6825, 1175
6826, 1175
6827, 1175
6828, 1175
6829, 1175
6830, 1175
6831, 1175
6832, 1175
6833, 1175
6834, 1175
6835, 1175
6836, 1175
6837, 1175
6838, 1175
6839, 1175
6840, 1175
6841, 1175
6842, 1175
6843, 1175
6844, 1175
6845, 1175
6846, 1175
6847, 1175
6848, 1175
6849, 1175
6850, 1175
6851, 1175
6852, 1175
6853, 1175
6854, 1175
6855, 1175
6856, 1175
6857, 1175
6858, 1175
6859, 1175
6860, 1175
6861, 1175
6862, 1175
6863, 1175
6864, 1175
6865, 1175
6866, 1175
6867, 1175
6868, 1175
6869, 1175
6870, 1175
6871, 1175
6872, 1175
6873, 1175
6874, 1175
6875, 1175
6876, 1175
6877, 1175
6878, 1175
6879, 1175
6880, 1175
6881, 1175
6882, 1175
6883, 1175
6884, 1175
6885, 1175
6886, 1175
6887, 1175
6888, 1175
6889, 1175
6890, 1175
6891, 1175
6892, 1175
6893, 1175
6894, 1175
6895, 1175
6896, 1175
6897, 1175
6898, 1175
6899, 1175
6900, 1175
6901, 1175
6902, 1175
6903, 1175
6904, 1175
6905, 1175
6906, 1175
6907, 1175
6908, 1175
6909, 1175
6910, 1175
6911, 1175
6912, 1175
6913, 1175
6914, 1175
6915, 1175
6916, 1175
6917, 1175
6918, 1175
6919, 1175
6920, 1175
6921, 1175
6922, 1175
6923, 1175
6924, 1175
6925, 1175
6926, 1175
6927, 1175
6928, 1175
6929, 1175
6930, 1175
6931, 1175
6932, 1175
6933, 1175
6934, 1175
6935, 1175
6936, 1175
6937, 1175
6938, 1175
6939, 1175
6940, 1175
6941, 1175
6942, 1175
6943, 1175
6944, 1175
6945, 1175
6946, 1175
6947, 1175
6948, 1175
6949, 1175
6950, 1175
6951, 1175
6952, 1175
6953, 1175
6954, 1175
6955, 1175
6956, 1175
6957, 1175
6958, 1175
6959, 1175
6960, 1175
6961, 1175
6962, 1175
6963, 1175
6964, 1175
6965, 1175
6966, 1175
6967, 1175
6968, 1175
6969, 1175
6970, 1175
6971, 1175
6972, 1175
6973, 1175
6974, 1175
6975, 1175
6976, 1175
6977, 1175
6978, 1175
6979, 1175
6980, 1175
6981, 1175
6982, 1175
6983, 1175
6984, 1175
6985, 1175
6986, 1175
6987, 1175
6988, 1175
6989, 1175
6990, 1175
6991, 1175
6992, 1175
6993, 1175
6994, 1175
6995, 1175
6996, 1175
6997, 1175
6998, 1175
6999, 1175
7000, 1175
7001, 1175
7002, 1175
7003, 1175
7004, 1175
7005, 1175
7006, 1175
7007, 1175
7008, 1175
7009, 1175
7010, 1175
7011, 1175
7012, 1175
7013, 1175
7014, 1175
7015, 1175
7016, 1175
7017, 1175
7018, 1175
7019, 1175
7020, 1175
7021, 1175
7022, 1175
7023, 1175
7024, 1175
7025, 1175
7026, 1175
7027, 1175
7028, 1175
7029, 1175
7030, 1175
7031, 1175
7032, 1175
7033, 1175
7034, 1175
7035, 1175
7036, 1175
7037, 1175
7038, 1175
7039, 1175
7040, 1175
7041, 1175
7042, 1175
7043, 1175
7044, 1175
7045, 1175
7046, 1175
7047, 1175
7048, 1175
7049, 1175
7050, 1175
7051, 1175
7052, 1175
7053, 1175
7054, 1175
7055, 1175
7056, 1175
7057, 1175
7058, 1175
7059, 1175
7060, 1175
7061, 1175
7062, 1175
7063, 1175
7064, 1175
7065, 1175
7066, 1175
7067, 1175
7068, 1175
7069, 1175
7070, 1175
7071, 1175
7072, 1175
7073, 1175
7074, 1175
7075, 1175
7076, 1175
7077, 1175
7078, 1175
7079, 1175
7080, 1175
7081, 1175
7082, 1175
7083, 1175
7084, 1175
7085, 1175
7086, 1175
7087, 1175
7088, 1175
7089, 1175
7090, 1175
7091, 1175
7092, 1175
7093, 1175
7094, 1175
7095, 1175
7096, 1175
7097, 1175
7098, 1175
7099, 1175
7100, 1175
7101, 1175
7102, 1175
7103, 1175
7104, 1175
7105, 1175
7106, 1175
7107, 1175
7108, 1175
7109, 1175
7110, 1175
7111, 1175
7112, 1175
7113, 1175
7114, 1175
7115, 1175
7116, 1175
7117, 1175
7118, 1175
7119, 1175
7120, 1175
7121, 1175
7122, 1175
7123, 1175
7124, 1175
7125, 1175
7126, 1175
7127, 1175
7128, 1175
7129, 1175
7130, 1175
7131, 1175
7132, 1175
7133, 1175
7134, 1175
7135, 1175
7136, 1175
7137, 1175
7138, 1175
7139, 1175
7140, 1175
7141, 1175
7142, 1175
7143, 1175
7144, 1175
7145, 1175
7146, 1175
7147, 1175
7148, 1175
7149, 1175
7150, 1175
7151, 1175
7152, 1175
7153, 1175
7154, 1175
7155, 1175
7156, 1175
7157, 1175
7158, 1175
7159, 1175
7160, 1175
7161, 1175
7162, 1175
7163, 1175
7164, 1175
7165, 1175
7166, 1175
7167, 1175
7168, 1175
7169, 1175
7170, 1175
7171, 1175
7172, 1175
7173, 1175
7174, 1175
7175, 1175
7176, 1175
7177, 1175
7178, 1175
7179, 1175
7180, 1175
7181, 1175
7182, 1175
7183, 1175
7184, 1175
7185, 1175
7186, 1175
7187, 1175
7188, 1175
7189, 1175
7190, 1175
7191, 1175
7192, 1175
7193, 1175
7194, 1175
7195, 1175
7196, 1175
7197, 1175
7198, 1175
7199, 1175
7200, 1175
7201, 1175
7202, 1175
7203, 1175
7204, 1175
7205, 1175
7206, 1175
7207, 1175
7208, 1175
7209, 1175
7210, 1175
7211, 1175
7212, 1175
7213, 1175
7214, 1175
7215, 1175
7216, 1175
7217, 1175
7218, 1175
7219, 1175
7220, 1175
7221, 1175
7222, 1175
7223, 1175
7224, 1175
7225, 1175
7226, 1175
7227, 1175
7228, 1175
7229, 1175
7230, 1175
7231, 1175
7232, 1175
7233, 1175
7234, 1175
7235, 1175
7236, 1175
7237, 1175
7238, 1175
7239, 1175
7240, 1175
7241, 1175
7242, 1175
7243, 1175
7244, 1175
7245, 1175
7246, 1175
7247, 1175
7248, 1175
7249, 1175
7250, 1175
7251, 1175
7252, 1175
7253, 1175
7254, 1175
7255, 1175
7256, 1175
7257, 1175
7258, 1175
7259, 1175
7260, 1175
7261, 1175
7262, 1175
7263, 1175
7264, 1175
7265, 1175
7266, 1175
7267, 1175
7268, 1175
7269, 1175
7270, 1175
7271, 1175
7272, 1175
7273, 1175
7274, 1175
7275, 1175
7276, 1175
7277, 1175
7278, 1175
7279, 1175
7280, 1175
7281, 1175
7282, 1175
7283, 1175
7284, 1175
7285, 1175
7286, 1175
7287, 1175
7288, 1175
7289, 1175
7290, 1175
7291, 1175
7292, 1175
7293, 1175
7294, 1175
7295, 1175
7296, 1175
7297, 1175
7298, 1175
7299, 1175
7300, 1175
7301, 1175
7302, 1175
7303, 1175
7304, 1175
7305, 1175
7306, 1175
7307, 1175
7308, 1175
7309, 1175
7310, 1175
7311, 1175
7312, 1175
7313, 1175
7314, 1175
7315, 1175
7316, 1175
7317, 1175
7318, 1175
7319, 1175
7320, 1175
7321, 1175
7322, 1175
7323, 1175
7324, 1175
7325, 1175
7326, 1175
7327, 1175
7328, 1175
7329, 1175
7330, 1175
7331, 1175
7332, 1175
7333, 1175
7334, 1175
7335, 1175
7336, 1175
7337, 1175
7338, 1175
7339, 1175
7340, 1175
7341, 1175
7342, 1175
7343, 1175
7344, 1175
7345, 1175
7346, 1175
7347, 1175
7348, 1175
7349, 1175
7350, 1175
7351, 1175
7352, 1175
7353, 1175
7354, 1175
7355, 1175
7356, 1175
7357, 1175
7358, 1175
7359, 1175
7360, 1175
7361, 1175
7362, 1175
7363, 1175
7364, 1175
7365, 1175
7366, 1175
7367, 1175
7368, 1175
7369, 1175
7370, 1175
7371, 1175
7372, 1175
7373, 1175
7374, 1175
7375, 1175
7376, 1175
7377, 1175
7378, 1175
7379, 1175
7380, 1175
7381, 1175
7382, 1175
7383, 1175
7384, 1175
7385, 1175
7386, 1175
7387, 1175
7388, 1175
7389, 1175
7390, 1175
7391, 1175
7392, 1175
7393, 1175
7394, 1175
7395, 1175
7396, 1175
7397, 1175
7398, 1175
7399, 1175
7400, 1175
7401, 1175
7402, 1175
7403, 1175
7404, 1175
7405, 1175
7406, 1175
7407, 1175
7408, 1175
7409, 1175
7410, 1175
7411, 1175
7412, 1175
7413, 1175
7414, 1175
7415, 1175
7416, 1175
7417, 1175
7418, 1175
7419, 1175
7420, 1175
7421, 1175
7422, 1175
7423, 1175
7424, 1175
7425, 1175
7426, 1175
7427, 1175
7428, 1175
7429, 1175
7430, 1175
7431, 1175
7432, 1175
7433, 1175
7434, 1175
7435, 1175
7436, 1175
7437, 1175
7438, 1175
7439, 1175
7440, 1175
7441, 1175
7442, 1175
7443, 1175
7444, 1175
7445, 1175
7446, 1175
7447, 1175
7448, 1175
7449, 1175
7450, 1175
7451, 1175
7452, 1175
7453, 1175
7454, 1175
7455, 1175
7456, 1175
7457, 1175
7458, 1175
7459, 1175
7460, 1175
7461, 1175
7462, 1175
7463, 1175
7464, 1175
7465, 1175
7466, 1175
7467, 1175
7468, 1175
7469, 1175
7470, 1175
7471, 1175
7472, 1175
7473, 1175
7474, 1175
7475, 1175
7476, 1175
7477, 1175
7478, 1175
7479, 1175
7480, 1175
7481, 1175
7482, 1175
7483, 1175
7484, 1175
7485, 1175
7486, 1175
7487, 1175
7488, 1175
7489, 1175
7490, 1175
7491, 1175
7492, 1175
7493, 1175
7494, 1175
7495, 1175
7496, 1175
7497, 1175
7498, 1175
7499, 1175
7500, 1175
7501, 1175
7502, 1175
7503, 1175
7504, 1175
7505, 1175
7506, 1175
7507, 1175
7508, 1175
7509, 1175
7510, 1175
7511, 1175
7512, 1175
7513, 1175
7514, 1175
7515, 1175
7516, 1175
7517, 1175
7518, 1175
7519, 1175
7520, 1175
7521, 1175
7522, 1175
7523, 1175
7524, 1175
7525, 1175
7526, 1175
7527, 1175
7528, 1175
7529, 1175
7530, 1175
7531, 1175
7532, 1175
7533, 1175
7534, 1175
7535, 1175
7536, 1175
7537, 1175
7538, 1175
7539, 1175
7540, 1175
7541, 1175
7542, 1175
7543, 1175
7544, 1175
7545, 1175
7546, 1175
7547, 1175
7548, 1175
7549, 1175
7550, 1175
7551, 1175
7552, 1175
7553, 1175
7554, 1175
7555, 1175
7556, 1175
7557, 1175
7558, 1175
7559, 1175
7560, 1175
7561, 1175
7562, 1175
7563, 1175
7564, 1175
7565, 1175
7566, 1175
7567, 1175
7568, 1175
7569, 1175
7570, 1175
7571, 1175
7572, 1175
7573, 1175
7574, 1175
7575, 1175
7576, 1175
7577, 1175
7578, 1175
7579, 1175
7580, 1175
7581, 1175
7582, 1175
7583, 1175
7584, 1175
7585, 1175
7586, 1175
7587, 1175
7588, 1175
7589, 1175
7590, 1175
7591, 1175
7592, 1175
7593, 1175
7594, 1175
7595, 1175
7596, 1175
7597, 1175
7598, 1175
7599, 1175
7600, 1175
7601, 1175
7602, 1175
7603, 1175
7604, 1175
7605, 1175
7606, 1175
7607, 1175
7608, 1175
7609, 1175
7610, 1175
7611, 1175
7612, 1175
7613, 1175
7614, 1175
7615, 1175
7616, 1175
7617, 1175
7618, 1175
7619, 1175
7620, 1175
7621, 1175
7622, 1175
7623, 1175
7624, 1175
7625, 1175
7626, 1175
7627, 1175
7628, 1175
7629, 1175
7630, 1175
7631, 1175
7632, 1175
7633, 1175
7634, 1175
7635, 1175
7636, 1175
7637, 1175
7638, 1175
7639, 1175
7640, 1175
7641, 1175
7642, 1175
7643, 1175
7644, 1175
7645, 1175
7646, 1175
7647, 1175
7648, 1175
7649, 1175
7650, 1175
7651, 1175
7652, 1175
7653, 1175
7654, 1175
7655, 1175
7656, 1175
7657, 1175
7658, 1175
7659, 1175
7660, 1175
7661, 1175
7662, 1175
7663, 1175
7664, 1175
7665, 1175
7666, 1175
7667, 1175
7668, 1175
7669, 1175
7670, 1175
7671, 1175
7672, 1175
7673, 1175
7674, 1175
7675, 1175
7676, 1175
7677, 1175
7678, 1175
7679, 1175
7680, 1175
7681, 1175
7682, 1175
7683, 1175
7684, 1175
7685, 1175
7686, 1175
7687, 1175
7688, 1175
7689, 1175
7690, 1175
7691, 1175
7692, 1175
7693, 1175
7694, 1175
7695, 1175
7696, 1175
7697, 1175
7698, 1175
7699, 1175
7700, 1175
7701, 1175
7702, 1175
7703, 1175
7704, 1175
7705, 1175
7706, 1175
7707, 1175
7708, 1175
7709, 1175
7710, 1175
7711, 1175
7712, 1175
7713, 1175
7714, 1175
7715, 1175
7716, 1175
7717, 1175
7718, 1175
7719, 1175
7720, 1175
7721, 1175
7722, 1175
7723, 1175
7724, 1175
7725, 1175
7726, 1175
7727, 1175
7728, 1175
7729, 1175
7730, 1175
7731, 1175
7732, 1175
7733, 1175
7734, 1175
7735, 1175
7736, 1175
7737, 1175
7738, 1175
7739, 1175
7740, 1175
7741, 1175
7742, 1175
7743, 1175
7744, 1175
7745, 1175
7746, 1175
7747, 1175
7748, 1175
7749, 1175
7750, 1175
7751, 1175
7752, 1175
7753, 1175
7754, 1175
7755, 1175
7756, 1175
7757, 1175
7758, 1175
7759, 1175
7760, 1175
7761, 1175
7762, 1175
7763, 1175
7764, 1175
7765, 1175
7766, 1175
7767, 1175
7768, 1175
7769, 1175
7770, 1175
7771, 1175
7772, 1175
7773, 1175
7774, 1175
7775, 1175
7776, 1175
7777, 1175
7778, 1175
7779, 1175
7780, 1175
7781, 1175
7782, 1175
7783, 1175
7784, 1175
7785, 1175
7786, 1175
7787, 1175
7788, 1175
7789, 1175
7790, 1175
7791, 1175
7792, 1175
7793, 1175
7794, 1175
7795, 1175
7796, 1175
7797, 1175
7798, 1175
7799, 1175
7800, 1175
7801, 1175
7802, 1175
7803, 1175
7804, 1175
7805, 1175
7806, 1175
7807, 1175
7808, 1175
7809, 1175
7810, 1175
7811, 1175
7812, 1175
7813, 1175
7814, 1175
7815, 1175
7816, 1175
7817, 1175
7818, 1175
7819, 1175
7820, 1175
7821, 1175
7822, 1175
7823, 1175
7824, 1175
7825, 1175
7826, 1175
7827, 1175
7828, 1175
7829, 1175
7830, 1175
7831, 1175
7832, 1175
7833, 1175
7834, 1175
7835, 1175
7836, 1175
7837, 1175
7838, 1175
7839, 1175
7840, 1175
7841, 1175
7842, 1175
7843, 1175
7844, 1175
7845, 1175
7846, 1175
7847, 1175
7848, 1175
7849, 1175
7850, 1175
7851, 1175
7852, 1175
7853, 1175
7854, 1175
7855, 1175
7856, 1175
7857, 1175
7858, 1175
7859, 1175
7860, 1175
7861, 1175
7862, 1175
7863, 1175
7864, 1175
7865, 1175
7866, 1175
7867, 1175
7868, 1175
7869, 1175
7870, 1175
7871, 1175
7872, 1175
7873, 1175
7874, 1175
7875, 1175
7876, 1175
7877, 1175
7878, 1175
7879, 1175
7880, 1175
7881, 1175
7882, 1175
7883, 1175
7884, 1175
7885, 1175
7886, 1175
7887, 1175
7888, 1175
7889, 1175
7890, 1175
7891, 1175
7892, 1175
7893, 1175
7894, 1175
7895, 1175
7896, 1175
7897, 1175
7898, 1175
7899, 1175
7900, 1175
7901, 1175
7902, 1175
7903, 1175
7904, 1175
7905, 1175
7906, 1175
7907, 1175
7908, 1175
7909, 1175
7910, 1175
7911, 1175
7912, 1175
7913, 1175
7914, 1175
7915, 1175
7916, 1175
7917, 1175
7918, 1175
7919, 1175
7920, 1175
7921, 1175
7922, 1175
7923, 1175
7924, 1175
7925, 1175
7926, 1175
7927, 1175
7928, 1175
7929, 1175
7930, 1175
7931, 1175
7932, 1175
7933, 1175
7934, 1175
7935, 1175
7936, 1175
7937, 1175
7938, 1175
7939, 1175
7940, 1175
7941, 1175
7942, 1175
7943, 1175
7944, 1175
7945, 1175
7946, 1175
7947, 1175
7948, 1175
7949, 1175
7950, 1175
7951, 1175
7952, 1175
7953, 1175
7954, 1175
7955, 1175
7956, 1175
7957, 1175
7958, 1175
7959, 1175
7960, 1175
7961, 1175
7962, 1175
7963, 1175
7964, 1175
7965, 1175
7966, 1175
7967, 1175
7968, 1175
7969, 1175
7970, 1175
7971, 1175
7972, 1175
7973, 1175
7974, 1175
7975, 1175
7976, 1175
7977, 1175
7978, 1175
7979, 1175
7980, 1175
7981, 1175
7982, 1175
7983, 1175
7984, 1175
7985, 1175
7986, 1175
7987, 1175
7988, 1175
7989, 1175
7990, 1175
7991, 1175
7992, 1175
7993, 1175
7994, 1175
7995, 1175
7996, 1175
7997, 1175
7998, 1175
7999, 1175
8000, 1175
8001, 1175
8002, 1175
8003, 1175
8004, 1175
8005, 1175
8006, 1175
8007, 1175
8008, 1175
8009, 1175
8010, 1175
8011, 1175
8012, 1175
8013, 1175
8014, 1175
8015, 1175
8016, 1175
8017, 1175
8018, 1175
8019, 1175
8020, 1175
8021, 1175
8022, 1175
8023, 1175
8024, 1175
8025, 1175
8026, 1175
8027, 1175
8028, 1175
8029, 1175
8030, 1175
8031, 1175
8032, 1175
8033, 1175
8034, 1175
8035, 1175
8036, 1175
8037, 1175
8038, 1175
8039, 1175
8040, 1175
8041, 1175
8042, 1175
8043, 1175
8044, 1175
8045, 1175
8046, 1175
8047, 1175
8048, 1175
8049, 1175
8050, 1175
8051, 1175
8052, 1175
8053, 1175
8054, 1175
8055, 1175
8056, 1175
8057, 1175
8058, 1175
8059, 1175
8060, 1175
8061, 1175
8062, 1175
8063, 1175
8064, 1175
8065, 1175
8066, 1175
8067, 1175
8068, 1175
8069, 1175
8070, 1175
8071, 1175
8072, 1175
8073, 1175
8074, 1175
8075, 1175
8076, 1175
8077, 1175
8078, 1175
8079, 1175
8080, 1175
8081, 1175
8082, 1175
8083, 1175
8084, 1175
8085, 1175
8086, 1175
8087, 1175
8088, 1175
8089, 1175
8090, 1175
8091, 1175
8092, 1175
8093, 1175
8094, 1175
8095, 1175
8096, 1175
8097, 1175
8098, 1175
8099, 1175
8100, 1175
8101, 1175
8102, 1175
8103, 1175
8104, 1175
8105, 1175
8106, 1175
8107, 1175
8108, 1175
8109, 1175
8110, 1175
8111, 1175
8112, 1175
8113, 1175
8114, 1175
8115, 1175
8116, 1175
8117, 1175
8118, 1175
8119, 1175
8120, 1175
8121, 1175
8122, 1175
8123, 1175
8124, 1175
8125, 1175
8126, 1175
8127, 1175
8128, 1175
8129, 1175
8130, 1175
8131, 1175
8132, 1175
8133, 1175
8134, 1175
8135, 1175
8136, 1175
8137, 1175
8138, 1175
8139, 1175
8140, 1175
8141, 1175
8142, 1175
8143, 1175
8144, 1175
8145, 1175
8146, 1175
8147, 1175
8148, 1175
8149, 1175
8150, 1175
8151, 1175
8152, 1175
8153, 1175
8154, 1175
8155, 1175
8156, 1175
8157, 1175
8158, 1175
8159, 1175
8160, 1175
8161, 1175
8162, 1175
8163, 1175
8164, 1175
8165, 1175
8166, 1175
8167, 1175
8168, 1175
8169, 1175
8170, 1175
8171, 1175
8172, 1175
8173, 1175
8174, 1175
8175, 1175
8176, 1175
8177, 1175
8178, 1175
8179, 1175
8180, 1175
8181, 1175
8182, 1175
8183, 1175
8184, 1175
8185, 1175
8186, 1175
8187, 1175
8188, 1175
8189, 1175
8190, 1175
8191, 1175
8192, 1175
8193, 1175
8194, 1175
8195, 1175
8196, 1175
8197, 1175
8198, 1175
8199, 1175
8200, 1175
8201, 1175
8202, 1175
8203, 1175
8204, 1175
8205, 1175
8206, 1175
8207, 1175
8208, 1175
8209, 1175
8210, 1175
8211, 1175
8212, 1175
8213, 1175
8214, 1175
8215, 1175
8216, 1175
8217, 1175
8218, 1175
8219, 1175
8220, 1175
8221, 1175
8222, 1175
8223, 1175
8224, 1175
8225, 1175
8226, 1175
8227, 1175
8228, 1175
8229, 1175
8230, 1175
8231, 1175
8232, 1175
8233, 1175
8234, 1175
8235, 1175
8236, 1175
8237, 1175
8238, 1175
8239, 1175
8240, 1175
8241, 1175
8242, 1175
8243, 1175
8244, 1175
8245, 1175
8246, 1175
8247, 1175
8248, 1175
8249, 1175
8250, 1175
8251, 1175
8252, 1175
8253, 1175
8254, 1175
8255, 1175
8256, 1175
8257, 1175
8258, 1175
8259, 1175
8260, 1175
8261, 1175
8262, 1175
8263, 1175
8264, 1175
8265, 1175
8266, 1175
8267, 1175
8268, 1175
8269, 1175
8270, 1175
8271, 1175
8272, 1175
8273, 1175
8274, 1175
8275, 1175
8276, 1175
8277, 1175
8278, 1175
8279, 1175
8280, 1175
8281, 1175
8282, 1175
8283, 1175
8284, 1175
8285, 1175
8286, 1175
8287, 1175
8288, 1175
8289, 1175
8290, 1175
8291, 1175
8292, 1175
8293, 1175
8294, 1175
8295, 1175
8296, 1175
8297, 1175
8298, 1175
8299, 1175
8300, 1175
8301, 1175
8302, 1175
8303, 1175
8304, 1175
8305, 1175
8306, 1175
8307, 1175
8308, 1175
8309, 1175
8310, 1175
8311, 1175
8312, 1175
8313, 1175
8314, 1175
8315, 1175
8316, 1175
8317, 1175
8318, 1175
8319, 1175
8320, 1175
8321, 1175
8322, 1175
8323, 1175
8324, 1175
8325, 1175
8326, 1175
8327, 1175
8328, 1175
8329, 1175
8330, 1175
8331, 1175
8332, 1175
8333, 1175
8334, 1175
8335, 1175
8336, 1175
8337, 1175
8338, 1175
8339, 1175
8340, 1175
8341, 1175
8342, 1175
8343, 1175
8344, 1175
8345, 1175
8346, 1175
8347, 1175
8348, 1175
8349, 1175
8350, 1175
8351, 1175
8352, 1175
8353, 1175
8354, 1175
8355, 1175
8356, 1175
8357, 1175
8358, 1175
8359, 1175
8360, 1175
8361, 1175
8362, 1175
8363, 1175
8364, 1175
8365, 1175
8366, 1175
8367, 1175
8368, 1175
8369, 1175
8370, 1175
8371, 1175
8372, 1175
8373, 1175
8374, 1175
8375, 1175
8376, 1175
8377, 1175
8378, 1175
8379, 1175
8380, 1175
8381, 1175
8382, 1175
8383, 1175
8384, 1175
8385, 1175
8386, 1175
8387, 1175
8388, 1175
8389, 1175
8390, 1175
8391, 1175
8392, 1175
8393, 1175
8394, 1175
8395, 1175
8396, 1175
8397, 1175
8398, 1175
8399, 1175
8400, 1175
8401, 1175
8402, 1175
8403, 1175
8404, 1175
8405, 1175
8406, 1175
8407, 1175
8408, 1175
8409, 1175
8410, 1175
8411, 1175
8412, 1175
8413, 1175
8414, 1175
8415, 1175
8416, 1175
8417, 1175
8418, 1175
8419, 1175
8420, 1175
8421, 1175
8422, 1175
8423, 1175
8424, 1175
8425, 1175
8426, 1175
8427, 1175
8428, 1175
8429, 1175
8430, 1175
8431, 1175
8432, 1175
8433, 1175
8434, 1175
8435, 1175
8436, 1175
8437, 1175
8438, 1175
8439, 1175
8440, 1175
8441, 1175
8442, 1175
8443, 1175
8444, 1175
8445, 1175
8446, 1175
8447, 1175
8448, 1175
8449, 1175
8450, 1175
8451, 1175
8452, 1175
8453, 1175
8454, 1175
8455, 1175
8456, 1175
8457, 1175
8458, 1175
8459, 1175
8460, 1175
8461, 1175
8462, 1175
8463, 1175
8464, 1175
8465, 1175
8466, 1175
8467, 1175
8468, 1175
8469, 1175
8470, 1175
8471, 1175
8472, 1175
8473, 1175
8474, 1175
8475, 1175
8476, 1175
8477, 1175
8478, 1175
8479, 1175
8480, 1175
8481, 1175
8482, 1175
8483, 1175
8484, 1175
8485, 1175
8486, 1175
8487, 1175
8488, 1175
8489, 1175
8490, 1175
8491, 1175
8492, 1175
8493, 1175
8494, 1175
8495, 1175
8496, 1175
8497, 1175
8498, 1175
8499, 1175
8500, 1175
8501, 1175
8502, 1175
8503, 1175
8504, 1175
8505, 1175
8506, 1175
8507, 1175
8508, 1175
8509, 1175
8510, 1175
8511, 1175
8512, 1175
8513, 1175
8514, 1175
8515, 1175
8516, 1175
8517, 1175
8518, 1175
8519, 1175
8520, 1175
8521, 1175
8522, 1175
8523, 1175
8524, 1175
8525, 1175
8526, 1175
8527, 1175
8528, 1175
8529, 1175
8530, 1175
8531, 1175
8532, 1175
8533, 1175
8534, 1175
8535, 1175
8536, 1175
8537, 1175
8538, 1175
8539, 1175
8540, 1175
8541, 1175
8542, 1175
8543, 1175
8544, 1175
8545, 1175
8546, 1175
8547, 1175
8548, 1175
8549, 1175
8550, 1175
8551, 1175
8552, 1175
8553, 1175
8554, 1175
8555, 1175
8556, 1175
8557, 1175
8558, 1175
8559, 1175
8560, 1175
8561, 1175
8562, 1175
8563, 1175
8564, 1175
8565, 1175
8566, 1175
8567, 1175
8568, 1175
8569, 1175
8570, 1175
8571, 1175
8572, 1175
8573, 1175
8574, 1175
8575, 1175
8576, 1175
8577, 1175
8578, 1175
8579, 1175
8580, 1175
8581, 1175
8582, 1175
8583, 1175
8584, 1175
8585, 1175
8586, 1175
8587, 1175
8588, 1175
8589, 1175
8590, 1175
8591, 1175
8592, 1175
8593, 1175
8594, 1175
8595, 1175
8596, 1175
8597, 1175
8598, 1175
8599, 1175
8600, 1175
8601, 1175
8602, 1175
8603, 1175
8604, 1175
8605, 1175
8606, 1175
8607, 1175
8608, 1175
8609, 1175
8610, 1175
8611, 1175
8612, 1175
8613, 1175
8614, 1175
8615, 1175
8616, 1175
8617, 1175
8618, 1175
8619, 1175
8620, 1175
8621, 1175
8622, 1175
8623, 1175
8624, 1175
8625, 1175
8626, 1175
8627, 1175
8628, 1175
8629, 1175
8630, 1175
8631, 1175
8632, 1175
8633, 1175
8634, 1175
8635, 1175
8636, 1175
8637, 1175
8638, 1175
8639, 1175
8640, 1175
8641, 1175
8642, 1175
8643, 1175
8644, 1175
8645, 1175
8646, 1175
8647, 1175
8648, 1175
8649, 1175
8650, 1175
8651, 1175
8652, 1175
8653, 1175
8654, 1175
8655, 1175
8656, 1175
8657, 1175
8658, 1175
8659, 1175
8660, 1175
8661, 1175
8662, 1175
8663, 1175
8664, 1175
8665, 1175
8666, 1175
8667, 1175
8668, 1175
8669, 1175
8670, 1175
8671, 1175
8672, 1175
8673, 1175
8674, 1175
8675, 1175
8676, 1175
8677, 1175
8678, 1175
8679, 1175
8680, 1175
8681, 1175
8682, 1175
8683, 1175
8684, 1175
8685, 1175
8686, 1175
8687, 1175
8688, 1175
8689, 1175
8690, 1175
8691, 1175
8692, 1175
8693, 1175
8694, 1175
8695, 1175
8696, 1175
8697, 1175
8698, 1175
8699, 1175
8700, 1175
8701, 1175
8702, 1175
8703, 1175
8704, 1175
8705, 1175
8706, 1175
8707, 1175
8708, 1175
8709, 1175
8710, 1175
8711, 1175
8712, 1175
8713, 1175
8714, 1175
8715, 1175
8716, 1175
8717, 1175
8718, 1175
8719, 1175
8720, 1175
8721, 1175
8722, 1175
8723, 1175
8724, 1175
8725, 1175
8726, 1175
8727, 1175
8728, 1175
8729, 1175
8730, 1175
8731, 1175
8732, 1175
8733, 1175
8734, 1175
8735, 1175
8736, 1175
8737, 1175
8738, 1175
8739, 1175
8740, 1175
8741, 1175
8742, 1175
8743, 1175
8744, 1175
8745, 1175
8746, 1175
8747, 1175
8748, 1175
8749, 1175
8750, 1175
8751, 1175
8752, 1175
8753, 1175
8754, 1175
8755, 1175
8756, 1175
8757, 1175
8758, 1175
8759, 1175
8760, 1175
8761, 1175
8762, 1175
8763, 1175
8764, 1175
8765, 1175
8766, 1175
8767, 1175
8768, 1175
8769, 1175
8770, 1175
8771, 1175
8772, 1175
8773, 1175
8774, 1175
8775, 1175
8776, 1175
8777, 1175
8778, 1175
8779, 1175
8780, 1175
8781, 1175
8782, 1175
8783, 1175
8784, 1175
8785, 1175
8786, 1175
8787, 1175
8788, 1175
8789, 1175
8790, 1175
8791, 1175
8792, 1175
8793, 1175
8794, 1175
8795, 1175
8796, 1175
8797, 1175
8798, 1175
8799, 1175
8800, 1175
8801, 1175
8802, 1175
8803, 1175
8804, 1175
8805, 1175
8806, 1175
8807, 1175
8808, 1175
8809, 1175
8810, 1175
8811, 1175
8812, 1175
8813, 1175
8814, 1175
8815, 1175
8816, 1175
8817, 1175
8818, 1175
8819, 1175
8820, 1175
8821, 1175
8822, 1175
8823, 1175
8824, 1175
8825, 1175
8826, 1175
8827, 1175
8828, 1175
8829, 1175
8830, 1175
8831, 1175
8832, 1175
8833, 1175
8834, 1175
8835, 1175
8836, 1175
8837, 1175
8838, 1175
8839, 1175
8840, 1175
8841, 1175
8842, 1175
8843, 1175
8844, 1175
8845, 1175
8846, 1175
8847, 1175
8848, 1175
8849, 1175
8850, 1175
8851, 1175
8852, 1175
8853, 1175
8854, 1175
8855, 1175
8856, 1175
8857, 1175
8858, 1175
8859, 1175
8860, 1175
8861, 1175
8862, 1175
8863, 1175
8864, 1175
8865, 1175
8866, 1175
8867, 1175
8868, 1175
8869, 1175
8870, 1175
8871, 1175
8872, 1175
8873, 1175
8874, 1175
8875, 1175
8876, 1175
8877, 1175
8878, 1175
8879, 1175
8880, 1175
8881, 1175
8882, 1175
8883, 1175
8884, 1175
8885, 1175
8886, 1175
8887, 1175
8888, 1175
8889, 1175
8890, 1175
8891, 1175
8892, 1175
8893, 1175
8894, 1175
8895, 1175
8896, 1175
8897, 1175
8898, 1175
8899, 1175
8900, 1175
8901, 1175
8902, 1175
8903, 1175
8904, 1175
8905, 1175
8906, 1175
8907, 1175
8908, 1175
8909, 1175
8910, 1175
8911, 1175
8912, 1175
8913, 1175
8914, 1175
8915, 1175
8916, 1175
8917, 1175
8918, 1175
8919, 1175
8920, 1175
8921, 1175
8922, 1175
8923, 1175
8924, 1175
8925, 1175
8926, 1175
8927, 1175
8928, 1175
8929, 1175
8930, 1175
8931, 1175
8932, 1175
8933, 1175
8934, 1175
8935, 1175
8936, 1175
8937, 1175
8938, 1175
8939, 1175
8940, 1175
8941, 1175
8942, 1175
8943, 1175
8944, 1175
8945, 1175
8946, 1175
8947, 1175
8948, 1175
8949, 1175
8950, 1175
8951, 1175
8952, 1175
8953, 1175
8954, 1175
8955, 1175
8956, 1175
8957, 1175
8958, 1175
8959, 1175
8960, 1175
8961, 1175
8962, 1175
8963, 1175
8964, 1175
8965, 1175
8966, 1175
8967, 1175
8968, 1175
8969, 1175
8970, 1175
8971, 1175
8972, 1175
8973, 1175
8974, 1175
8975, 1175
8976, 1175
8977, 1175
8978, 1175
8979, 1175
8980, 1175
8981, 1175
8982, 1175
8983, 1175
8984, 1175
8985, 1175
8986, 1175
8987, 1175
8988, 1175
8989, 1175
8990, 1175
8991, 1175
8992, 1175
8993, 1175
8994, 1175
8995, 1175
8996, 1175
8997, 1175
8998, 1175
8999, 1175
9000, 1175
9001, 1175
9002, 1175
9003, 1175
9004, 1175
9005, 1175
9006, 1175
9007, 1175
9008, 1175
9009, 1175
9010, 1175
9011, 1175
9012, 1175
9013, 1175
9014, 1175
9015, 1175
9016, 1175
9017, 1175
9018, 1175
9019, 1175
9020, 1175
9021, 1175
9022, 1175
9023, 1175
9024, 1175
9025, 1175
9026, 1175
9027, 1175
9028, 1175
9029, 1175
9030, 1175
9031, 1175
9032, 1175
9033, 1175
9034, 1175
9035, 1175
9036, 1175
9037, 1175
9038, 1175
9039, 1175
9040, 1175
9041, 1175
9042, 1175
9043, 1175
9044, 1175
9045, 1175
9046, 1175
9047, 1175
9048, 1175
9049, 1175
9050, 1175
9051, 1175
9052, 1175
9053, 1175
9054, 1175
9055, 1175
9056, 1175
9057, 1175
9058, 1175
9059, 1175
9060, 1175
9061, 1175
9062, 1175
9063, 1175
9064, 1175
9065, 1175
9066, 1175
9067, 1175
9068, 1175
9069, 1175
9070, 1175
9071, 1175
9072, 1175
9073, 1175
9074, 1175
9075, 1175
9076, 1175
9077, 1175
9078, 1175
9079, 1175
9080, 1175
9081, 1175
9082, 1175
9083, 1175
9084, 1175
9085, 1175
9086, 1175
9087, 1175
9088, 1175
9089, 1175
9090, 1175
9091, 1175
9092, 1175
9093, 1175
9094, 1175
9095, 1175
9096, 1175
9097, 1175
9098, 1175
9099, 1175
9100, 1175
9101, 1175
9102, 1175
9103, 1175
9104, 1175
9105, 1175
9106, 1175
9107, 1175
9108, 1175
9109, 1175
9110, 1175
9111, 1175
9112, 1175
9113, 1175
9114, 1175
9115, 1175
9116, 1175
9117, 1175
9118, 1175
9119, 1175
9120, 1175
9121, 1175
9122, 1175
9123, 1175
9124, 1175
9125, 1175
9126, 1175
9127, 1175
9128, 1175
9129, 1175
9130, 1175
9131, 1175
9132, 1175
9133, 1175
9134, 1175
9135, 1175
9136, 1175
9137, 1175
9138, 1175
9139, 1175
9140, 1175
9141, 1175
9142, 1175
9143, 1175
9144, 1175
9145, 1175
9146, 1175
9147, 1175
9148, 1175
9149, 1175
9150, 1175
9151, 1175
9152, 1175
9153, 1175
9154, 1175
9155, 1175
9156, 1175
9157, 1175
9158, 1175
9159, 1175
9160, 1175
9161, 1175
9162, 1175
9163, 1175
9164, 1175
9165, 1175
9166, 1175
9167, 1175
9168, 1175
9169, 1175
9170, 1175
9171, 1175
9172, 1175
9173, 1175
9174, 1175
9175, 1175
9176, 1175
9177, 1175
9178, 1175
9179, 1175
9180, 1175
9181, 1175
9182, 1175
9183, 1175
9184, 1175
9185, 1175
9186, 1175
9187, 1175
9188, 1175
9189, 1175
9190, 1175
9191, 1175
9192, 1175
9193, 1175
9194, 1175
9195, 1175
9196, 1175
9197, 1175
9198, 1175
9199, 1175
9200, 1175
9201, 1175
9202, 1175
9203, 1175
9204, 1175
9205, 1175
9206, 1175
9207, 1175
9208, 1175
9209, 1175
9210, 1175
9211, 1175
9212, 1175
9213, 1175
9214, 1175
9215, 1175
9216, 1175
9217, 1175
9218, 1175
9219, 1175
9220, 1175
9221, 1175
9222, 1175
9223, 1175
9224, 1175
9225, 1175
9226, 1175
9227, 1175
9228, 1175
9229, 1175
9230, 1175
9231, 1175
9232, 1175
9233, 1175
9234, 1175
9235, 1175
9236, 1175
9237, 1175
9238, 1175
9239, 1175
9240, 1175
9241, 1175
9242, 1175
9243, 1175
9244, 1175
9245, 1175
9246, 1175
9247, 1175
9248, 1175
9249, 1175
9250, 1175
9251, 1175
9252, 1175
9253, 1175
9254, 1175
9255, 1175
9256, 1175
9257, 1175
9258, 1175
9259, 1175
9260, 1175
9261, 1175
9262, 1175
9263, 1175
9264, 1175
9265, 1175
9266, 1175
9267, 1175
9268, 1175
9269, 1175
9270, 1175
9271, 1175
9272, 1175
9273, 1175
9274, 1175
9275, 1175
9276, 1175
9277, 1175
9278, 1175
9279, 1175
9280, 1175
9281, 1175
9282, 1175
9283, 1175
9284, 1175
9285, 1175
9286, 1175
9287, 1175
9288, 1175
9289, 1175
9290, 1175
9291, 1175
9292, 1175
9293, 1175
9294, 1175
9295, 1175
9296, 1175
9297, 1175
9298, 1175
9299, 1175
9300, 1175
9301, 1175
9302, 1175
9303, 1175
9304, 1175
9305, 1175
9306, 1175
9307, 1175
9308, 1175
9309, 1175
9310, 1175
9311, 1175
9312, 1175
9313, 1175
9314, 1175
9315, 1175
9316, 1175
9317, 1175
9318, 1175
9319, 1175
9320, 1175
9321, 1175
9322, 1175
9323, 1175
9324, 1175
9325, 1175
9326, 1175
9327, 1175
9328, 1175
9329, 1175
9330, 1175
9331, 1175
9332, 1175
9333, 1175
9334, 1175
9335, 1175
9336, 1175
9337, 1175
9338, 1175
9339, 1175
9340, 1175
9341, 1175
9342, 1175
9343, 1175
9344, 1175
9345, 1175
9346, 1175
9347, 1175
9348, 1175
9349, 1175
9350, 1175
9351, 1175
9352, 1175
9353, 1175
9354, 1175
9355, 1175
9356, 1175
9357, 1175
9358, 1175
9359, 1175
9360, 1175
9361, 1175
9362, 1175
9363, 1175
9364, 1175
9365, 1175
9366, 1175
9367, 1175
9368, 1175
9369, 1175
9370, 1175
9371, 1175
9372, 1175
9373, 1175
9374, 1175
9375, 1175
9376, 1175
9377, 1175
9378, 1175
9379, 1175
9380, 1175
9381, 1175
9382, 1175
9383, 1175
9384, 1175
9385, 1175
9386, 1175
9387, 1175
9388, 1175
9389, 1175
9390, 1175
9391, 1175
9392, 1175
9393, 1175
9394, 1175
9395, 1175
9396, 1175
9397, 1175
9398, 1175
9399, 1175
9400, 1175
9401, 1175
9402, 1175
9403, 1175
9404, 1175
9405, 1175
9406, 1175
9407, 1175
9408, 1175
9409, 1175
9410, 1175
9411, 1175
9412, 1175
9413, 1175
9414, 1175
9415, 1175
9416, 1175
9417, 1175
9418, 1175
9419, 1175
9420, 1175
9421, 1175
9422, 1175
9423, 1175
9424, 1175
9425, 1175
9426, 1175
9427, 1175
9428, 1175
9429, 1175
9430, 1175
9431, 1175
9432, 1175
9433, 1175
9434, 1175
9435, 1175
9436, 1175
9437, 1175
9438, 1175
9439, 1175
9440, 1175
9441, 1175
9442, 1175
9443, 1175
9444, 1175
9445, 1175
9446, 1175
9447, 1175
9448, 1175
9449, 1175
9450, 1175
9451, 1175
9452, 1175
9453, 1175
9454, 1175
9455, 1175
9456, 1175
9457, 1175
9458, 1175
9459, 1175
9460, 1175
9461, 1175
9462, 1175
9463, 1175
9464, 1175
9465, 1175
9466, 1175
9467, 1175
9468, 1175
9469, 1175
9470, 1175
9471, 1175
9472, 1175
9473, 1175
9474, 1175
9475, 1175
9476, 1175
9477, 1175
9478, 1175
9479, 1175
9480, 1175
9481, 1175
9482, 1175
9483, 1175
9484, 1175
9485, 1175
9486, 1175
9487, 1175
9488, 1175
9489, 1175
9490, 1175
9491, 1175
9492, 1175
9493, 1175
9494, 1175
9495, 1175
9496, 1175
9497, 1175
9498, 1175
9499, 1175
9500, 1175
9501, 1175
9502, 1175
9503, 1175
9504, 1175
9505, 1175
9506, 1175
9507, 1175
9508, 1175
9509, 1175
9510, 1175
9511, 1175
9512, 1175
9513, 1175
9514, 1175
9515, 1175
9516, 1175
9517, 1175
9518, 1175
9519, 1175
9520, 1175
9521, 1175
9522, 1175
9523, 1175
9524, 1175
9525, 1175
9526, 1175
9527, 1175
9528, 1175
9529, 1175
9530, 1175
9531, 1175
9532, 1175
9533, 1175
9534, 1175
9535, 1175
9536, 1175
9537, 1175
9538, 1175
9539, 1175
9540, 1175
9541, 1175
9542, 1175
9543, 1175
9544, 1175
9545, 1175
9546, 1175
9547, 1175
9548, 1175
9549, 1175
9550, 1175
9551, 1175
9552, 1175
9553, 1175
9554, 1175
9555, 1175
9556, 1175
9557, 1175
9558, 1175
9559, 1175
9560, 1175
9561, 1175
9562, 1175
9563, 1175
9564, 1175
9565, 1175
9566, 1175
9567, 1175
9568, 1175
9569, 1175
9570, 1175
9571, 1175
9572, 1175
9573, 1175
9574, 1175
9575, 1175
9576, 1175
9577, 1175
9578, 1175
9579, 1175
9580, 1175
9581, 1175
9582, 1175
9583, 1175
9584, 1175
9585, 1175
9586, 1175
9587, 1175
9588, 1175
9589, 1175
9590, 1175
9591, 1175
9592, 1175
9593, 1175
9594, 1175
9595, 1175
9596, 1175
9597, 1175
9598, 1175
9599, 1175
9600, 1175
9601, 1175
9602, 1175
9603, 1175
9604, 1175
9605, 1175
9606, 1175
9607, 1175
9608, 1175
9609, 1175
9610, 1175
9611, 1175
9612, 1175
9613, 1175
9614, 1175
9615, 1175
9616, 1175
9617, 1175
9618, 1175
9619, 1175
9620, 1175
9621, 1175
9622, 1175
9623, 1175
9624, 1175
9625, 1175
9626, 1175
9627, 1175
9628, 1175
9629, 1175
9630, 1175
9631, 1175
9632, 1175
9633, 1175
9634, 1175
9635, 1175
9636, 1175
9637, 1175
9638, 1175
9639, 1175
9640, 1175
9641, 1175
9642, 1175
9643, 1175
9644, 1175
9645, 1175
9646, 1175
9647, 1175
9648, 1175
9649, 1175
9650, 1175
9651, 1175
9652, 1175
9653, 1175
9654, 1175
9655, 1175
9656, 1175
9657, 1175
9658, 1175
9659, 1175
9660, 1175
9661, 1175
9662, 1175
9663, 1175
9664, 1175
9665, 1175
9666, 1175
9667, 1175
9668, 1175
9669, 1175
9670, 1175
9671, 1175
9672, 1175
9673, 1175
9674, 1175
9675, 1175
9676, 1175
9677, 1175
9678, 1175
9679, 1175
9680, 1175
9681, 1175
9682, 1175
9683, 1175
9684, 1175
9685, 1175
9686, 1175
9687, 1175
9688, 1175
9689, 1175
9690, 1175
9691, 1175
9692, 1175
9693, 1175
9694, 1175
9695, 1175
9696, 1175
9697, 1175
9698, 1175
9699, 1175
9700, 1175
9701, 1175
9702, 1175
9703, 1175
9704, 1175
9705, 1175
9706, 1175
9707, 1175
9708, 1175
9709, 1175
9710, 1175
9711, 1175
9712, 1175
9713, 1175
9714, 1175
9715, 1175
9716, 1175
9717, 1175
9718, 1175
9719, 1175
9720, 1175
9721, 1175
9722, 1175
9723, 1175
9724, 1175
9725, 1175
9726, 1175
9727, 1175
9728, 1175
9729, 1175
9730, 1175
9731, 1175
9732, 1175
9733, 1175
9734, 1175
9735, 1175
9736, 1175
9737, 1175
9738, 1175
9739, 1175
9740, 1175
9741, 1175
9742, 1175
9743, 1175
9744, 1175
9745, 1175
9746, 1175
9747, 1175
9748, 1175
9749, 1175
9750, 1175
9751, 1175
9752, 1175
9753, 1175
9754, 1175
9755, 1175
9756, 1175
9757, 1175
9758, 1175
9759, 1175
9760, 1175
9761, 1175
9762, 1175
9763, 1175
9764, 1175
9765, 1175
9766, 1175
9767, 1175
9768, 1175
9769, 1175
9770, 1175
9771, 1175
9772, 1175
9773, 1175
9774, 1175
9775, 1175
9776, 1175
9777, 1175
9778, 1175
9779, 1175
9780, 1175
9781, 1175
9782, 1175
9783, 1175
9784, 1175
9785, 1175
9786, 1175
9787, 1175
9788, 1175
9789, 1175
9790, 1175
9791, 1175
9792, 1175
9793, 1175
9794, 1175
9795, 1175
9796, 1175
9797, 1175
9798, 1175
9799, 1175
9800, 1175
9801, 1175
9802, 1175
9803, 1175
9804, 1175
9805, 1175
9806, 1175
9807, 1175
9808, 1175
9809, 1175
9810, 1175
9811, 1175
9812, 1175
9813, 1175
9814, 1175
9815, 1175
9816, 1175
9817, 1175
9818, 1175
9819, 1175
9820, 1175
9821, 1175
9822, 1175
9823, 1175
9824, 1175
9825, 1175
9826, 1175
9827, 1175
9828, 1175
9829, 1175
9830, 1175
9831, 1175
9832, 1175
9833, 1175
9834, 1175
9835, 1175
9836, 1175
9837, 1175
9838, 1175
9839, 1175
9840, 1175
9841, 1175
9842, 1175
9843, 1175
9844, 1175
9845, 1175
9846, 1175
9847, 1175
9848, 1175
9849, 1175
9850, 1175
9851, 1175
9852, 1175
9853, 1175
9854, 1175
9855, 1175
9856, 1175
9857, 1175
9858, 1175
9859, 1175
9860, 1175
9861, 1175
9862, 1175
9863, 1175
9864, 1175
9865, 1175
9866, 1175
9867, 1175
9868, 1175
9869, 1175
9870, 1175
9871, 1175
9872, 1175
9873, 1175
9874, 1175
9875, 1175
9876, 1175
9877, 1175
9878, 1175
9879, 1175
9880, 1175
9881, 1175
9882, 1175
9883, 1175
9884, 1175
9885, 1175
9886, 1175
9887, 1175
9888, 1175
9889, 1175
9890, 1175
9891, 1175
9892, 1175
9893, 1175
9894, 1175
9895, 1175
9896, 1175
9897, 1175
9898, 1175
9899, 1175
9900, 1175
9901, 1175
9902, 1175
9903, 1175
9904, 1175
9905, 1175
9906, 1175
9907, 1175
9908, 1175
9909, 1175
9910, 1175
9911, 1175
9912, 1175
9913, 1175
9914, 1175
9915, 1175
9916, 1175
9917, 1175
9918, 1175
9919, 1175
9920, 1175
9921, 1175
9922, 1175
9923, 1175
9924, 1175
9925, 1175
9926, 1175
9927, 1175
9928, 1175
9929, 1175
9930, 1175
9931, 1175
9932, 1175
9933, 1175
9934, 1175
9935, 1175
9936, 1175
9937, 1175
9938, 1175
9939, 1175
9940, 1175
9941, 1175
9942, 1175
9943, 1175
9944, 1175
9945, 1175
9946, 1175
9947, 1175
9948, 1175
9949, 1175
9950, 1175
9951, 1175
9952, 1175
9953, 1175
9954, 1175
9955, 1175
9956, 1175
9957, 1175
9958, 1175
9959, 1175
9960, 1175
9961, 1175
9962, 1175
9963, 1175
9964, 1175
9965, 1175
9966, 1175
9967, 1175
9968, 1175
9969, 1175
9970, 1175
9971, 1175
9972, 1175
9973, 1175
9974, 1175
9975, 1175
9976, 1175
9977, 1175
9978, 1175
9979, 1175
9980, 1175
9981, 1175
9982, 1175
9983, 1175
9984, 1175
9985, 1175
9986, 1175
9987, 1175
9988, 1175
9989, 1175
9990, 1175
9991, 1175
9992, 1175
9993, 1175
9994, 1175
9995, 1175
9996, 1175
9997, 1175
9998, 1175
9999, 1250
