CoUgwxy4VdQkfdATaMCCAZexJPcGMVpo8pemfgK67UVrnvptXj61
CoWKu1kzXx6ZmvdAca22dKbUbP9C9NjCWzNS61TPVhjSgsFXL9qT
CoW6UVYcXHkHx2QZaLQjV6jJoJyG5hv268anuvUxARx1z7JubFRR
CoVhmUjgVAair14PYJwckLQaBLufAQufwhiPfgXmLKPwcQTiQF2x
CoVRD1vHZLW6PaqheY8D5sJJ9h7tKmkETPhqin5W2zwuVtj2PuXq
CoVTe7rofKht7YNYY4vZQjQ63tn4htN71L4rwVPEo2Z1C45KAfmU
CoUhn7st5B4beLCGca9M37wKv3cxXaazWcadfiEPAAiWXq5u3dks
CoWXtSh8nP8FRYBpmNmRKhwbJ9A8MSXR967zmYt3tZxd9VSjCPqd
CoVXbeifxWwR4gVsHZ8B5hPGw2dM33zpAkqWmnDQwSURcXAVpBBD
CoVitYM4e7ghJ82JBoSzemdgwwhFdQojEG6xMBcRSQr7PMk5MqSJ
CoVJimWDwEcwyLDaogKTCKoZjDGb99tMxrEEAz9KSYWGNff3RouL
CoVHCs3ScW7nMS2fTXYaFpzCZQ5S41cJEtBaNBWmTgc4vnfLsifL
CoW36UXAmQ6WuYMRTSD4AUnn8xiJMDopMiVsDWAz4zhPpnuN9BJr
CoV4xFEstcaQCk1FUMePfMt4Cbo9tGcDYBMU5iwimXVyof89v3xF
CoVEM7RRyYSwKRjx2ZpMNrnQYmPsvjF4weAZ4s9HPf1sGFNZuvkn
CoUiPkyE2TLLyNX2sVcj3k2mP7AS7MeZTrDuuD6KcyEfUuZJW1qX
CoWVc6cANxngaBqyCwnXwrwxoSKhUnkcvHiYvtJTd6KhpoB5EsL4
CoVkGiatyvmx4jqMkTH4ReBQ734mBzNbWUSXEatxusR5PahP1c9j
CoVdJUuYKyuCXNV3MUhn7cKRDy222kQo1BRDq62PxSGRpGL9mHJh
CoVa5a56a5kHiuFo3EyJVV8aqKEDpQ1CkokQgzUSnjk9H7yisoZD
CoUpKWDxHgz5jt14s3tALGxvDgEgmdjz6QDnhsLbkh77kfdzpB23
CoVAoRKkX9pAbisyRgwjEPD8mEJbrMQMdLQECtRLM6Azv5w7NbJQ
CoWEkke3sKj9ZoryMLyBQUfZupkTM8LgFYqngS76C8y1vHgmRmjL
CoWZf5TQNagrQGA7R2RW5zjEn85RjHNC55r7UNkgqzPpy4NgqgK3
CoW4tXDtc1eYeV91gnjudYLMX5K8JrJ4RfobaT423TnEngTw9JRk
CoVffpcNzJ6x5X8jqidvjcKjYZLDE8mXWanqWfAa2kyKz5o1h2Ea
CoVnQFznRJ5zrvmJB75jSPcYkQ4BrRiTunMUeqwxepx1Ycj3RgSd
CoUu9oxYQhg6ueUSiP4df6vGNkC1tqsU8XSkXvSrca8cdFawc3m8
CoWNCwpg5wKtzDyrFvwdH3qZDiAUMU5P64qFwdxZx3L1AEpQByNe
CoVAUuAfcHB6fVZejNMs8N6aFyaJQskuHgLFaNqfHaEGLNbdg9xF
CoVwQpvscLmQwbZA27mvwP9EXg12cWmyENDtmE74sMWuSdSUmxpz
CoUptAjF6qBfqfWbmrScoRTUJqPEPAFwrexV6uJpia74VuPFgDUH
CoWCwysXiLpLah7qZJ5Da6FrcAmWPsJdao2ddVz24P9uPy8Q4XVD
CoWYHZq9kzLcaXTtQvLnVsqPmKRLg5XCofbm4PZ6hKyUJHvBPWSQ
CoUhjXWjrFgcb8sUaJharda24UiCXAUQ3L5AnqYeFRVcLUnTm2dx
CoVh1153AP9eSKPfThRDmFhkMLqS4nVhKJSzoCdFn89URnDnkvFP
CoUk2HXMHht1QLyyqeGrfxQMFkTPyrg2fJ89m2B85uG2CCW55k4n
CoWAuhbbdVemccuQ2AMhrRVAyRR4UFMmV8ixg4eLTHfqoB1qwAHK
CoWB4GU5JdBuUadLsQMVCgZiCCm2vNwSAibcKz2Bw4jyrvzCiUMy
CoVX9fiyAWdideEyiufmotgd2JCdXCXuXgroEgKq1gsCqBko35uX
CoV5DJ3kLVzyMjgkvz6AVjyWEQZjvzu1zrdSSWsdnV3cS5PZLhZo
CoVmA4q9p8hXMmAC3UCdAABeBi7xQAdxVJRRtmgmQrpM4psz2EEz
CoVffqQURyonvbbx6XjvyYGAFwnHq1MnvDUGzJ39PZUAcjGAzheq
CoWLkBR4Likw5UFehV58qgoaPBWWjoyTF3WBsWADDiALdGZkydBG
CoV1KqUHL2oxCqxdDMUDnSQKUEGFsbgLakEbREfUsJKrP6U9A7Z8
CoV7jcKCJrCgBCLEcRMU1T5ZVDyS8Fg8gfudQqBHSUycg9qnCzkv
CoVgJKKRfWSPe4ezaF4x2SQ3TRLGfV9QABJZxYidcyLJBRdQN8kv
CoVT55qPyiqg8Pia78r66su7SEkTL4tcMmghpCwUC1ynHRB1pPky
CoWBP3BCVCcd7pDkJYkfVBMWw5dY6gFMH3hbmRoYzBDkmPeXtidY
CoVLkduVS2CS3jjR4o3ZCEmvrjfsog2SLFeopBUXtedMMPoymhn7
CoWaHD19uQDf2fqoFy2SiVJVRTryWry1qL5uu64Pha3K6oW4aNRa
CoVUPbjfzxZoUpu3uKHPe7X13WB7tzFSM3auTekWKY6JndV2EC5i
CoVjNR6toaXhiptWz1uSppVP79t8oWg7Kd8TZJ7meF6J44UJ3Fop
CoWXvrWxJHdpZKZYsW3xFHd5DsQucMrzoJBGiWjwCAPp4Bp9AKbN
CoVB4iNjvB7SLq3Hqim1EAyMXnR2UWavYhhRjL8bxfKx41iVFEf2
CoUjHv4hSj42rF3sQSpuRpMFFPahPHxLfc2BCvnwpGuRehF3g8RC
CoVApWB5T15TvJBYw7RZ1PTCbmTLYhWRXLrQRdbLBGUNjgX4mP9U
CoVqR7SQLdtdsLCJJq4wD4nDsU3jUoCP5pypvaVbdSNkhLcY39pc
CoVgamnXexYwg31ktEeFjaGcR3hggbostWJmGxD2Df5KpWku3weX
CoVv3gXQSvzzpgoMSREuG2hmNSEiD9Rz5kj7HFvbJ6YkQmgNK8Ae
CoVYAA8xx4Ym98vzTsVeWutYBLrH6UqjUQwCMMGnXciy3QxyhSZA
CoVCiYKdY7bkRANmrsENTEmCp1aLDXsm4tZGovU9YD9uJN7QtihJ
CoVbthnJQ4X2WL4m79DnjdBKVmUd1nnBRQyGuCnSpbZxiHne4FzG
CoV8qLxrQYjSv16S1LZp6PtD93NsRAr2mjCwFEr1QFk2JgS1pCHQ
CoUqvXNKcuRzjHjjxUCFFGY83LhZdre3kYFe3QT3CaE92yTb98qD
CoWJvuuUu35vb9cpUzfwd94ZCrLWxvBNoCGXA8fybPqjbR417CUU
CoW5W9pJnoZf7DGqC1KS1e2pznWQeGcboPXsH67XHNSgdqA542VR
CoWX8q3jxQgSHqjjREUZpg4zvC2skke6V3pU9hoXQTJ16r6UhCyb
CoVFajjWBgBM5ywJRKjuezwjCj9xtuBQXUr3iu31vYBTkMxEESze
CoUzzCXCnMNweoYAbvocLb987KpnsGPnjHKLtuxP4hqjGPunuxiS
CoVRjuHmNavN2U8LviPtsHCPnQxZcdxv9P2jkR276416TQyFAHH6
CoWLByqEmnpdUR3v2HS75BN9fQWQPxVxXdpDR4ZTqSnp2DKBiLpZ
CoW8UDLzDW65PA72FsQMs7vMvoDa2nhDh9cdCc8aaPJXg928TWEu
CoVJ59t5eGcascnGEz3QBT1i8jx28gXz61yB2pt7tehgWvE6jGn3
CoVkcFMwMfWQL6oLy41vDoKG89SVcxyTm4fT1ZhMrLvR8hT5sgBo
CoUpFQpCmRQr9HrE2whpShvnB9sCofswkJ9HBgtGhddixUs8pC5v
CoVgj5P4DXSHfW8tsihwTFmZ5G93pWwQjQJCFCUPbD3TZUpfdKai
CoUv9ZZJ6JXq1vDMWQwSrqQGsEs3m3i2jBo5Kgd3NdjVrjPBdoyj
CoVFNQT82qYgVAoXNTwyJoBcAp8JoYdHPgoNMjtKWZWDTT2augLf
CoUyoFyVu3zf3FjiuDmZfmC6fMRtmcAJcB4Q3M7rxyZCf9rUpTMg
CoVBvs6QnVrRD3jiSJf2TgBKoyFXWYFqipwp83AXYMufNKL4QnYp
CoVzu9oT99TTKfjr6XaM42qQoGWmWeJyuyDzYKTjyvudR5SzxYdW
CoW1sNgNoYwx7nGC3f2gAK9yRR7gCvfuiuWCMEG889jA1VeZoDUd
CoVP2wmYb8WWgejDZ4zRV71hT8Gn5fJtfPSrrqHnkxgxhuPMBqit
CoWQS8bLZhRwpMzzjF7s6Lx8m9nsRBhUDRoxzTWF91CeV5qtgY5A
CoWUDVTKkZoV85FjuEb5aZnUvgVP2UDY5i1NsZjeUNmVb5n1ddD9
CoWWTXNzgZEc9EVyoYmFXgBsTkyo2c3Q2Hhk1s7WsqjSvJVMFs2A
CoUwMFjm67CJzimgBdsXmMhb53aBfJiETnwNvfhFGPkXih6oePWs
CoVMuniL3HD2WSkc4Pjt7L8arikeWZ6jQhqoKTkeNJX4npdx5jfW
CoUq9PcFeS3BijXoX9iQnLWpeFVTTHjUWp3y72S58GhhxFXwwDCN
CoUv7xspqJ6s5iRemxGfbStu13euZeVKmKyPnB5GcsqjCDEE2UJm
CoWYo93ZgwhuTgB1qbwZWcgVtzeJCKYiNBMzsXMNDJJ5LgNp7Siw
CoV6TKpMjkKEZxb4Tm15Hob267MFmtg1w6bNfpUaZEsepssZR5o4
CoVcv2ucfSr59fJXxigmTPCvPGknkVw1V57u76MJsT8kYAiPjetc
CoVVhdsAvWoJHS6Pu8PXT1ctgZ6MxSUjXAVLTW76mMePrMduUN2v
CoV3XmK8yrMKn9L486sGDK5b11nDYHvhu23hkTNfHT8Z3ycicAe4
CoVsR9qzw3PN9twPxV8TSaP11V4kSaoj7DNL8x2fRWWQByXvVGuL
CoWDiuPKmKaGm2aMpQf18ghDLH6ymd98irwy88gUofqj5GMrr23h
CoUphuNfdqduroaqS9fFHTXnxQkk4iErPMdUexiLCxK8Nwx8Csfr
CoV1QBvzYZEtUQ3Zft5CQ1Sk5jTdV1sXg4jeTtba4U5re1v7zUhd
CoW13z3bmXty4jAc2V2QKbWiN1RhLNnpMSDKMRHnTJMRwpFTmxyB
CoVDbY9PGmbM7LJ3DiM7DNw37ZCXu1TCuKoyaqizbLpJd2i8Hgm5
CoV2QRcWdar2S4mBNr3ddr8XTCG7MreR8scWNFWGV2UVW1sWC8aX
CoVao8zo9PenQWuJNiUAcLDaE3qpEbinKE3DHQ5XQNakUqyDS8o9
CoVmCpPbtE2SyRJdERdPWvLDpx1RydofWojbGWmQBBbvdTC14nxq
CoWBEphHiHfZfGAG4AXJ4E2XmtQVviNk7u7V2nZwsdL8H4Td4T14
CoWAqHGKMWU8EZpQhTrxuGZZFYsyz2cCoL6BVMJaesFteM4TzJuX
CoW9zFXFAbRceQgiUf1hetpAZbzcP3FACe8J4nDpy96WEVLgHB1t
CoVDWDbGrDL3UmamFtMXKapBL9LX5YAmAzcALcSLrVoHxrevrhUA
