CoW3UTraJN2VJDdLDqcGojqrqk3ZrLkugm6b5wHy1sxC4oYF46kW
CoVNpmcpfZZhrMMBeUz1MxAnSZPp85Ps4o5HgMs1MakHUkdFR2m9
CoUoqD3x7B976HeWnWeju3THWLt8LJwHaodqsG4USfQAy9sUjZPw
CoWGL3ihBjLpZcKoJqDyDVrHFbrTXwjccPGwghL9ksAmCZ4kwKwM
CoWaiN6Kn1xzrcsYS3a4iCoE51qiu9s6XxYNdwdA7PzrNKGtxCQ6
CoUyTfX1cE83bE4FQnzEFU2hSGA7XaDCmXJ8VzgPBmoa4JRz2nYG
CoVNDBDb4QBmVYay2xWUpGVJQCJc6zgSk34He63qerZoZU85kcGk
CoVKenbwV4FAighmTCFDVkeaYcj4FyWdStkGFbkwyME7qDHXKkZr
CoVCV5DzFxUiM7zbbL1C5bxad5XtdVCvc2eJte8EyzmaAKkksJpX
CoUrvVFsTLWwg7ZPD4V8GDrGAKETNivZqEc8JGu3qCritjYpSs4L
CoVKdBtsndSFbsDfvoRK9gtdccPdRpo38UkstXaHZQhxBNTefU6m
CoW5LXzZwtE54kjQsniiprBk1XhUZBJXnVfYWse66qD3yeBFk8jX
CoVKEg5wPAtd9r7jWwTg5KyHtM3dECfKR4iDguXdB7bHLpeWfFau
CoVNgPXuhjPePyuLQBNMYfbGx12Lsfu5StgGom2AK7rRiu2VmKzm
CoVjV2SPRN2yWfJCgtoCdmpzQizPjq8YBJfwbQuhdtrDtLs32vEc
CoUrNGcYTsoxRxtvonL4Tyvh9kceZHdR6NLhb59oyDHLFimHdzL2
CoVLmetuBe8GfNXQ6MpsfdkwsG6io9ui23xHRcMfUibDx32YHZNL
CoUg8wKuHhNzutE4z8icJMH5Z54VCXE89VMS3GwM1v8gHN31uCyS
CoUpQiY8qGCp4CbQ5AAvBSt2YtNsCZJik7rHPtaY6AjmLHyiYbkt
CoVoMDsWhrLZ1BZd1P9RL3U5XLen3MdgXyX2aVGP4wxNZHHJ8fcn
CoVtpPMpzRB3WbR3JM42xWL5BV7wjTGHvWhnLYYZvP4ozhxRjvr3
CoUhzPHaXipuNZRV4gk3xeGPneamuLwdUCbpTWNcPcHxThiUdN4X
CoWJ719RfEwqL6L4LepjbgzPPB6LSwGLUSRjpeLMnnPegG9eeS6a
CoV88VYnXbmBtSsRY1odStU6eVaHu4fkL94AXEFrkYTNiEAbvqXg
CoVoTXg33MCfDiUTnkMz3zwyrMRsG7Naoa2ZTF3GqWYUU5152kR7
CoWDtwZP8j4hjahWR9q4u45dPwZduR1vqAhyaYUQvqWePR1GPace
CoWWC9dGHFJbSwNmk6Xt1HomYXt83Ns6iPkBC2rPR3UM5Lk3Ey5y
CoUowQCXRzNghV1xBRwjZpQWEGuDFKWBQbHPghGG7YSRwn1iSgFk
CoVdnFjszX448jvG6kGBRyA25gf8Uwj5Di98WCX2mmyJvBqVn3ML
CoUgawAJXLAhgHEG7VCfm6S5F8iSDeSFRPmA7iiXWqKhaZn6Dbkf
CoUiA7hgxa1Z6wJYYoyryVVNiExfJbMMhcrstppMq3GgEzsboJA1
CoW8qEoJ1ri6Hb6ZJyQPNieHK73E1pd99rTDAFkisxKdEhubABHG
CoWS49Ndh8BrXRLbmGttNnFyN6fLsvqSJtWxtP5F8tpKiUBvbwaC
CoVjwbndNDcC1jCecGeX46ydX2HH7A2bEzZsWAemCCkXZbkRPnoF
CoV4gZysApMRCaQqYn2b1paT63erjnTfyEuLjBeLTYr4XeHy3S89
CoW26pNJCnkBA3fdBhaKtYrXR41TE4RSwy4pjcHLi2Jx3zSUZGGA
CoVTunmXxo8Wq4W31FHKzTpkNHSCfT2HCPJm3tpJkhzmrEAt1H1e
CoVwxqFB1rk9sKfX83navLH6d9KjoJ8npgwnppY9K7MCCjHKpcS8
CoUyRDiM4TzhMEMnHSsumvpxvRNsJxdJQB5BrcE6LwThSTHnhT1o
CoV8qT3LYPtwEHTGPi4VCF1tzGKi24CxAuXzCUc4vrsMBFWhEkdX
CoVmu7F8Yb7zFdF8JK4TgDDjNumCV29uvy4j51KKz1xWChYHot46
CoVr2mPAN3WHXazNaotNzpYbj5h3Fzre2f6YfAP3w99Muut11Cb7
CoVPUQd6skVBJx3vTB3WGWMQpWe975eJeTD1qyJZ617f2F3nomE8
CoVVuUE1tabu314nKNA9sJgizhqpe4KM6f4EfQc35DKFiyikDz5p
CoVjzW9FXXUpWZ9KShXi4BYtKqPmFBtBnLhxuEMACUxBCcBaa8i8
CoWNv5wFniytRahk6YqoGX1otL3NUsYWDim5Horyy7oxMFwjPMKA
CoWC3KddhN2DWHXpPxTLUF3z7GtyiYF9DJjNtv7rPQoumg3G9f1r
CoVxgo6K1bLE6B1J9ziN8osSk9oGPLnaz4gj8wMbjrSNSZeSoYKa
CoVE6tofYY14D6DLKPiGq7LF85X9tFqChCtCT1kUMux6toL12Qyw
CoVAFGR1sinUVN26eyF89RW9fPHMiGqWs6n4hypXaGYAr9MHdQ3Y
CoUwE5hka3QrQgqpFnDkDpeCkKDvhS1UUuTMyKsTbMTs2HVA2SoB
CoV3H1pYxU1xBpGV2QaNgiP3q9YZ246xVFPa3Dn5vXK4imi3QGYh
CoUmaJvg5MJoeuchmS2xwCX4Z4CWommuw5QTVBJyJDSLYzfXoASg
CoW9j1123y68KK7QZv47vMvVTgkFF1BG3CevTAG4pLSPYLYrceLV
CoWAAMk56cxwDYWxXneH7grMn37RmzETYY4cfcaDDv8pzEjVYh9M
CoVsT7Gn8w2EJsaSk2PE3uLy6Re75sDnH3gNUzpL75DUXHfuqRAo
CoUxw6CykecKnmrpagctseCNDbvzkNDL1RVqW4Exwio2h6YAMfvt
CoUnPGVqLfETZSgr2QtDSkSn42s2BpEPpQKLpED6da6sjXb5J5qa
CoVMp9ud9EYiQDpMxFkrHJUYNBfXVQqJpnJvhWBgJCGet7GvMTsb
CoWLzLFizSJjSS9LJ5NArLnfdkJbYSpzBGw3vFjUCH2XggTUQjiM
CoWVjXwELnsvCWRD2ZmMGAbcKYZvu99brzf3NMHq3UC569ohQGzo
CoWLye1V6o6LApPssQCPX2syAF2V16hQmN7fUoqRyHfTu29vkeY4
CoWTwjsk8zM4CJhcgi1C9LNWqqrUci121mpBGbFgnq8221KShJ2G
CoWEZYf8JRW1vTGZxXVRPBWF1nwSDSzDAbYEeKAqE6Wd3hJQ3zgL
CoUeRoAKej5EebrBMh27W2UyrBTfW5mpmfkiRm5Yj86U9RepHuks
CoV4Rj1mz6wmEH3zBCoSrFDVhkubK24jabAthuy61aXVzzyUhVqC
CoVNjGQpT7jrVhcV5StzDSh4oG7Zx69sK8ccjTQBh6Txk9Nr9sDQ
CoVFnqRVfTMn1keUMWQDWeFvqwzNmjFEYznWyTJTcKzeFy3FmRP6
CoUhMakVtZWKYmmYtBB5AvWNqr5JhgX3LQ8rWFGqPGJyQ73whWtH
CoWRqEGzRBBkmefaehthVpezRXEk1h19zSinWdLTS8gnFd18GDKn
CoVdHf11RdReHWgqZK9vh3dbA4AbZNcEW7VuhWkuhXnEcCPXDBtA
CoUgWBTuFoywSyzGXr8NeEqp2oZCxT458NGDdUfysx2FrSup1Uiy
CoWXQNLjtcS12ubeXEdZxHFyAvJufNsvPXSjUQdBhwMspVJsAAD5
CoVkJfSB9hpQeyZYiQ4VqBcm9mfaxMPxvKFUHXpcoR3r2WuXbpot
CoW3K8GUAr5MCHPnoru1PSsVsGgpnmY3Bb8vZzAuhdycSb1buu51
CoVnPQrdzoouiMqSZkgbB2zeRoUMCsti9UAhLbwK5JGSYHCvy9Qw
CoWYYVMKtJdsddYSneYsX7ubrQp9rmkX9fnH5CC3L85GwsxRkZx2
CoWYWjkWyjPDqBXjZggLk1qJv3BLmrojnTzsvtfHQvJ1BQfNVqsV
CoVCgqWicuCQEdCZR9LDxQUFpYdvbwQZ2ZwzJAhWZk754efngPHH
CoVFoyzgexsRtjtZTDQUSTbegQxpyMs8WaKMQhZPngdQcELgrxU5
CoVxjhwSdscAXHzSfkPZGXdfZivWuTjQbBhQXUoxFXsPAoFt1ynW
CoVJfZv3KvbxZJ9hXoZCDjXSE9bwtkYRKoGUQTgFqBLJkmsu4hLf
CoWDhMoB7V4RNetByEQgStmLtVZyDRdTeyLUfRs41g3A5ZEy1LKN
CoWA1MxvruZHv9LD95X3qHFvzfbHVAp39f6gVZurkCCx2Xz5j5Dp
CoWXa9awb8emWS7TiJ5Gt2SN7ukPmuJZLdyFnKAMuSCK5GZfK2jH
CoUs6UkyZ9xSadb6xiKdhrMc6qfN6SWsxoarwzPvXU7UmyjNmrxu
CoWCa4wuxmrKHfbsz6rw283cVMjUdfPPDhr3PNoW2mLnsGmVBrM8
CoWSkx73NTHNj13Udggs5rLvbhuujwDKg98EdFZA8cFCFmhXtGhA
CoV65zXPk1JjtoSRjBD1B17ocyg1jSrURGbzWUyqAdFqejT8qCER
CoVA3LRcv9oS7r1rQRUx1ejM76YQ1BPvXnC82ZcQD93bJTVTLShx
CoVc4YL3HpEkmWyEyPaGUa3AqENYqyGuDTnxdiH7ZEb8JJw1yUhr
CoWCRNA9dC6NNqW2irmM5zLH3Hq54zdWn7enba35X3WAKN25GQHx
CoWEVoU57SknukjgiFhK49EECqptkXtZoWtyVqHsWBcdy2RtRZDH
CoUgFkyQ3jVVuuVkRbaC5mWB2yDMjMu5GTDHTcWwH3PQkAKbee1L
CoViqbVzteZL7UTW4pUNcCuK3ZUiGCGd1Y4a35Y7dd2FMPWraLZj
CoVHjg9dSdH4nazrbhJDGuoTh7rFTnPYZ1jRMFTBZ7mi5t8hwSec
CoWYA2xwHvABXnGydexb7UF1LFKwtnF3dXHWmxhxo4QG1sHNacDW
CoWCRxrHaGpWrXrSjbsMt4EBM3ySd3mQLxRHXxxhHrBuTsVUQWQk
CoV6zt9fhmN4newZBuev3jcQM4xHitnCVKAe5ZEfEf1mgkUQVDQi
CoVoWDGKCnwne5sCzch86NFtesps2v5jhutcoU9Vxx4PD7zdQe9Y
CoVJG44otx7sXQPnu6VtkkvRejK3sTXuKVdTio8b4PR6zsEdp5NN
CoVbtU7uUarXeLG2MEx5jVoSnZMNqm1RJzsxPcRrHdnTnjcjEhd8
CoVUfYhcYqaA8nDusZBDHESsHeUw6yVjXFPgfica56dtJSqoFpHq
CoVaBR19kXswk4BReNWbRUnmDo6Q3acnCfQTqDsieFjTLTyEfH27
CoWXqUS2d6SYcFi6ogjtcZQYGvTavzb1Gjn2GdzigY7kkb3xEgfs
CoUti8qzBXMBFMmg1Q6FaXFAE9GGedsTAmaoLUG4KfuZWhi2YXJc
CoW7N2UB7vALXmcm5KDX9opzghvVT8V78jfNVrKnMGASmFPYemYr
CoVa2hQtxj6UYLJTDhrH3GNP5paVVCQjGYvUEuqPnLXjEeJh5khp
CoUfTdddfDGfNHkA1SBBHBeDHLdBXQ4wcy3ZVpbwr5cHrs5fxuv7
CoVXpdnTF5p6TrkeqwWPkDMWN19hkgZbHBA1PBZQtbYQhfmTbzWX
CoV4zMLQ9DmmJWERgjG3fyjdH7bLdux37tYKWfe4ArM4DEKm8D52
CoWaYq8PXoBBJ2o8inFYP4Xr6qmPVTNJJWD13vBoxAJXUUzNSAGE
CoVyZBkrMLbCv8MkskoYdkXcBAePB7B1gFV3MAfTQRGGZ9cnSpBY
CoUwj4D3kCeRiLVBkzkFeGtefpWBkLbcXnqESusnGKH9kU63u6kv
CoVTwJYPoaef7znLv4yRqTtjUAwhiKBhNH92JFzpDRJHMpMde8mr
CoUq9EZtEwQ88U7VzoJjVzdtRKrDHgpbZeiVGfkwHbdrREh6pmU5
CoVxdYx4hkYqms1RzUwt2xyJSjBNZjAxCLyhjUby2N1AZz9U6w75
CoWK3VQa9uCqjRcTiDW1Ee2QjATguaSMw7FRu7iZkDijPhVKMJ6T
CoVDWPuewF9deajb7P5ZxjfLFqbZKWtYWune8uke72p3JeK41QHC
CoVaMTavdFNQGFZRqgQY4UFi6jQnF7DaJH7K9M4aZVvLgVD5okBZ
CoV2L4J8fVJnP8VkndJMv4PDgYneBFznWizcfykbRpktnJNvoEcZ
CoWDqQDjuCYm37dWsEq6TrF864BZE9odyF8p17fpQWW7oV4Cc4So
CoVbbdpDJwu35hXnggFjYPh68x32ywzxEBPRkp5FS5MgrirAoDpK
CoVAWHdM2yE9FNJkiquBPfHyBD8cfyk6gh4Foi5dRD5V2ati4PmL
CoWViRJD4MxwZEZEp6eoSXpAtNMYG5w1xZDY4L5fYR2EhDNX567e
CoVxVA6V6LSNDZVrY3ymMWkHPcaCnzP7gszFdizThJ1h6wmRkfwL
CoVuNG5X5LQCzHUCFrnUF9dFdooWtQCTyN9XxLNuVB1K8uZ9MBVL
CoVjLusUs7YftcfEfbwuYoApj9qAZGdVBAkUNmyYcLKPx6B9G9SQ
CoWDEfLMMhX9Aa6eY5sMDuZ8WgPsmtJuu2wcPygcgwQH86VreboV
CoV5PdRtHAfuxXkcRcAoKbEa8EQQXPXARjxJ5h483zk64ZKNFW1s
CoUrasuiaRvJRdQT5BvucofpDy7NdEsgFrMJ1XrRiFtdumedAFGY
CoV32FSz831Mg7gktsep23rS7kacuah3yKjodRkawssuG8hV3wz9
CoUmWofmn3ekJgkWkvbWSoeMcExL9t7Ptucs6nsodLdd1qA4FqUc
CoVh4rRKZFbsYjv1G1QQnZzcysmKGHjVB6chDKgmQT5ZdFk6z6KA
CoUfWgHd3i1tSGCT5X4zFnjvrxiQn9cJxTPZiDzQiwwZEhZYTUqb
CoVEf4nZeyVH7CZt9nejjAr8fY2UkjKQVt6meWgxGzCSqUNRJWS5
CoV1Xsb8LJZdUXRLxKptjrA5up4orHbeDg3QyH8Yao5UnMBwh3Rv
CoVG4tiRARijMmPbAdNsYsgwzUyTzTqKhYrFNyyZSVeaDUai2E5L
CoUhwAaU31qyQBCCbzwpn9sB6J6FnCq7poKz6eRSeHFxHmhG6uzs
CoVJKHq7jtTNj2Hio6i7MdBdbxP2ne3cJVQosktbK2qD1LHGMm92
CoVGBjSQoTRenVZZkjVaRFoRFVEds9joLtJxxc5qdafiGUpR1p9P
CoUivHAyv9zCHwecuBxUkttCfjQdCv6ynh94bVBfFp3TyoXFS4bY
CoUmifC4m3JKtpPYenxFE7ZkV5eA86wSy6wTDu6sL9HmjZ78UEj1
CoV54qFmmkbHe8xg5uh1hjei5dBeiHARDUwJ6SUx5rS4rdRYqWsX
CoWRGA9CNFU5mMsGrVN8somkrcDaDg9uEUPKwfBHsdXdGEtP8FL7
CoUyPHyD48t3wGZoaxTnxBKqik1TgBxARakjg4DB91bBXpJhxitd
CoUwGx3KC4tCVyZaBtg6HcmQHWWrFTJmjWpc8CD8Fv9zfmYjrB5G
CoWQRAToGYUx6QD62mxcHgDdnSrT87MhtCcxwFMa1MDdPN1RGDcj
CoUj3s3BsGvpPsJFDN4VNRw5ELuXfAaQbJVpaVmTAno2RHM9f5Zz
