CoVGDURTTBcM9yuXcRRBtHUucWQYwGWFonWn5hEJiNsugmTjcSQu
CoW5QoLFjuRZe3DmqhUcyPQJP3nXnMfYAt4wT936nNwZbzWZ6cEq
CoVniZXFwkJtaHn6L3czHazhajnyimJoe4zQTcvLa4jmnh9vZT29
CoUgGbJXdT8NZoTbQRXQTsU7HC3murRKfNzLKcZuTiQVzEFVtQ5x
CoVP38K8rQH2YzJfXko61BbJB1833S8iM3QRLMb2cDAEfH2Z3jPB
CoUu7goVRAt82qd3r2xefwgxukfZW1e5PcZXAwRJm8aJUzw9y7c9
CoVwVRmmZvLzLWdgWJqGSCXQLfxkaT7ZWLZb4cURmLBpuSEw2Ehy
CoUpNNceRu7pJyxtoLoCjow8NvMqzdfxnYr5LNL1FbmPqjmNjBDc
CoUqPZhmTwLsNKV1XoMrNH67iKw7v4hccrqeuywaGwmShMjXeyti
CoVVso8T5tK45roL2451PUcjyjTyCZWhwhFWnfqBDCM6vDEAbCX5
CoVHv1nWwRaTEQrwvDmx5jonof8uiwoANbPmZ3sbsHQkCunTBmpr
CoViqou7ebCUSHVr4SY47LcHXYFtdSZSfYbNP56fCfbnvxBXD5mk
CoUyHJbYayLTRLpQGVomgjntnKkTLZnaSNzaizdguhFggMA5ubcJ
CoVv2654iiA7JKigaFzY556AQoJpqhhRGxzS5iKaGbvp5xmwFH7P
CoVrM68h2RejUApNKrPeeuS3SfPZT85pasqSsPCM9RnKL9aubqS3
CoVwURFt3qfUW2zxXLwkWmH6AF3Kq9bnpFiFeEsS1Ma3wUegUk8Z
CoW5k1EVfoqN3q1nqwaVXYksWUySUnauWyw6KWFa9TK2NEynnBzJ
CoW5fRWivRihDRiS5cJu7CPeQg9Hkt8JnjdusipworigzFh5F1Hd
CoWMWYUpKHsuvdvXy4TGyrPUXVai2ZLxEgK6erAPkLBDvaKBudD5
CoW1wEb5eDz6jx62WrGuGFkMAirh78QCYMJCbEgQg4BG4ASeMjiw
CoVyJ8tmHQUtprBga1GAQpJybh77W3SEtHHU733L1bidM7jBisoj
CoWA5741uWogBFw7y3S1255Vo2Mnb44f9YCDxX4gxVx8A5Rz19id
CoUhXdj7S5tVceSe8NUy99EsQxqFE6cpzhjNy1yP21xAytp85Trk
CoUoRPS5FroiNH3vhrpWzmNbgW3RpueZVmSb4xjL2u2WNUydt6fD
CoVip22sZo5CicgAKFUJiHJVTjhApYcVYkwvDjgCjV6MLoAWqB5h
CoVpN18BTerqcdzsAZizRsD895b9FkN1Tb57MYJsZWu6o9PrjZiA
CoVAiLZWCf1q8N7obwbuecWEfYGgVsjVh1C5A29hPneB9i8Torv2
CoUrZWNJMhpFJXH6EvZh1HmpX8FutYPhF2Z46zgzscjCanpWmBZ9
CoW7meDL9p7uDeQZpFov5fVsHeinBhD9Xrrt6w2p5KSMQaMHBHYn
CoVRAeGi6PYQS4sABANU97GarKJcB4zjombjRR2L3B6tYV6ddGMH
CoVA1PDa2xcFjpWahQjjcR8SDmh3zznJzXG85CYiAtMGCGypZ9dv
CoVgZdipoqfHkM1maTbpwKqfMPXtJrY7jp89BKExWsLzZemnc8cW
CoV5JRXQm8sqQ6VXEt8ccbTZRgiyG5kNKfE1h4cqcPEmL91pguxY
CoVtMjZxgMo2QAniZhncq9832T6ZuokQi74xXhVmXEC2wLPUQT94
CoVr2BUY1fvNrCto22Wzmtq8d6BNVLtGSj3JEZKmdzoeoyrNb6S4
CoVgCXZaj2f1XAicj5qw8csmjzXc9QAW2x1dM1iwJCbXuBRrwKzK
CoVPi6gsGzXPpQuPJgMyTLbaKy3P9TpSiwA5sNez9LEtmsR4Um2i
CoWHzKnNWZfkWMFPrdSAcyRVGfJaEU4ASmDM1cPaXY1S2E4C2nkZ
CoW7wkfLto2ipZWv8ViyQiLi8ytsQC7CpG1aWpuuVVQyhLMWHtuc
CoW4jkv4hYyr6fFFrv7Tkr51Pt77r6iH66izWXGW59fr53JqjSFc
CoWS99Up8tfMvz847CWttmJQzhEYv6LMTQZm6w3MFXGP4aqQAfbV
CoUookUjtzmVSqkXdSbwnf5c5o8UPNDms9Bg9raJ4qRzEEFeu8B8
CoVsmFDbycJ5q5nmmNpbqj2EnMz1Z8VLFByUGkwj6M2DivFzNwpg
CoW96syXpaeGREuSeSqgFBX33xhUAuuHqn8J3JKfce32ThVC9A7F
CoUwsgKCFu9Du4jsrdK4b1Zonms8yKLAVXSa1nxcz54YPsbTqXb5
CoVB8qJMB7yi8KcRwvvXQNCKUjKMKMQSTHbnmiqEoQXHUDCeBvoG
CoVEmnYMap89KrgfUWF9yDaiPQjcQ3ZAn7QPc3CkP8a1Wdj6vyfz
CoVsQ1WUuGPPGCV7M9MK8mWyh5BX9pHtWj2hBSwNBqbDLpR5waMV
CoVn1xPvbeBmQ8SbKbghfsY6ejyWR5KJ4P9x2eHojCHbidi9XamU
CoUgAkaoV4jyf9tC9exf3TSgDnSqUpRGHzxq7zPsgYvx3NAYeTwQ
CoVvtyrF2zip9LZFipYzphTFdesVBr1Rq3XVgo8wdNXLsiKmG4de
CoVFgA2YnGUgMKA7KzxESPSiJSHei9JwDwzs1SjzZw3CKaDM2yh3
CoV46rsUBdiFjQ8FdSugmXSU1kw7nsHjmxrqKqYkNpEqC2BHcZnf
CoW7BLvGq9pdKcvcmckPb31cw129u9fdJxvrEbLoJxe1ZAnWEMKF
CoVK3RSuhy14aoFGREqH4dqbakHDYBh9ZdnEWnyFCmGNpCWfUibS
CoVSkZguxDVwwMpPBcDFUNWCrePJbFPecHSTqQzMmd3LoMpSBeGd
CoVLuTuEfP4MGEG6WUb6S9g4CTece4jURkBfanAcwecMNZQrhMRX
CoV1TdbaWrJnAtJvUHpfWwsXbL4XkjHDcFgM9htxR4dJbQzrcuCi
CoWVLz3p7ZrW7rj9QiwmjNhqaHB7mzV5gY7es6uH9M67WR5gEYTC
CoVe5fGWVYFTg7zJBMqbQfTTomd3paapBi5dBnj51FcqAKUxssiF
CoWMUmeAEzXqBQFz6BjjjiCgBJ3jSsz332r8DN2xxBBbQDAFMVTE
CoWUkhbYQ38rswESiMt3U2DRsNVRNcCyWcV1JZzPh1XjwGBCyscx
CoVzgDYmJ8ruCD3AZVPvDCGrqBsZsbpDD9gdAungfp2Ce9vbGH7m
CoVPouR7VFEkkL1DfvVMVRXZi7Cn2Zi5FA7vAB6xVKY5ubKusWit
CoVzLnmkrDGBSQMUWxfECr6hzYPwXBkonwVMAEfSjFWzbBnErvxG
CoWWt9Zk6cNnckXuRPYNHiYvb6rCXnviaabGnTH79e9RHC14iFsN
CoW4FnShsgZUrbJpwgsYSLHEXhAHVaDyY6fV6x4DuZSVuh77Se2X
CoV3Ayj1XR7wcJwaRCdM2zivrabUYgg26qSa1qs8B9KDkdwFmk5U
CoV8RRGVt97LEsEi5sYwbpkT13aBSDKF1efSQUZjagN5Zx5zxxPZ
CoWGaesRAcyjVsGP42oeiU93QmfmHTYbn35jT8a4LjSYXiSE9QuC
CoWGN5iKKYaWYDW4zSEWe993BkwJ7zTfHJ9dWqnF6uKAvfK7bkGw
CoVZsPXhfoQgugUgwaMPEKJcznzjGNntaMgyxwS8SvUEBXvqDB1h
CoVW1oMn9HtZWyBPvqfemruCo3eh4EMp2aNPRwyu1dpG5hRKWmCi
CoVmY3diednkfYrYANmAqghpTgVHd3KhsXGRja7rzzAPs1jpVGyM
CoVLYNrAb3sbLCjcBSf2X4E5Tn9RxNJcPjhyjHjyKTQas45tWPDg
CoUs9h1ccoaUCbhZS5x8nSob1cpWVgs583wB85NBgy6es9pyBqsr
CoVJxE7gKrUAtoHrGsJcScJigxkugSFaZMgyPYGuLotEBUXgbLDc
CoVbs2tWk69otVeKvdiXZGJLuEsbJHs75NpoJh9gHdztjRGket1R
CoW29ZR2XKPz5mBoUcQ64s9oLhBLYymAo6L4WivGBhiN6jjJLT9u
CoWYxB9Cu22FdUvRSKpnkANYHBzJHDMLBnZoSmLtUD4AAS9X72sW
CoW13PghcgBM7zXZfcoNcDxfgsnL5D2D2485CA78frC7kWf8Rp1f
CoW7H3Q192L8c4R13XyWzPZp478ciq1p7sz22MY7bT15QYJsYkhi
CoWRW7WudAU7t7t3DGdDuft42YmAdP1N458px6fLNyY5Et78WYrj
CoVtrXc9kiaBFBawu8KrEpJvkYkkQEFhMu1C4ZRTsEDTPEvMvhBy
CoVfToJ1G5DV6Cu1XCCthwLRFDiknnZ437ovDYFcgyVG4qu4o8fW
CoVcJQjpVYmjxKbpHSzkZBy1NfY4JHpz5zRTv1yJfbZAALM5jS7M
CoVhEpeAXwaSTy9J3a94ZshuLL8yByRYeyai5vKyCpqvPJv75xji
CoWTr2VUXt76emW5KEEoj6EhR9WfVd3CZXK4MkaToGNkYsUKUqeZ
CoVp2As7c4p2uGfxr56eS4i2k8RHyvcLeFLBgRBbmYouY41o8FEF
CoVxEJ3iwiYBfxgEZzu6FV9Rn4EXi23YU5CPLFVEuBxEp3s9Zs2d
CoUrfqvPHyMgRYKDjw2nDM5QC89dbvDdMo2VJyWrevQwyNFifSCW
CoVcrsHw1cPGVbw8ZCtwB4XWMaGTqjARqd2RsiBobNFVRJveHXMQ
CoW3vYhYfoeywHqxvtU8X4accpUekRMA3B1vqXjMRSFZCSq45AGE
CoW5Udjxxo9Ze2Xva2DmSfSQwxMztUWywdSQ5JmfvbmFZpxVth5p
CoW2JL9gP8WpwQtrKzbhHJSoeQqRcfkMrDmdskjSoHDPY4LsXRRY
CoVq1FLYWJ5AskMD9fTtyDfbPRTKrZgX8VYAsJUDkPg53j1TSLay
CoVAoHTxRBnAGrGz3bG2CYiSv2Qi25QcnT3euhsStxFJ3vmEyuUq
CoWH9aiQQP4RiWbeypPYz9FZVwwQo4MhNaHDsFj8HnZRRfs5HmYv
CoWBnTBYY6cH3wDDEyxdpZNENfoAT5qfbSHHqduBCRSa32i9SnoN
CoUwsavCippSuRSskG1jTV2SjNPj1KBXpjtVAre8hhKhprpRHjLQ
CoWMDYQfgu7r9zwjea2E1LpqkidARziCUUCzPRJEoJ4NxUMEk7QE
CoVi5EtMhpmxdPbnb58fiG3C5PSBEqyaBae36HEtinPrjkTMSRPf
CoUsk9SRrpVTTLbssWBveaxLZU5V4GwNhhZRspsPGvre7DftwKCL
CoUfDc9gSLjEwgmTu9y9UhjvHWzvBXvdYZ4TwuwNYfQeheJ3aY5X
CoVopvRqYzJAKfPYdEs6Wfwa8aS1siJ8cNfdUDuDQPh9yg2xM8L9
CoUpNk9sswSFKgj6HvEWa7A61iovhSFzRii4Wbnj58ZymRrqFuHs
CoWPQFWr71SCuvvAQwVBopJk4FpVrBcDPTo5Acf3hvk17Urx2UyR
CoVY3AtVVkoKUQah3MnYkRFtJuJFdfdXXCEFSf36emWqR3RVSsy2
CoV9NmUUv5dPie27pZnjUBYft6RPgnXLTJARhKEHYoRwHjr4V8dm
