CoVSChpcjAcebAp9JeNnAupyE66GVGe73woAHVHFprxBan5vv2eL
CoUqBmWKfP7eNE261HGyTbHLP83dSfqztxEv3kt1TjbDQE5XrtN5
CoVJhJm5QTYURAYL5kC1ckZj2WGCAtiW6FQjTgk5a4FY9SCiQ1CH
CoW89QqLpwryXY7AYemtgZbsv2nEngcGRuADFbzGyLbUL7DYLvhE
CoWY28ThNDHLrUwKxkXPSAfbhG3AkG418sxUVjCtxCPTxqDLuyVJ
CoVCWpCbMBJ7a9xKWbqfUV4oDUY6eHQAppkbvyL2RJDYbwPDeNRj
CoUoy88ouMiwPBsJaRwYj646BwsasP9TuU4os6L3kZWoZGASHS3c
CoVHcsyjuM5DaT83DiNYTY5Wwi5qMKcbRjuuPAJASdYG2AkKZ2jZ
CoVTyoZC5Wu5DSMRd7emzP5VRqiBFixRLmPEui3PaxviLgTgdg6U
CoWaYRAADPbwLLtV6pDFqrpaki2xijy8fX96ysSErfKXPiTbJuQD
CoVZiVH7reBYo95izHVc5NShYpauZK1cyJwJbYhmkXSANqbfoigg
CoW8kvzJqFF3xFtic8SVxTMvkWXJsDwoNsDnrkp9gcQaVXLG9oSS
CoWAALaeSzgnZcfwuRRn6mkovVj5hMLxrhCiChRD1UReG6RSu2Zm
CoUyeen251PfVU3MDiAQxhnZ25HMzhUMdxCBkJTWkgT9gCM3Nh7i
CoVmz9rzS6tpZZrCoWKNTe6wFZdKDWCg4Qx8gjLC2dQBd5x7f1wk
CoWJvRibeuLusSGFt3S2MLBv1v34S8RXzhN418Fk7ZDWW6hSLJ6E
CoW29WPr9EhK9LESTmC6UPwU1DiBCKbtMpN4Z7YcLnKz2PEcyuPW
CoVJoixyeS8zZsjGG7ndrNgGS14TxkJG39gMd8shCaM9Y6tA5AHn
CoW6LeAsfDNK8yeLjXwoBwbm2a7VxZvumj7Qqm34xeg7M8FjAru2
CoW9uBgbprNKmNKqXPYdWTpK5r9FV3FzAm6BYmRX57WwxoG8iSuH
CoVfMo7VXKiZHUGtZ5Z5qC8Ekq8u987YSfTRQqAxFrLjm5r5n4xp
CoVG3DPHwKxcFYqFmjFnMBG7ugdMEpEgen4PdCWUVpbqhbtut2xR
CoUwMQe376SjXUqPTGJ8DVxm4UtjUVK1wQ3V5A5ohG8rV9deAmzj
CoV3LqHj25SSJGy8Uqe4rvLLE6RQeXvpVnwuLCxtMRpQ3MJZkpW1
CoUm7WeAvEMiawxWNpyCgCThDaqwduuErTu62f9nwgLNEsM2kqNc
CoV6QDQmvaWzKpbVHkQGsxN4jvKmRFV8ino3MaFkGbAUvbBXZV9g
CoVKxqV63h5EEFBbHxiKsaSDvFGmJieTRurR5UFDKLZmK2rQafda
CoV9Wd8oyRnXG22s4wX61Tw9X6N8BDS5qmaPt3A15w5sziCSMibM
CoWZJkhRAqk5Twp7WjTNAHwwcimt8C4RgeXfEsspgESnUr8EAQBs
CoVE8GoftAtwoPLB3GS2yN3tpjyNgHPfaS6qnL1GvjGc8KfbDn4f
CoVZvtSWHy7R1zf7YkwiEwXUHKBpGWdAEUipbLzGg2uguv5aArDT
CoVD84rs6eL2pP913sykk7NvtCWvKJ7iGwNbVjQeVmsUuZ4dnuaX
CoVrNdMiZsq1eA41vDgzQZyyYR3YTRaroTHh62bbpgVTvKxLHbDD
CoWV9dKoeMPtT6jmjMjPU3jQEFKApTZswoivbAAv7GTR3oJ1Mqg3
CoVUNcgDUYNuoDkezurn2LeGRMj8UQbnFfdLK91sowJA28chETky
CoW9SE5U6NrvC8YHsBeaeobjrChb1ZJD79WXjkW2PsdPY5eGkVWH
CoVTXJkhvswVk4Y5GQYtx32ANt9sWYd2FhEhoXX4oyGaNUn1SmUY
CoVywzC64nU17aTTTqd2puQ1E8Ws7rkyirpKY7oRknbEhnoSdgAW
CoWBbCFT4JiGsxuhtDBxnVJgkMu7gz7JzJKgRk3RK6LKaJyhi3zK
CoVixdYjtRFcfvkiiikGhHdLuSNYSBF7LQMJmpwq1SmsZ28kWUQS
CoVz7qp3T1hNnVScy32r14sg94hp58BWPwHM7agBZ8DHiEFuk9Y3
CoVQznGZgEpwNArzzFswXy8AgFdD1TSyZNwkjhjQQDQLgZdsAMGJ
CoVqk7TcpmvEKHEWssKzt5hnoRbf3N3Kt1ZJwZ9jJCHL7xhbTmkh
CoWAVsaYmavJ9FgGFiq5yrbg4myVeXjg4NqJAbrmtLUm4ks7WoUJ
CoVEsCWWNCRV4G9jgRh4q8oJwp9GMDomUz6TfFBHYDdGnWBczMSD
CoV4dFYXHx4UcA8Hv4icAPHgbB4URocztXPESNuDZUAZkoYPadc4
CoVKWGGMFM9mkpgHFuAwN8A3YQU5vhPcMqGtEp7z3f8YkEKGhFjS
CoV3nLQ3dnHndbjfgEXpGp2EN5ejChWDcRFF6sSNSUKxt8uAnLT9
CoVpYyWYAk3ArJzGvC6zj9TewUAX22tEpLV5u48okDHCTHroCeXw
CoWJQBbroL8umJ9Msyrww2WwUv7dVeYYsNXPd7icVsF3zSXRnqVD
CoWVWjGZpbtLJmRPrg5FXf68VP9i2ggq1qohtYEmyERxTuytsZPj
CoVmsrd8TsvHAEtmobTa9oD67JnYv9CABKF6ZrNZkR4EFFiKbdPx
CoWWg2ErsbzBUQe5TPhCFZigjBEHf5EACfRKENPDTBc9BJcrKWiK
CoWTfXL1KzfFyp3zMSNSspuL17Ccrzm5kfYMeAVsUbyjmzyDAzDS
CoW9E99Hxo8b8sq2msqL3Ejmh1tU5TEyASoLWzE1awFpLziZ1uuo
CoW9wxQS4xfistEUPzda7YPpb7pF6W9FsyyBzswjSgpSiByHYtyB
CoVLMKdnfBXVMMJFyhkWZaYhrCUfkWH291snWQUUcXsJWjNp7eX7
CoVMi8Sbc7duyScHJ5dj1ctBMo375D8UUXuUHU4sDm4MLdMM6yKt
CoVmWkYb58Dge1oattGRPYogyBvHexfWQ2eeqN5jnXeGU1syFdnk
CoVvCicUEFaMinjZs97BhC8SSrHepJiH3JjXu7gqadoWv377aub8
CoW3ZoNAMSd3DrdHanb2mMDGwz5XuK1rRabzCP8bMGjsMXgTjHd9
CoVFmpwn2vPkbk4oHVUm1zE6AizpkauNvwF4wWNtB7MLViHA1pGr
CoVn1fRHAn5d6ZEHi1hesGMfTnVvBVvZHo9b4bC8jn8WVYUtAErV
CoVVjm6rBtayzCHmJrAqw6gBacf6GhXtvN1bcnazo93xhMsUVLiH
CoUkmEQJi4qBpZfMspXYDvUsZeAVnQfczmFYzoyuYjpZZA63FM28
CoUtMUiRNf7M1oE9LYqKA7wPa6FzyxrUpnaH1vNbCr54C4VQjoc3
CoVHszmHpkwgQDNXJGAJVB66LV4SXjkXMSzf1cjRwmaXrUe4Kijj
CoWPttmMbWQAanZKGM9UX4NB6FncYrZcdBPruSuxhWgrLA7LXrKa
CoUxuCvgM9yYtugc7nAbwDLyKDWAzHKj9Gf3MyZcr7D6BSUgiuAr
CoW7rPoDFSLRqTadUN95o45Zc3hxUFKAUbRRrU9325t1vrqYRKKH
CoUjvHoJhL9beze2qE21seiotnT4WsKMRH7N38bgHy6GY2Zqe14H
CoWED8K9F62agTe8w6n5FGNq8KeLUGFMG6kupBThJpbMDWn2xMcA
CoVTafJZmzQN3JS8LpbQedUofMxcRzh4Baynfn6R7WVaYRbAk7GF
CoVWoZJ9rtuY7F88z5gXneYStNNHrH5Sxq7ByYmPvGLQwvuVvL4V
CoVU3vtw7zi52szBebF3qHVrWkeTmm3xsP1Q2xf55UfX8aWpPRiS
CoVzeuiFEkEjTxXjSw7TGojBhTXxmkaT8PbchSuXtwA5745LHC2A
CoVbTAKyFcLCqms2iAw8Eq2obpHbohuay9hZtxWNXngwVG1nqPoj
CoWJBoPFLiJVPEgmeZAcZXqSjH9pERyhCZk6yje1ptNdCY4D7TFD
CoVcwLb6HX5rP3BVpYhpur7GpCDYuV4ZQoy7uTTusUCL2FakTN7N
CoVnKaekbrXFmK91MAQhuKwPhK8c6y5QRNQdCQ2vHtveHGfVZqmA
CoUzBSJ4N7WZn65VGeNJKbYBE2r9yj57FUFfvkPoYfkSN4eKRtE8
CoWGqCs8JvSdfYR759Hhs8K3TrBrTrLJA3kfmn2oVsZwMcgAkdv7
CoV837NhvDRBR6P4ZGzY77XyC9tysjeqya5p2Ba5pgN5S6aiRbLk
CoVz7SCe53t3Y8xDQeg8Zzv2GnLAKDxh57ekT6bkvWfBEDtAvey9
CoWPAmo8FSU5tS36bZ3KBVA2LJxSMFR42mdrVdgs97eVg8VTRHqq
CoUj2ZCq7V1uWiH1ZUcvTCvRu6vf2AcNivGAyXuDJr55qx9EntEy
CoUwPx7w1giGbU8KKqVCS8DMAUqfrj21N58GYjfeB4MSRqvzZo7G
CoVnRxTdW92uYFq3vVaF2fnt5xVJDYDizgfMrC5pQxgWFxttEWLw
CoVeTZCNGkYm3unAbhNuLTeLY526TqSqUAy1CT6UN45xMSbUjj8y
CoUuoLkSzSqxLuF7dkZeD5hjsjaC5S7xkxMGNHx4TSpt1yZBYmBh
CoWGpovN3nrPMcQivKQmkn24UC8uNdkF1Hs22HPZQa3noMi8sMJq
CoVfmumfZy3fED8eAAjDGxLgQ7g7YwyD6pR3sbkJbFZmcGq8CvVv
CoWMpuw4toTXuVz1j1tqzYr23qAg1EeZ5J26qw3YRyRkyWXnTgcu
CoVjuCEK1vY7dWUbUJizZyYBvRNKkdQFUDjnMSVVocA3ioEjCR3h
CoUmjcWcnRwLRgPpZaXAeaizCtMqVJ2LMoHdHPYjUAGi3SCjot7d
CoWFv499McARtdFoiwaQ3bicpkxiiDSaYK7fxiBUywkaajxDWBZ4
CoVPdgp3yfRJNV56QhDKoyPXdmFStfmSiPmNweCcJmb7vExTXqPE
CoVasvAd2KpPMX3notuPLpEZ9EkrpzjwRsipaNB9sFeeTnCSy9px
CoVRmUSEfccPnSjeyTUCCFfB9zKjRD321UKRAPAxZpvYDRAbzdkJ
CoWSLBiAWoZhjcTneBH4xFKEfUx4DYRWa8LR5CUyMmojRTPb9jUm
CoUfZCQUiKZxdf8Kdx9FyvXGbxYS88MQUyYH9v6H5KjR2uifvU9z
CoVdoN9qEhFsjqsCijxM5N7HLjh7XucAjEuWgEeX21S54SYzYHQu
CoWXtayuTaivgNuEJf3854PJRLeAZcCuMtV4Ma7mUTFJP9xz1vUi
CoVCt21y6oct2rLjxk57UND3uKQn2voaF2xUSXSBYzoP8g67LXYr
CoWNsTaL5pkf6nXSjwsMZQfC6EwKhGqQdcHsC3FWsgyuFFdzMnvK
CoVX5BmTzWgiSBFCeF7sjuLSVADbxxaFUmqcy3Q769od3Uexrc5J
CoVTmB87YuKyaRQ1bRbKXN4xLLQDEATxQ3ThioC5cpdfSTxqPChf
CoVbZrGuRaXWkaXgQCue6cdaT6Br6XuNXwQBqR2XDxXAr9BWrNcA
CoVMssDhNo21jSkSxyQzfhrcz7nJpxo1feuTUkqMpeUxvtWeJmD5
