CoVyvbhFbuKKWMsNwtRYrRK4wBzsQPUYD6Kdow3BwJLs4gTucrZN
CoVx8GenVDxXr7FAyDEiqu3gfeHDyW37KjKJAX86CEUp6Lp2S95g
CoWXSXe3rB6piXnmVrV9qZQpVrjpQfGpeervcG8oWtTryZ2uhra3
CoUnoUg4B1dPqAzU3bGV7KzHN958TiSe9WvLKBp7t1HiBhgmDprN
CoV8Lgvc9xnk2QPbFqEkoZAn4x2ynwxemtFKtKj7aDqbBzey8eKb
CoV9sSR97KkwkVeignzQRHYGD3FV7mUdTA24mtF5AjaW1yfzpj8o
CoWWHe2mPGUtwCZjWteYd4VhhhDrvd4SKTjQEN2QkgAzUtnu74oF
CoWKf7kkPpKgB4brqcpspsSWb8qpwZ4AJUgQsBrd11iUDKEhWzJC
CoVJgZDRqnPWCDNDdv4i8gNmCm4xhxGPkmpKRvhHaJpXvrdqBGWZ
CoVVZYcnUrQZQA3jwog3EVsQQkcyuJ8jARGLYkgRovPTUNwHXMAM
CoVp4igQs9UoYUapCCrQxS8ZrcGec1T2n4Ee996VPHKnTTfS9pPb
CoVA8MiCeR3udfnHSrnVVqa1AdFgQxas625xH4yn6thZP2BQtBJn
CoV73fv3xWY58vtf4831VYtxnsXPHis1MWBExDkFgTEiCkoCrXQu
CoVV295Potwqq1dd74RJvU8x69eH8gqFhNShqRjhhFwYrWQ1oT4S
CoVHwrWdfQVSpmj5mApYUcA8Q6YA3rVswEng34Z25SLwsmoVRTHp
CoWPd5iVWd6c2zj4P787xuh3ZNTZ1MpinoB9DAuJMZc84FTxQgqb
CoVfsqujutRKS5w85arx9eyVeEJ95os6oxkvQoJ4cVt63oVA8HWt
CoVUEiCBuvFy2PYfQ6ykefXqVioYnorFGurUZcE5hiQy1xeMzadz
CoV2KdEPFARKg2hjCcGhsB2ATLKFefQFAvKU5Sir7snik6EBSXL1
CoVqXrvyCAubEwcrpHtzcLz4uL1jku4yPXVQmFJz4x37XkoDutqq
CoVyyqCVG4fgCBf4fmTnZaLjiducMKLvqnyttFLuFWU4jb9jsYEf
CoVF6EAQXmGqRsubovC8L4coqbWLuBosWgHL1qM1yFTyWTLQf5jc
CoVuZDZQ6P8jUiSVHuuHPiwMcc4G7CXotw9WadSWqqj3PQV1W8NM
CoUjzweHY1ApiQbrVeWezVJrkv4NaPNnmzdNVxoz9awQ7o3VQk5L
CoUfkcoZQJN8W3YcBj9UDP3Zc56ix28LZETVXYVWnu97qN3Yw4Am
CoWZa6RrNt1jQfMpGjfgvMNDDoYonKTgghgX68C6YYYxRwobDutj
CoW4a88fxfs1SVyRegbD5jgodRSGGCSSNzNwfUn2R2AkoJZeAtjx
CoVR6E83AneaaZJNXnBAFAKpuDScKdp9GjSs2pgmF4FACeHcHxep
CoVvWrQiaSeGuVSFYF65EuzWW4nba5y22a8NbyPhrHKUUqnv6B2b
CoVAUD6a6uecqxGSoJwoa6f31CBScgzinSybCrZAbKHFz1NL6Tmj
CoUpEyeM3wxpuLEKUSEUgV3rZzYK1aoSZKEsxPJ6fPmmjccVggF4
CoW5RzeHKs14Z8ydxB1Y8jsLNwoXEDAHn8WeXc26CnTnz8aAeMQf
CoVBNGkc3GrJN7x9S11CXkTsGYLriMEZ4uYsa7izeJkEBFMhkUqj
CoWYz62ScfugmGxZJZqkrw5yxgGotmNmDEMA8152q9TruwiB81rC
CoVjwdayXzrxC8Mydb2ZztTDdYDCH4R61kTuZwV1HYEPrnUnvVHk
CoWMz8y94jFPAi7fUanmpLcmg7vGFTxpYq67xvns4nicHxJbsKGe
CoUnCWsXWxkAj8bbzsHsX8kkH1pUTvmQCjsatb2o1Bz2WG2Je7Ye
CoUsskwGTv2FMWkijxzDs8iMc8zWbXhdog5t34gzimJNSGNgFhcH
CoVhnRgxxZC22q1LAvCkq41SCkpSzvzSU6x5PEyYwcFKrYMV5CA8
CoWMha7pwzwU7nf3ZubP25NyUUy3j8ZKH6cXNnBVVQLHbfSBKX2L
CoVkXUQDE69fKeow4NVsQ7ghSz8p7L8kMVE2KVf5fyxDeMWvD7u9
CoV142JjmkXFLTfTGNXxkeKkPmvau9GPGHr15xHwLtqvZRsJwB7M
CoWL7C8kdmjPtYpyetktHXr7ygBdTKMKrznyCm7JqeMK7hWgXKyg
CoUwwY9E7JTgTZhA8V1soUMTNkVNQJiSoSzbhsg81iMVkWDcRHs2
CoVQCr6ByKJtaY2UHKJ9Tpd94s5E6orQXdhiRHdEdHDkANzgUdTJ
CoVcy4UcoFr24GLQmotdVvy3qTZntsf5hU4bPTGKBdoLm2bAWmn2
CoWKfZ66mzjsfZyo7FQ6QsgdFb84PXrKWxmuCREV3J6foKyWdRBo
CoWXDDH17qKhvUPKgA1FciDiae1Gbs8r4kK2ZGemq5RJ2mv7svCR
CoVTFGUdRwiLgUUeRwDpQYHhgria2Vbsty3deUHhw6J5Vg6ToFmg
CoVG6nsbAEmeQYRYHqAB59UaCQUdfkaKEX5szN4k6cQs3nRoWGy1
CoVcQQvZDhhfATL3HTyiNT9DAxM3MWDdGnC886yD2WiJx8QzFi1f
CoVAJcCrP1iRqdeGiMWFxDiykPMtcF4DQVrqqig9kwrcLfV94jSz
CoVdoxeEsWXukbECiKHRgsn7WChCSKzr7SDkZKHFBYBfjFMPpUKU
CoUiASbrZSVtFVLxZBcRVHbDaaUThXaTp2Pefhv8jAEZYrCE7Kpu
CoVeaQxdaqYSYAPD8hFJGNva67JrXzpQ19cJHMCP5jUaeQqvR3JN
CoWEoskDNGhKHnCpZfVpCvHQow8mUE6UBoqg9NCxJY4TQu7RLAqM
CoWD34uHQFYGzwvHMMapmPCyAgLH4Kxn4NgtJ8UBfdYsnv3p87kT
CoVRkz4MyrgR7NYN2pZexqur1jR6SsZPv3FrY2WCVm1qn4gksh2n
CoVxbuR5Th1fRDvJWnwRtTktn7TosdXp9DhPqGw132Av758TXBvy
CoUkgthvKNaGzkXjJtWEc4cCHQxdrEUpNZcfAhajXqvnYGA9mcnE
CoVRXTte2aRHUmYau7ay7TL3ovtok2eemhfLCLGjMYVR8vgHAhww
CoVNcVBvcEpAhR4i1ev8TgEyL5NBSkKbpTiaiw9Zv9gQYdaoHd1h
CoVuqmz2X5qYmcNWvyU9HsMrFu785fP5FLgBwLnrBzJURM9Spub4
CoUi4zGmX6eQwTon2EbebV3XBM5qxCfMn75GvvPMWrx42faQeuhH
CoVALbn3mwCjpVNrNczoydVUU734tifaYiTsu7zC2oziRQHuVvdq
CoVLLp5FaGosM6eCCehApHHQurhR2hSJBsQu2G7BEoWEAb7z3dHC
CoUq1j84cYE7HncPC7Gf9wwyYCdnJj6zgaMbJzTQoZcppMB6nfxa
CoUz6nCjBzzkCXyHSpGa7hmHmUP3kZ9iBxNEtLSToADF65GX9chg
CoVp4FGfgpG4af6dkqmPagQn2eTfmhpNZRraGvy7zbUjJfvg566p
CoVmBFaU9eRYX1UQD67UGsNu4sA9CZ2XGeUJgU7JkPyzwP7UEmwv
CoUm64u2958ehAtCXHwsiLtQpbBrX5qiYMpGYap423msuG2UWsLo
CoWJDN3hscZsNUnJddgV7SiaAyZh5btyJRjDptTRsVC1S8NVQYAB
CoVqecfHZjjTB9iH1isM45YwVuUaLnfpxg1RbWvo76osQBG92ZxV
CoV7b8uu3Zufop95QHatQt2xVyWMw9uqMQM39smCmiojbrDL4ARp
CoUobPbdmxg6iyXn9RnkkJ54kvbwbCFpYwbroidrjthsgGW8EMuQ
CoWNmaaBbkBjUFwtFUv1ir2jeSAZiZ5r5e7DPzEYeqz1PEvSeJR5
CoV7yB3WTbccb1wLaryiizgMjtkAZfKPVLB8gbEtazpZTVuCiCbE
CoV7aLjm5SmnMU8fUnTRLszKzsBGVES3VAN3pUFQqEE1KpaBFYWR
CoVLRMwJMHCJiRnvEUXUXdE9UrNHjPY27dqh1md8xJZQPVBA8Zaa
CoWaRJ3UNNTu3LniwGShzi7YDjCVX7nxxFhYhzN7Z4o7thEtqhC1
CoVFgs6pDQHeNPCgkY27kqiSpVjxUcoRvqMBUzwdKY1tHCmkp3nj
CoWRg3Fa3qTzczK8s2riMDNqCQemYWadAjW9uJUJHtZ1APYWUsAP
CoWTXzaXAVGTqxZB9ZrZic7UD99RDbDHq4CEB7F8uGJKwnZKX2bZ
CoVKATZhpBbJgMsyQZDMN9F3r7xx1kuZHEVvLKRNR8z2NLWHhKCF
CoVTgoyHhjhUNEb7i1zJfKii2GayZeJBbtVRyKkQvF9QdEoTrJ8R
CoVWKfLCwMfxh5Hqg4oaxkq9SvRsVBjZDKsLnjf8HGwrEPsszwKL
CoVcyJKNZknH2cA2wBiWeZ7b78VHnyUENAnnyeJbLv1egsP6mBww
CoWUhZ1uVKDQPRifjFtUCMjH3hDSF9te7vLsUMU1VZfyjj4fPnxH
CoVXBAtEDta6XQ1frPh1XyofbxMA6mPCivmHUfQqUziMuTmoeRXn
CoUthRHzssvPLVfXnwdvGtXnw8BJEQyteyt5g29T36oU1eBq4Wp7
CoUnfs6LfKLQWhErqARm4m3MbS5p61QjKUr6Pza7GomBE4VPuQXn
CoUyxTBZuRDmHUy9MbFDN92njzB5T5vnDzEKdx2xWNKWC2iYWyUk
CoV98MLhQHjgpXoqkYHNberJ72S3mDdhsu3FBLNXnDZFhhJgAmAV
CoVcUnW1SDsFkjv4PZDRNWULJUX6sSMVf1wfJXkTq3EkDTKg97Cq
CoVqzVUbCB9jZAsPhHvs3xKq3HyArHA1mdUK839c3xzwziEifvW3
CoV4qdPooHkGBjLWMRWgQ7o51J7yTPEHbbJzzsrU9NiWTTu9wSqi
CoVVXX7mRYRuhR2gwz2RsuAj3Dqb8pJHa2i34hxbL9HdeC8DDknE
CoVx8MMoe3pU9WGujwzfir73Dx9RcJN89zHpwaY5kM4jevwv1P6h
CoVkXqdM5u8EYZRND5pwq6uGw9nJDm6kSoDbTsdiAatjr4ygjSfU
CoWFdpV6ZXGbk9jrSdZvwrQX1b9yNkGt56duGsmLpjJU5y32USqL
CoVfJ5cHFMrs5fzujdgFbmbLVREKY7yk7kdvWhUj2YQKcnid8rsY
CoWBhuimh6vnQHaYxpvaC2E6RuvNLa7KMqXVSqhcVppkL4SdDAp2
CoVdEp99FMRA1WgYZAoBAbUtNy5zohC25u9XW3asZpyZ13PMywcy
CoWDrZXtnSn5eUMRSAC9Z1CDyA97HjankJo6a5QFhuvu95JYkSGg
CoUt35hRPng5RjuNFXxedUHKswzsZjyc1j6Aew1EwE8xeP8bgkfR
CoUntBoK27dXPw6Kw5AjFjeBLgAmHAagKWiQBjTkLuZ7nW2zJpRu
CoWZzwJ41CTyNCobcrTY6HVNGv3PyFvrwpKSs2yQrpMeQYsYiDWb
CoW1VaYM2r7dScfXsBCGCT9cFffdM9BUUmjpv5hC5r9KESkptFYj
CoWPABkqbmZcp9C85txzLHBW44wZArH7FQayQm1xHKEFQJtci7Qb
CoVKiceT3BZtPo9jq39aqqLvTqubUvrdpZCWjfZLi3NxK1zDUUJs
CoWBPZei3TxJoEc2FvxjZhJKzfnuquGzB3k7ca5NM5pMtYKsM8qP
CoV5DGM8DCmxnjMPpresNZRN1b2YGxmQPEj2dmY82Ugtc2u4DWvc
CoV3eJZDBLDKQPwunCciWfttXcU3QzWkpwEiSDVNHTNKLxkJVZF3
CoUh5brpMraJPkryQhFJsvHEGYnYHsfJzd3WYSjDKWzZV7swQmnj
CoV4G2DwcyvYGetyNU8mBARWC5AeQeTC64VTCtGbPxXgJEPy7vub
CoVXBNiTacpVUbQo1cX8PSHvgiJVdc6yXNZe62t6qN8axSWhfVPo
CoWYm4RAsjTjXRrsJZ1TZxBd6JmpoLpHcaZNTLezcCNmDrHB2GJ5
CoW3WS1rh8h3EpXgyhJdFswGPZTWiLSQf8MdVwG2AF6d3KcipU1H
CoW9V5cpkK8WAVSHpt1gZHFFje6HoqEZUtzy9SfkVtzrLKc3m7zr
CoWQenAXcyUyawaiMXBnPwNWg6PzhgCoFkfTyesRYyxedTMoBc89
CoWQtoAWA7MK1xS2j1BxbkxttdgUQnQnJWp5jKEzLr2Htm8DNPps
CoW4WgbaygPevU93ddakRcPj7YkwoHCqG7TsYZ4E1FNNNW1qxYYn
CoVxpMhAppsboEZYWdizT6McjJSUmFZmWbsuiG8ony1SzJvZN94D
CoW5dm9uddzHpgtVArCxHiByGm8TTFFWePWTzZvtNRdH1gKRcur6
CoVSmvyrHddkW9sQNcjqTLzVv5NjFYENsVNaFWbxgUKoPADt2Nfh
CoUn82hSRDuMTfLAMUpWzk4Btd1kqibCmPpXeJ8dy8gpSouQgN5k
CoVoHkAJBaan5d2PMzRd6CaAjviiXru7LH1WmGpuQLMBqaCNNg7L
CoV5cXnsqmTRaQ6LCW5t25ywkJVmp7q8oPmW4ydFqHctUozPK8gJ
CoUfQ2ABs9q6ixpVqVn8B2G79aZ2uJqxF2BuEXHcDWrVzYrj7TcJ
CoVktLgrRJM184YdCU7g1JCryzP2W1DvgivcYM2qbwaFbZx8SPge
CoVroDjhPWTkQtQGpR9iRoCj87x5DXHDVU79Hkkn7tV5e4Cjos5P
CoVg1s34EtEi14yid7EQYcmBhyRtKmDGpRg4bkATfzYwZLh7ANBp
CoWCqPJZHhvZg3E4eCxQANV66VbYByWYS9uc2CmCYxnwfUhPBM5b
CoVd7YGktVTM5or1So68qXdkMh35jx5RPaNTZrkdy9ZVMWeubfBf
CoV8o5ShUWzzJKzbjtb1bX8KJfGRzJaiGynQnEvNfKr3ADwczFdn
CoWWW7dEhVGgbqyBM9AJSdCamKtRSC5fSXZL7TBta9qafXSNUzbj
CoVYpaGnvtYbAoA4fgnV5g5MH9bd72FHAdKbRESswJeiPGvaDoa1
CoW7fTZdDb2Hqdj5JsXiPX94Ar1sLNxVkZv8r3XQhXpHr453Gxzp
CoUkBdM34QMkuwK5Y6ZraTPQhnWXBYV3VD5n9UZbHjNacUPJmXVr
CoVXjxtWFUcrvzaNfk3SaYBkRtUERunyoqfY9HPPzuaYGkdjnrVi
