6000000, 1182
6000001, 2696
6000002, 2748
6030896, 2775
6030897, 2833
6030898, 2810
6061792, 4201
6061793, 4200
6061794, 4236
6092688, 4299
6092689, 4298
6092690, 4230
6123584, 3970
6123585, 3970
6123586, 3970
6154480, 2999
6154481, 3035
6154482, 2967
6185376, 3243
6185377, 3247
6185378, 3247
6216272, 3355
6216273, 3284
6216274, 3280
6247168, 3032
6247169, 2960
6247170, 2958
6278064, 2634
6278065, 4504
6278066, 2882
6308960, 2882
6308961, 2589
6308962, 3024
6339856, 3114
6339857, 2927
6339858, 2634
6370752, 2634
6370753, 3126
6370754, 2927
6401648, 2927
6401649, 2634
6401650, 3114
6432544, 3024
6432545, 2837
6432546, 2589
6463440, 2589
6463441, 3028
6463442, 2882
6494336, 2927
6494337, 2634
6494338, 3114
6525232, 3114
6525233, 2927
6525234, 2634
6556128, 2634
6556129, 5580
6556130, 2882
6587024, 2882
6587025, 2634
6587026, 3114
6617920, 3114
6617921, 2927
6617922, 2634
6648816, 2634
6648817, 3198
6648818, 2927
6679712, 2882
6679713, 2589
6679714, 3024
6710608, 3024
6710609, 2837
6710610, 2589
6741504, 2634
6741505, 3126
6741506, 2927
6772400, 2927
6772401, 2634
6772402, 3114
6803296, 3114
6803297, 2927
6803298, 2634
6834192, 2589
6834193, 3028
6834194, 2882
6865088, 2882
6865089, 2634
6865090, 3114
6895984, 3114
6895985, 2927
6895986, 2634
6926880, 2634
6926881, 4717
6926882, 2882
6957776, 2882
6957777, 2589
6957778, 3024
6988672, 3114
6988673, 2927
6988674, 2634
7019568, 2634
7019569, 3126
7019570, 2927
7050464, 2927
7050465, 2634
7050466, 3114
7081360, 3024
7081361, 2837
7081362, 2589
7112256, 2589
7112257, 3028
7112258, 2882
7143152, 2927
7143153, 2634
7143154, 3114
7174048, 3114
7174049, 2927
7174050, 2634
7204944, 2634
7204945, 5438
7204946, 2882
7235840, 2503
7235841, 2268
7235842, 1868
7266736, 2989
7266737, 2989
7266738, 2715
7297632, 2078
7297633, 1773
7297634, 3609
7328528, 1181
7328529, 1181
7328530, 1181
7359424, 1181
7359425, 1181
7359426, 1181
7390320, 1181
7390321, 1181
7390322, 1181
7421216, 1181
7421217, 1181
7421218, 1181
7452112, 1181
7452113, 1181
7452114, 1181
7483008, 1181
7483009, 1181
7483010, 1181
7513904, 1181
7513905, 1181
7513906, 1181
7544800, 1181
7544801, 1181
7544802, 1181
7575696, 1181
7575697, 1181
7575698, 1181
7606592, 1181
7606593, 1181
7606594, 1181
7637488, 1181
7637489, 1181
7637490, 1181
7668384, 1181
7668385, 1181
7668386, 1181
7699280, 1181
7699281, 1181
7699282, 1181
7730176, 1181
7730177, 1181
7730178, 1181
7761072, 1181
7761073, 1181
7761074, 1181
7791968, 1181
7791969, 1181
7791970, 1181
7822864, 1181
7822865, 1181
7822866, 1181
7853760, 1181
7853761, 1181
7853762, 1181
7884656, 1181
7884657, 1181
7884658, 1181
7915552, 1181
7915553, 1181
7915554, 1181
7946448, 1181
7946449, 1181
7946450, 1181
7977344, 1181
7977345, 1181
7977346, 1181
8008240, 1181
8008241, 1181
8008242, 1181
8039136, 1181
8039137, 1181
8039138, 1181
8070032, 1181
8070033, 1181
8070034, 1181
8100928, 1181
8100929, 1181
8100930, 1181
8131824, 1181
8131825, 1181
8131826, 1181
8162720, 1181
8162721, 1181
8162722, 1181
8193616, 1181
8193617, 1181
8193618, 1181
8224512, 1181
8224513, 1181
8224514, 1181
8255408, 1181
8255409, 1181
8255410, 1181
8286304, 1181
8286305, 1181
8286306, 1181
8317200, 1181
8317201, 1181
8317202, 1181
8348096, 1181
8348097, 1181
8348098, 1181
8378992, 1181
8378993, 1181
8378994, 1181
8409888, 1181
8409889, 1181
8409890, 1181
8440784, 1181
8440785, 1181
8440786, 1181
8471680, 1181
8471681, 1181
8471682, 1181
8502576, 1181
8502577, 1181
8502578, 1181
8533472, 1181
8533473, 1181
8533474, 1181
8564368, 1181
8564369, 1181
8564370, 1181
8595264, 1181
8595265, 1181
8595266, 1181
8626160, 1181
8626161, 1181
8626162, 1181
8657056, 1181
8657057, 1181
8657058, 1181
8687952, 1181
8687953, 1181
8687954, 1181
8718848, 1181
8718849, 1181
8718850, 1181
8749744, 1181
8749745, 1181
8749746, 1181
8780640, 1181
8780641, 1181
8780642, 1181
8811536, 1181
8811537, 1181
8811538, 1181
8842432, 1181
8842433, 1181
8842434, 1181
8873328, 1181
8873329, 1181
8873330, 1181
8904224, 1181
8904225, 1181
8904226, 1181
8935120, 1181
8935121, 1181
8935122, 1181
8966016, 1181
8966017, 1181
8966018, 1181
8996912, 1181
8996913, 1181
8996914, 1181
9027808, 1181
9027809, 1181
9027810, 1181
9058704, 1181
9058705, 1181
9058706, 1181
9089600, 1181
9089601, 1181
9089602, 1181
9120496, 1181
9120497, 1181
9120498, 1181
9151392, 1181
9151393, 1181
9151394, 1181
9182288, 1181
9182289, 1181
9182290, 1181
9213184, 1181
9213185, 1181
9213186, 1181
9244080, 1181
9244081, 1181
9244082, 1181
9274976, 1181
9274977, 1181
9274978, 1181
9305872, 1181
9305873, 1181
9305874, 1181
9336768, 1181
9336769, 1181
9336770, 1181
9367664, 1181
9367665, 1181
9367666, 1181
9398560, 1181
9398561, 1181
9398562, 1181
9429456, 1181
9429457, 1181
9429458, 1181
9460352, 1181
9460353, 1181
9460354, 1181
9491248, 1181
9491249, 1181
9491250, 1181
9522144, 1181
9522145, 1181
9522146, 1181
9553040, 1181
9553041, 1181
9553042, 1181
9583936, 1181
9583937, 1181
9583938, 1181
9614832, 1181
9614833, 1181
9614834, 1181
9645728, 1181
9645729, 1181
9645730, 1181
9676624, 1181
9676625, 1181
9676626, 1181
9707520, 1181
9707521, 1181
9707522, 1181
9738416, 1181
9738417, 1181
9738418, 1181
9769312, 1181
9769313, 1181
9769314, 1181
9800208, 1181
9800209, 1181
9800210, 1181
9831104, 1181
9831105, 1181
9831106, 1181
9862000, 1181
9862001, 1181
9862002, 1181
9892896, 1181
9892897, 1181
9892898, 1181
9923792, 1181
9923793, 1181
9923794, 1181
9954688, 1181
9954689, 1181
9954690, 1181
9985584, 1181
9985585, 1181
9985586, 1181
10016480, 1181
10016481, 1181
10016482, 1181
10047376, 1181
10047377, 1181
10047378, 1181
10078272, 1181
10078273, 1181
10078274, 1181
10109168, 1181
10109169, 1181
10109170, 1181
10140064, 1181
10140065, 1181
10140066, 1181
10170960, 1181
10170961, 1181
10170962, 1181
10201856, 1181
10201857, 1181
10201858, 1181
10232752, 1181
10232753, 1181
10232754, 1181
10263648, 1181
10263649, 1181
10263650, 1181
10294544, 1181
10294545, 1181
10294546, 1181
10325440, 1181
10325441, 1181
10325442, 1181
10356336, 1181
10356337, 1181
10356338, 1181
10387232, 1181
10387233, 1181
10387234, 1181
10418128, 1181
10418129, 1181
10418130, 1181
10449024, 1181
10449025, 1181
10449026, 1181
10479920, 1181
10479921, 1181
10479922, 1181
10510816, 1181
10510817, 1181
10510818, 1181
10541712, 1181
10541713, 1181
10541714, 1181
10572608, 1181
10572609, 1181
10572610, 1181
10603504, 1181
10603505, 1181
10603506, 1181
10634400, 1181
10634401, 1181
10634402, 1181
10665296, 1181
10665297, 1181
10665298, 1181
10696192, 1181
10696193, 1181
10696194, 1181
10727088, 1181
10727089, 1181
10727090, 1181
10757984, 1181
10757985, 1181
10757986, 1181
10788880, 1181
10788881, 1181
10788882, 1181
10819776, 1181
10819777, 1181
10819778, 1181
10850672, 1181
10850673, 1181
10850674, 1181
10881568, 1181
10881569, 1181
10881570, 1181
10912464, 1181
10912465, 1181
10912466, 1181
10943360, 1181
10943361, 1181
10943362, 1181
10974256, 1181
10974257, 1181
10974258, 1181
11005152, 1181
11005153, 1181
11005154, 1181
11036048, 1181
11036049, 1181
11036050, 1181
11066944, 1181
11066945, 1181
11066946, 1181
11097840, 1181
11097841, 1181
11097842, 1181
11128736, 1181
11128737, 1181
11128738, 1181
11159632, 1181
11159633, 1181
11159634, 1181
11190528, 1181
11190529, 1181
11190530, 1181
11221424, 1181
11221425, 1181
11221426, 1181
11252320, 1181
11252321, 1181
11252322, 1181
11283216, 1181
11283217, 1181
11283218, 1181
11314112, 1181
11314113, 1181
11314114, 1181
11345008, 1181
11345009, 1181
11345010, 1181
11375904, 1181
11375905, 1181
11375906, 1181
11406800, 1181
11406801, 1181
11406802, 1181
11437696, 1181
11437697, 1181
11437698, 1181
11468592, 1181
11468593, 1181
11468594, 1181
11499488, 1181
11499489, 1181
11499490, 1181
11530384, 1181
11530385, 1181
11530386, 1181
11561280, 1181
11561281, 1181
11561282, 1181
11592176, 1181
11592177, 1181
11592178, 1181
11623072, 1181
11623073, 1181
11623074, 1181
11653968, 1181
11653969, 1181
11653970, 1181
11684864, 1181
11684865, 1181
11684866, 1181
11715760, 1181
11715761, 1181
11715762, 1181
11746656, 1181
11746657, 1181
11746658, 1181
11777552, 1181
11777553, 1181
11777554, 1181
11808448, 1181
11808449, 1181
11808450, 1181
11839344, 1181
11839345, 1181
11839346, 1181
11870240, 1181
11870241, 1181
11870242, 1181
11901136, 1181
11901137, 1181
11901138, 1181
11932032, 1181
11932033, 1181
11932034, 1181
11962928, 1181
11962929, 1181
11962930, 1181
11993824, 1181
11993825, 1181
11993826, 1181
12024720, 3983
12024721, 4018
12024722, 4053
12055616, 4305
12055617, 4340
12055618, 4375
12086512, 4410
12086513, 4408
12086514, 4444
12117408, 4273
12117409, 4413
12117410, 4378
12148304, 3061
12148305, 3063
12148306, 3104
12179200, 3036
12179201, 2996
12179202, 3065
12210096, 3242
12210097, 3276
12210098, 3247
12240992, 3104
12240993, 3066
12240994, 3068
12271888, 3114
12271889, 2927
12271890, 2634
12302784, 2634
12302785, 5438
12302786, 2882
12333680, 2882
12333681, 2634
12333682, 3114
12364576, 3114
12364577, 2927
12364578, 2634
12395472, 2634
12395473, 3198
12395474, 2927
12426368, 2882
12426369, 2589
12426370, 3024
12457264, 3024
12457265, 2837
12457266, 2589
12488160, 2634
12488161, 3126
12488162, 2927
12519056, 2927
12519057, 2634
12519058, 3114
12549952, 3114
12549953, 2927
12549954, 2634
12580848, 2589
12580849, 3028
12580850, 2882
12611744, 2882
12611745, 2634
12611746, 3114
12642640, 3114
12642641, 2927
12642642, 2634
12673536, 2634
12673537, 4650
12673538, 2882
12704432, 2882
12704433, 2589
12704434, 3024
12735328, 3114
12735329, 2927
12735330, 2634
12766224, 2634
12766225, 3126
12766226, 2927
12797120, 2927
12797121, 2634
12797122, 3114
12828016, 3024
12828017, 2837
12828018, 2589
12858912, 2589
12858913, 3028
12858914, 2882
12889808, 2927
12889809, 2634
12889810, 3114
12920704, 3114
12920705, 2927
12920706, 2634
12951600, 2634
12951601, 5438
12951602, 2882
12982496, 2882
12982497, 2634
12982498, 3114
13013392, 3114
13013393, 2927
13013394, 2634
13044288, 2634
13044289, 3198
13044290, 2927
13075184, 2882
13075185, 2589
13075186, 3024
13106080, 3024
13106081, 2837
13106082, 2589
13136976, 2634
13136977, 3126
13136978, 2927
13167872, 2927
13167873, 2634
13167874, 3114
13198768, 3114
13198769, 2927
13198770, 2634
13229664, 1773
13229665, 3602
13229666, 2078
13260560, 2836
13260561, 2744
13260562, 2909
13291456, 2857
13291457, 2780
13291458, 2788
13322352, 1868
13322353, 3682
13322354, 2268
13353248, 2285
13353249, 2123
13353250, 1773
13384144, 2268
13384145, 1868
13384146, 3712
13415040, 1868
13415041, 3751
13415042, 2268
13445936, 2268
13445937, 1868
13445938, 2608
13476832, 1868
13476833, 2385
13476834, 2223
13507728, 1823
13507729, 3625
13507730, 2178
13538624, 4022
13538625, 2223
13538626, 1823
13569520, 3784
13569521, 2268
13569522, 1868
13600416, 1868
13600417, 2576
13600418, 2268
13631312, 1868
13631313, 3817
13631314, 2268
13662208, 3747
13662209, 2268
13662210, 1868
13693104, 2145
13693105, 2033
13693106, 1773
13724000, 1818
13724001, 3847
13724002, 2168
13754896, 1181
13754897, 1181
13754898, 1181
13785792, 1181
13785793, 1181
13785794, 1181
13816688, 1181
13816689, 1181
13816690, 1181
13847584, 1181
13847585, 1181
13847586, 1181
13878480, 1181
13878481, 1181
13878482, 1181
13909376, 1181
13909377, 1181
13909378, 1181
13940272, 1181
13940273, 1181
13940274, 1181
13971168, 1181
13971169, 1181
13971170, 1181
14002064, 1181
14002065, 1181
14002066, 1181
14032960, 1181
14032961, 1181
14032962, 1181
14063856, 1181
14063857, 1181
14063858, 1181
14094752, 1181
14094753, 1181
14094754, 1181
14125648, 1181
14125649, 1181
14125650, 1181
14156544, 1181
14156545, 1181
14156546, 1181
14187440, 1181
14187441, 1181
14187442, 1181
14218336, 1181
14218337, 1181
14218338, 1181
14249232, 1181
14249233, 1181
14249234, 1181
14280128, 1181
14280129, 1181
14280130, 1181
14311024, 1181
14311025, 1181
14311026, 1181
14341920, 1181
14341921, 1181
14341922, 1181
14372816, 1181
14372817, 1181
14372818, 1181
14403712, 1181
14403713, 1181
14403714, 1181
14434608, 1181
14434609, 1181
14434610, 1181
14465504, 1181
14465505, 1181
14465506, 1181
14496400, 1181
14496401, 1181
14496402, 1181
14527296, 1181
14527297, 1181
14527298, 1181
14558192, 1181
14558193, 1181
14558194, 1181
14589088, 1181
14589089, 1181
14589090, 1181
14619984, 1181
14619985, 1181
14619986, 1181
14650880, 1181
14650881, 1181
14650882, 1181
14681776, 1181
14681777, 1181
14681778, 1181
14712672, 1181
14712673, 1181
14712674, 1181
14743568, 1181
14743569, 1181
14743570, 1181
14774464, 1181
14774465, 1181
14774466, 1181
14805360, 1181
14805361, 1181
14805362, 1181
14836256, 1181
14836257, 1181
14836258, 1181
14867152, 1181
14867153, 1181
14867154, 1181
14898048, 1181
14898049, 1181
14898050, 1181
14928944, 1181
14928945, 1181
14928946, 1181
14959840, 1181
14959841, 1181
14959842, 1181
14990736, 1181
14990737, 1181
14990738, 1181
15021632, 1181
15021633, 1181
15021634, 1181
15052528, 1181
15052529, 1181
15052530, 1181
15083424, 1181
15083425, 1181
15083426, 1181
15114320, 1181
15114321, 1181
15114322, 1181
15145216, 1181
15145217, 1181
15145218, 1181
15176112, 1181
15176113, 1181
15176114, 1181
15207008, 1181
15207009, 1181
15207010, 1181
15237904, 1181
15237905, 1181
15237906, 1181
15268800, 1181
15268801, 1181
15268802, 1181
15299696, 1181
15299697, 1181
15299698, 1181
15330592, 1181
15330593, 1181
15330594, 1181
15361488, 1181
15361489, 1181
15361490, 1181
15392384, 1181
15392385, 1181
15392386, 1181
15423280, 1181
15423281, 1181
15423282, 1181
15454176, 1181
15454177, 1181
15454178, 1181
15485072, 1181
15485073, 1181
15485074, 1181
15515968, 1181
15515969, 1181
15515970, 1181
15546864, 1181
15546865, 1181
15546866, 1181
15577760, 1181
15577761, 1181
15577762, 1181
15608656, 1181
15608657, 1181
15608658, 1181
15639552, 1181
15639553, 1181
15639554, 1181
15670448, 1181
15670449, 1181
15670450, 1181
15701344, 1181
15701345, 1181
15701346, 1181
15732240, 1181
15732241, 1181
15732242, 1181
15763136, 1181
15763137, 1181
15763138, 1181
15794032, 1181
15794033, 1181
15794034, 1181
15824928, 1181
15824929, 1181
15824930, 1181
15855824, 1181
15855825, 1181
15855826, 1181
15886720, 1181
15886721, 1181
15886722, 1181
15917616, 1181
15917617, 1181
15917618, 1181
15948512, 1181
15948513, 1181
15948514, 1181
15979408, 1181
15979409, 1181
15979410, 1181
16010304, 1181
16010305, 1181
16010306, 1181
16041200, 1181
16041201, 1181
16041202, 1181
16072096, 1181
16072097, 1181
16072098, 1181
16102992, 1181
16102993, 1181
16102994, 1181
16133888, 1181
16133889, 1181
16133890, 1181
16164784, 1181
16164785, 1181
16164786, 1181
16195680, 1181
16195681, 1181
16195682, 1181
16226576, 1181
16226577, 1181
16226578, 1181
16257472, 1181
16257473, 1181
16257474, 1181
16288368, 1181
16288369, 1181
16288370, 1181
16319264, 1181
16319265, 1181
16319266, 1181
16350160, 1181
16350161, 1181
16350162, 1181
16381056, 1181
16381057, 1181
16381058, 1181
16411952, 1181
16411953, 1181
16411954, 1181
16442848, 1181
16442849, 1181
16442850, 1181
16473744, 1181
16473745, 1181
16473746, 1181
16504640, 1181
16504641, 1181
16504642, 1181
16535536, 1181
16535537, 1181
16535538, 1181
16566432, 1181
16566433, 1181
16566434, 1181
16597328, 1181
16597329, 1181
16597330, 1181
16628224, 1181
16628225, 1181
16628226, 1181
16659120, 1181
16659121, 1181
16659122, 1181
16690016, 1181
16690017, 1181
16690018, 1181
16720912, 1181
16720913, 1181
16720914, 1181
16751808, 1181
16751809, 1181
16751810, 1181
16782704, 1181
16782705, 1181
16782706, 1181
16813600, 1181
16813601, 1181
16813602, 1181
16844496, 1181
16844497, 1181
16844498, 1181
16875392, 1181
16875393, 1181
16875394, 1181
16906288, 1181
16906289, 1181
16906290, 1181
16937184, 1181
16937185, 1181
16937186, 1181
16968080, 1181
16968081, 1181
16968082, 1181
16998976, 1181
16998977, 1181
16998978, 1181
17029872, 1181
17029873, 1181
17029874, 1181
17060768, 1181
17060769, 1181
17060770, 1181
17091664, 1181
17091665, 1181
17091666, 1181
17122560, 1181
17122561, 1181
17122562, 1181
17153456, 1181
17153457, 1181
17153458, 1181
17184352, 1181
17184353, 1181
17184354, 1181
17215248, 1181
17215249, 1181
17215250, 1181
17246144, 1181
17246145, 1181
17246146, 1181
17277040, 1181
17277041, 1181
17277042, 1181
17307936, 1181
17307937, 1181
17307938, 1181
17338832, 1181
17338833, 1181
17338834, 1181
17369728, 1181
17369729, 1181
17369730, 1181
17400624, 1181
17400625, 1181
17400626, 1181
17431520, 1181
17431521, 1181
17431522, 1181
17462416, 1181
17462417, 1181
17462418, 1181
17493312, 1181
17493313, 1181
17493314, 1181
17524208, 1181
17524209, 1181
17524210, 1181
17555104, 1181
17555105, 1181
17555106, 1181
17586000, 1181
17586001, 1181
17586002, 1181
17616896, 1181
17616897, 1181
17616898, 1181
17647792, 1181
17647793, 1181
17647794, 1181
17678688, 1181
17678689, 1181
17678690, 1181
17709584, 1181
17709585, 1181
17709586, 1181
17740480, 1181
17740481, 1181
17740482, 1181
17771376, 1181
17771377, 1181
17771378, 1181
17802272, 1181
17802273, 1181
17802274, 1181
17833168, 1181
17833169, 1181
17833170, 1181
17864064, 1181
17864065, 1181
17864066, 1181
17894960, 1181
17894961, 1181
17894962, 1181
17925856, 1181
17925857, 1181
17925858, 1181
17956752, 1181
17956753, 1181
17956754, 1181
17987648, 1181
17987649, 1181
17987650, 1181
18018544, 4374
18018545, 4409
18018546, 4409
18049440, 4552
18049441, 4588
18049442, 4554
18080336, 4307
18080337, 4271
18080338, 3682
18111232, 4267
18111233, 4267
18111234, 4303
18142128, 4079
18142129, 4079
18142130, 4079
18173024, 3250
18173025, 3245
18173026, 3207
18203920, 3001
18203921, 3032
18203922, 2993
18234816, 3179
18234817, 3216
18234818, 3149
18265712, 2927
18265713, 2634
18265714, 3114
18296608, 3114
18296609, 2927
18296610, 2634
18327504, 2589
18327505, 3028
18327506, 2882
18358400, 2882
18358401, 2634
18358402, 3114
18389296, 3114
18389297, 2927
18389298, 2634
18420192, 2634
18420193, 4574
18420194, 2882
18451088, 2882
18451089, 2589
18451090, 3024
18481984, 3114
18481985, 2927
18481986, 2634
18512880, 2634
18512881, 3126
18512882, 2927
18543776, 2927
18543777, 2634
18543778, 3114
18574672, 3024
18574673, 2837
18574674, 2589
18605568, 2589
18605569, 3028
18605570, 2882
18636464, 2927
18636465, 2634
18636466, 3114
18667360, 3114
18667361, 2927
18667362, 2634
18698256, 2634
18698257, 5510
18698258, 2882
18729152, 2882
18729153, 2634
18729154, 3114
18760048, 3114
18760049, 2927
18760050, 2634
18790944, 2634
18790945, 3198
18790946, 2927
18821840, 2882
18821841, 2589
18821842, 3024
18852736, 3024
18852737, 2837
18852738, 2589
18883632, 2634
18883633, 3126
18883634, 2927
18914528, 2927
18914529, 2634
18914530, 3114
18945424, 3114
18945425, 2927
18945426, 2634
18976320, 2589
18976321, 3028
18976322, 2882
19007216, 2882
19007217, 2634
19007218, 3114
19038112, 3114
19038113, 2927
19038114, 2634
19069008, 2634
19069009, 4717
19069010, 2882
19099904, 2882
19099905, 2589
19099906, 3024
19130800, 3114
19130801, 2927
19130802, 2634
19161696, 2634
19161697, 3126
19161698, 2927
19192592, 2927
19192593, 2634
19192594, 3114
19223488, 3024
19223489, 2837
19223490, 2589
19254384, 1818
19254385, 2283
19254386, 2123
19285280, 2128
19285281, 1823
19285282, 3625
19316176, 1818
19316177, 4128
19316178, 2168
19347072, 3724
19347073, 2168
19347074, 1818
19377968, 1773
19377969, 2243
19377970, 2078
19408864, 1868
19408865, 2391
19408866, 2268
19439760, 1823
19439761, 2405
19439762, 2223
19470656, 3372
19470657, 1988
19470658, 1728
19501552, 2168
19501553, 1818
19501554, 3616
19532448, 2453
19532449, 2268
19532450, 1868
19563344, 1773
19563345, 3386
19563346, 2078
19594240, 3525
19594241, 2078
19594242, 1773
19625136, 2285
19625137, 2123
19625138, 1773
19656032, 2250
19656033, 2033
19656034, 1773
19686928, 3678
19686929, 2268
19686930, 1868
19717824, 2473
19717825, 2168
19717826, 1818
19748720, 1818
19748721, 2543
19748722, 2168
19779616, 2690
19779617, 1728
19779618, 3365
19810512, 2293
19810513, 2168
19810514, 1818
19841408, 2123
19841409, 1818
19841410, 3612
19872304, 1818
19872305, 3647
19872306, 2168
19903200, 1818
19903201, 2353
19903202, 2168
19934096, 2078
19934097, 1773
19934098, 3493
19964992, 2168
19964993, 1818
19964994, 3614
19995888, 2187
19995889, 2078
19995890, 1773
20026784, 2168
20026785, 1818
20026786, 2353
20057680, 2033
20057681, 1728
20057682, 3433
20088576, 3578
20088577, 2168
20088578, 1818
20119472, 1728
20119473, 2889
20119474, 2033
20150368, 1988
20150369, 1728
20150370, 2250
20181264, 1818
20181265, 3651
20181266, 2168
20212160, 2293
20212161, 2168
20212162, 1818
20243056, 2168
20243057, 1818
20243058, 2368
20273952, 2168
20273953, 1818
20273954, 3542
20304848, 1818
20304849, 2508
20304850, 2168
20335744, 2889
20335745, 2033
20335746, 1773
20366640, 2241
20366641, 2033
20366642, 1728
20397536, 1893
20397537, 1774
20397538, 2107
20428432, 1818
20428433, 2438
20428434, 2123
20459328, 3634
20459329, 2178
20459330, 1823
20490224, 2123
20490225, 1773
20490226, 3525
20521120, 2440
20521121, 2223
20521122, 1868
20552016, 1773
20552017, 2195
20552018, 2123
20582912, 2247
20582913, 2172
20582914, 1988
20613808, 2123
20613809, 1773
20613810, 3500
20644704, 2268
20644705, 1868
20644706, 3674
20675600, 1818
20675601, 2473
20675602, 2168
20706496, 1818
20706497, 2285
20706498, 2123
20737392, 2627
20737393, 2836
20737394, 2744
20768288, 1773
20768289, 3570
20768290, 2078
20799184, 2168
20799185, 1818
20799186, 2431
20830080, 3691
20830081, 2168
20830082, 1818
20860976, 3487
20860977, 2078
20860978, 1773
20891872, 2268
20891873, 1868
20891874, 3715
20922768, 2690
20922769, 2788
20922770, 2687
20953664, 2168
20953665, 1818
20953666, 3579
20984560, 1773
20984561, 3574
20984562, 2078
21015456, 2263
21015457, 2078
21015458, 1773
21046352, 3524
21046353, 2078
21046354, 1773
21077248, 2262
21077249, 2078
21077250, 1773
21108144, 2503
21108145, 2268
21108146, 1868
21139040, 2436
21139041, 2123
21139042, 1773
21169936, 1868
21169937, 2393
21169938, 2268
21200832, 3617
21200833, 2168
21200834, 1818
21231728, 1773
21231729, 2783
21231730, 2627
21262624, 2717
21262625, 2716
21262626, 2764
21293520, 2538
21293521, 2268
21293522, 1868
21324416, 2715
21324417, 2963
21324418, 3011
21355312, 3638
21355313, 2268
21355314, 1868
21386208, 1728
21386209, 3366
21386210, 1988
21417104, 2178
21417105, 1823
21417106, 2405
21448000, 3583
21448001, 2168
21448002, 1818
21478896, 2889
21478897, 2033
21478898, 1773
21509792, 2168
21509793, 1818
21509794, 3578
21540688, 2285
21540689, 2123
21540690, 1773
21571584, 2078
21571585, 1773
21571586, 3452
21602480, 1773
21602481, 3059
21602482, 2078
21633376, 1818
21633377, 3723
21633378, 2168
21664272, 2263
21664273, 2078
21664274, 1773
21695168, 1181
21695169, 1181
21695170, 1181
21726064, 1181
21726065, 1181
21726066, 1181
21756960, 1181
21756961, 1181
21756962, 1181
21787856, 1181
21787857, 1181
21787858, 1181
21818752, 1181
21818753, 1181
21818754, 1181
21849648, 1181
21849649, 1181
21849650, 1181
21880544, 1181
21880545, 1181
21880546, 1181
21911440, 1181
21911441, 1181
21911442, 1181
21942336, 1181
21942337, 1181
21942338, 1181
21973232, 1181
21973233, 1181
21973234, 1181
22004128, 1181
22004129, 1181
22004130, 1181
22035024, 1181
22035025, 1181
22035026, 1181
22065920, 1181
22065921, 1181
22065922, 1181
22096816, 1181
22096817, 1181
22096818, 1181
22127712, 1181
22127713, 1181
22127714, 1181
22158608, 1181
22158609, 1181
22158610, 1181
22189504, 1181
22189505, 1181
22189506, 1181
22220400, 1181
22220401, 1181
22220402, 1181
22251296, 1181
22251297, 1181
22251298, 1181
22282192, 1181
22282193, 1181
22282194, 1181
22313088, 1181
22313089, 1181
22313090, 1181
22343984, 1181
22343985, 1181
22343986, 1181
22374880, 1181
22374881, 1181
22374882, 1181
22405776, 1181
22405777, 1181
22405778, 1181
22436672, 1181
22436673, 1181
22436674, 1181
22467568, 1181
22467569, 1181
22467570, 1181
22498464, 1181
22498465, 1181
22498466, 1181
22529360, 1181
22529361, 1181
22529362, 1181
22560256, 1181
22560257, 1181
22560258, 1181
22591152, 1181
22591153, 1181
22591154, 1181
22622048, 1181
22622049, 1181
22622050, 1181
22652944, 1181
22652945, 1181
22652946, 1181
22683840, 1181
22683841, 1181
22683842, 1181
22714736, 1181
22714737, 1181
22714738, 1181
22745632, 1181
22745633, 1181
22745634, 1181
22776528, 1181
22776529, 1181
22776530, 1181
22807424, 1181
22807425, 1181
22807426, 1181
22838320, 1181
22838321, 1181
22838322, 1181
22869216, 1181
22869217, 1181
22869218, 1181
22900112, 1181
22900113, 1181
22900114, 1181
22931008, 1181
22931009, 1181
22931010, 1181
22961904, 1181
22961905, 1181
22961906, 1181
22992800, 1181
22992801, 1181
22992802, 1181
23023696, 1181
23023697, 1181
23023698, 1181
23054592, 1181
23054593, 1181
23054594, 1181
23085488, 1181
23085489, 1181
23085490, 1181
23116384, 1181
23116385, 1181
23116386, 1181
23147280, 1181
23147281, 1181
23147282, 1181
23178176, 1181
23178177, 1181
23178178, 1181
23209072, 1181
23209073, 1181
23209074, 1181
23239968, 1181
23239969, 1181
23239970, 1181
23270864, 1181
23270865, 1181
23270866, 1181
23301760, 1181
23301761, 1181
23301762, 1181
23332656, 1181
23332657, 1181
23332658, 1181
23363552, 1181
23363553, 1181
23363554, 1181
23394448, 1181
23394449, 1181
23394450, 1181
23425344, 1181
23425345, 1181
23425346, 1181
23456240, 1181
23456241, 1181
23456242, 1181
23487136, 1181
23487137, 1181
23487138, 1181
23518032, 1181
23518033, 1181
23518034, 1181
23548928, 1181
23548929, 1181
23548930, 1181
23579824, 1181
23579825, 1181
23579826, 1181
23610720, 1181
23610721, 1181
23610722, 1181
23641616, 1181
23641617, 1181
23641618, 1181
23672512, 1181
23672513, 1181
23672514, 1181
23703408, 1181
23703409, 1181
23703410, 1181
23734304, 1181
23734305, 1181
23734306, 1181
23765200, 1181
23765201, 1181
23765202, 1181
23796096, 1181
23796097, 1181
23796098, 1181
23826992, 1181
23826993, 1181
23826994, 1181
23857888, 1181
23857889, 1181
23857890, 1181
23888784, 1181
23888785, 1181
23888786, 1181
23919680, 1181
23919681, 1181
23919682, 1181
23950576, 1181
23950577, 1181
23950578, 1181
23981472, 1181
23981473, 1181
23981474, 1181
24012368, 4203
24012369, 4238
24012370, 4273
24043264, 4090
24043265, 4080
24043266, 4046
24074160, 4417
24074161, 4382
24074162, 4417
24105056, 2962
24105057, 3931
24105058, 3979
24135952, 4154
24135953, 4154
24135954, 4154
24166848, 3139
24166849, 3141
24166850, 3139
24197744, 3104
24197745, 3207
24197746, 3169
24228640, 3219
24228641, 3254
24228642, 3248
24259536, 2634
24259537, 3872
24259538, 2927
24290432, 2927
24290433, 2634
24290434, 3114
24321328, 3024
24321329, 2837
24321330, 2589
24352224, 2589
24352225, 3028
24352226, 2882
24383120, 2927
24383121, 2634
24383122, 3114
24414016, 3114
24414017, 2927
24414018, 2634
24444912, 2634
24444913, 5438
24444914, 2882
24475808, 2882
24475809, 2634
24475810, 3114
24506704, 3114
24506705, 2927
24506706, 2634
24537600, 2634
24537601, 3198
24537602, 2927
24568496, 2882
24568497, 2589
24568498, 3024
24599392, 3024
24599393, 2837
24599394, 2589
24630288, 2634
24630289, 3126
24630290, 2927
24661184, 2927
24661185, 2634
24661186, 3114
24692080, 3114
24692081, 2927
24692082, 2634
24722976, 2589
24722977, 3028
24722978, 2882
24753872, 2882
24753873, 2634
24753874, 3114
24784768, 3114
24784769, 2927
24784770, 2634
24815664, 2634
24815665, 4717
24815666, 2882
24846560, 2882
24846561, 2589
24846562, 3024
24877456, 3114
24877457, 2927
24877458, 2634
24908352, 2634
24908353, 3126
24908354, 2927
24939248, 2927
24939249, 2634
24939250, 3114
24970144, 3024
24970145, 2837
24970146, 2589
25001040, 2589
25001041, 3028
25001042, 2882
25031936, 2927
25031937, 2634
25031938, 3114
25062832, 3114
25062833, 2927
25062834, 2634
25093728, 2634
25093729, 5656
25093730, 2882
25124624, 2882
25124625, 2634
25124626, 3114
25155520, 3114
25155521, 2927
25155522, 2634
25186416, 2634
25186417, 3198
25186418, 2927
25217312, 2882
25217313, 2589
25217314, 3024
25248208, 2342
25248209, 2342
25248210, 2342
25279104, 1818
25279105, 3690
25279106, 2168
25310000, 2698
25310001, 2526
25310002, 1728
25340896, 2123
25340897, 1818
25340898, 3511
25371792, 2078
25371793, 1773
25371794, 2305
25402688, 2501
25402689, 2268
25402690, 1868
25433584, 2268
25433585, 1868
25433586, 2453
25464480, 1728
25464481, 2180
25464482, 2033
25495376, 1868
25495377, 3607
25495378, 2268
25526272, 1818
25526273, 3614
25526274, 2168
25557168, 1868
25557169, 2503
25557170, 2268
25588064, 1818
25588065, 2353
25588066, 2168
25618960, 3500
25618961, 2078
25618962, 1773
25649856, 2078
25649857, 1773
25649858, 2195
25680752, 2168
25680753, 1818
25680754, 3617
25711648, 2168
25711649, 1818
25711650, 3655
25742544, 3453
25742545, 2078
25742546, 1773
25773440, 1818
25773441, 3505
25773442, 2168
25804336, 1868
25804337, 3678
25804338, 2268
25835232, 3620
25835233, 2168
25835234, 1818
25866128, 2168
25866129, 1818
25866130, 2293
25897024, 2168
25897025, 1818
25897026, 2285
25927920, 1818
25927921, 3582
25927922, 2168
25958816, 3583
25958817, 2168
25958818, 1818
25989712, 2383
25989713, 2078
25989714, 1773
26020608, 3445
26020609, 2133
26020610, 1778
26051504, 2438
26051505, 2168
26051506, 1818
26082400, 3625
26082401, 2178
26082402, 1823
26113296, 2168
26113297, 1818
26113298, 2353
26144192, 1818
26144193, 2353
26144194, 2168
26175088, 3651
26175089, 2168
26175090, 1818
26205984, 2168
26205985, 1818
26205986, 3647
26236880, 1818
26236881, 3693
26236882, 2168
26267776, 2805
26267777, 3049
26267778, 3239
26298672, 1728
26298673, 3365
26298674, 1988
26329568, 3544
26329569, 2168
26329570, 1818
26360464, 3847
26360465, 2168
26360466, 1818
26391360, 1773
26391361, 3481
26391362, 2078
26422256, 2078
26422257, 1773
26422258, 2203
26453152, 2698
26453153, 2600
26453154, 1728
26484048, 1823
26484049, 3625
26484050, 2178
26514944, 3525
26514945, 2078
26514946, 1773
26545840, 2033
26545841, 1728
26545842, 2247
26576736, 3363
26576737, 1988
26576738, 1728
26607632, 3675
26607633, 2268
26607634, 1868
26638528, 2123
26638529, 1773
26638530, 3500
26669424, 2078
26669425, 1773
26669426, 2263
26700320, 2285
26700321, 2123
26700322, 1773
26731216, 3462
26731217, 2078
26731218, 1773
26762112, 3440
26762113, 1988
26762114, 1728
26793008, 2168
26793009, 1818
26793010, 3720
26823904, 3545
26823905, 2168
26823906, 1818
26854800, 2954
26854801, 2989
26854802, 2715
26885696, 2501
26885697, 2268
26885698, 1868
26916592, 2078
26916593, 1773
26916594, 2987
26947488, 3678
26947489, 2268
26947490, 1868
26978384, 2619
26978385, 2078
26978386, 1773
27009280, 1728
27009281, 3411
27009282, 1988
27040176, 2078
27040177, 1773
27040178, 2342
27071072, 1773
27071073, 2187
27071074, 2078
27101968, 2619
27101969, 2078
27101970, 1773
27132864, 2168
27132865, 1818
27132866, 3578
27163760, 1868
27163761, 2501
27163762, 2268
27194656, 2900
27194657, 2873
27194658, 2873
27225552, 2268
27225553, 1868
27225554, 2538
27256448, 2419
27256449, 2267
27256450, 2083
27287344, 2033
27287345, 1773
27287346, 3348
27318240, 3505
27318241, 2168
27318242, 1818
27349136, 2627
27349137, 2766
27349138, 2744
27380032, 2393
27380033, 2268
27380034, 1868
27410928, 2123
27410929, 1818
27410930, 3617
27441824, 1773
27441825, 2471
27441826, 2217
27472720, 2033
27472721, 1773
27472722, 3501
27503616, 2301
27503617, 2168
27503618, 1818
27534512, 2268
27534513, 1868
27534514, 2503
27565408, 2187
27565409, 2078
27565410, 1773
27596304, 2921
27596305, 2812
27596306, 2626
27627200, 1818
27627201, 3614
27627202, 2168
27658096, 2078
27658097, 1773
27658098, 2471
27688992, 2716
27688993, 2717
27688994, 2765
27719888, 2247
27719889, 2172
27719890, 1988
27750784, 1818
27750785, 2403
27750786, 2168
27781680, 2078
27781681, 1773
27781682, 2261
27812576, 2123
27812577, 1773
27812578, 3384
27843472, 3577
27843473, 2168
27843474, 1818
27874368, 1773
27874369, 2375
27874370, 2123
27905264, 1818
27905265, 2442
27905266, 2168
27936160, 2963
27936161, 3011
27936162, 2902
27967056, 2268
27967057, 1868
27967058, 2534
27997952, 1818
27997953, 2285
27997954, 2123
28028848, 3610
28028849, 2168
28028850, 1818
28059744, 2626
28059745, 2639
28059746, 2709
28090640, 2356
28090641, 2399
28090642, 1773
28121536, 2178
28121537, 1823
28121538, 2405
28152432, 2344
28152433, 2123
28152434, 1818
28183328, 1988
28183329, 1728
28183330, 2180
28214224, 3057
28214225, 2033
28214226, 1728
28245120, 3368
28245121, 1988
28245122, 1728
28276016, 2241
28276017, 2033
28276018, 1728
28306912, 1728
28306913, 2215
28306914, 2033
28337808, 2168
28337809, 1818
28337810, 2431
28368704, 2078
28368705, 1773
28368706, 3425
28399600, 2123
28399601, 1773
28399602, 3528
28430496, 2849
28430497, 2944
28430498, 2779
28461392, 2268
28461393, 1868
28461394, 3682
28492288, 2497
28492289, 2168
28492290, 1818
28523184, 1773
28523185, 3487
28523186, 2078
28554080, 1773
28554081, 2340
28554082, 2123
28584976, 2353
28584977, 2168
28584978, 1818
28615872, 2698
28615873, 2597
28615874, 1728
28646768, 2078
28646769, 1773
28646770, 2385
28677664, 1868
28677665, 3681
28677666, 2268
28708560, 3649
28708561, 2268
28708562, 1868
28739456, 3365
28739457, 1988
28739458, 1728
28770352, 1983
28770353, 1864
28770354, 2148
28801248, 2716
28801249, 2787
28801250, 2765
28832144, 2268
28832145, 1868
28832146, 3715
28863040, 1773
28863041, 3458
28863042, 2078
28893936, 1181
28893937, 1181
28893938, 1181
28924832, 1181
28924833, 1181
28924834, 1181
28955728, 1181
28955729, 1181
28955730, 1181
28986624, 1181
28986625, 1181
28986626, 1181
29017520, 1181
29017521, 1181
29017522, 1181
29048416, 1181
29048417, 1181
29048418, 1181
29079312, 1181
29079313, 1181
29079314, 1181
29110208, 1181
29110209, 1181
29110210, 1181
29141104, 1181
29141105, 1181
29141106, 1181
29172000, 1181
29172001, 1181
29172002, 1181
29202896, 1181
29202897, 1181
29202898, 1181
29233792, 1181
29233793, 1181
29233794, 1181
29264688, 1181
29264689, 1181
29264690, 1181
29295584, 1181
29295585, 1181
29295586, 1181
29326480, 1181
29326481, 1181
29326482, 1181
29357376, 1181
29357377, 1181
29357378, 1181
29388272, 1181
29388273, 1181
29388274, 1181
29419168, 1181
29419169, 1181
29419170, 1181
29450064, 1181
29450065, 1181
29450066, 1181
29480960, 1181
29480961, 1181
29480962, 1181
29511856, 1181
29511857, 1181
29511858, 1181
29542752, 1181
29542753, 1181
29542754, 1181
29573648, 1181
29573649, 1181
29573650, 1181
29604544, 1181
29604545, 1181
29604546, 1181
29635440, 1181
29635441, 1181
29635442, 1181
29666336, 1181
29666337, 1181
29666338, 1181
29697232, 1181
29697233, 1181
29697234, 1181
29728128, 1181
29728129, 1181
29728130, 1181
29759024, 1181
29759025, 1181
29759026, 1181
29789920, 1181
29789921, 1181
29789922, 1181
29820816, 1181
29820817, 1181
29820818, 1181
29851712, 1181
29851713, 1181
29851714, 1181
29882608, 1181
29882609, 1181
29882610, 1181
29913504, 1181
29913505, 1181
29913506, 1181
29944400, 1181
29944401, 1181
29944402, 1181
29975296, 1181
29975297, 1181
29975298, 1181
30006192, 4415
30006193, 4447
30006194, 4448
30037088, 4160
30037089, 4125
30037090, 4195
30067984, 4772
30067985, 4806
30067986, 4039
30098880, 4377
30098881, 4414
30098882, 4412
30129776, 4079
30129777, 4079
30129778, 4079
30160672, 3135
30160673, 3102
30160674, 3072
30191568, 3280
30191569, 3281
30191570, 3213
30222464, 3032
30222465, 3032
30222466, 2922
30253360, 6065
30253361, 3961
30253362, 3713
30284256, 2634
30284257, 3198
30284258, 2927
30315152, 2882
30315153, 2589
30315154, 3024
30346048, 3024
30346049, 2837
30346050, 2589
30376944, 2634
30376945, 3126
30376946, 2927
30407840, 2927
30407841, 2634
30407842, 3114
30438736, 3114
30438737, 2927
30438738, 2634
30469632, 2589
30469633, 3028
30469634, 2882
30500528, 2882
30500529, 2634
30500530, 3114
30531424, 3114
30531425, 2927
30531426, 2634
30562320, 2634
30562321, 4647
30562322, 2882
30593216, 2882
30593217, 2589
30593218, 3024
30624112, 3114
30624113, 2927
30624114, 2634
30655008, 2634
30655009, 3126
30655010, 2927
30685904, 2927
30685905, 2634
30685906, 3114
30716800, 3024
30716801, 2837
30716802, 2589
30747696, 2589
30747697, 3028
30747698, 2882
30778592, 2927
30778593, 2634
30778594, 3114
30809488, 3114
30809489, 2927
30809490, 2634
30840384, 2634
30840385, 5440
30840386, 2882
30871280, 2882
30871281, 2634
30871282, 3114
30902176, 3114
30902177, 2927
30902178, 2634
30933072, 2634
30933073, 3198
30933074, 2927
30963968, 2882
30963969, 2589
30963970, 3024
30994864, 3024
30994865, 2837
30994866, 2589
31025760, 2634
31025761, 3126
31025762, 2927
31056656, 2927
31056657, 2634
31056658, 3114
31087552, 3114
31087553, 2927
31087554, 2634
31118448, 2589
31118449, 3028
31118450, 2882
31149344, 2882
31149345, 2634
31149346, 3114
31180240, 3114
31180241, 2927
31180242, 2634
31211136, 2634
31211137, 4717
31211138, 2882
31242032, 1683
31242033, 3235
31242034, 1898
31272928, 2078
31272929, 1773
31272930, 3671
31303824, 1136
31303825, 1136
31303826, 1136
31334720, 1136
31334721, 1136
31334722, 1136
31365616, 1136
31365617, 1136
31365618, 1136
31396512, 1136
31396513, 1136
31396514, 1136
31427408, 1136
31427409, 1136
31427410, 1136
31458304, 1136
31458305, 1136
31458306, 1136
31489200, 1136
31489201, 1136
31489202, 1136
31520096, 1136
31520097, 1136
31520098, 1136
31550992, 1136
31550993, 1136
31550994, 1136
31581888, 1136
31581889, 1136
31581890, 1136
31612784, 1136
31612785, 1136
31612786, 1136
31643680, 1136
31643681, 1136
31643682, 1136
31674576, 1136
31674577, 1136
31674578, 1136
31705472, 1136
31705473, 1136
31705474, 1136
31736368, 1136
31736369, 1136
31736370, 1136
31767264, 1136
31767265, 1136
31767266, 1136
31798160, 1136
31798161, 1136
31798162, 1136
31829056, 1136
31829057, 1136
31829058, 1136
31859952, 1136
31859953, 1136
31859954, 1136
31890848, 1136
31890849, 1136
31890850, 1136
31921744, 1136
31921745, 1136
31921746, 1136
31952640, 1136
31952641, 1136
31952642, 1136
31983536, 1136
31983537, 1136
31983538, 1136
32014432, 1136
32014433, 1136
32014434, 1136
32045328, 1136
32045329, 1136
32045330, 1136
32076224, 1136
32076225, 1136
32076226, 1136
32107120, 1136
32107121, 1136
32107122, 1136
32138016, 1136
32138017, 1136
32138018, 1136
32168912, 1136
32168913, 1136
32168914, 1136
32199808, 1136
32199809, 1136
32199810, 1136
32230704, 1136
32230705, 1136
32230706, 1136
32261600, 1136
32261601, 1136
32261602, 1136
32292496, 1136
32292497, 1136
32292498, 1136
32323392, 1136
32323393, 1136
32323394, 1136
32354288, 1136
32354289, 1136
32354290, 1136
32385184, 1136
32385185, 1136
32385186, 1136
32416080, 1136
32416081, 1136
32416082, 1136
32446976, 1136
32446977, 1136
32446978, 1136
32477872, 1136
32477873, 1136
32477874, 1136
32508768, 1136
32508769, 1136
32508770, 1136
32539664, 1136
32539665, 1136
32539666, 1136
32570560, 1136
32570561, 1136
32570562, 1136
32601456, 1136
32601457, 1136
32601458, 1136
32632352, 1136
32632353, 1136
32632354, 1136
32663248, 1136
32663249, 1136
32663250, 1136
32694144, 1136
32694145, 1136
32694146, 1136
32725040, 1136
32725041, 1136
32725042, 1136
32755936, 1136
32755937, 1136
32755938, 1136
32786832, 1136
32786833, 1136
32786834, 1136
32817728, 1136
32817729, 1136
32817730, 1136
32848624, 1136
32848625, 1136
32848626, 1136
32879520, 1136
32879521, 1136
32879522, 1136
32910416, 1136
32910417, 1136
32910418, 1136
32941312, 1136
32941313, 1136
32941314, 1136
32972208, 1136
32972209, 1136
32972210, 1136
33003104, 1136
33003105, 1136
33003106, 1136
33034000, 1136
33034001, 1136
33034002, 1136
33064896, 1136
33064897, 1136
33064898, 1136
33095792, 1136
33095793, 1136
33095794, 1136
33126688, 1136
33126689, 1136
33126690, 1136
33157584, 1136
33157585, 1136
33157586, 1136
33188480, 1136
33188481, 1136
33188482, 1136
33219376, 1136
33219377, 1136
33219378, 1136
33250272, 1136
33250273, 1136
33250274, 1136
33281168, 1136
33281169, 1136
33281170, 1136
33312064, 1136
33312065, 1136
33312066, 1136
33342960, 1136
33342961, 1136
33342962, 1136
33373856, 1136
33373857, 1136
33373858, 1136
33404752, 1136
33404753, 1136
33404754, 1136
33435648, 1136
33435649, 1136
33435650, 1136
33466544, 1136
33466545, 1136
33466546, 1136
33497440, 1136
33497441, 1136
33497442, 1136
33528336, 1136
33528337, 1136
33528338, 1136
33559232, 1136
33559233, 1136
33559234, 1136
33590128, 1136
33590129, 1136
33590130, 1136
33621024, 1136
33621025, 1136
33621026, 1136
33651920, 1136
33651921, 1136
33651922, 1136
33682816, 1136
33682817, 1136
33682818, 1136
33713712, 1136
33713713, 1136
33713714, 1136
33744608, 1136
33744609, 1136
33744610, 1136
33775504, 1136
33775505, 1136
33775506, 1136
33806400, 1136
33806401, 1136
33806402, 1136
33837296, 1136
33837297, 1136
33837298, 1136
33868192, 1136
33868193, 1136
33868194, 1136
33899088, 1136
33899089, 1136
33899090, 1136
33929984, 1136
33929985, 1136
33929986, 1136
33960880, 1136
33960881, 1136
33960882, 1136
33991776, 1136
33991777, 1136
33991778, 1136
34022672, 1136
34022673, 1136
34022674, 1136
34053568, 1136
34053569, 1136
34053570, 1136
34084464, 1136
34084465, 1136
34084466, 1136
34115360, 1136
34115361, 1136
34115362, 1136
34146256, 1136
34146257, 1136
34146258, 1136
34177152, 1136
34177153, 1136
34177154, 1136
34208048, 1136
34208049, 1136
34208050, 1136
34238944, 1136
34238945, 1136
34238946, 1136
34269840, 1136
34269841, 1136
34269842, 1136
34300736, 1136
34300737, 1136
34300738, 1136
34331632, 1136
34331633, 1136
34331634, 1136
34362528, 1136
34362529, 1136
34362530, 1136
34393424, 1136
34393425, 1136
34393426, 1136
34424320, 1136
34424321, 1136
34424322, 1136
34455216, 1136
34455217, 1136
34455218, 1136
34486112, 1136
34486113, 1136
34486114, 1136
34517008, 1136
34517009, 1136
34517010, 1136
34547904, 1136
34547905, 1136
34547906, 1136
34578800, 1136
34578801, 1136
34578802, 1136
34609696, 1136
34609697, 1136
34609698, 1136
34640592, 1136
34640593, 1136
34640594, 1136
34671488, 1136
34671489, 1136
34671490, 1136
34702384, 1136
34702385, 1136
34702386, 1136
34733280, 1136
34733281, 1136
34733282, 1136
34764176, 1136
34764177, 1136
34764178, 1136
34795072, 1136
34795073, 1136
34795074, 1136
34825968, 1136
34825969, 1136
34825970, 1136
34856864, 1136
34856865, 1136
34856866, 1136
34887760, 1136
34887761, 1136
34887762, 1136
34918656, 1136
34918657, 1136
34918658, 1136
34949552, 1136
34949553, 1136
34949554, 1136
34980448, 1136
34980449, 1136
34980450, 1136
35011344, 1136
35011345, 1136
35011346, 1136
35042240, 1136
35042241, 1136
35042242, 1136
35073136, 1136
35073137, 1136
35073138, 1136
35104032, 1136
35104033, 1136
35104034, 1136
35134928, 1136
35134929, 1136
35134930, 1136
35165824, 1136
35165825, 1136
35165826, 1136
35196720, 1136
35196721, 1136
35196722, 1136
35227616, 1136
35227617, 1136
35227618, 1136
35258512, 1136
35258513, 1136
35258514, 1136
35289408, 1136
35289409, 1136
35289410, 1136
35320304, 1136
35320305, 1136
35320306, 1136
35351200, 1136
35351201, 1136
35351202, 1136
35382096, 1136
35382097, 1136
35382098, 1136
35412992, 1136
35412993, 1136
35412994, 1136
35443888, 1136
35443889, 1136
35443890, 1136
35474784, 1136
35474785, 1136
35474786, 1136
35505680, 1136
35505681, 1136
35505682, 1136
35536576, 1136
35536577, 1136
35536578, 1136
35567472, 1136
35567473, 1136
35567474, 1136
35598368, 1136
35598369, 1136
35598370, 1136
35629264, 1136
35629265, 1136
35629266, 1136
35660160, 1136
35660161, 1136
35660162, 1136
35691056, 1136
35691057, 1136
35691058, 1136
35721952, 1136
35721953, 1136
35721954, 1136
35752848, 1136
35752849, 1136
35752850, 1136
35783744, 1136
35783745, 1136
35783746, 1136
35814640, 1136
35814641, 1136
35814642, 1136
35845536, 1136
35845537, 1136
35845538, 1136
35876432, 1136
35876433, 1136
35876434, 1136
35907328, 1136
35907329, 1136
35907330, 1136
35938224, 1136
35938225, 1136
35938226, 1136
35969120, 1136
35969121, 1136
35969122, 1136
36000016, 2135
36000017, 2131
36000018, 1971
36030912, 2765
36030913, 2818
36030914, 2801
36061808, 3999
36061809, 3999
36061810, 3999
36092704, 4216
36092705, 4252
36092706, 4184
36123600, 3925
36123601, 3925
36123602, 3925
36154496, 3030
36154497, 2953
36154498, 2918
36185392, 3236
36185393, 3274
36185394, 3240
36216288, 3239
36216289, 3309
36216290, 3311
36247184, 2814
36247185, 2845
36247186, 2812
36278080, 3069
36278081, 2882
36278082, 2589
36308976, 2589
36308977, 4494
36308978, 2837
36339872, 2837
36339873, 2544
36339874, 2979
36370768, 3069
36370769, 2882
36370770, 2589
36401664, 2589
36401665, 3081
36401666, 2882
36432560, 2882
36432561, 2589
36432562, 3069
36463456, 2979
36463457, 2792
36463458, 2544
36494352, 2544
36494353, 2983
36494354, 2837
36525248, 2882
36525249, 2589
36525250, 3069
36556144, 3069
36556145, 2882
36556146, 2589
36587040, 2589
36587041, 5465
36587042, 2837
36617936, 2837
36617937, 2589
36617938, 3069
36648832, 3069
36648833, 2882
36648834, 2589
36679728, 2589
36679729, 3153
36679730, 2882
36710624, 2837
36710625, 2544
36710626, 2979
36741520, 2979
36741521, 2792
36741522, 2544
36772416, 2589
36772417, 3081
36772418, 2882
36803312, 2882
36803313, 2589
36803314, 3069
36834208, 3069
36834209, 2882
36834210, 2589
36865104, 2544
36865105, 2983
36865106, 2837
36896000, 2837
36896001, 2589
36896002, 3069
36926896, 3069
36926897, 2882
36926898, 2589
36957792, 2589
36957793, 4672
36957794, 2837
36988688, 2837
36988689, 2544
36988690, 2979
37019584, 3069
37019585, 2882
37019586, 2589
37050480, 2589
37050481, 3081
37050482, 2882
37081376, 2882
37081377, 2589
37081378, 3069
37112272, 2979
37112273, 2792
37112274, 2544
37143168, 2544
37143169, 2983
37143170, 2837
37174064, 2882
37174065, 2589
37174066, 3069
37204960, 3069
37204961, 2882
37204962, 2589
37235856, 2133
37235857, 1778
37235858, 2360
37266752, 1136
37266753, 1136
37266754, 1136
37297648, 1136
37297649, 1136
37297650, 1136
37328544, 1136
37328545, 1136
37328546, 1136
37359440, 1136
37359441, 1136
37359442, 1136
37390336, 1136
37390337, 1136
37390338, 1136
37421232, 1136
37421233, 1136
37421234, 1136
37452128, 1136
37452129, 1136
37452130, 1136
37483024, 1136
37483025, 1136
37483026, 1136
37513920, 1136
37513921, 1136
37513922, 1136
37544816, 1136
37544817, 1136
37544818, 1136
37575712, 1136
37575713, 1136
37575714, 1136
37606608, 1136
37606609, 1136
37606610, 1136
37637504, 1136
37637505, 1136
37637506, 1136
37668400, 1136
37668401, 1136
37668402, 1136
37699296, 1136
37699297, 1136
37699298, 1136
37730192, 1136
37730193, 1136
37730194, 1136
37761088, 1136
37761089, 1136
37761090, 1136
37791984, 1136
37791985, 1136
37791986, 1136
37822880, 1136
37822881, 1136
37822882, 1136
37853776, 1136
37853777, 1136
37853778, 1136
37884672, 1136
37884673, 1136
37884674, 1136
37915568, 1136
37915569, 1136
37915570, 1136
37946464, 1136
37946465, 1136
37946466, 1136
37977360, 1136
37977361, 1136
37977362, 1136
38008256, 1136
38008257, 1136
38008258, 1136
38039152, 1136
38039153, 1136
38039154, 1136
38070048, 1136
38070049, 1136
38070050, 1136
38100944, 1136
38100945, 1136
38100946, 1136
38131840, 1136
38131841, 1136
38131842, 1136
38162736, 1136
38162737, 1136
38162738, 1136
38193632, 1136
38193633, 1136
38193634, 1136
38224528, 1136
38224529, 1136
38224530, 1136
38255424, 1136
38255425, 1136
38255426, 1136
38286320, 1136
38286321, 1136
38286322, 1136
38317216, 1136
38317217, 1136
38317218, 1136
38348112, 1136
38348113, 1136
38348114, 1136
38379008, 1136
38379009, 1136
38379010, 1136
38409904, 1136
38409905, 1136
38409906, 1136
38440800, 1136
38440801, 1136
38440802, 1136
38471696, 1136
38471697, 1136
38471698, 1136
38502592, 1136
38502593, 1136
38502594, 1136
38533488, 1136
38533489, 1136
38533490, 1136
38564384, 1136
38564385, 1136
38564386, 1136
38595280, 1136
38595281, 1136
38595282, 1136
38626176, 1136
38626177, 1136
38626178, 1136
38657072, 1136
38657073, 1136
38657074, 1136
38687968, 1136
38687969, 1136
38687970, 1136
38718864, 1136
38718865, 1136
38718866, 1136
38749760, 1136
38749761, 1136
38749762, 1136
38780656, 1136
38780657, 1136
38780658, 1136
38811552, 1136
38811553, 1136
38811554, 1136
38842448, 1136
38842449, 1136
38842450, 1136
38873344, 1136
38873345, 1136
38873346, 1136
38904240, 1136
38904241, 1136
38904242, 1136
38935136, 1136
38935137, 1136
38935138, 1136
38966032, 1136
38966033, 1136
38966034, 1136
38996928, 1136
38996929, 1136
38996930, 1136
39027824, 1136
39027825, 1136
39027826, 1136
39058720, 1136
39058721, 1136
39058722, 1136
39089616, 1136
39089617, 1136
39089618, 1136
39120512, 1136
39120513, 1136
39120514, 1136
39151408, 1136
39151409, 1136
39151410, 1136
39182304, 1136
39182305, 1136
39182306, 1136
39213200, 1136
39213201, 1136
39213202, 1136
39244096, 1136
39244097, 1136
39244098, 1136
39274992, 1136
39274993, 1136
39274994, 1136
39305888, 1136
39305889, 1136
39305890, 1136
39336784, 1136
39336785, 1136
39336786, 1136
39367680, 1136
39367681, 1136
39367682, 1136
39398576, 1136
39398577, 1136
39398578, 1136
39429472, 1136
39429473, 1136
39429474, 1136
39460368, 1136
39460369, 1136
39460370, 1136
39491264, 1136
39491265, 1136
39491266, 1136
39522160, 1136
39522161, 1136
39522162, 1136
39553056, 1136
39553057, 1136
39553058, 1136
39583952, 1136
39583953, 1136
39583954, 1136
39614848, 1136
39614849, 1136
39614850, 1136
39645744, 1136
39645745, 1136
39645746, 1136
39676640, 1136
39676641, 1136
39676642, 1136
39707536, 1136
39707537, 1136
39707538, 1136
39738432, 1136
39738433, 1136
39738434, 1136
39769328, 1136
39769329, 1136
39769330, 1136
39800224, 1136
39800225, 1136
39800226, 1136
39831120, 1136
39831121, 1136
39831122, 1136
39862016, 1136
39862017, 1136
39862018, 1136
39892912, 1136
39892913, 1136
39892914, 1136
39923808, 1136
39923809, 1136
39923810, 1136
39954704, 1136
39954705, 1136
39954706, 1136
39985600, 1136
39985601, 1136
39985602, 1136
40016496, 1136
40016497, 1136
40016498, 1136
40047392, 1136
40047393, 1136
40047394, 1136
40078288, 1136
40078289, 1136
40078290, 1136
40109184, 1136
40109185, 1136
40109186, 1136
40140080, 1136
40140081, 1136
40140082, 1136
40170976, 1136
40170977, 1136
40170978, 1136
40201872, 1136
40201873, 1136
40201874, 1136
40232768, 1136
40232769, 1136
40232770, 1136
40263664, 1136
40263665, 1136
40263666, 1136
40294560, 1136
40294561, 1136
40294562, 1136
40325456, 1136
40325457, 1136
40325458, 1136
40356352, 1136
40356353, 1136
40356354, 1136
40387248, 1136
40387249, 1136
40387250, 1136
40418144, 1136
40418145, 1136
40418146, 1136
40449040, 1136
40449041, 1136
40449042, 1136
40479936, 1136
40479937, 1136
40479938, 1136
40510832, 1136
40510833, 1136
40510834, 1136
40541728, 1136
40541729, 1136
40541730, 1136
40572624, 1136
40572625, 1136
40572626, 1136
40603520, 1136
40603521, 1136
40603522, 1136
40634416, 1136
40634417, 1136
40634418, 1136
40665312, 1136
40665313, 1136
40665314, 1136
40696208, 1136
40696209, 1136
40696210, 1136
40727104, 1136
40727105, 1136
40727106, 1136
40758000, 1136
40758001, 1136
40758002, 1136
40788896, 1136
40788897, 1136
40788898, 1136
40819792, 1136
40819793, 1136
40819794, 1136
40850688, 1136
40850689, 1136
40850690, 1136
40881584, 1136
40881585, 1136
40881586, 1136
40912480, 1136
40912481, 1136
40912482, 1136
40943376, 1136
40943377, 1136
40943378, 1136
40974272, 1136
40974273, 1136
40974274, 1136
41005168, 1136
41005169, 1136
41005170, 1136
41036064, 1136
41036065, 1136
41036066, 1136
41066960, 1136
41066961, 1136
41066962, 1136
41097856, 1136
41097857, 1136
41097858, 1136
41128752, 1136
41128753, 1136
41128754, 1136
41159648, 1136
41159649, 1136
41159650, 1136
41190544, 1136
41190545, 1136
41190546, 1136
41221440, 1136
41221441, 1136
41221442, 1136
41252336, 1136
41252337, 1136
41252338, 1136
41283232, 1136
41283233, 1136
41283234, 1136
41314128, 1136
41314129, 1136
41314130, 1136
41345024, 1136
41345025, 1136
41345026, 1136
41375920, 1136
41375921, 1136
41375922, 1136
41406816, 1136
41406817, 1136
41406818, 1136
41437712, 1136
41437713, 1136
41437714, 1136
41468608, 1136
41468609, 1136
41468610, 1136
41499504, 1136
41499505, 1136
41499506, 1136
41530400, 1136
41530401, 1136
41530402, 1136
41561296, 1136
41561297, 1136
41561298, 1136
41592192, 1136
41592193, 1136
41592194, 1136
41623088, 1136
41623089, 1136
41623090, 1136
41653984, 1136
41653985, 1136
41653986, 1136
41684880, 1136
41684881, 1136
41684882, 1136
41715776, 1136
41715777, 1136
41715778, 1136
41746672, 1136
41746673, 1136
41746674, 1136
41777568, 1136
41777569, 1136
41777570, 1136
41808464, 1136
41808465, 1136
41808466, 1136
41839360, 1136
41839361, 1136
41839362, 1136
41870256, 1136
41870257, 1136
41870258, 1136
41901152, 1136
41901153, 1136
41901154, 1136
41932048, 1136
41932049, 1136
41932050, 1136
41962944, 1136
41962945, 1136
41962946, 1136
41993840, 1136
41993841, 1136
41993842, 1136
