CoW29GqYVyWhwYSqRX52NCoCrjA3aMfGU3wQqaJTqHpfke7SH77B
CoVCBvQLPn1nmXtHKKqzApWPGBzZvvqZbrKkoR4bEkkWYnkt1Mjq
CoWGNXrf6yK6tafAywQP94AL2UFc1Pn2yFc22Cms7kxoze93gZkr
CoVQztGBpcwcQwL8cFxPVZjUwp9KCfaDw4hHVR2WrN3dFv1NX4xQ
CoVxPqSsEySEEv2UCTSFMUtGLM6xPgEhE9zsP4vuiE3gXXExdNzq
CoW1Mgzun6iJiQeH2e4Q8mYnAwbnkcPPsWSmEu8bBNVuVbh3LQub
CoW5zWaaRPgjuJvTRFbhgh1ZTk8XDQzu4hB6ZEisZc6YhWtpUZcZ
CoVv3aSUuPsksmrBWRwUY1hozSUbBHCrQwFrmMvuXDK6X3FF11Kz
CoVDpFhSE1idxEVMyn3PrNp75oHVCdAx6N6zCveuwj5hTP7t4cAx
CoVAUgHWfcBZvVVhvWSUeHXUSby5nBW8muByNZxqeUp8ULcbfwga
CoV9jCkJb3ffKwrpUuHVabh7eGpsicjJHzftt6qJEyV9noC3jfNm
CoWHnrNdH8PDPod9jKGmdFq1qMkG4Uyb8k6kzBTsa3neBDrqaNxJ
CoVz6p5Rph3hGQnRLnDDbBddiaaNbLMKXtsMWZgoFMqVf61Pk8s4
CoVtk1S86i76R2Fjdby83fuTuCUyamhQt2TQPF92ag4NomZ1Lb4v
CoWByJR98mXjGLKgUjeThUN3vMdUkyKvsxecfLS9voELG3eshbdq
CoWNGzQmfG2YAbrfobmB9VFZuFJZs8M5A2eZThxqZMixFUAc9nqd
CoWVJVJ6RRGCEWJu74yMxkfcgwbTh7qLHCMhrMXjRL8v2BUD8EBe
CoVvPJCzbXkQdwuQoCVhaxRrgkbUTyb8yQnsWv4cMh2tqjk7VBz6
CoW8FwrCWiPESKQJDLdLsLJM6a4hqA71xjGpufZBXZ23b6oZxDcq
CoVm7UzbnmVpXGchAiEfRCg3njkVXwyzNECwb2w5fi3MEG74H6eT
CoUgiWxxec1b4Hv63D7N87mjg4f9XvvY8uhGJvfDuHSPWaiLooZT
CoUjeuV8TPGZkLL14hwK28cqd5CAY1Z89tYiohT2VjouDbVoh9tm
CoV4HYk9wrAYD71EjWN9TCTe63Q7GTCUUWBzmZqtU8Wa799ZLXHh
CoUsso6U3DDZouNRpiDrVhui9AiFVX9F5fHotQ9v7Pe8PeFD2Ntn
CoWJbhiBDsBj1cHrcPumd5RXS5oGUb86WMP5griepbjFVroMeMas
CoVMe1HobvZXjaqD86yesPg1iAfPfCNavRoQZkUPv9F4bwR2MW8m
CoWKV1hcaoa5Xz7WX5txRBtXNkjXuXS2m9SW4zDwtokHaR5ukmmc
CoWPvb513qXYoac7pVxtur97aCHUMmaQ9dTHLPE9PfxQdi8TqJhD
CoVTDpRhPKTMU9umpqjpxoTiFhVbsQowNNX2ZCQvTQwpWsHzYtci
CoW4dVoaWfreVpw8iiiMaRwY28xmYbBrARCvu9ti2jc7uKQHiTnw
CoVL1pvL179BZMTsCKSHgmhQ78a3fH5yNxZ3dAhPhgP23QJ8b3m2
CoVDDA6WMcdrE4eM7QFReNzdMw3K5czb7Uzqw8ASQAicwd7Uko2v
CoVmwyZAAeVTByK3En7wh4becUGK2w8Kmq7YRopQFgyZBd74RZVs
CoUiqnMx5PscNaieXRsDJGcbayemGoSPkadHFup2hsFqN9Dz1E3q
CoVZE3MiRiFB94ab4pbNDHBbN5QJmWfWLD4ybW9XPDA6ZQPBfZ44
CoVUbDoHBopTtAMwcZmt5zN362SsuSrs7jYwuBXJJVzBxssC7Z8m
CoV17MVsbRkRTMU2mY9xtM91u62KQsZGJb1Heqrit2N4pyR1aAW3
CoUoB2ffHqM771yECFMBPjeznrF87Mt3kxs81J3eaoMqroubbWaL
CoWaJTTSJ4uYTKjeLENSjE7xZhPtiBchyqfwYE7AKa4NfhfZWjwG
CoWFQ2hnZveDSAdfcffwmyVqyHdU4V2rrRQqHVoZsvUecWCrWymm
CoWDAXFcnrQJZfVDbHoUgWzFuW5pGEXyjuPwc6eVxV92EZp13Kct
CoVW1BDkGBneQ1XBxNVePDYdRtd6EhTcqFapzGtKULxD7d4Mko63
CoVAarqLMj8DQgz4TvpTaHN7Ad44GyhujbwddPjZojQFLkvDgcGn
CoUvgjJbMHniQtc6B7XjLfrkxr5qruDeZ7demqcX4WkuueKhKcVW
CoWS2reNRziBHUgHm9wKVWUZT6h79gukgUi1FTfx5wZFxdtMUoSS
CoWaEgMTgEenFCgeP6dAvMoHXKzn21D2oFNrfQURzGSpd672mTHX
CoWQGbfNiENuEPpdbwjozG5zuLB9exjHFK4go3Rgmozyeq7TCe9H
CoUieqhay1qUjEzpk7JXTC9B5awXCo31bTwxtRwfwonCc2GRDa6S
CoVc2B28q3pyBQ3C5CZVxQXqroYgXG4BYLhdWvteVSoc1fqFmbVg
CoW8RAxN8E1J1bYks9hW7hgzE9vktVByDWd9UwZZ4Q2Zk5mcCtv5
CoV5rxUenoBq98WMuzNrfa2Xpa6JJm6xRTM8PogM8F44jxMW6L7z
CoW9sX7GLMWB3VoETBdgU1P7ZLM9kyBfUYJtHTpa8TykNNYG9e5T
CoVRBX4CGfRrZGz3c6hZ2ChvxXJMpX6cixRJXHmK1ro6978vwnMK
CoVr8oXaPksQE9GNqVhHaeRMu4xaqyahihE7Do4ihUx9UDHUHSXV
CoVnS3QjSJGFmSkg2Kw4wmxXU44kDJsJgbwu2eAsK4nyxpSZz7vV
CoVuXwN8zaaNygRXCKinhtnLiBiDizpjCXpFBoJHq7m1Y4eD37jh
CoW5BYoyR1YNnb7JjFisUJNF4nFz2dXkwghGUtScvB8176PFqjRZ
CoVvh8j8LxxanpYChd9WiGMRs4uGhvAGDDJRoxTq3tHDWTbtnk2p
CoWCJ21jVduhrp72DDbbTjT9tARgwPypru7VvxBMb4KGWzop3i1w
CoVQ1aWpYUXdKyczrhfr9dkpJjYzcLoQFiejmpib4cSfX6Q6AfpA
CoW7YUTdUDkTQVho33Wg7XeqYqiRwAvvGNhiksmtDewVnWrZHQ6i
CoW9SVtCStM6vBYNZvmVv4ZuuiWnCjhwFMFmG7w5XmKQavA9Cbbb
CoWNPKVGBFMiMTXvKhQ9rofRgE8dAsKtAoWpnyGTiyy1Cm8WanWb
CoW2LdNRztRnUZNNQQyiXoMruyA6ZjcYQwwANuffo7e8PXvU7wtB
CoW2K9aV1c9N1ckHvz5ZCEKCv8nvW9Azo57FnUCnQczEuawiRsXN
CoVWphzqzkpH1e3zWrA6RPVa5dKHvcaykgTxFPy5dm5McvVRVSz8
CoUwuXwvJkrJAALBJFLYJLebsD5N5kxfe7ExmEJHLTzfyUT7WKH5
CoW6HpXgLLVgFT4MyjSjM1Ayy8ofbMCT1ha5aCqaKFt8v9785BML
CoVfG8GMzyfsj3caaZKFHhvsPL6yKZ6kHrT132ULnMJ1XLeJX5r8
CoV5fkrC8Ju3TcaSEf8DFc46UCueX3QJh7jG32Qg1AVX1Dnt33nA
CoVmBrAvp3ZSw1cJNTckxXtoe2c8vdsByhiK95Br64DXcGFKnznz
CoV7jnPRahp3BgLAHYAZ9rwPUFzk6gvDTu9zVA5cFQUR78BcSm1p
CoVcd9CvUu5ecJng8RWK1RSeoJSky3o3XP5dh6uRCxMjy2zLxbu8
CoUrwBoJuYvr6U9GKNtJNtH8BAUMfuvvW9o2SaBCBoEYFW1rJG9e
CoVFeMbTx6zWQ1VuyA9MwZ5sVPF87GnP4RtVeh3jTVsGxEUB9ugM
CoUrrHYAmKWHSCCkWC8cSNGr7cMezQCY8kr3X5iKsgPRQFJweC3B
CoVcwK8szecceKp9C7T7rB4W93AZLENbz7CGPK5NZYXVeRCbw32N
CoUt3nyDz4Ri8gCTtue6j7HC6hLGHbHayhjsPs6TADuLjKe3WVip
CoWRhfTTYQUyDHhaey5Krf14arrjdPsjaLz2viDFgcnbJLQusfUg
CoUy8CRHWrMVbeJaFQXDWoDUEoMRJ4Ci6J6755eB38wgkGhsFXpD
CoV8RAjrQQJ9cNXXJhGZviL5As3Us5u1Fvh62mGh2dJZiDPWLH6E
CoVLByhoqjqMYrMDQ2BdzqdzbULJq4kPTAA4AvxWu3PDxh32BaXW
CoVzV6LTE5dthFeT1gUeYtb2NfVoMV3QLxXnVzhqmiyq4fjm5s7b
CoWHRA8WaniRqMoaHKmPh7i6wrTt5cf1nXPjG2vjybtiGHGjhWkv
CoWa4Txbnqgc68cGjseCibWS345y8bRiTR8uHEmFK5EjDqQBNf2y
CoWT51vGZQAyVgUzFgXmLNxXNTFdbrrsSUh7WuTvo4j8b3PAUN8t
CoVkScCkp6i95wsckJfoYAQ4pnKCn4Bkz9czPCQ2N7ief6x29oLm
CoVbgUFzVyWAHyhv5nhR56AUNBLmXQwP5SWQ8Z8m4Yh9PxTtdjTS
CoWZtrXiW5rEikY9pHTPBhLqfC6JY3WpfXhAP7paDEdk3tNcL4f4
CoWDb9qX1Jo4i6ixbPCXkyAhXjT3TzMK8LQN8ZZF6mkL8XA9Aejc
CoUq4KWSfsjNJdbUUuhzPv3aAui8GfuUwW1NfdZcyEzL1pCSebM6
CoV9h68z1FsqkKR5PaUF22sKeTfyg1SCfv6Nh6biXNrw1YAJdm5t
CoVoj68f8QboytEphu1hZZkFo1kj5fCth2FyKQMQGKavTNmg9jEm
CoVQPmFDggp77PnyVMiQKcw8wJU64BAEih65uWVPxKG33W99VuUi
CoVcUvnuhoE7E1nqcPvjybB2z6RHCYQZTpAzrQQWpqEjA59ndVUd
CoVP8BLLQNEaxXJ98oxP8vKd1Yxc633WcKv75qSAz9zPk259okkG
CoVC7W8nUJdSLseJN1qwJ8KJy5fh4ARUU1PbPMn5XKHfFEo3uq86
CoW6KEoa5JRiNQ34YMhadYFWKxEiwgdDayj6HunbkjbR9r4jAgCn
CoV4F3oTDtjc5zpGG96Xir9XhvatkXZvbA2idVZ2WbaMhZHqZsVh
CoV7Dfz3qxBehqR2mhzoauUJMVvZGThkNiM86D3J1v5AmvNgJpvx
CoW4pJQRcuRhT9wfni6uQ7VhFFYRMJVQ5FfbSwotuRMuKWE3A7Ro
CoV1YqtnKbx7DpcqEgWE8T8qePL8GRpa68JtaXVLm6wAtZKHEYXw
CoWZpTD89aJoS7VsVFUbFU2XYVzhU9ACSe5ttHPvxjseysmEGopB
CoVgRFXmUcYLfT4TyfpzrprpFUB7rAZrx9JNihE5FuGuF4czhk6n
CoV7KjsL7m4UbAC8ufiUY1j1wwSuP7QL8zzNtbm5BCsk9bcDTGHC
CoWMHqwyb4o4yUX2RLpE8HT2aHUZP6Hv4NqbbcmmSYxC7WgFtHh5
CoW73mQ1LkUELQ7K5ax8Q2TNxoXEjwf2pKMU4XDLLUSSNDKwGJNs
CoWGxkC26M8UsEkM38EJmMka8fEofBS6dXLQWfE26C3XMkuH4Xvd
CoW5KtBqA4kQsQGEPTpufLSjTezuYJmxxhTLZcWFBPu6bRsVx87c
CoWYpdFz5A2iwgpPxMSmRA49wztmd5JuGxErJUL1giKu4e4443Lo
CoWM1gKqQunTg6bHexGvEsAPdpm8zspjj8yDzSE4cLftU9A88dr9
CoVLi7ZcbBJ47g9dDo9nphYzxRuJGNt71nG9gfDPv7KGnvn3tyAq
CoVv4ffX8HMvKFtJw9oLG6gFcWAUeLHbouyPiRR1Hxc9a8yDU8Mc
CoVqLyRPwnoJn5usWxN22GX6BokKADBsBkyZPtEX6tzRoNfnz77u
CoWAjTiN4HDYSa6zb76FzQmgJmN7ypQD3ow2nGSQbCMpCsTv9TTR
CoVPCFRpkPv68qL64pEAa7KrUwpMi2HhVrmo1c5qHRAR3ucZ89Qo
CoVkb1xXqANCy5SMToxfMZNa6nve1gZkSP1EJTEhQ6rdUMsU8c56
CoV6LipjyCpm26T3y5xMorjp76ztSCVRrR4tgrdvuEkCa8WESdCr
CoVnFGCGTyTbXr62cHFFi1mbjP3E76v1iCsFxh6YqM77YKwmL1do
CoWJrV5NufmyKSne8h3oCM6LMy4RTSHV9hkbTkvDA8zXH6GGBcwo
CoV2YJtrNWU3vF361euzKwesBfaofWB6VgmKum3EcwSMNyd3oM7x
CoUiDSJdqY7grEAMsLVvQ2xqvbnrGrtFBvh57annNUxgNXGVh3ah
CoWDGEs6Atk3Vx5psMHit1JiYzjEu2gxinP4hHnpWZBrf4Bd5j5b
CoVbxVYZ8ip41jKALGvnbQSNPUmFEwq1YusQiF73Rqbk7Z6fLdw2
CoV995hMhiJSqmVngiS4TXamwDpHMHNzjGjgYPmV5j1uzDWjkfLK
CoV71hh5EiEN96MMfkS2kCmJFzQCLgiSwGerX9GtURRms3Y6LVT5
CoV1efshyemAUT9G1cp5TC6CA25MYq39Dsj36yE4wfKsDAE4kMxg
CoW5xrmLvAgfoGhAKQNVHeGFU1Vd585VKToevqczH4b3A1reGwrs
CoUsPN95zBY6e2Lt6d5DwAxAnszAddVd66V6Kehmwv97zfaXrgip
CoUjk3rcTgLjgcHebtR9w3FyXRrBPQ8FPzsTbsbbPcj1iktLtBVo
