CoWFMHQr14a9HjQ1ew9b7js9oLYpJQQ2G21h8U9rvbkf9J95rzVY
CoVmtFNHzd7WVMyUbBiyhBY6eDuCncazWBCzHBBKXFZH75vungvi
CoW91LDDtxmkhjqEMc1gMFXd2npsMf5wyxJetfpyBR8By1bqjgYg
CoUjaT6c8ww4ziHUHDLSJ9bmouPuFJYSGfUQHps3zNCeiB3DJa2J
CoW9TkBoGgBJxNHG8CLEuMwfk1Qhqgq7V88Zdm7vQhtnNjTsk8ok
CoWSqpdroigkjoPTN24PyBaenPx4HDr8Fr7i5oZpVnPdwhLNPSHd
CoWQ8NbAqnQ5u2NKFVZVgDe32bV8gUmbR79yyQ3T9i1YnG1w2YWF
CoV3Fvxa2gzrdDJRrxNVJhxRXj7eEgC4mqgTG4mdPJmi2GrzeKWm
CoVcvf5bhpYCpVWWXfGjjpcVzL8U6irjTvys7W7yxRtcoWiJsocB
CoVkcBHx2KNijeSiubUS4t86V3Si8agJ5MA1cwFSiQVdqHx4fsNZ
CoVHb5w1BsscpXognprQtbibJrRv5b8eXESpXddBmaD9uYrX16gC
CoW7i2r6uAiL4Nyz4NaM8MCdwCgHyGg6J7saSY1UxBZh3wdksNGR
CoVvgvKzrdrS9wBD6fxMHnvdDEKMafNKAU6TkWZpDKBjcV7L6FjC
CoVoc6wMK5TZqr8iqBqDudn3zsXriEVqfyBp5h6Zefd1z8tsxFnp
CoWMtWWiszYanswdME4xp8SFMYVdKu9HCgboX1ckAtzHXSve71kA
CoVqUBWxB4Un5CNPbvR9gAxs2wTQ2BWJqHjUBAGGwxGeH69Lb9KR
CoVdD3WZTUrSUX4tsPgDNAuosSF2mVTAfTJrLzxmpPsCBwSZKM83
CoWEtSa92s8EgYd5qhmoHYCMTECYT4757FJbADnUDj6C8orGs8md
CoVfcdieBpJcmaD2pqBTJ1j9fUCn1oE5VCxxXLPMD4fm8iXgPsHf
CoWZ6YPdHY7uhR6atQFAuvTk6PaB5LGW4KcULhkUpCYCkCn8EzTr
CoW3xGyPSYJBsjSQtff9DGpdwjR8TCSWFkWmVdJAh75wxgx3mbuU
CoVy8BSqAyPMEoMwDhWPuMq6TbMdCYGFohpGsPwRNDLHZEQ92TKY
CoVo1KFDuiUJcJXwkx3j4ezo8p3ocqnU7gpoHy5b2vABDbGwo121
CoWJJ1br5XpYf21pLkHuYfmnnhVYNUhvhV93j6r5jdbvQm56Nfrq
CoW4JEoQWHEdjaw7c49VxFnRDgWsZjHQCJ27ZnBQHoa5fBFkamtQ
CoV4MGueRS3KVi4fANdBuEBnB2m3EYJ7FwcPj4n5fSS6TKGXBLtM
CoVXK7JwhZHVTybBfTTPEMCSgUZDWDv9UNzQkBER7WRKR6yrq3DY
CoW5NtNkejYnD43DP4CeD5jB2CgNmS1Hrc4AwRRz5E83qB3byNrJ
CoUmoSC7uxevDu4qYLY1833rUJdTzvPJwJsHfv7pCN14f8MYjqfw
CoUemSqikbw9PMpGgQ5fBJKyinBXXWTsk6pzYsc46PsJtR6uqPEs
CoVJYy7ZqXMaSmd8B53QeoGVoWULWace3iSjuLnD2261jXpBDXgC
CoW24yUHewdQoLQwLpLfgxxa9BTmg76pbpQjJcKAYJSFYgRCRA8A
CoWVoukaXBmnQzwQguQ2pKFhrrRXH48v1McX5Kqw3B7m5rn6nR7e
CoVtikWs1Qy9xkReNVMZwhy7tbdM8iUYQQacmNwkbFCAXZijmCrZ
CoUoxiBd8pm4Mf8gGXmFTmg8voEoujCiQTVGtzjcpoFKaLmzmQ3R
CoVyoq21joY6WJsmsoB6cV3yFJwhJ13oNbzqZDmErauCCq3U5WU6
CoWT3ievqjDGiXTkDUUwsmvKwUVeTU2R9Es9znvrRTXf2pJ7qQ3e
CoVcY4MF5JFSBLAUAdmg75T68n8AVwvoRvd4bKBrFmRKHApgAsTt
CoV7FssQ3hcKST1MQr5Y2HXEHh8k43A2M45dMne5RwwXLHJo4unz
CoVBSGEmUaKgEf1gVKUAwCxXB3itcKXyt4oLgXzwc3CkqRkczNUr
CoVJuGZKmJFfuyHzX9rmm3kBkb8F5YbShKnCKZdSWoNfYPqV7trJ
CoUkC3AQk1cUrUJV3KTzfJEeMgJm9FBApJaBRXQD5D4LSLZj8JmM
CoVAXjobH8y8TLd55mCDeVY1hpAuQqvaQ2TDJJPQJTozYxrWaxUp
CoUyPShCKbsELamJfPbmEkQGA6JirKj24s6JvgXxkZauqWx1tEfo
CoVequBa3AMXkyxvTZXfZk5LxUtShPCmLj18P5QCWpDFRQwY117J
CoW8StzH6C13cAWDj8XBe5Z5MJjFjqrrji8H5VVC1SVSUcN7Q5Za
CoVypExeaeT5PaAe7utRfyotZBDWTpYP8opLc3qm1AfhPL55cx1K
CoUiSZeFVKjug6kw31PHf855PX4GjJEuQgRA7rCEupTTYiHpY778
CoVCoN1Y1Pi2ke5QeswztJWRZZqkMtZvokvdQmwE1ZdaFYCjaydm
CoVTEXaAjW4Dd3L5S8AGCx2Z1bQB1eLSjw8K9rHZgjoVeTecGcL1
CoVWvWzFEDwcXuBUubPS4oqiC2JzfFbdbsSefTvcZKsXWBZiEo7q
CoVhnzPeRDiv4qK61DmxgPBXWiXRzpqBqrJTy3brqpP4RoRuTMKx
CoWVBA8UfBGiDzo5F7Bp4ZH2zcD62RAwrskgsSJs5aseQXv7rzQv
CoW48JDpzerUzzHqMRSZ5kj3MEErTUSYuWDQshDv2qUiin4oieQS
CoVx1GRe8LYK9qcPWvfjXL2h4RPMiNh3TVG4Gijaxco9RVTZX8JB
CoWX7rk4pP4efihp6mcnsums68syX3eDAaevuYGKCPLB41SsHkAq
CoUptPQ4LqzShfPW3pBTZ7YqMHouYZ57HbFp4MtcekefCSPDYKd5
CoVqaDQM8dgdjPzJhiZwBsrJUPWwNsbY1QpfZxffi4qQTCKYhedB
CoVFbEAjNVq1D6oEZTUtCppRj8dFdnDq4BDR9jtNmtUvRfNmqDC3
CoVjqopMcPYi1QJfHn8qbUVapsfY8AqcExEPU5QpoB8N84NGc7hQ
CoWJXseNQ1AarF3kHKFGULqdRjtmhvX3a3NtRL6tV8rgid3Hjbbp
CoWQZACRavy19TT1uchCziqUQZFHrSVys623Z9JU3AXcTPU6v6Yc
CoUjDk5JXa6DhcbqvFCCvpxMbn9Uqu9v25NkaLBqoRBT7J2eCDh1
CoWXk9QB9G6znxTu2QPxvuqqNh24Gbc1eixPpWbTmrr7qeU4VkRr
CoUwTaWc2f99EBk9f2hiTQfzRSXtYLcg4UTX3i9uRxApfjqRgnkk
CoUtTHB1E54KNG6RNgV14upwtFoBcbNCCYtBLYhLxe8eYjAUw7r8
CoVpmajrfu1feA1BjAmopg5j1FhxryMzXE8uRsfB8LMi7nM2iSeC
CoVuzU7xezMh4GZ3NPcTZQ3UJ36ouvVHAs88ztGSeTSVmnae3SjU
CoWS32FKXhdKTuppeq9XAW9ZCu6coSnXRaBsnUJFrjBGVAKc3pjb
CoVLmmTnFr8Xq5JHMzWT4TUzy6Qe9ZTQ8rjCupfqAW9wNjYvveFv
CoVJ2XuDdYDFvDL6rZ1KmqKEJNRUBuS7RrjfG4pnTS6Hgwc7hWiR
CoUiygtAGaqVJJpSKrdgSaZm8ssSJFuYusn6fQUN21nQwHCbUETA
CoWQyMDNrBnxd9QHPVM4cYrYxud2GFafRUc537H8VaNE5BPCnARe
CoVuKvbYoKvharPAqcThNSZnRyeM31tYx8qoa73rAy8evcGRxRJM
CoWYzntdGN4UdfocTnCqWEjxeZtDULPbin98AF8wJZNdQg4ULq2M
CoUr24kjxsdvAPudMjd4wNEFxcqEahTgznFq1HesRnqg475Eyq4W
CoWE4rFfK42VSYgU1zzidJKibVr4m9jPLNXeQS95i6uwYZpYZohC
CoWScJPcPdRbfdP1YqYhAFEVPHyVFLu6euzftwTX3ZFgioiTs2Ev
CoV1JAQQqtDA5qZTeBU8fVwhyTC9igpHYRPqyZv5AvJ4VYAUmLiJ
CoVmqzMzS9GHYfYsVGY4scVGRGh87kXA249e2risnowzf5YAzK6Z
CoWXVz9WSfHuZijXs1JBy9bAH6DwK71mqGm2JYmx5CsbapzpQBfE
CoUoMAWEaK84Cn3r6AvAz2pE7YrxCG5HhTqzNWvu7PXU8nXiyJ2y
CoVxPT6MZkfoWDDWizSifvhh9BSahNhChbDXeQgPk7kxBX8RXGP9
CoWRDnM3KL2MK7DHDiH27YH5N1MQ4W8EJTNdeS2ictGfZ3mB7941
CoVDprABenUDyqKWjgv52VT5mWvJ973vTvMkC5U62SZSKDpFMuKc
CoVQ64mDPArdJnZTACnFbJ5emPizGQB7oJWhs6w4dmPJdmt9AWbz
CoVnoG8N9WiyDDWDVpMRAqaiPRfjBcbaXHhMv5aWku71ZRPXHvrC
CoWA1Exhu67Rgmz7Y3u5n7oAGsW1hPXF777XRP6UAV3SyM5N1QE8
CoUnECdNF2sa5H8grPJWS7c8MvbJwtWYmF8BTcdAWzsLs3SxqzdN
CoVTnhbNigf9zJ9whXvfMHQzTn5Qjgnp5UcA4Ln2dkLnPzNmG4UR
CoUsdjSRrGMQpADA2PY6vCLhzKyYd1tQRub4QWjDDkK8oz4Yu8Sn
CoUs4w2HvX5xpWGTsPu9qwuw9FcmwmsHn7Z79xG8pGBSYn94W8Pd
CoV1Piq6yDzGMMEoz7GE1zXNTR6BGiG7YNh29tND6ir5ZTmRbjLX
CoVJrqT6grHaVgtN2UwoeNuxUJUj7FbA1Y2j71MyCdjs1U1rVqtL
CoVnVg7BcTMtDCKQ5nVJT98zKnz7TGCfFcUFnDC9bjq4uHfLK1xt
CoUhAHiAiRZvWXzz1SwioVKMmucbmPH1DHkjmpPYg12APtRyAkbx
CoVEi3thfJkVAt6UAc6vbodSMKp9cicHucY8pzL7ku347JT1uFJt
CoVUS7iudeHiVhiCGyaCdsvSewMomWt6AfDaAgTrDMtAt9L44Cuz
CoVYdfxeK7UbiFvQxNRm1nBJe3EWuaM2TPFKgQ3S9bFB38nibm7N
CoWMHfe7TWohxTAZ7eQyrrCygvTrNoAfqo1QNXBsyVpQB99HrgZX
CoVRa2VgthTWZsnT2DunW5i5ov8RdLkYsh3RVDe8dGfJKXxvJoeF
CoVYyzYgAP8byWvo5MXM5DyyjASbPjt64T9YxcvnJRRZh8VsdYpn
CoVBVxHsmgh7cmdFv6muwUqw4NMuC8GPPsuXfQisbyWUare6KXgi
CoW3vd85br5KNEjQ8zeUeYg4dwjiD5APmR6eMDux22yjmHRyqPJR
CoWZD7Re792tQyRy9WVuR4DHYT1DZJMcLPUmSQBYheUayDySGPRu
CoVSVFYEHLbKqSsEca7SA7LA9m3zqWdmnDw2sGkLchFFPdVgMgm2
CoWP5YCEUEmVf8HhTU3ksAetPphCdCQ7eQmm6gtP53BjZMUaYaev
CoVgSYRKreLgw9P3GjBFJKEVtZmMT1UsfSnVY9qWGvsuWhfCiYRZ
CoUr94Bs3BiRfcqXGgUx4mz3RrDBMVatYdam7e61jqmxeiZ4nSoq
CoUpqtS6UvGhM6HCGciuzacHYLcaGzv1ZzTdijT9dHwXwXBgLzcx
CoVbYcX6dAKLr9qb7abTUn2TC11FGumVCxUwgysQXQwdmfbyoa42
CoVzoppFiYYoVymgwRXLWWkxvAEviUYssiAH8z7SEnAiEdGDHp8F
CoW1vKKXjiEUu5vBRbKejdXC2FXwo2hEDJC1G4KBHvfmkWohXBYd
CoVQ93ad11GmUgiW5SivQGA1qPi4ohkNEJxSv7FYgYohcYz41yy9
CoV68Kg7xFoUtRavRbxytHEdcVT5NzyuDQMzHdnbEweuSmJ7iuRC
CoWJFqyBwJsHBNGSx3QH2FVq3MtUQtJV3oWKNGQSGT6HC5tAtPjk
CoVo2aUpfNPQdSgiomsHF1KY97NAUtVwsWwrZSEzKvPaat216uwJ
CoWDR39qkw7r74gMdqizuo8RB87daV92BkjHwCdzqwuE3HPALDML
CoWaV4f1Goy7RoiZWQoE2ikU8noGqwcYWNE577X8n9r99kCrjxo6
CoVH9fMChH4L4A5mB9KQga4Ge7pchUjrQT8xkkpk8ywwwqwqy5V6
CoVSxYfpCQ6ew2iTXZS9jZgcYBupSVDLFisUcb5YAqdMQSwrr5Wi
CoV6jwZRZFo43vKhqxcSnC4cE2vPV2E6LMC9L4tiQykJLwMToc6D
CoVdC4LEP4WP2vjNmZrfoPoydFjGfdpyjpK1DDW2rgKjtGYWDDU2
CoWZc4Qe8f7pKCmDGQr7AxccSAD6Lu2GT1tNp2hdSssma7XwrBdU
CoVy8mtxksCqnG4iFr6fmu86w821RnTuUwxf41fQW5LvFLQMbSkt
CoUnoDhSzasKUXPAMsyQ1bTkFjdB7x4vEhHzvVn8rmRMPtU7oNwj
CoUvttQBLYcgEemRCmsLzg2jAtucy9ow2wTKTDU6893TMmCNS8qi
CoUqTPivo87eKSqwvVDLwXYjy2Co9dErAanpsC8MLH2mjjNjydCf
CoWEuxChuGNVGaD9boC6DMVrnU6xZvTFb9ipinQWoXMr3GMMepqJ
CoVSsDh25bW2e6DdqK2Wxe7NaJ8qB2PFxqoPShudcYk2qXVLLMew
