CoUoW3BNBU7qNbGuHjG1EUE3Lo5LKXB5MzKCKcYYtqg1ZoGHGukb
CoVnLziBr14MGtedQS3nKr7Pc8KemXd8c1W9E79HcehbdNqr5tTN
CoVddUo1objSmv9G4vJg4ynVNyo4J3PT4t4nZFy9yVE6M6NHVRqq
CoVnAS7aQEEQB4LVQBkPRkUKcmvBz5VAz7swX8w9cY1mBD2hwuLT
CoWUF3hK2hes7rR99sjdoKL26gtMdW28x4u4ZuDyazd2XBH76iNT
CoV1EfYef4yB5R5hDdEedpENoqpg88PbaqvRsm23AxNbPC8weQJU
CoW9VwbYAfA6xjLGKGp3tQWJZohCfRR9vY3DmLBEHZBeqsVYNc19
CoV8it5WM6xZYRebuiaSyAcvUxh4RgeNpxMHacJjAGex3u1QmyJW
CoVxaMWffi95eVX6buSR6UzUr4BJqgBPo5M2Ld2QPrroZZKv1QXw
CoVcgiKbaEGtsqbyuq9LjpiWwfhSeH9vvntkyq74ErjfowgUnzaj
CoUsqTYcWX2AEb44dmz1wdp2wr3WGPCbeC5MiHLfarCDnvQKKQk9
CoVxEfPpR1ENJ8vCEo3GYn3tnVT2xTaBwUuRiRumqpCD2nX8QS7C
CoUoG88hUzzLnGfWu7WfGQuy9Kn5ZPG85F3cim4S9AbtHTWPFMhd
CoW94ntC2o5FNxZ7ACXM8tst3gCzZ5e4wrb8jvP6SDLbCceckcTz
CoVkVjBjxCMcTx6GMzdeDDKEX5WFCQkGP2HkBvhoSMVNk1iijoMy
CoWAyrt25LCbQAJkiho7hxYenyiAXue1F3ArbtVEPuZJjDhtyh4Z
CoV1UFREF2FQ5gifpLWYtTj7kArGGwS3UM49mXXKrsAJdUHxN3d2
CoVhZRZNnZvibvzXska1TGBxcMh5WnSkYVHRDGQRWCq632Ad9ooC
CoUwzYMgfRvj21sYmzL7F78vjDCumqL2oXXTePEddf2mfVQctbPM
CoUpKvUNu653YnXfwRXVaW67wm3HyujvXAja4ABmESJXPPjBSaUa
CoVKzBGxTzgcYnYu477j1P4d1XsRF2JK5KdMfshj1dxT7FtsF95t
CoWWfmykf7H1xB2Lssgpf9rHtioM6v3ec4VhUNABtWuPoNK2B8LV
CoVSaDhjbL2EVgELqQcXSayyzj6wmWwkTcvCeXzpXv2NS4vrAvGh
CoVeHsiEeymrBSnhkGzBG8AVp2aXrngSXTD4jwHTrsoNMw7VVNLu
CoUu5nJ5Xhe7x3HaYqJ5XDHbK8wtMTP3BU9KwTXrYsSbss4Ebr3A
CoUx6ccQNNUg7bXEgGcrzEgzNSAYzRdXTNSbJT2ZgAE212S38e1s
CoVbZis58NWqmZBvUtKLVAftcGHvw3bdbCmWr2S2ngWMGDKJU6wB
CoVwtd1zMaATvhjLZsZyixijh6Gb5AVW1fuoD5JFQecvWMZCtWVH
CoVbbZ2QKYNz63t1LWBS5AjEaVc7pYAkf2wXscGW2qtD6EChdHvw
CoVnFjFYUPqNNBuekAHJtCpoFt6wqeNPRujLwPKicEvGXzRWRCCZ
CoUvt315kMQsjUgoNMfNHYDxZvGC4eZA4G1m8nCAV5XBZxFtRUbm
CoWALxdjYGGafTumaFXy2qayP4EUsEbeAkcAnfnVdEBACKMQ2wUy
CoVmibCXEWR81ocuDPCL8cs3tBa1SuhiQ9cPKH9EdbaHo8TZW6TN
CoW1z6wUc5m1gGs87LmwDLiDnETao43f6Z753WybGoS1LsM5Q9xb
CoWW2scfXZkHbc6JCcba2SSXGELqkAmdMYt2iRzN57X5xa7c3bMx
CoVGDQdtmtaCsstCq57J6LGWzu4AB6jyUcsuDT2VbwHc8LSKCQnT
CoUqeHyRTcKcnmjHvjmsqLvReUcTMiK8w7wnHFYWKKVdvJPLVAvP
CoVtDyFfH6TXgzVdJJHXkXc28xN5DtUbNfEY8mzdT4L851GXgLFC
CoWBspMFDYfrTiFqd7br8pByaqEAoV1uv6pBHoqiRyMEWABS3aFE
CoWT9vZBsLxo99mis7XAm5tppfCFMipnkv8zwDYcpWbm5ZxG928F
CoVeSmwtdGAhmsAYHZmAaAbYxirD5yNKKSNVMB5eV4KLsKgmWBkW
CoVVecTqcYhZ4LGUNbJyfduFjuJbr64T4ykqemoEQ3P23xyaVUUc
CoUtRJUpUHxrUW4p3KrxCY5vSSjeVJa4JAsEPKW5s3AHzhrGb1oL
CoWMiLY5FaWXPKqhmHGpsD27F4Xp7YC8EDhm1eUtTX2b2jvW4hdL
CoVYyo2YNmfxufkZmxf8zgY6EiFaYgdxQGj1Z86Ue7Ys4XfAo3Ph
CoUnfn3XJKPNCHJkiAkRDk6mTXk77gzDWMci23XDoh5HkqUSNn6X
CoVADDG6oPmSfdZ95nJvLhVRAMyWzeK4X21oeSJgjuxWq8kteiFJ
CoV8jxkDgj4As3uvD2QEMpLxFeGhiv9MP4hCBimwxJkV2NCwn2Mk
CoVe31CBPSa7vYNGpCpqyBUTPMAUeiAgvRYgPFiQbB4yL7G2ekKZ
CoV1YFCMq2ujeDJ2FtLH4SvLu6VRz54Qd8LUFZBBZt8szVMw4feZ
CoVzjWoon8pfv2zZGbhDAdYL2fsq9Sb2dseZS1TZyU624QZAKhS3
CoV4VmPeK1VXArQhLPVEt6TfxD9pbKUXbVamt2D2rbQuwXYSfuPS
CoVtN2gsAtALJfwm3QBG4552qEE46gh5E5Mx5Mxrm5owtY3yM4Le
CoVn2bWrXVkdzCSL6z1YbubDNHKRoCENbdamZ6tyhiSrbdRM4Cj2
CoUsP5WtczwTFuake3QERu7zpKHhXBwmFWw3WNNwTqUdAAdCwtBh
CoW8qZJ2WzsnyyX2U45rByHZp1JQzzapSaHYpbaWjA7fafCC5hnt
CoVcyTQYa7hSpbYhiYLZrL6yxLnTthr4nGWjqMn7ksw1YdLWK2R8
CoWF57FLFU8DKua2jZMTCtdaPxTyoMVRw2m3rQBgGyej6GjJcfQ1
CoV2S6p2FCTVJYC8pfTvq9vPNRtveMXMe1hvYeBeMBo8kKZwKgqZ
CoWNzbaaUPPpmKfssY9TZXhpefWrUrUD44pkXsLGzvddtCXCwhgS
CoVBzU2Vis72G4CDtNvCu1iMV3eq4Png9CKaKosV3rxArfQRYn9x
CoVYsS469nsyZMcd5pot4y2RcJPkRhemoNXtttWkdbq6hvbHa6J7
CoV9Xgu3UKcA8G8HyHa7WfjQXKhXZdEK2rZMoqfyDYffV9zkhtGc
CoV8LsQ8L2ForWd58SUR7FYZ3CV8UepiHMW7rghyjWDWXbrXc75a
CoVesoFTYPJGQR14mBRvCxiUPpXqh4a37UTm4fhFmWhmMuaEjGga
CoVhX1ekjxVCxeWHiiAg7Jptnvyjuw8GdDQBxbnxQQVTTVYxHtF2
CoVUGobFyYpakUUumSBKpTw8iuVw4NaaaHnXrUExLq1XWTdpLEyC
CoV18HWoLfhjduHhM7w1FXtNho3hoQmz7ki45cr78MASid3ve3G6
CoUsXXBCb6m68cQVTCcG8kuVNa97qjkX5P4oPGBfWXLTYCbBTiKb
CoWHAGvtLKJMcUtsvSwutAUP5imCUeDCNVPjUxgodL4k1QJfn8Qu
CoUkNiMTmkZuD64g6EFDtk24riu6gUa1U4hiWAqiKLq5GdwJSrPW
CoUr2PL1GHEk5eiM8ff7ZwDKYZwpUfngjHGN6MW1KBAAFLYxNmG1
CoVG3wXdV8xp8b2qW5MHaaHTTnh7p53dKpBAuCdgVkivdha8LssM
CoVgDxVfLp6NCQms74JW1g7oBMjUWfHwDGbkAJ2r5eMjA3PVzDqQ
CoVhx7TinomcL6PfW24oV5zUbfK1qmBtdTpJWbEh1gcuMJBPqEvE
CoUrTbSqSip34xarpWKMVgfRM3B32DjNFnK3KbixZVhivwJgbE5e
CoVeW5j9QrHC8A5pkcyfd4hvRA2R96kJ3rZ5g9PhKV2k26HED2po
CoWN2JscNQKFvwaKbnpUgwUwmJf5yqBxYpZo6PSxndX71ZrgEpZw
CoWZZJU6EPhpSVh5FFFoxdzngozew4rsaMMfMFXnVbtQKtW5rZrz
CoWGfpwvsh8VkHCPwNXP3YbVDkXMA23swJKw7PrB1DP1BkrXWZu6
CoUrktSfyuNz2i5cRxrV8cXZKcftyJtQk2JMcVZ4APs6oniqgGZh
CoWJcGK4zAjcSoNJFSYKmNnSFM3SXrC513d6Kpyd9tbHbT4meN2z
CoUk6TiF14oupj7Wi2MkpJWtREXF6uoT2qmnqC99BTuJAKTt4Qzz
CoUzhm37Qi8zXvBiC2hhhrdB5Ed3ZmsSr9LD1fDDTs7LwPtvCVny
CoV7pzipJVTW8z5vU3umCQsKPC5Vs9ZjS2FZX1KT8XSWT5LgDujq
CoUkNVA7AmZCcDG13xK9Vx6314frVNEDUtDKu1Dc9STLEmm5ydyQ
CoWPGRrA6cSmo3qKgivCwqQWXW6V2HEWVgdotEMFoiXsMeHs2KQ8
CoWUcmmh7UAi9wTS5WkSrbm2sTW1dup6AXejDcrgRbP5fa3LoQPb
CoVXuxBgja71CPEM1E4UDyqkinV6dfoTGBGeEeC4PeZMNDrv1KZH
CoWGgc2JM9kqUA1cDvLub1KZpN3nh5MPbAF29GBnSi66BoD9iVFR
CoVRfXCFqdjPjP4Ta6ivqQf7dekM3jkCsUgLgTBdAjS1ouiB7HVv
CoVCwJCNY8bina4mm5ZswkaS3oHLnfaS1YmBFvVNg2r4kkSJBa8s
CoUqSSg2aNWDirwrtSKvjch2kmUSQYxEEY6NjGaPRi3jbspAzRfZ
CoWX17kdn3nSqyvumZXAJ2RBoacwNtGRTHAgrYWWNmkHCWT6w4Pq
CoUtLodAJvuZmUWnyM84UkSnfE8km5EDSeBNz9wd9kakBajrySip
CoWagqMipkoGnT2RKenM471NucYa3no4XGkTfhSWtVNDBWHcuzyN
CoVtaC5khAtGogStrW5PtVVyEiavRHcopntHy9nhPhhyLBj42PZn
CoW4pGPeFQcWgfwABBaoDJxH4X9xiPs7o3oDhzAktmysNtfgDfNp
CoVkBHAzkZdUHkQdiBAmV9p1BbzkMGr3TJhgAU4V4ogDXgCyk1wN
CoV8vw5aPMmgnCrxZqU7iwdMy7rwUscH3TFmeTUc5fuqjrRPdNP9
CoW7aUoFdDsoJ5VRdD5wHj92ottmTuAFRUWs67hrHXFkemDvCUyi
CoW2895nEemN9evHF3MYB9BVgN8oj19TKe8DoFptdZ4HwxXwTif9
CoWLTE2MsEBWzLAzpoapT9F8sJTKg2HEpt8GPkpi8RtsGrNnKh54
CoWCsVzFS5stJ9pzoT98e68ZvV5J4uCA8x7LisjfpNyxTdmDr5LX
CoWKNTR8ukNftb3JUdkqEH6TPDkLfKUrLwxMrfDS4cZUJAX2gnNx
CoV4CZ9FpWLpMcCJdJv3o3TBiQrgZZyPju532umnkFT9YEtefgpr
CoUjHPuT7LWrJ8di1miU3Ed2YhPf9ZBKtdS1hDD9MD42e1NKaLBv
CoUxfqvtf53gcEh5XboJoFKH78YpEU5JPEg57VH8y8QGVJoqpYiM
CoVHxwdgRWhL83iAf4YnTYZ6njAmUr58zuLhyJeNfHoHaPbHnvfN
CoVjiBEzsiQWkfMxKWqyeTgAarTFBRjkhLLt3edYBZ3zKWdPAJQU
CoVU8pUnS34b7xNQuFmLFxjwEdn8PcLYiZ2cWpWxUDkcec8AkRAy
CoVLhzzzwYBTR9FAuGdSFXh79J5pd86sppUtf8aV63iwsZpT5K41
CoVZadbhDz2CpNxyQ9QJvDTecWL9BdhJSviFmwKC4jssT3RX8b7B
CoW4hn7ygXwnZCBKPtY1jUVjFEVFyNnHaENvZduHspEmPwoJPhv4
CoW6ijndtsUpKfZ2xi1YHCAKoGbxPVQMMDnSFWY1J5Tun43hMDFc
CoVeDQVQJFLBkfZgrmauxKuzpQFayr2qZ6ruWwSx1mCymPNeUR9L
CoVStzBuJkstUHmYJbw2pqBweyfKZDqeJrjNmKfuoc4ZrY4YTbfY
CoUtA6wpeFmvEcB2qPBg9KBJbgv338AMRXxa2sCry6fbFydr1ygi
CoUtxnNWkasJdwoownY2DYEZ4YVhjGLsdxhjHW9V3D54PpQWvyFz
CoVUBU3uPzSQFoPJSb4J9Bk7Ps87NeVc1ixmXNvzf5dkt5UjPWGB
CoW53Dnk8oCvMqSPsuNNFSWw6riVeGXrMbGhXyyjwNgiSqcqdiYo
CoW3R9Vg4xjdG2ZDkNPiXFNCsu6u97rV4ipYsKqWnbuJ78qUhrsa
CoWH9jwWMbouZvoWPkRGSe9w8w8cQDDVX8K1qwNS213HMff5QCfj
CoWUxdn7pnXv2WvKZbgSdnUuK2rLPUJA91bPH4pa7Q7bN8TQim4H
CoVfFAghntAwjms8rDDmKQPMzpb18sPp7n87oHiC6Aun5ExbEC1g
CoVS6aktWhdLmVCo3atdhKhtLfLknh2v1cAV6SSxdXANpCVUynRN
CoV4KumFbNuM3Szf69S75CVHQHbgDPymtyYwJZUdZDxeqGQ6QETf
CoV11bR7T3PRxaBhKbS4nwxj5taBBMnYcVaoykZH2T8S5nZxbTAq
CoVvA6z4FhV96KJThTisvQyy1MgkMCH3K1UJYD3k9AKdANmuHDTJ
CoVbE6eE3NdL1QRDqJxWG78MdFWxmFB18coq4coPyuDunigHqnbf
CoW5K6H7dGbLu9fkhfZXfRPMLER1UpTpspAcqJaWjmX94jidDaVr
CoVmxGpuPfedoGM8WvRmY3gXuRoJEZPRD5Wqnz6BG4JrRTmjNLiP
CoUvGUFjx96t1qWqYs4hxGJEF8mejbr4UJuDYTNLFipF8K6fwmki
CoVnmrAGLuL2b6uuFYLfJJRCYxr9gJCFUavjww8ikfTyoASUpQNV
