CoViPZtW7agJ7xyWBGbWUdNfV2DqLfeaReTHhXEHZcdKQ2rCaGu3
CoVnxxN54xJPs6ZGKg5A9c938gQdTy2asZ8BEjsk7GLBaTTT1SjT
CoUmzLW7JTVKqwhMiZk8xfSHuj4CBbkMd4o4HhdkBw3hvnd2AGe3
CoVC284UjW1a5vMoCzu2kwiGfsvWeae9M9KNn7CqvxHZ5nDkhTXa
CoW8WxVLbv5EguQd5jqnFzw2kQKtjt64MNCy1Gn2sTrBixUBKGA1
CoW2wQ3zLku1zCxd5kgFNCPVrrHLwBTDqBG81pfhpQtqaBbtZjJK
CoW7WCxrXmD9dTRnmnBUXcrfreBA2ewxs4dUmr6bH8EoPFdQr6Fe
CoUeQ722w1N8S8VwuQd12nfouCKyuU4tsnWDmMXn5RnjGjRcEQBS
CoWYNMB6xyA2eFmxubUfUM29PQWPRdKzcXmRVs5iyXBSDzuCHsQm
CoWR1XY3DsG1EerG3ReYMqFUar3V2qwkfuxQM3dkKhyDTT2nysTL
CoWRxSEGHptUkmEdEibnVnzzq3zCMpNnsPLaVr9AT6i1skzQ7GJQ
CoVPgSrN77cjKjB4feGgRXGiTEWLL4vH8t1MM4Zhn3ak426FMoeB
CoWSu5gdMCsV2DCNwgUWEVZ6w2UG7Afn3MbvxJhQ2Fd2VMLeH59B
CoVNea3XGauMyFNSc3u7M5A8TweCsoLqvVxWG1Zqrffrj7DaRqFg
CoWZTX1roPwwU6t9zZjmhxue2PTupRJ8q4yK598V3vua1STgDzpY
CoVGUe6icvt5twAigYExUnM6GTdiwg6FgZHdjXebFyYjxM1erBno
CoVieyhuTnh5wg8y51SdokDgD3cwk4egu1C5PbgJHkrrtMe1jdKy
CoWXUGJG6hgHJKpu9whgpxvPfewVhKYqChm6gkgsq3VwHNyVZgVL
CoVQiSuaphhPU9RSDtWfTCRep9BQvMzfW36xcHPwW8uYPfRfBjmj
CoVsGtmvfFLwNHv55e1MxN4HQCyZXWxJZ9GN7gbdVMuzaeo9BV5B
CoVkfbpYaXqxStoHm1j51usHURjssETeGknm351ssiwuMouyG2ch
CoWKzrxkF4UGaHiF3oPit6o1u4ikGbtFewHDp9edCzEaP5tYFMs7
CoVVeebJeN5rQcdwnr9jEXAYr5CiAyMn1jCr8ask8KnwQWTFnSn2
CoWKcfrgvroqU9ckeUqRNXteA7mM7oS9Beb7XfNR65oaGSDwtxiJ
CoW1zYSuXHrDif5Sm6icwCNcs3Z4ei6taKMfQcrKtB4rX6ttVkGh
CoWNhABHLr71cuTNxnFZQDN1mJd5XSzQKGJ1tGQby4L9pDq1YBNQ
CoW5Hc6pHmyDMQthJGojedHid95fDY78Ay4216w1mTHjQUrC7aW2
CoWCY2SbjbupS9BTbhYUfPU3AqZT2xSpWzHoGjXKSWst1Kz1DPYg
CoVCQQLnWP8rB2vRzjSeerYYq3Dch6jRbr6U9hmyFJE3uaxs5uMP
CoVJKuh255Bw8GGRKK2pfLmU8M2j16FRZtYATP3vwp9wsMew1f4t
CoUjkw2w47Aj91ajGnJkzTc5XPFumjV4pKSQtL1uDJMwSgjNzyLY
CoW2f8NqqhgbjTy7pv9CTWbEvLstVCyexpTeuRTLR4FqMYMTo4mY
CoVBKBVqp11JX1w3L8cTeJyrucosMCD8xa1dXYZ4bFT5wJvQgLFp
CoVMw3fA8quw92zX4TwDKkzSr44Tbyn7ZRqpk7xYjcdqN5DWYox4
CoWQj7Q7YH3jtU8oxYYNjZJNQPunHMLgYeHhEfReAgSEXyzuoKRD
CoVU238uRKkPBEZqtj3zSvU9cwaAVQ6tXXTDUs18r4btmTj4bmT2
CoWGofULda2PMrTMA9tEhzwdBSnJbZXKjX5nz3iUQ5GDRTrFFy2q
CoVr6NESciVP14EtFLUXdZjCmSDkH4mPKNME5Rq7XEC2vgzrKT59
CoWPFBDzPxydaYgVEbiTmkXvwD6LMidXkP9t5u9GWbhfPLMg7eHY
CoUfEhjPjCmrM75Enz3tvNajmvCsPkL71yyVbroB2LDu1U652Rky
CoVpG3XoaZBL4b3g9b8JFd8wor6y8FJty2WqJNiXrpcECTYxSbaY
CoVAVsjVSyHZ4yKCbxRLs5vEfPuf6K8LRXAk9D8gbRaLxxmL5iiS
CoUmKqupCVxsSPVvYPmzTNgZq5sYcN4nXXrSwnwpTeLjqbNZNWiN
CoVrCAzmoKuFeTgycCWv9i1z4cnst393Si93y68iDAKUW2p83PG7
CoUueAGPnk8SZSibLZ6qeNsV9JWJ5jfyJEnr3eShys38fNGGZGTj
CoWKnxr9jFC32gS61QePCNQeuhnokMGyEhjgWoiTKLAiTP83EUzR
CoUjKXMNq3jnDo5SDG32BHciz83VF4ZucwTs88AhZr1v5GHoeBGP
CoVUiEYzgBTQEA34zJJxvzbZxnMEYEdP1QgNyGwG3tchzx55ZK45
CoViFGq2HR5arr25hvsVEkFzAvwLv6BBvvo8e4rGp3nomVbYyZdA
CoWb2SvccXAXcdG5qGSS9Z77uoZu7zG1VkBhaTLtiRBKFZCrvgdY
CoW2CvpkLr1aay5oyPEKGkJubUQVymkbxGw6oxfKXQPcCSApat3U
CoV1vwRBZ65bzihVMsNaWWwWKJE577w8Da5fg47uUDKk2sgV6Ay6
CoUp4CMxPiTyAaDj77mUH7pfHCcnFg2oVrq4PGUgfF2TNorUxWiB
CoW3UwXmdWggdRbAkCC9smktpPzhAcFeeXaXs78cch4dWtNi6Ftg
CoVxrZufn6xyi56gGm7V4MQrLACuYBu5DqLvvjyUdXtCgg9yN4Ec
CoVLbapGBBhAUjpBxfVQMKwibBxSSia2ivV7qQmhyBLS9phqGB5X
CoWPRe3nGsLPEvVrWjMxpp8iTTu6kzKZr7oMRaK8JWD3Sxv8g16D
CoWHfxJW55pan5Fr6XA7gHMtn68etfn2dViZg2ojomCXNHtCXoWf
CoVa74M99F1szXgTFSKm4RPoikRMN1z2mCTbbMTeL74JANGaepFp
CoVbH7vYw5hxru8NoAKf2bpvZjUQNf6T3t9rUbNi2D7QUxoYiK4a
CoVsk79SrKXPKWcGvAEDBhEFHDnyBzVBEEUV6y7n72863kJJrnV7
CoWVCHKyEZaFkKqEj5oyBPoGf82fZBXZWYgjZDVShd4stCtmPwCN
CoUzpZkb4wP9P6KJam3c8fmhjEc5esx4c4XrMEkr9HeNLTYF9fiu
CoUkaCjooLdFPRmJoCsPi54o3kqvo6EWQqskwapxoRj3Y7YSqD91
CoWGGyXxWv9QRsufQnFZhvvAquAKPDx7yCELEbKLw77mcnXBkZUr
CoVPVZ2opKBUYfcwRso5sU66hhp19BrMPgx2pS3pHSvvFdkH14nB
CoUnR6iB5u25iPuMyodhZZgeY12sGZkWSXK3qf6zR3FSSPPiRgGh
CoVjEoZqRcaRsCM8FVEsRPP9t8KP1kHBj5Bqi3b8ezrrVT4GghXP
CoVBdPhkY93ofLNV7Qpisvd6B1SC1RcgvNsHbZ5VgBw2zrRXwbdf
CoVXGAfquUuSQsEpEUDfKgVXihDSG7fdEnhy5bbUYZS3EF8DVtPU
CoW3WeCcFg9pGxQZdyrVdbgSaK5KzGFLwgZHCxo5GksZ7Bydzys6
CoVKPJtuc5hbNsijhTB8eURJM2sxhhvJ8dQz8n7Eb1kisZQQYrcF
CoW3t8pENg3erypw8jfHzwKvh4MvTnnVXuKidV1QYeQa2jLKbkTz
CoWU9vbQpDdaGSR6c7Wzhn1Hhhi7UprVkNCVdxVjUi94Db82Kig9
CoWVLvftHCVRZqczQBqMZJbCdPSzmkyymEYNWF9oWf2saT9q9FfA
CoWN9ahbPVqdxNwgvwfnBQio9Kpydq3cswCqbmscQXwS4sMaVY13
CoWNDFE9Jg8zaoW8uYLLRymbkH58C6Rr2eep6WkMxKm81HLVQvpV
CoWX7pLFDGmJAZqUAV8gQAXGJh9qCvBaLfCoXc2kSF7DzF6DUTk4
CoV4PUFmajPh8ujtMoqpfRsG8WXVvDagNjCEHjt9Y67L4fpj5RNf
CoUfjRF7sS4k4EaEaNpmCwMiqZ4RagmVrQwaaJsVozcSVFMhLjCV
CoV5CATvuoUYzcSh5xNbX2vRXxzwzzdrdWeDCDFxmNBSd4znvZPh
CoWKdwaQQ7ozUNwc7UmCvAQzfYRKZRAuhyRGt9zTuBC7Qf7yMaRS
CoW9zP8WzK2xCmgCUPrTntzPJNw7Qx3Gd3QY53yAJitKCQx1GgPF
CoUpVd8jEBvtAtCb6rzMB2E1cZPEpAPmMyYo2zigE9C3pjnu8hU6
CoVHZD99g7LHHUr3e4uXPA41HqJa8QYgwnDvgGscNE9P7hyCvycQ
CoVyQJUvBqvCm8LEYrM4fwAzm5bTqR4uuGvtiCGa7nGYdhcmwazs
CoW6TgXVgyaTdjA6aqzevUQyaX8V8pUVhANDr3DMcqH3xcjQLgov
CoUqX57a9PbDgY3X6B7nfCCcye7GWqvC2Z3o9rfwa9JeoSmgjyWn
CoVaHwfUsjCgrYZWbLoXSkzWdf8Zx8vL4Pt6ujWssFkujAQBoUPs
CoW2uPE7qaiKKYv8CT6jt8AXdv7u1mgZ85sVaPNqV5MYUmwWrnDd
CoVKp1uio9aRMLpnRb97qc4n7xEJpbW9PbJG6J3LmBdKcvksv7y1
CoV7uYbFbRrS7Gar7aJ2ZRTvzRRiraMLhiYTHjFcb6faG1w8DQej
CoWPz8Yn11o3ENsdfwPtJdTZSpmgozfgdA6Nv9FVcA4GKQGGVGsy
CoVBmZLmZGTmDC89ztcUJw9fRnrB1oyU9DfGjdPx5EA7FrFHCkxP
CoVnDegzG86eqRygHcGLHb25EsoA7kkwpjseubHhoh62H1Fc8xKa
CoUsht9W2YUWaft5JSFeit2NKzfHDdFL1RszJtndLNSqgi4xP8Bd
CoVdYwBBLNTLFAUjBNqSxL37MAY6sPSABGBZHkFa334QEK6NsSNB
CoW46JsUybuGv9iSB34KDQ2ADk5mLRGDm24mimDENizDLGEs8rb1
CoVSUFUJuJY2NprL18R3dbhxByE13iLmggQR8s8FBqPDrWQwDjhS
CoWW4XMVziX3BkdNsxM4mP4Vfg47VVamSBQRhQwPGJufNEJviySz
CoUwjxTmMbczc9YbU6famPUJUSqgeNQNTQkf3rJtjMtfQax6Mtap
CoVrJ4wBMmrWMpT5UzFbax48eeYwfRHJ8fomY58NsmPj5jNK8G35
CoW4QEzZbCdEmzAw4ifwLY92sY4KmXyRFgygiB5xmTpXjjbiBS4R
CoVqCF3LCNMFWkFEQ9ZqH4MfJqTLw9mLKMjkvBbW5bPh9xztVwxf
CoWFwxhrRPwCLsKiPNZ1bdjtQp2FitfCR6ADGJYGXJNvHAXB8di4
CoWDk9AeiCxFcn4GGfxfLPfM661vic4CTN4u7r7sPqGnPwoznQp9
CoViKX66crqtMgmdJiPt8sSorhDUTicfAWD9MrSHt1DKZCqL7KGF
CoW3ciYLs7wwb4Dgox1tdnzj18teEDyLhvBskid38x9LeVyiiGJt
CoVKaRBCfjLkT3A8AAjvJ6H3ePNTwNpAfYPQevSwedrW1L9HUVRe
CoVV8Em3cZB8rfYv1VB3iuGqugB6HpRYNdtXmibhhYYWCucddXCh
CoUjAyuBM5Wwn386pkNe9x99HcJvQPD9YjJU7z2ovDHZEWprZp4w
CoVJprvpJuXS1UubznPanRxqkhKZG9edFAUNxqXcfYVe8b9E98fZ
CoUv8DAgXEHZcTZYHwxAcnxc1duBX4gd1cnKS4BeGmyFvrWNMym3
CoVspDotpAdFxZkXAmL8YFHbaxRCk2UzxSZCTvuoGwTQn1YbNCH4
CoUn1E2hBLRbEXajQDBuwcrC12CEjQzispHRsAoZJ1Rseqg7Y6PM
CoVbmKmDTUe9pRx3SEtXcHnkugruhUWMoimSEcZBmaovZ2nbA99Q
CoW75gpMh7N3Jetz7WzeqMseDrR6BY9444KEM4Q6G2vFh6ni7VFb
CoUqXGTpcHRQeaQpLHhqhVahViYWtgh6xQBqUz7fsY8jXiGQiAd6
CoW9vUxRdAZ4GVoZnUwJ2HzmrejssDqF85uJwEuX2ngPv6STZf7x
CoV37xEkog1MhLt8EN1iHNcYEPsCB2adaYaR3dDNyFi1UNJTRE9U
CoUoZyDvMNE2bR8YmoExrEoutKRup75fhMd63cV6cNG3eGJ4cSAq
CoVxTGEN47FvqtuWz5SuRk71oDZJpxdQL7wZFwNsWJrsZK5rjRhU
CoUwYNjRRWSU1LRDKXiwmvQrAGAXQeMDXACMLGxAqowkdsToQpSA
CoWZ8VzFeJXus1se9Nt4qpZTxzn5sezcA547gVnkLqo6awXsMVFt
CoUvAiWxDf4UkJXVmf4emhvWVkFnDtG7PePCCPug7YHwdgZTvhoB
CoV8sdmZdGidJffYkpwF4t35WzzVuPw8Q2ASKjAczgY31jiAMUCn
CoVLaa35Vg2BkEjG3qtRNGWXfUC8bWJRN23kuwprmxVavijGw84B
CoUjBhBxnfsyfVTTiGHxj6fALcF2dXzDbnfQHQd5HKvV4xULR58u
CoUtrBraAyBT15YsTe1qUhj4qDEAhApbMmuG5jNACRRmEE61Ud84
CoVKUUdKpSdfWe7kyKe1XQFo47rJXAqdGKLZixqocXW5WLPhMLmW
