CoVeXTyDy7Gz1u8BoErDiNun4gcBN8Cn8R1h8AKKBudvvyQ9kX4k
CoVMdnmhTQTDoEurCqeJoc3iNU6m5HQa8XjnxffR31o1pqnfuXmp
CoUkqacFkJSNVwQ3wbu39RDBJyuYCzro2y1wbWuWuWKmf6VnhtBa
CoVFgg4CZKiQ3mMb6BijF1bsHCC12gLmjSYedKP9gcdQQV1diHMz
CoVLUrDMNDSUmAFWq4fM55ACFKeg3mh26hKGHsjiX1RT6bYyzw4M
CoV22YfHCS5eGTksLmKDW6TtsVTAemcWsmfzmBDGXrwVQ57t2P2d
CoVSCAoYsdwGp4NXikcwRdK5ccA6MGZJTcBQz8iva5WYuaaCcDEb
CoWWqSY6y8jrc5SUNpXBC94EYrGXr7ie7gbMhkbv6SwotNJn66E7
CoWTY6guNpXkrg2u9H3JNdNgP29JKZRKgTmEAW6ehkdpEaL4q6Gk
CoVxdsHnM7qm2C2xK5fXVWu9pJwtGatjyTH5nki1oFCaKYW19uF9
CoVEgQWA7WunrRtZB1Q7oywQ2PiGJhLMHB6qVcZ9EXAw59HZXTz5
CoW9iiCVENm6SJUsWhaCkC87UbDsNRynNSZtgmiUud2DGLVLHYvQ
CoVAqWSuqNMg9QPmfc6kYn4QH7duhrgzkLuvjH9LsYyD9E9XFQZA
CoVTDPmufhNeQgLMzjW7TtvB7zhZm7YGZtd8M27aU5XifowPW1RS
CoVHRbxHHSWF2MAJmmX57AFLfaeL24TFjFR4v7BF75J64H9eCHkz
CoVb361nQuE5n814Scv4mBaD7ymm9yTvzUE9ZqezByKf7SDnMtUc
CoVCYUJ6cNi6vNFtmKgU8Fsr3SxJoRW1o2ub7UFW4thxxthhkakv
CoWPt24qs5JKYF26PYUhxnbrt4QZzB9KshNoKf1ECabxVaRqG72c
CoWGVBkrv4AC8HCf5rxb7hJUWDqW86V3xfnCKm8qjKfS5UgV1ah9
CoVSKxWLYEND5ibsFxDEwLxry24SCdnVuKpbEcDZ76n51okTHuWu
CoWTPmYCVNuJmdJwPodBJgKPNAZ5oKqLqhWoQHaGQNFCSR4CqPVj
CoWBhVveghckLVcSqyyRycMhPuwsdhiU3NGTEmsbkA4Uuq1i5dZM
CoVaTjQCXVLftgf4LF5Znp7jPmSrYaZnUpy1KSYcog35jc2f4ZyU
CoW4D9uCjMje34sZYP7HPrNDFErDdijRMp91uEz4Gz7yLeA6ZTKB
CoVmKYRsyN3QK9eQFPL3D47b7HVXUPaHeQSwnyMEFSD6q3wggkwi
CoVuF82xS1LpKjZpHrTKQ5NQ35dZ6y6kSKRJ7GeGnBbVCWf2hsJF
CoVfGY8bQEu1tsrm5ebcBz23rGx79EeCPcu3dFAwLkihCGqBNHRk
CoW8yGjDYBBTmpK8hJu2e2RCm5YKE5SSS2CJSvU8V6Peywpka3UE
CoWa2UbUf77p5uw5D6ThJdb1zJPHzmAjHR4uJ23U72qFfuVb67g9
CoWCtUyRH9Y6mHT8QZiJycUx1u8M5t7s5Tm4wQ5Hu5kaWELN3K96
CoW7oGf15zJMcpPu9Zj1RB1KQPKAMdMDNpZpRAe5PGvYY6LtbcaX
CoV9zaTSRKpMz2bvu8osCeny3DxvR91iQPEwn9XD1U4sMYUBu7tm
CoVhyEvrpmSkVRpJyTeRoNCz2BXPeUdjq3DXBHCQQ2s6KXh6YHV6
CoV7sbPS3sxihDks1kjz4bxfdS2RrJKtK8yC12mx6cbYg4gDNDkY
CoV62ACvdS3BXiSRfryXiNoi5cgV65XTaYmZi6G35gSbadYxdTcF
CoVLonsugJaPqCRrpMcCHELhQqW1Zo9DGNzA3GZLb35BkohupJLs
CoVt56hpiEFikCVcvMLnjNeGYhAhjCrP8DJMUzFY4AAWv3nDLc9s
CoUtyPJp4AgGkFHVrGefHvNEoEWwrgCc8PKx8oFCaoyhBdduS6Gc
CoVeA3rnvpVDSabV1T3qqAYxoHNYyixmHNrjZZxhzM3AF3zgn9TN
CoUtakBn55Z7nWsWEiQkdkRpzfecquhb1TwjqLC2BzFD9rWmz5Xv
CoW8BZrMQ5qoRcYbhiEEkJLbDgFnTrQSvdVxsbpkN5TMwXEuXDXy
CoUuJyXynU1BHXzxVD7CHH2otHg8TmVVSTmkFBSp7s6fG9SLyNLz
CoVnn9Bq5tnrjQjb71dMpHqDcSyppBkoodNBMrXviqzH77x1fwm7
CoVbTyGA3tSDzjM44cV7Bs7uknwutgyZQCotDusk3HnXWZMYvYk8
CoUruRWqiXMra66GHMFJ86iC13SQuQGG9zUYyJoskaQSJB88dWsH
CoV4Li7KygPUB5o6CFzdggQpaqBdsJQJwq4Mn8WLTj2PwHENTpD6
CoVfTLHUbjDqr5rngEjvQZKmQzhtH8FqC751MEf3NyAyQdyQAJsu
CoUzGLWj9GFQZ8hZe5BLmdnQ1ZSw7ViGP36wDU4MHMwnhKq8fgKM
CoVqDBDqjPoXAVTBuVE2j3ahuLPtFDtseoid91wkx1xghJCPMD9x
CoUni7poWbo9FPHCAcLXZTCgRHAyRmmrnRW4PKLdMvzK5YGvCYFb
CoWETjr2EXris58gp4j8MzEh2r6auukc15SzYUfcnbhwsSLEDJew
CoW4XL9zteYbeqyW895W2jxuTeWmd5Yt6LDGJJDrcyfVXSLmu5Av
CoWMLEupxHtUaGJag4PsheFPjEyB19nsxeR6XFRr94B3bqteP865
CoVmfiiXGM8RNwTwKfzCAhxUB98VaHqa3rMB4wCKABAyiu7SZrym
CoUg3eYXSt9Sy5EpdNhHK5BpjjPz5q7zGyfd5HDo2Aaz5Eujzxgb
CoVAx2GXZRdQ4RobLpD7D1fSTQG576f8BMgEGfBWnAPgUkCBFyuV
CoVa8ghvBos6KjME1PQz5y5wHcBkquRjPN8zk3fvDgpLxZm12hmN
CoW269VHiEekNS4epJqmqqgz2aBt7cVp4EZdVpxozyJB6jEzmvRq
CoUhY6kZWDq9euVkjQKGByrPsnzoZqYHDJEZaa3d4aj9PrD3MdkX
CoVvPWdxoUaRFR3zsLBBWVDTCLv1jeMgzyZhor8xtfwU8CDeGyD9
CoVUCqwePc3ohtvEp2Wqws9icdirtamcQeyC8CRmBf8oFp8JpFNj
CoW6k9PAfGTsSJbSzUyYQUm87UGh6R76h1xucEApawrgtD3Ut1Te
CoWShiqArMBD9RoG2tKU4gpS6rLxBkLizadoVhfHuzPpxNg722vm
CoVySghPb4MUGE72YQwR4KQ8RS3sv7BbUDUtLQ3B31GzdQdYvwrg
CoVMEYiSLfcA25iguYLUJKoftEmCwfn8oEEkSrQ5DKV3AQQcXcs2
CoWaWNp2y2rMtZFjTyC1R9Rtvoa7WZRMsAKNr5YuPj6VBYMZk4Vc
CoUzzs3VLSAJdagZeSBEr99gS5Cx5CnBMumD1gypf2zoxUZjanJL
CoV2NZfzb5Vmp6Nk47sox8bQNb7QUeZPZeCnKiZsdJPWm29cgHMy
CoVR4amjeKADfvWjmq4VBzgKCAwxx4B5gYunipL9PikrkvUK5GSN
CoV7d4mtqQVU68ESEkqfeuLA5MbCrgg5Zw9v8XgP8ZAbs6y4tKsu
CoW9vRETdgnZtAN2dniGmcSAFYKmHQFFDpnsPTiGiRPRXoNCus38
CoV6iXbBZVzLbCLs1kUcZuWPYiBVnQHTBkUKWXooZXKRMMesGGjj
CoWSpyPHXP7SEba6yfFG3kve36dtNHr4wEcYQhAM5W6G5xsJoAL5
CoWZv9M1vNAUk5WYNVUPPwAviZveix6uSVpZR5WNobhh8YR3CxN8
CoWPfcJYng15yw3Et9jGFH23WyN9MWewHxdBsPSPcYhs3ncYUugs
CoUgeHXLf5Rx4kkzNUf1PvDJhA2wsKRWb9FMxbbGuuUJpfNsq9H7
CoV2yeT5XCrUNrm7wC3kPDMDuFiPD1iFSYqctxrDBnA2koBm4Xre
CoVvvZmsZo4GZgkXqbzFFqm1Gzj7aQ24b91o9zu7srSCRKFikzBS
CoUf5hzJ6UJAGK5LNbQvUR8QhYXHZaD2r4JB9KbbGshSa33FWWzR
CoVDxiEH5CUHg31qpddkRrd6V2T41XVucr9PvQCo6trcoM28X2tA
CoVkv7N55finTXdMenezqwb1uL4ch7bpj9SFPjnGQJTErsph7TUu
CoVjPvTHonuLFudpmyXjRskTTy9vW6jsn2HpnqXbvEQ5BbdvjmQ7
CoW6pTi5YDudkHwp7qQVHpnsBCcYzsZ5ivhsxBMV5KvdNrXGMC9y
CoVdvsex9VChBHnNbVFp5jwniec5Mu9sQYeWjZDW3USsofPmR6N2
CoVWzmbBVXwKWq3xHYAGxKaqN6nFZiU1um7Dj1n2emvhxDhnrn8i
CoVmrfvkfei6NiAUNTTE9uMC7BBUYPp8jaMKMHtDg4xP6XWviN4J
CoWH1G4UPaoKfmChtuqJKbVD7io41vMwo5i9KmCVwM1yVVTYe51S
CoVJK8H8JYyv6CAGYKxpkrnQdsLZLDXKYN3qVjvNqYWFt64ZsNgK
CoUmthjDiPQq1zA9VD77WLasmmFCgyB3VWGmyLxZ3RW2GSVTdzKG
CoVKNdFCSUc2Fwj3P2V7MCJ6dcnuXjcPsGdTbDxr1JqcBa6yvY5t
CoVakASJ6ysLrYj1W7QwRpBSfpiKnDXhWbpyEu6Zt9UQsNvVw5ag
CoWTNa15cDTG3CWaxHbjjCtfNc8e7xbKb7fCXejpFYhubghxR2U1
CoUgmzaV8HHFkPmn6HTH4KWQ3yoF61aWyUqNx4s5ngAkA862PuA4
CoVEQZNdKrmKiSxPDygcuHuSiAX8nBqCHxRCt1DPLb9Zrx5UkhnQ
CoVuc5aUV3V9UnQz4VM6FPf6zvMJZfMi4imAeP6L8gU3dG7YNnyE
CoVBa4a3q8FmfRYaf5JauUfNPRAcrH6fENKhcdEYYzMXnWqUorw5
CoUmWMdQJ6XLx3zhsVEMdjh3eGnLj5EsKR1bDp8EMUXSDsYqhduA
CoUycm8VUfAQdZFbJqDCAFTCy8BaB9xebs8rYgG8qujUnxFgDJwW
CoV1be4cARQxBS1LsNZ2R3MBcSL2i5sD4jWQ7k6sfzsfDWGBUkPV
CoV3mQAaMJvaHd7iha4S8FKZPBjfzQkYXEiNfd8ejs5Xiw7mXxLJ
CoWS81Le4RYt3W7xtTY35UBRqhof2SMX1xKxrJeK12Rhoih6R7xD
CoV7EYzsWbpPb4ixBNaXTvCq1DRNhaMYS7wZnVvxRYmh8uAXCdTB
CoV5FXPrJixnhXS8XXxnUnDusoB9qaXHRskj7XyQ2ooPxf2k2HFn
CoVKWYpi2ShhvVrxadnUGZayouLP1bhe7ZSBtwYxME3giraHGTzV
CoVd8zWdsFDB923QvgwBNwv31WYPjtJZELq8DQbgabkNGg2tScEX
CoWWf7KcmYZg56rTVNQqXNju8gQpyLv4j8ifBG3khv2j5TSLZEJr
CoWaDhbbHaaKT5TCKDKAi4WJ3mjxjuan1aTsX6ToUCs1YvQesb2v
CoV1ZtrYXV9NzCyYEEqmTZsTH3FkS3CdCghESSPVUUWFFQxXB2nB
CoVh5hLsXaj4WmQX5cfun5TYFABvF4SB9J8aVo5BmBSeRny411CM
