CoWXH2g3DbJLDLAEj2yJsecaqn3zo7W2mt1UqZxrNVNkXVVLhfkZ
CoW8CpQdPyFR8pjdKevvtsirTREcFsc5t9drmSH8kpFQE3gXfQLS
CoVQTEfFfVmdawPdcvCXKVKbP82Z6eLhpT7uoLJU1Gp5No8JMdCB
CoVN2npvsyhdTSNn75b1JMni1C3VvXpoVgKcjDYqvfdbP7335rmb
CoVuXep8XUN1oxtwoXPfhKP4bTnyVVyQjGU4MQjwgZ13PXU6eGRC
CoW6n6iC4QxgSuPxDkHTW3k3DydyqBKWNHpa5hvdbXzSPzphsQRq
CoUkMaisEGaaLQWF5oYfo451yjGUpVhiATqvNoxsmcZwNmkAjxah
CoUqYR7koZBReJY4jVN8Aufx5MasMfL4KzmrVXdXqCxvrMtH8f2F
CoUmAwoeujBmAzx418An3thDQ4KzqqQANHhwFNLUTHinFaBpL4h2
CoWWdgmPEnN2rGwYYa3fq78zFZpzrg9rWL1ZfCwLnZfDQwDPbjuD
CoVRHBXYKT4XQTzgn85Lpn2m71x5179oAueyGo2FF2pUpyCwbL1h
CoVxYXTDvYofT9pZS6nJd2iu5wwHJSxLsvjKrwMQb3BvsmTznR4M
CoUoeqkVKyCjxLrJ5B5CdPQLcyNUKNPKPFnKCTCpEDbLYjvQdXJ8
CoVd82dcBkWt71KL4g9SynoSqWGaJttrP6dbX3ypGkhd2HDVXwKH
CoWWXNm2tPCvwBDEHm13wAunAqbQjsqBBStQWUVpQ99qH9PHMLZk
CoWBtS27kNn31g9U7Exk9acdSHBnXQCG981k5nhuemdE6qebpE1T
CoW7YkPMLkTAxazUVbAnGwdDWpxy1XdktBnx1VCWGb9CBvgcsSaT
CoW8muN8FkX3V6SyuYdW2bEcBBhckvf4G4ymuFws37yMDDmR66Hh
CoVmM6f85diWc3P2XhQ5p1gZui2UrN1bsP79pJq8J35PeCrxb6Ky
CoVMPfG9qGeRK3qf6kztWLJZKJMYArKVUu6mypVimNErUjp3hDR5
CoUjggnxBc62wBFMEGZujUup6R2EyQXqSiemV6jc1juLupeNvCcP
CoVaXV6YUVDK8PpMqLfkoo4PYMb1nZvjR1iX2V5eFqFTYc55AG1r
CoWPr7U8QwtVohhFPvECnPV8vNVUe6P4qqQGzRU7LZUdN8cjPgVy
CoW5vRxC7daXtTwDyxXSCQyPMybXrQpB4pYwizxHiiC2kXwTBkaD
CoWVCe1AycQQjHzxWjw6DCcwuK5it3cdizyms6aPLqzj6KhFZM3d
CoWL45SP241dE3mk7P4b7xMYhCfFWeqmJ9bFHvCwA6xDhs8YW8bJ
CoWL18g2i9W7MMVSm43ouj47Nu4tpY4KiP1CQKBFvgSDSTcceweM
CoWGJiteSCQRqFpmMEqPu7nwkrmxEiDtLkbRmdyBN23bdyQvwvZx
CoWDEJw2mup8CmyLx4Dcz9SLUsSfNmoarECxva24WzENncfHemQN
CoV8z1utEbhavMaDFgp3gBADDQgPR5RbKitFodoEUJnCuHFGwcZv
CoV3mmNJf1FvxNQkzbRvJapM54FEZMHeNC5HNPMsJUE5EFZNdYu2
CoUuk7VLAnQ2Yqee5KnWUHXeHNtGyDk73Go7PjwCfqJSu6Lm8jKD
CoVBVTH41UVWNAGTQxCuHdDT8TGW2zBzaw9Vfz1ktfNPDzopYTCg
CoUhJ5Wbm2p4zS7rCNzKyvs8ZkTZ6z97qEzHfA4WLsdZxyWL584Y
CoUx64q6V2fq86w6A58kMCSQV7UzNKUiU2sXCCzp7NppiTCpdByF
CoW76eCaRzkXLmsaZExZBaD5ssAjAdWo6UxkBgHyVKk7oqZRRrS7
CoVZYUz3qFYEP1sdNzWwdgZmXXyDGMQUwp2JofeFCmzYN2DGCJR5
CoUtjcXMPp9U5xECXr1xEgmmVi2EA4so4mr3LjX7qqk7p1UpeRCB
CoUkd97fRYsZZ1SZ5qrCjXZs4FyuyMzD7h58CVjof7pzeezdK5Ke
CoV8uxsQGDUAtHVu3fLqMAKxKKc5JrBU6zFcL62EjybZQDhgsVYi
CoVw2crMd7QebjtS4vsnBmkfuR1tQPw4cJmKu2nfdyCwmnn3iE5V
CoW5SxdcXg1S5tTCSQNuk1d1wM3SRMKaryKZSsHgU4b3GhV8Wxgy
CoVNQ5FkRNpm58sjrGxHHAghZBcDXhUR8KPv4ZL5aMzUw7opWAad
CoUjBoAMfyTbDNsJ859B1p67Aoe8VRVddxuHNQ6K9aYxZahUQQJ2
CoWEQFpNc7WeWrpWW4744VZUxD9MR1zdwLJd4dBPu3xnDwgAzXKE
CoVpY1fukmDRdmPvTVvU6Vdsm3PFgE9iwNJcL5aF4PqjBNMN9dAf
CoW2gtitMTaZGUnakdNK9Yk6cUTLpdDS7v4uSXz3gRJZhTZH4GER
CoWN6z1LwqTzx2uR5rbvYjsV3AJ2W2S4nDbaebRuf24bPJu88b5q
CoWFw7SCtAvSZt1kb1LBByx1oZME8THeoreQS995Yy9Tst5W5ZMD
CoVR2utE68be4Z6mZVMAVRKE3u1ibeCQgJk1g6vZYeNFdAspoXZm
CoVLARMMiMXzJ6V1X19vtoncGX5fVwiRRZ5nSshXj3FkL6qtEX3W
CoV1kkeKpsHUYZHqYfHERgxg1SKmQce9uKbbALrC7doFEmZ6fNbA
CoVxAH69ojQaShkh1TKojmXnLb7ct3xX1TuaeT9QbCy7TBSjwtid
CoVQ2HWccGUgMgwbPzYVEMMSRfVzpT6R5MJtycUEdsb6NPFArgkQ
CoVBpC8VCPTfGkgTD5mnJv7Ene5HCDa35w8eSzxC3ALpNBsYRfaq
CoWEBcnhczj7PG9UFTuNDEgzSCH3n9yRgqCjKbmGcJ7kfYM1yjGj
CoVTcPHCnq4BeM35X8443BC74U8AY7NPtkjtBkdfZh2nuKeE5mJn
CoVyw1N5Y7inSk8tGfq2dtfTGxFZYkQFNDsiQfZxw3Tej5Wb8ozo
CoVEtayjTZbtww9QGoPD7dkVaHe8EgYvK5NujKB3XSW4eVvtBosu
CoVTDbkA4QJpHBma8iaRPgcJZET7sgFSJWYyEe5VSApzwMzBz47x
CoVErkV8dHizhxyodFKdANXuoYmxnJS94e7tALNDMsbrAqQmiwBh
CoVR3gmmNhxBq9my48M4efcHqtJGkDV454riNGLFWS4nqnxhxvtz
CoVph1UqMkHshVcqMdr2r4rSXAjD3vtiQQyTdD2xiAUiPxjEeTav
CoUyg1wEqykSS9ZkWwuKN7gZfMxzZ8YErLim58UL69EKacJzSN6R
CoVxy58ub1hZSY7eJ6gkteyBpJU522ZoWSaL5a2WuGvVHHbHNTA6
CoVdRvgqog578rpu52NiA4haThbnRcYpyf5vrQ4rjkbxMpK1VbP3
CoWQPFpXCeTngMsrmWgff7zYLQAZQfdLdxVRgCF6mf8S6TvbJv95
CoVrvWucyN751JsoExQqiwYSq9UyTTPS2kmRtVxz9QzwHXvffpSz
CoWCGmtEhqSpamUAJUSeUQ78g2YzrpSpSfQipyNaUv9yPVZXzVur
CoVMT7iAQ1tLVNtXk14JgkXxi3xB7MNw8D91rUy6YurjYxzuuY6r
CoVuwCiMnF4rdC5ciVixnPceCXZPzHLPT423Y1PQWgJYN9S788dH
CoUnZkCVfnhfMqBzvjj8rGkqGXZju3citsXkcYFSHA6PdQpKfHrr
CoVPESgxGg9s5bpnPe3aFY7gjB28MptMcfwFQsryqtaEBGYKGChf
CoVghqCeZgd6Vxv3yMHJeC1GYuf5ejeE8RvpiD6SCzCawrb9P6Tk
CoV95q3racd6BVvJiSwJQG4vMEC4LqFXw1tP2iARUa2AikNu9WqY
CoVCTHgG9FEjQd1R9y1Z6XCbs767DkwnsaQFtEFJmQEjMRtLkNVY
CoVo6yYa2phh6yiogibLMpEvwy878dmTXG5EKvgrWT136woAmmMy
CoUzxheUFn8eWfddUX84qMctXiduaoqZHREQasKBmYNvKQYMVhMk
CoVkfgA1BrANSvSLgFdas6gc8DhTTQ5YoBAZu1qidPiuxTYvCFRj
CoWK558eji2QT4rUR2XeGvkqhBcncgR3F8DJmJMoevdTeZMwmNRX
CoVDE6A4Ff9b5tZaA8C8fAuT3euXegg6dHT8fvD6hMfZScSbTBZF
CoVuqehEKu5orb5xfMQRNhVY6BSygg2t2gutM2Uv4fJa8UDhKZbr
CoVqe9rGr8RWuvLuremqXQHMAHvEwoYGphuxHF5AExLspuLtGkx8
CoVcjZ5rfjiQCobaNnviozucEmQHYFpnPyQz7yEaPhQsUhfFVkZY
CoUn8RSDTAabr2DWKbdZTg4WzBX96venhBBB1JUz5iWzWusLKrki
CoW5pPmrYyLB71LUo7fGGSBLuZQz3JPZmGwr3heSuUy9Wttn6jvF
CoVPjHspseqPtba25pwDZ8ikasDBrMTRG6NAFVJdhQmdz4qer59L
CoVB2NxNnhVwMEfY9ZefAqGnddYHjUtaC2uDnpeDjsAFNvYjcF8t
CoVhy2mSgL7bZ6HF7uhKSpUD47bPVyKs6rfEjsH2uKpNbUpHA65C
CoUio4jxihyetSkrnMaJrJjDwfdArCp6rhz72A1BNSDs45BfPVw2
CoWawdnitjz6WU2Qhstjc6d3NdB95emeb7mkqhYz31D7Go3WKbv6
CoVi9AKjttmedS6YiejxXBwAZr5Mfqrj1A5sbtd1arBEFYMqgZxx
CoWQxnsdZF438Q4b32iPM7wwGXE5Pm65PziYXQQpyRfrYw9J7sDv
CoW8zoJ3uBRiGTvEA7kFwHNpPYKhcVhy91c2yK3AEQ9caFzMxumW
CoV6XMRhwFY9U4QJMV6ZpCcFmGTqCByHcYE7SGaGf4fZ6fcn8qkC
CoW5m8uUazvRJ3NizRLdNrqkRmK44p48omN2doBWoBZeedL8HFzw
CoVq43eXPavbHsi2psfBaSuNqfL7bcuCEcBLTzZ6WqvcsxJMufGX
CoV6iSz1VrZHgtUiSNTiMXhp6rKrcqqSBFjm7TgCmS3d2xGkiHAk
CoVQYwtqZNqzX6PehrHLFBv8rRJbxdSkWUBpQz7q6WiZLnM2Cdr7
CoV7yDEwTs6Aoijyq3yM4bNu1d25oJzx7D23pvU29vjffsYvTRzk
CoVRkPrriBZM7g1d1Fks7eLKa1GjAXqTh5o8PehPvubZu2AkFJQw
CoVVvAxh8BduhWVXTFbLN4643GkeFWe7d6Gboba46aCecM1EqcbP
CoUiLZ5UJ2nq4GJ9RGBfh8M5vb63bd3E47ezY1zD2UJV1umkinho
CoVvkB1tk7TJJZoD9EjTpWCzAtBtTidyMhmyzjVis3GpHx2QVzfY
CoV7CwwUGtefiwkB5m5Ma74C2XXJgR87hBHpVaNfA2qhYsanTwUD
CoUnRRyaKAw5GDGhbo9t8pRLyC1nJBC1RfeF44cdAgBmSktkEZ6j
CoWFgeUKew44zLqy2vd48NAKtqxFvSSPYZqVB9gppnrsd96MiYmn
CoVPgfYf3bFLpnch8YLjn5Efcm91LySTiTsAhtepoTY7xPmDEDU8
CoVjUSNmFfPyXNszxHZV6ZeTEhLNoWbazMCkhC96TpyfDhMeFjPM
