CoVT7NcmtEF4J5KhMRVUqypBTbxyPMpeTC6azx8Tv4JtcB36zGgw
CoUjbUaTcAh7vsuT4s4vjkwqS96p9n8BS6uMMr9yRRYKH2qmR35q
CoV83zP1PuFFNWc1GqW9CD5SNnNpfbiTpak8NV8gqzwvWxxKR2GW
CoWAdevr1yFddRo6EdE5Jvqd3b8T6XxtXwTYEB4vJwK1sfpKnvvF
CoWNNJMV6mJqZaxHfUxz77jN99cuU5jt1H56ppLdnVsMwb2B16uM
CoVwr21WcHM17atNuPKvGa8X55Bv38ru5fPKzWPTSuXgPEtK6rNH
CoUxCyESiKEEMVP2E7kNHwGLH61gJZvjvLPAkGHyNmurP6V2cqvZ
CoWGUpUSE6MWJdWZgxhuCinrxn2YMKrRRFtSPCubNjqvKNnmw9UB
CoW9w9sQ4ngqFmJTEV9r9vUdPitduDEMDKy9MjrhmhnisrB4MfXH
CoWSnSwYLFBTKmwmefoA2NzMNE6jhia3mG7QCVRx9wy3xikMrjSV
CoVy9Ww4dii3F3g5wypTwLQzrkYCjxCKk4Lj1GmU2CP6q9rvyqfe
CoVU9cThTxUJo5yQNpMH3cvFaUieA66zqughHMTTQ2BuU5uHedL9
CoVq53jdcMcfzeDX51rAFSyMmR4sX1aH9Ccrwoi9d3GpSJEHpTa2
CoVXShVNexbCYBzuvbT59rB5bvBpnDopjWtjytQL9NHvZEGUoSF9
CoVCjFZJtWDSHy77zbRUNGyJ9aoKJK18BK2bXoaSmCjPjqQgW33s
CoUwfZM93W1KzGTfodK4AF4TQwu2SPnicTbn7nNsTLt25j9BuFi3
CoWX1iyY1tW4dc72uFgr5A8zituTutQ59adKHeHRfPq5utp9kcrz
CoVURs64MUgQux7TFaqTVavzDtMDmhG19Xd9HtVysnACDCSpMB6u
CoVwoZWAaDPmGmCDBb1N6Y1nyAPXtmD9Sx1CQwj3CFQ1eur4LHPs
CoVrb8xuja1qY9F3T3nVKpPHP8C7BW9hyi84Z9qHHHqpDQZKwNb6
CoUsTPstrwzvu6QvbYteFw6EdYWvrQbKAEtsEvunKjv5mLsDmjV3
CoVphFYu7eStr7gbBeAyeiFPZeAE1L6T9juFpXqpYah1cppsU2oS
CoUoMKEZFGMcuQwqp7qGgNCCRc5B7yyThtodBHwMH4j6fLTeAYCK
CoVJSVdu4HdFs9zXuD5azhj6sjmbkvKgyLLvKh3FbD8Dttj6RnS9
CoW4DHQR58RFs7dNentG5YZAJZwoj9VUFMUrvucFbruXJmK3HTCS
CoVm3xtY9HSnU9gPwCfpjB4pj2Ns6qqHcniqGf8MgZEhLzLWvA9H
CoUuQKfgcuRRHkckL9mtw4jXV3RbPyP1HWT3ggwZSsfqGJMpBxxE
CoW9yZg47ywKKbumxNci8hUboqh782BQL6jmC2MvbAYed4FhGvHT
CoVFBRdSZbRJWkrHxmGmaiKbNLFvbH4ss3cvjyCt6jtPB1ruGxdZ
CoWR7aCYe6B6DJtkTPAmGNwVbrMpEEEDHrVnQfQ9WdqX1giRcHLg
CoVz2qcpjyHgziCk4QzX2Bak4MfYEVMGJXU8PPKTLt3BcCNCKwCe
CoVhUtHUQbs81wqEFKU6WE9s8g1PvRAYBbHWPJguHPCgNbsmwJTJ
CoVA2BhzVhUEpdeXnkaTUg5KrGM5t2K3i23GE9WuDd3BTHkvYQtz
CoV1QPkcpw2duZn1bb9Sx7f4RZDqeTLMaw1bSzfaoMGPF5mRrV6J
CoVxfytMGHcUz9GEBMWhLMrEkiQTRh3kj7XYToNGUaTVbiGUeuBW
CoVDdFoibDuVzR6wF4xDTM8fay7GYgaskvMtDEkXPEEAAPHM1fkJ
CoV1VeX2snK7HL7s2TK4tMVDV7SK9Koz2MaMiSi3CRcXDsyR7qSC
CoUv8BnRcm3rMLbu5ksgZ3zipsbKBsWXs5Ni6Xi7urS7BkPE7R6t
CoUiiFCfa6k5iutmto2zZjH4QFknyUZGC6z7wiDmG9RLFTzivVz6
CoWDG68mo6jK2SsFYyaraiVPg1LjMe9Y6ZvX5aF1uqFVHMfPTN2m
CoUhs2qNWBpSUmGXjFyX4B8GY7aZH4PKmCNJWZY9xWncmGdoQCAq
CoVuswVuywL2CsDR9LQd5JvyxbVAu5G8NjMFBexvS9CEZGEZLdDs
CoWKNyjpGTy9uALXwvm75M2CkEHPujxeRPyKAbDgzPmZKzsdCLqj
CoUuhfHeaAR3ihScBp2fws3TM45fgmbAFJAUssd4a34NfpKtuT44
CoVgA9wbtSjEzu4PUuEFdFaCJJ8Fy2LhMLw8ayrgZFeLrMCEru4m
CoWSNCNmzRnsTBmHrihyQ4owUmyrMQY8WEUursJ9pCBJSJK4um5V
CoW7c69wCZDzbSvGx6bimXNd5bdm9xuhS9FPRkef4zNxVhmGCeBd
CoUnYJqKx9eTVd9v7CDZBWKM6HHjtebHZpzN1VaSMG3Q8nK9YYjY
CoWMuvAx5DfEDnz6VATDp6r6TFcMiuYZj3Nk2cxKtc97aJ6E76x6
CoW9vco6pAjBfVTbUC9bQ9eUJapPLMbFAzK4Ck7n42MXzij8GyYg
CoWYPd9NY6pAfSoY6XZBs6vZXGCJn34k2sXfwKtV5ws1XoWgZnsB
CoV73MfR16pVoNgwHuuVVxq5jW6vF1DB6i6xxYqWnUzT77bYfyHW
CoVtAGT15Yub7SwaS1a9Zfz22a6VixRk9Hv5BTCYNStpk8nSbqvo
CoWR7ekTprknuiH7DLKf8qXuRng7EJee9gXAkSYJj6FifgKnookE
CoVopfZU5F4FtS5izEjZeMAAqTFhSe5GjvCmiYrwUReiyDFSYFSF
CoVrMzuCSAySoRkQFvYEFocPUdHvxf2TXb7zYsWN6mNNsPBcF6Z7
CoUvnZuxJBHqKamH89A53rsHi89fntbVLQszeX38d6wyKhQBfiP4
CoVHHKTptngWzdeKSqAuTNjctPmzPpCoKp9VN5BTLHRuKscADAPf
CoVZoyXsSU9p634Y2UaMSG5LYLPAV6yj71kZESRUjnoFcrtb5xd2
CoWATkYoX8vSpKUtFaNgyFYbN6cSTN52nXeYQyUiJevs4CyqcF4U
CoWBmqoW8Z6d15aDgGfGqnD4on26o9RuuMFPuCv6SggDzYxiGZkx
CoUnXKtSVgygzdYFG7eoXvtGPxNHnysQe8JZvHaZC7vYPD44LND2
CoUgW5fvHbUPACKXR8QbazGjUnJHv8XEvMzitfQHwDNSzvBKk51H
CoVnCmzffgCsxWse4LKMyEwC3fzkxGMAUc31rKue3j7MgMcWSgXw
CoUkAeVTG5crdsDEfi3Y7XGu6e84FrEw3dgcbWACr97Gpt8HjTNJ
CoVee249dWCvxDaB1cAUAh1M9rkdWS5jUuMTtuYbd2VSwkuxe2dn
CoUqsrpELNHvgjHWQqkEUMhEC4G2qbXRGUBY4HZ8WBDGxp5NDSTi
CoUjjeebNfftN73LkgqHz7jQBfYBcU1UxX86TjTGpCZnAmaGjjaB
CoUt7NYsk5ZW9uUHJk1CUPoDAoLbjGMZpjK2UtgUGeYRAnRr63PC
CoViQfRu6UVBpJgoAUSYvWanscuTGsuBsxczJLEAoWZfQ1x9aBa9
CoVuMXjvAW4oVzNVzWqK1dMRoij6q3Uij1tAySB6GdtTkvPdeCww
CoWZBhL8bf96tsGdbpxLuaRKhB6bucdAJbjnGHf55i8r29DibQ18
CoUpUvKj9yww9XVLSsc1o9GGn8nBwAFqSRxW4QDzPZhtH3xLdp1G
CoUqm7kMGyQyudhSXuUDAFWf6dS2wLYjKCs9Mp7mfiF4wLZFT7jT
CoVMBwrHczov5dsweeaSzAZz88YpnLZc2223YfgNonqRwm6XZkkN
CoUz7Gf9MpNJjBYPmky3nQXyWNc2Q3Sn6baM1CZeFr26mZnDQ2SY
CoViW5JWWMzp2F2DFhhEKswS7UHegT8NLAP8MoaYgMSmSPDE1U1U
CoV6m4TtRhtfhfmB4wG3wGcvFiEh6hmV4JZS2udQ5tTaSebnyYGg
CoUqT7pLsws53rNp8uCWAyQMYRSVQm6qhhoNh789T3tiq9Cewapw
CoW3sXtc41j5eRgXshfegrpDb5WikVmkWpubx7pUCr83W4hQuewX
CoVL71w5UgB9HuytNqqfe74faLcZt7QpuowoLBE2tAshRL6SJSG3
CoUy32Lb4oybLjnmigJqFGv5cLrwK4ycCCUSCszooQ7k4DTkoTdY
CoVkYYdHoJ4hT3UtDM7k78ShJTru22eVGJht1Wf5RokLWo6nygPr
CoVaReqd44zCAz73Tr3P1Wm7s8Ck9KuxZBKv8MeGxe4rW1S4UbPg
CoUuBW89WrZmqFoT9TkaW394GctzQXUNg89wjY2KjAoFPLVvT2qy
CoW9HKeSKH2zRxGojatrnwPjA8hYANBxYkNk8cdA1CuZ14WGcJvu
CoVMJgRzzU7zL2JbYPX9cCHXqZT6y127bf22uRvYAFx4vAUa3hSL
CoVtsCCu6hop557NjhkB3JY3Lvbjm41EmnsP8wcEdteezACBdY83
CoVVs9vgLYQcHcy9jQxzi1ForQaFPy7yGVyZ3EAupnKuQzLdHXcb
CoV78kY72CcXE2BeZN1dcyZ5J7J5aTth5m3idmf3yVF5g17ENikc
CoVpe6W8wtsYhPCZZ8hdGKye5pjDH6p4yaVBnauFAEZNGaaXpV4W
CoUfXtPJJugpmk4KuNgX4CjN4xZ5SyHpqL5o7WQinh8ZdhcbQukY
CoVQyy36fYDinX6JayRHCvizwzrrxwWGnpvWXKiABTJk52LwAzPD
CoWC1zeZHu2a81b1LXniTa2JxVnkm9CUJWSFUqMeydir4QwdqnjV
CoV9MVCWJynH8L3zhXgEMpGU12BH9CeykGb7ciUbR12w5mFGeXqW
CoUjT5jL8RtoBQhdpA3w59vLichQxU5HatzvoeJQzenhKKwqdFYy
CoWHF6qhmK4yyRELdp2J3kuHyJ8LVnqqPwnL2UzBaQ2jCRGQH7FA
CoWHj6GBW8hNGZPvp1XZ42YzTbfSd2URsf6HoZ2hJKEhoQHCNTCz
CoVTYLsXgXhFQuiuzLWrNf379siFKK35fhBRBZAXReaiPqr33Drs
CoW9vhZmuKVuHW5D2xL34oKhu226BQ9u5t2xBKqTP11tSbTk1CEG
CoUxM5NzkLMqPiJi9uZHXecWymaqrZmH1HSipvnRseRatgvKXQx1
CoUjFJmT59cQ3JxPLB7GbUeXBA3PM345kEQgJjUtoy493mnj3iWH
CoUwSyarGvWZferPjVJSaCyRKGUtseEFBHSHqDJwX49bpqNA7wL8
CoWTmMajuwt4r5oMqGHPhzFzvCMp6bNCmHCFarDnkjXXmTUfiKqS
CoVZ11A7MtW8p76T8GeyPGCM4RAzSpB6p5MrWkfLCm3PqPTyAmu6
CoVqoPN2QEQgEgJXXRWs7Hj5nBn83FEZiysLZKWp1XWjctY77m5m
CoVbNTSsmqh25QMYHgeCgjcyDgTnuey1D2aZXiZ6aJGFrDZ9uGxG
CoW6BMiMhs5pLg4aF8Hj6RpTns91f4oSd7YYS18YbTugabbETvSL
CoWC14HmnvuwAQ1oyq5evTzMxsAvkiWDNfjFopdjh5HdvoW2bj2H
CoVMcS5ZzVtSucTEvVxUSyLqYrQEMj9tEyFVLvxAtttVpJTY4ER8
CoVayj6io5xZtMTuEaLoZdQqy99ezCwpWNkCr79uYPYR6k3ow9dx
CoVBvo3xKMFKhL58x8D2dMV1stbhFBBALKgBRFAWnjaTR3pgH8GN
CoWYddcQPCZB6QWhYdGTLhuZygxnET6ff6ouGqXS2nBMZEZX9SwF
CoVA1CWSXopKas5ynDNwHmc2cRFHsetsPmLMBeVx1apDk1D23ysp
CoVJRzUyXPWaRcCZi9kBx6kwE38DBoDdjxuCmsWiaPEk8W4z2Abz
CoVYoh2nxpFmaWPxWjDoZMRG59Y2x4yAGbcHXMmBWK33YrcKVfiY
CoW8ebcuXyjPzvi8WSfCjW1pHDcSxTTRWes6Ws5iRmtuqRZm1NAe
CoVrk12sXwutMXog926hDvxvudUqm2cAvxCj5vkLZxqanJrZAMix
CoWHNUJhU54Swcaxr21ib4nCi5S3JChC1z229XwYXUBKGspcfUU9
CoW22wgdYg5V6VYd5LZLkVmy1p1zjhpHhT2w9EMv1WiTUdkfsdDG
CoUorDEuWzAskRHzpAsAXT41uRQtu5iiPZTMEitZ5pvY37fEJw8k
CoWabiKLLXuX5EkXyWBdh2qsVcgG5X6o9bJKcLh5kbaZ9njAhprj
CoV33KCfWRRhG93hTS5WKkELVQmQstjnK66X3AFBe6gPewi7UqJX
CoUx7cscpypZNETvnjFFL4jnP1nMjSqL5QaYLkpiR2TKwGDDb8mv
CoUnsqftaLbmDFt1ktwyZPjFhkXAeaqZDDRT97d2cm7QZi7Wd4E8
CoWTMT1XWGU52wZxVFxaEDcQKvXRdCorvP7tPCWqwCM1gs2PfTWN
CoW5ztrwfF2nv2nNY9Czg4p23HnrJfAN8FDZvxSwbmmtTqFiMAER
CoUgqBmSQ3PTmWAozVW2Po8mt5A9Vfo9CED7tQYKVnFyNr4UidgD
CoVm7T9WRWbsAvDoUGnUgfe5Zq3kx65zUYgqcvhjAiZRnLKLsK5q
CoVqrA84GV9siGMLbqsqYe9yHbjx6CKsRoJ1abFBaMRDceroiTPQ
