5000, 1176
5001, 2336
5002, 2388
5003, 2367
5004, 1965
5005, 2484
5006, 2536
5007, 2554
5008, 2559
5009, 2581
5010, 2614
5034, 2581
5035, 2626
5036, 2174
5037, 2240
5038, 2010
5039, 2529
5040, 2581
5041, 2626
5042, 2659
5043, 2219
5044, 2250
5068, 2620
5069, 2621
5070, 2622
5071, 2623
5072, 2624
5073, 2625
5074, 2626
5075, 2627
5076, 2628
5077, 2629
5078, 2630
5102, 2663
5103, 2664
5104, 2665
5105, 2666
5106, 2667
5107, 2668
5108, 2669
5109, 2670
5110, 2671
5111, 2672
5112, 2673
5136, 2618
5137, 2660
5138, 2661
5139, 2662
5140, 2663
5141, 2664
5142, 2665
5143, 2666
5144, 2667
5145, 2668
5146, 2669
5170, 2208
5171, 2059
5172, 2478
5173, 2457
5174, 2540
5175, 2561
5176, 2569
5177, 2604
5178, 2100
5179, 2524
5180, 2503
5204, 2777
5205, 2778
5206, 2779
5207, 2780
5208, 2781
5209, 2782
5210, 2783
5211, 2784
5212, 2785
5213, 2301
5214, 2747
5238, 3113
5239, 3078
5240, 3113
5241, 3148
5242, 3148
5243, 3113
5244, 2989
5245, 3114
5246, 3156
5247, 3191
5248, 3226
5272, 2885
5273, 2445
5274, 2510
5275, 2546
5276, 2564
5277, 2569
5278, 2604
5279, 2599
5280, 2591
5281, 2461
5282, 3075
5306, 3306
5307, 3341
5308, 3341
5309, 3074
5310, 3182
5311, 3237
5312, 3285
5313, 3320
5314, 3196
5315, 3302
5316, 3344
5340, 3228
5341, 3193
5342, 3228
5343, 3263
5344, 3263
5345, 3228
5346, 3228
5347, 2996
5348, 2511
5349, 2911
5350, 2436
5374, 3406
5375, 3406
5376, 3406
5377, 3406
5378, 3406
5379, 3406
5380, 2371
5381, 2337
5382, 2298
5383, 2288
5384, 2801
5408, 2381
5409, 2288
5410, 2801
5411, 2516
5412, 3131
5413, 2980
5414, 2495
5415, 2895
5416, 2890
5417, 2959
5418, 3486
5442, 2786
5443, 2786
5444, 2786
5445, 2748
5446, 3047
5447, 2711
5448, 2784
5449, 2749
5450, 2784
5451, 2784
5452, 2749
5476, 2787
5477, 2787
5478, 2786
5479, 2825
5480, 2787
5481, 2822
5482, 2819
5483, 3090
5484, 2711
5485, 2821
5486, 2749
5510, 2749
5511, 2749
5512, 2747
5513, 2751
5514, 2784
5515, 2786
5516, 2782
5517, 2749
5518, 2747
5519, 2641
5520, 2580
5544, 2943
5545, 3835
5546, 3142
5547, 3173
5548, 3930
5549, 3177
5550, 3103
5551, 3840
5552, 3167
5553, 2815
5554, 3348
5578, 3059
5579, 3024
5580, 3016
5581, 2871
5582, 2845
5583, 2808
5584, 3336
5585, 3384
5586, 3489
5587, 3384
5588, 3419
5612, 3471
5613, 3374
5614, 3375
5615, 3343
5616, 3377
5617, 3211
5618, 3280
5619, 3269
5620, 3378
5621, 3343
5622, 3341
5646, 3399
5647, 3369
5648, 3296
5649, 3390
5650, 3436
5651, 3366
5652, 3372
5653, 3441
5654, 3354
5655, 3435
5656, 3435
5680, 3347
5681, 3416
5682, 3297
5683, 3378
5684, 3378
5685, 3420
5686, 3382
5687, 3440
5688, 3450
5689, 3308
5690, 3312
5714, 3405
5715, 3263
5716, 3267
5717, 3265
5718, 2989
5719, 2832
5720, 2448
5721, 4164
5722, 2696
5723, 2448
5724, 3099
5748, 3269
5749, 2786
5750, 2493
5751, 3405
5752, 2786
5753, 2493
5754, 3982
5755, 2741
5756, 2448
5757, 3315
5758, 2696
5782, 2696
5783, 2448
5784, 3171
5785, 2741
5786, 2493
5787, 3405
5788, 2786
5789, 2493
5790, 3269
5791, 2786
5792, 2493
5816, 2493
5817, 3185
5818, 2786
5819, 2493
5820, 5170
5821, 2741
5822, 2448
5823, 3315
5824, 2696
5825, 2448
5826, 3171
5850, 3269
5851, 2786
5852, 2493
5853, 3405
5854, 2786
5855, 2493
5856, 3341
5857, 2786
5858, 2493
5859, 3185
5860, 2786
5884, 2696
5885, 2448
5886, 3171
5887, 2741
5888, 2493
5889, 3405
5890, 2786
5891, 2493
5892, 3269
5893, 2786
5894, 2493
5918, 2493
5919, 3405
5920, 2786
5921, 2493
5922, 4509
5923, 2741
5924, 2448
5925, 3315
5926, 2696
5927, 2448
5928, 3171
5952, 3171
5953, 2741
5954, 2493
5955, 3405
5956, 2786
5957, 2493
5958, 3269
5959, 2786
5960, 2493
5961, 3405
5962, 2786
5986, 2786
5987, 2493
5988, 5170
5989, 2741
5990, 2448
5991, 3315
5992, 2696
5993, 2448
5994, 3171
5995, 2741
5996, 2493
6020, 2493
6021, 3405
6022, 2786
6023, 2493
6024, 3341
6025, 2786
6026, 2493
6027, 3185
6028, 2786
6029, 2493
6030, 5170
6054, 3171
6055, 2741
6056, 2493
6057, 3405
6058, 2786
6059, 2493
6060, 3269
6061, 2786
6062, 2493
6063, 3405
6064, 2786
6088, 2786
6089, 2493
6090, 4509
6091, 2741
6092, 2448
6093, 3315
6094, 2696
6095, 2448
6096, 3171
6097, 2741
6098, 2493
6122, 2493
6123, 3405
6124, 2786
6125, 2493
6126, 3269
6127, 2786
6128, 2493
6129, 3405
6130, 2786
6131, 2493
6132, 4509
6156, 5170
6157, 2741
6158, 2448
6159, 3315
6160, 2696
6161, 2448
6162, 3171
6163, 2741
6164, 2493
6165, 3405
6166, 2786
6190, 2786
6191, 2493
6192, 3341
6193, 2786
6194, 2493
6195, 3185
6196, 2786
6197, 2493
6198, 5170
6199, 2741
6200, 2448
6224, 2493
6225, 3405
6226, 2786
6227, 2493
6228, 3269
6229, 2786
6230, 2493
6231, 3405
6232, 2786
6233, 2493
6234, 3341
6258, 4509
6259, 2741
6260, 2448
6261, 3315
6262, 2696
6263, 2448
6264, 3171
6265, 2741
6266, 2493
6267, 3405
6268, 2786
6292, 2786
6293, 2493
6294, 3269
6295, 2786
6296, 2493
6297, 3405
6298, 2786
6299, 2493
6300, 4509
6301, 2741
6302, 2448
6326, 2448
6327, 3315
6328, 2696
6329, 2448
6330, 3171
6331, 2741
6332, 2493
6333, 3405
6334, 2786
6335, 2493
6336, 3269
6360, 3341
6361, 2786
6362, 2493
6363, 3185
6364, 2786
6365, 2493
6366, 5170
6367, 2741
6368, 2448
6369, 3315
6370, 2696
6394, 2786
6395, 2493
6396, 3269
6397, 2786
6398, 2493
6399, 3405
6400, 2786
6401, 2493
6402, 3341
6403, 2786
6404, 2493
6428, 2448
6429, 3315
6430, 2696
6431, 2448
6432, 3171
6433, 2741
6434, 2493
6435, 3405
6436, 2786
6437, 2493
6438, 3269
6462, 3269
6463, 2786
6464, 2493
6465, 3405
6466, 2786
6467, 2493
6468, 4509
6469, 2741
6470, 2448
6471, 3315
6472, 2696
6496, 2696
6497, 2448
6498, 4240
6499, 2696
6500, 2448
6501, 3093
6502, 2741
6503, 2493
6504, 4114
6505, 2786
6506, 2493
6530, 2493
6531, 4439
6532, 2741
6533, 2448
6534, 3385
6535, 2696
6536, 2448
6537, 3101
6538, 2741
6539, 2493
6540, 3475
6564, 3475
6565, 2786
6566, 2493
6567, 3199
6568, 2786
6569, 2493
6570, 3475
6571, 2786
6572, 2493
6573, 4439
6574, 2741
6598, 2741
6599, 2448
6600, 3679
6601, 2696
6602, 2448
6603, 4244
6604, 2696
6605, 2448
6606, 3031
6607, 2741
6608, 2493
6632, 2493
6633, 3403
6634, 2786
6635, 2493
6636, 4361
6637, 2741
6638, 2448
6639, 3313
6640, 2696
6641, 2448
6642, 3023
6666, 3023
6667, 2741
6668, 2493
6669, 3403
6670, 2786
6671, 2493
6672, 3121
6673, 2786
6674, 2493
6675, 3403
6676, 2786
6700, 2786
6701, 2493
6702, 4350
6703, 2741
6704, 2448
6705, 3716
6706, 2696
6707, 2448
6708, 3964
6709, 2696
6710, 2448
6734, 2493
6735, 3051
6736, 2786
6737, 2493
6738, 3195
6739, 2786
6740, 2493
6741, 4291
6742, 2741
6743, 2448
6744, 3105
6768, 3105
6769, 2696
6770, 2448
6771, 2953
6772, 2741
6773, 2493
6774, 3195
6775, 2786
6776, 2493
6777, 3051
6778, 2786
6802, 2786
6803, 2493
6804, 3195
6805, 2786
6806, 2493
6807, 4210
6808, 2741
6809, 2448
6810, 3560
6811, 2696
6812, 2448
6836, 2493
6837, 2977
6838, 2786
6839, 2493
6840, 2991
6841, 2786
6842, 2493
6843, 2977
6844, 2786
6845, 2493
6846, 4231
6870, 4027
6871, 2741
6872, 2448
6873, 3391
6874, 2651
6875, 2403
6876, 2601
6877, 2494
6878, 2291
6879, 2161
6880, 2956
6904, 3022
6905, 2072
6906, 1767
6907, 2269
6908, 2072
6909, 1767
6910, 3020
6911, 2072
6912, 1767
6913, 3110
6914, 2072
6938, 2336
6939, 2335
6940, 2335
6941, 2335
6942, 2335
6943, 2335
6944, 2335
6945, 2335
6946, 2335
6947, 2335
6948, 2335
6972, 2335
6973, 2335
6974, 2335
6975, 2335
6976, 2335
6977, 2335
6978, 2335
6979, 2335
6980, 2335
6981, 2335
6982, 2335
7006, 2072
7007, 1767
7008, 2350
7009, 2072
7010, 1767
7011, 3057
7012, 2072
7013, 1767
7014, 2269
7015, 2072
7016, 1767
7040, 2675
7041, 2723
7042, 2864
7043, 2824
7044, 2826
7045, 2826
7046, 2857
7047, 2684
7048, 2692
7049, 2451
7050, 1722
7074, 1767
7075, 3099
7076, 2072
7077, 1767
7078, 3369
7079, 2072
7080, 1767
7081, 3059
7082, 2072
7083, 1767
7084, 2303
7108, 2209
7109, 2027
7110, 1767
7111, 3100
7112, 2072
7113, 1767
7114, 3369
7115, 2072
7116, 1767
7117, 3060
7118, 2072
7142, 2692
7143, 2487
7144, 1722
7145, 2864
7146, 1982
7147, 1722
7148, 2104
7149, 2027
7150, 1767
7151, 2917
7152, 2072
7176, 2027
7177, 1722
7178, 2970
7179, 1982
7180, 1722
7181, 2174
7182, 2027
7183, 1767
7184, 3095
7185, 2072
7186, 1767
7210, 1812
7211, 3044
7212, 2162
7213, 1812
7214, 2395
7215, 2162
7216, 1812
7217, 3111
7218, 2162
7219, 1812
7220, 2347
7244, 1982
7245, 1722
7246, 2824
7247, 1937
7248, 1677
7249, 1887
7250, 1768
7251, 1956
7252, 2303
7253, 1722
7254, 2932
7278, 2451
7279, 1722
7280, 2932
7281, 1982
7282, 1722
7283, 2099
7284, 2027
7285, 1767
7286, 2993
7287, 2072
7288, 1767
7312, 1767
7313, 2270
7314, 2027
7315, 1722
7316, 2934
7317, 1982
7318, 1722
7319, 2139
7320, 2027
7321, 1767
7322, 3024
7346, 2189
7347, 2117
7348, 1812
7349, 3078
7350, 2162
7351, 1812
7352, 2287
7353, 2162
7354, 1812
7355, 3113
7356, 2162
7380, 4217
7381, 2426
7382, 2426
7383, 2426
7384, 2426
7385, 2426
7386, 2426
7387, 2426
7388, 2426
7389, 2426
7390, 2426
7414, 2426
7415, 2426
7416, 2426
7417, 2426
7418, 2426
7419, 2426
7420, 2426
7421, 2426
7422, 2426
7423, 2426
7424, 2426
7448, 2426
7449, 2426
7450, 2426
7451, 2426
7452, 2426
7453, 2426
7454, 2426
7455, 2426
7456, 2426
7457, 2426
7458, 2426
7482, 2426
7483, 2426
7484, 2426
7485, 2426
7486, 2426
7487, 2426
7488, 2426
7489, 2426
7490, 2426
7491, 2426
7492, 2426
7516, 2426
7517, 2426
7518, 2426
7519, 2426
7520, 2426
7521, 2426
7522, 2426
7523, 2426
7524, 2426
7525, 2426
7526, 2426
7550, 2426
7551, 2426
7552, 2426
7553, 2426
7554, 2426
7555, 2426
7556, 2426
7557, 2426
7558, 2426
7559, 2426
7560, 2426
7584, 2426
7585, 2426
7586, 2426
7587, 2426
7588, 2426
7589, 2426
7590, 2426
7591, 2426
7592, 2426
7593, 2426
7594, 2426
7618, 2426
7619, 2426
7620, 2426
7621, 2426
7622, 2426
7623, 2426
7624, 2426
7625, 2426
7626, 2426
7627, 2426
7628, 2426
7652, 2426
7653, 2426
7654, 2426
7655, 2426
7656, 2426
7657, 2426
7658, 2426
7659, 2426
7660, 2426
7661, 2426
7662, 2426
7686, 2426
7687, 2426
7688, 2426
7689, 2426
7690, 2426
7691, 2426
7692, 2426
7693, 2426
7694, 2426
7695, 2426
7696, 2426
7720, 2426
7721, 2426
7722, 2426
7723, 2426
7724, 2426
7725, 2426
7726, 2426
7727, 2426
7728, 2426
7729, 2426
7730, 2426
7754, 2426
7755, 2426
7756, 2426
7757, 2426
7758, 2426
7759, 2426
7760, 2426
7761, 2426
7762, 2426
7763, 2426
7764, 2426
7788, 2426
7789, 2426
7790, 2426
7791, 2426
7792, 2426
7793, 2426
7794, 2426
7795, 2426
7796, 2426
7797, 2426
7798, 2426
7822, 2426
7823, 2426
7824, 2426
7825, 2426
7826, 2426
7827, 2426
7828, 2426
7829, 2426
7830, 2426
7831, 2426
7832, 2426
7856, 2426
7857, 2426
7858, 2426
7859, 2426
7860, 2426
7861, 2426
7862, 2426
7863, 2426
7864, 2426
7865, 2426
7866, 2426
7890, 2426
7891, 2426
7892, 2426
7893, 2426
7894, 2426
7895, 2426
7896, 2426
7897, 2426
7898, 2426
7899, 2426
7900, 2426
7924, 2426
7925, 2426
7926, 2426
7927, 2426
7928, 2426
7929, 2426
7930, 2426
7931, 2426
7932, 2426
7933, 2426
7934, 2426
7958, 2426
7959, 2426
7960, 2426
7961, 2426
7962, 2426
7963, 2426
7964, 2426
7965, 2426
7966, 2426
7967, 2426
7968, 2426
7992, 2426
7993, 2426
7994, 2426
7995, 2426
7996, 2426
7997, 2426
7998, 2426
7999, 2426
8000, 2426
8001, 2426
8002, 2426
8026, 2426
8027, 2426
8028, 2426
8029, 2426
8030, 2426
8031, 2426
8032, 2426
8033, 2426
8034, 2426
8035, 2426
8036, 2426
8060, 2426
8061, 2426
8062, 2426
8063, 2426
8064, 2426
8065, 2426
8066, 2426
8067, 2426
8068, 2426
8069, 2426
8070, 2426
8094, 2425
8095, 2425
8096, 2425
8097, 2425
8098, 2425
8099, 2425
8100, 2425
8101, 2425
8102, 2425
8103, 2425
8104, 2425
8128, 2425
8129, 2425
8130, 2425
8131, 2425
8132, 2425
8133, 2425
8134, 2425
8135, 2425
8136, 2425
8137, 2425
8138, 2425
8162, 2824
8163, 1937
8164, 1677
8165, 1887
8166, 1768
8167, 1758
8168, 1904
8169, 1560
8170, 1758
8171, 1651
8172, 1448
8196, 1175
8197, 1175
8198, 1175
8199, 1175
8200, 1175
8201, 1175
8202, 1175
8203, 1175
8204, 1175
8205, 1175
8206, 1175
8230, 1175
8231, 1175
8232, 1175
8233, 1175
8234, 1175
8235, 1175
8236, 1175
8237, 1175
8238, 1175
8239, 1175
8240, 1175
8264, 1175
8265, 1175
8266, 1175
8267, 1175
8268, 1175
8269, 1175
8270, 1175
8271, 1175
8272, 1175
8273, 1175
8274, 1175
8298, 1175
8299, 1175
8300, 1175
8301, 1175
8302, 1175
8303, 1175
8304, 1175
8305, 1175
8306, 1175
8307, 1175
8308, 1175
8332, 1175
8333, 1175
8334, 1175
8335, 1175
8336, 1175
8337, 1175
8338, 1175
8339, 1175
8340, 1175
8341, 1175
8342, 1175
8366, 1175
8367, 1175
8368, 1175
8369, 1175
8370, 1175
8371, 1175
8372, 1175
8373, 1175
8374, 1175
8375, 1175
8376, 1175
8400, 1175
8401, 1175
8402, 1175
8403, 1175
8404, 1175
8405, 1175
8406, 1175
8407, 1175
8408, 1175
8409, 1175
8410, 1175
8434, 1175
8435, 1175
8436, 1175
8437, 1175
8438, 1175
8439, 1175
8440, 1175
8441, 1175
8442, 1175
8443, 1175
8444, 1175
8468, 1175
8469, 1175
8470, 1175
8471, 1175
8472, 1175
8473, 1175
8474, 1175
8475, 1175
8476, 1175
8477, 1175
8478, 1175
8502, 1175
8503, 1175
8504, 1175
8505, 1175
8506, 1175
8507, 1175
8508, 1175
8509, 1175
8510, 1175
8511, 1175
8512, 1175
8536, 1175
8537, 1175
8538, 1175
8539, 1175
8540, 1175
8541, 1175
8542, 1175
8543, 1175
8544, 1175
8545, 1175
8546, 1175
8570, 1175
8571, 1175
8572, 1175
8573, 1175
8574, 1175
8575, 1175
8576, 1175
8577, 1175
8578, 1175
8579, 1175
8580, 1175
8604, 1175
8605, 1175
8606, 1175
8607, 1175
8608, 1175
8609, 1175
8610, 1175
8611, 1175
8612, 1175
8613, 1175
8614, 1175
8638, 1175
8639, 1175
8640, 1175
8641, 1175
8642, 1175
8643, 1175
8644, 1175
8645, 1175
8646, 1175
8647, 1175
8648, 1175
8672, 1175
8673, 1175
8674, 1175
8675, 1175
8676, 1175
8677, 1175
8678, 1175
8679, 1175
8680, 1175
8681, 1175
8682, 1175
8706, 1175
8707, 1175
8708, 1175
8709, 1175
8710, 1175
8711, 1175
8712, 1175
8713, 1175
8714, 1175
8715, 1175
8716, 1175
8740, 1175
8741, 1175
8742, 1175
8743, 1175
8744, 1175
8745, 1175
8746, 1175
8747, 1175
8748, 1175
8749, 1175
8750, 1175
8774, 1175
8775, 1175
8776, 1175
8777, 1175
8778, 1175
8779, 1175
8780, 1175
8781, 1175
8782, 1175
8783, 1175
8784, 1175
8808, 1175
8809, 1175
8810, 1175
8811, 1175
8812, 1175
8813, 1175
8814, 1175
8815, 1175
8816, 1175
8817, 1175
8818, 1175
8842, 1175
8843, 1175
8844, 1175
8845, 1175
8846, 1175
8847, 1175
8848, 1175
8849, 1175
8850, 1175
8851, 1175
8852, 1175
8876, 1175
8877, 1175
8878, 1175
8879, 1175
8880, 1175
8881, 1175
8882, 1175
8883, 1175
8884, 1175
8885, 1175
8886, 1175
8910, 1175
8911, 1175
8912, 1175
8913, 1175
8914, 1175
8915, 1175
8916, 1175
8917, 1175
8918, 1175
8919, 1175
8920, 1175
8944, 1175
8945, 1175
8946, 1175
8947, 1175
8948, 1175
8949, 1175
8950, 1175
8951, 1175
8952, 1175
8953, 1175
8954, 1175
8978, 1175
8979, 1175
8980, 1175
8981, 1175
8982, 1175
8983, 1175
8984, 1175
8985, 1175
8986, 1175
8987, 1175
8988, 1175
9012, 1175
9013, 1175
9014, 1175
9015, 1175
9016, 1175
9017, 1175
9018, 1175
9019, 1175
9020, 1175
9021, 1175
9022, 1175
9046, 1175
9047, 1175
9048, 1175
9049, 1175
9050, 1175
9051, 1175
9052, 1175
9053, 1175
9054, 1175
9055, 1175
9056, 1175
9080, 1175
9081, 1175
9082, 1175
9083, 1175
9084, 1175
9085, 1175
9086, 1175
9087, 1175
9088, 1175
9089, 1175
9090, 1175
9114, 1175
9115, 1175
9116, 1175
9117, 1175
9118, 1175
9119, 1175
9120, 1175
9121, 1175
9122, 1175
9123, 1175
9124, 1175
9148, 1175
9149, 1175
9150, 1175
9151, 1175
9152, 1175
9153, 1175
9154, 1175
9155, 1175
9156, 1175
9157, 1175
9158, 1175
9182, 1175
9183, 1175
9184, 1175
9185, 1175
9186, 1175
9187, 1175
9188, 1175
9189, 1175
9190, 1175
9191, 1175
9192, 1175
9216, 1175
9217, 1175
9218, 1175
9219, 1175
9220, 1175
9221, 1175
9222, 1175
9223, 1175
9224, 1175
9225, 1175
9226, 1175
9250, 1175
9251, 1175
9252, 1175
9253, 1175
9254, 1175
9255, 1175
9256, 1175
9257, 1175
9258, 1175
9259, 1175
9260, 1175
9284, 1175
9285, 1175
9286, 1175
9287, 1175
9288, 1175
9289, 1175
9290, 1175
9291, 1175
9292, 1175
9293, 1175
9294, 1175
9318, 1175
9319, 1175
9320, 1175
9321, 1175
9322, 1175
9323, 1175
9324, 1175
9325, 1175
9326, 1175
9327, 1175
9328, 1175
9352, 1175
9353, 1175
9354, 1175
9355, 1175
9356, 1175
9357, 1175
9358, 1175
9359, 1175
9360, 1175
9361, 1175
9362, 1175
9386, 1175
9387, 1175
9388, 1175
9389, 1175
9390, 1175
9391, 1175
9392, 1175
9393, 1175
9394, 1175
9395, 1175
9396, 1175
9420, 1175
9421, 1175
9422, 1175
9423, 1175
9424, 1175
9425, 1175
9426, 1175
9427, 1175
9428, 1175
9429, 1175
9430, 1175
9454, 1175
9455, 1175
9456, 1175
9457, 1175
9458, 1175
9459, 1175
9460, 1175
9461, 1175
9462, 1175
9463, 1175
9464, 1175
9488, 1175
9489, 1175
9490, 1175
9491, 1175
9492, 1175
9493, 1175
9494, 1175
9495, 1175
9496, 1175
9497, 1175
9498, 1175
9522, 1175
9523, 1175
9524, 1175
9525, 1175
9526, 1175
9527, 1175
9528, 1175
9529, 1175
9530, 1175
9531, 1175
9532, 1175
9556, 1175
9557, 1175
9558, 1175
9559, 1175
9560, 1175
9561, 1175
9562, 1175
9563, 1175
9564, 1175
9565, 1175
9566, 1175
9590, 1175
9591, 1175
9592, 1175
9593, 1175
9594, 1175
9595, 1175
9596, 1175
9597, 1175
9598, 1175
9599, 1175
9600, 1175
9624, 1175
9625, 1175
9626, 1175
9627, 1175
9628, 1175
9629, 1175
9630, 1175
9631, 1175
9632, 1175
9633, 1175
9634, 1175
9658, 1175
9659, 1175
9660, 1175
9661, 1175
9662, 1175
9663, 1175
9664, 1175
9665, 1175
9666, 1175
9667, 1175
9668, 1175
9692, 1175
9693, 1175
9694, 1175
9695, 1175
9696, 1175
9697, 1175
9698, 1175
9699, 1175
9700, 1175
9701, 1175
9702, 1175
9726, 1175
9727, 1175
9728, 1175
9729, 1175
9730, 1175
9731, 1175
9732, 1175
9733, 1175
9734, 1175
9735, 1175
9736, 1175
9760, 1175
9761, 1175
9762, 1175
9763, 1175
9764, 1175
9765, 1175
9766, 1175
9767, 1175
9768, 1175
9769, 1175
9770, 1175
9794, 1175
9795, 1175
9796, 1175
9797, 1175
9798, 1175
9799, 1175
9800, 1175
9801, 1175
9802, 1175
9803, 1175
9804, 1175
9828, 1175
9829, 1175
9830, 1175
9831, 1175
9832, 1175
9833, 1175
9834, 1175
9835, 1175
9836, 1175
9837, 1175
9838, 1175
9862, 1175
9863, 1175
9864, 1175
9865, 1175
9866, 1175
9867, 1175
9868, 1175
9869, 1175
9870, 1175
9871, 1175
9872, 1175
9896, 1175
9897, 1175
9898, 1175
9899, 1175
9900, 1175
9901, 1175
9902, 1175
9903, 1175
9904, 1175
9905, 1175
9906, 1175
9930, 1175
9931, 1175
9932, 1175
9933, 1175
9934, 1175
9935, 1175
9936, 1175
9937, 1175
9938, 1175
9939, 1175
9940, 1175
9964, 1175
9965, 1175
9966, 1175
9967, 1175
9968, 1175
9969, 1175
9970, 1175
9971, 1175
9972, 1175
9973, 1175
9974, 1175
9998, 1175
9999, 1283
10000, 1176
10001, 2336
10002, 2388
10003, 2367
10004, 1965
10005, 2484
10006, 2536
10007, 2584
10008, 2619
10032, 2010
10033, 2529
10034, 2581
10035, 2626
10036, 2174
10037, 2240
10038, 2010
10039, 2529
10040, 2581
10041, 2626
10042, 2659
10066, 2618
10067, 2619
10068, 2620
10069, 2621
10070, 2622
10071, 2623
10072, 2624
10073, 2625
10074, 2626
10075, 2627
10076, 2628
10100, 2661
10101, 2662
10102, 2663
10103, 2664
10104, 2665
10105, 2666
10106, 2667
10107, 2668
10108, 2669
10109, 2670
10110, 2671
10134, 2059
10135, 2091
10136, 2618
10137, 2660
10138, 2661
10139, 2662
10140, 2663
10141, 2664
10142, 2665
10143, 2666
10144, 2667
10168, 2223
10169, 2669
10170, 2208
10171, 2059
10172, 2478
10173, 2457
10174, 2540
10175, 2561
10176, 2569
10177, 2604
10178, 2100
10202, 2734
10203, 2776
10204, 2777
10205, 2778
10206, 2779
10207, 2780
10208, 2781
10209, 2782
10210, 2783
10211, 2784
10212, 2785
10236, 3043
10237, 3078
10238, 3113
10239, 3078
10240, 3113
10241, 3148
10242, 3148
10243, 3113
10244, 2989
10245, 3114
10246, 3156
10270, 2234
10271, 2747
10272, 2885
10273, 2445
10274, 2510
10275, 2546
10276, 2564
10277, 2569
10278, 2604
10279, 2599
10280, 2591
10304, 3306
10305, 3271
10306, 3306
10307, 3341
10308, 3341
10309, 3074
10310, 3182
10311, 3237
10312, 3285
10313, 3320
10314, 3196
10338, 3158
10339, 3193
10340, 3228
10341, 3193
10342, 3228
10343, 3263
10344, 3263
10345, 3228
10346, 3228
10347, 2996
10348, 2511
10372, 3406
10373, 3406
10374, 3406
10375, 3406
10376, 3406
10377, 3406
10378, 3406
10379, 3406
10380, 2371
10381, 2337
10382, 2298
10406, 2416
10407, 2382
10408, 2381
10409, 2288
10410, 2801
10411, 2516
10412, 3131
10413, 2980
10414, 2495
10415, 2895
10416, 2890
10440, 2751
10441, 2755
10442, 2786
10443, 2786
10444, 2786
10445, 2748
10446, 3047
10447, 2711
10448, 2784
10449, 2749
10450, 2784
10474, 2751
10475, 2827
10476, 2787
10477, 2787
10478, 2786
10479, 2825
10480, 2787
10481, 2822
10482, 2819
10483, 3090
10484, 2711
10508, 3130
10509, 2784
10510, 2749
10511, 2749
10512, 2747
10513, 2751
10514, 2784
10515, 2786
10516, 2782
10517, 2749
10518, 2747
10542, 3815
10543, 3094
10544, 2943
10545, 3835
10546, 3142
10547, 3173
10548, 3930
10549, 3177
10550, 3103
10551, 3840
10552, 3167
10576, 3030
10577, 2981
10578, 3059
10579, 3024
10580, 3016
10581, 2871
10582, 2845
10583, 2808
10584, 3336
10585, 3384
10586, 3489
10610, 3343
10611, 3341
10612, 3471
10613, 3374
10614, 3375
10615, 3343
10616, 3377
10617, 3211
10618, 3280
10619, 3269
10620, 3378
10644, 3318
10645, 3364
10646, 3399
10647, 3369
10648, 3296
10649, 3390
10650, 3436
10651, 3366
10652, 3372
10653, 3441
10654, 3354
10678, 3379
10679, 3309
10680, 3347
10681, 3416
10682, 3297
10683, 3378
10684, 3378
10685, 3420
10686, 3382
10687, 3440
10688, 3450
10712, 3337
10713, 3395
10714, 3405
10715, 3263
10716, 3267
10717, 3265
10718, 2989
10719, 2832
10720, 2448
10721, 4164
10722, 2696
10746, 2786
10747, 2493
10748, 3269
10749, 2786
10750, 2493
10751, 3405
10752, 2786
10753, 2493
10754, 3982
10755, 2741
10756, 2448
10780, 2448
10781, 3315
10782, 2696
10783, 2448
10784, 3171
10785, 2741
10786, 2493
10787, 3405
10788, 2786
10789, 2493
10790, 3269
10814, 3341
10815, 2786
10816, 2493
10817, 3185
10818, 2786
10819, 2493
10820, 5170
10821, 2741
10822, 2448
10823, 3315
10824, 2696
10848, 2786
10849, 2493
10850, 3269
10851, 2786
10852, 2493
10853, 3405
10854, 2786
10855, 2493
10856, 3341
10857, 2786
10858, 2493
10882, 2448
10883, 3315
10884, 2696
10885, 2448
10886, 3171
10887, 2741
10888, 2493
10889, 3405
10890, 2786
10891, 2493
10892, 3269
10916, 3269
10917, 2786
10918, 2493
10919, 3405
10920, 2786
10921, 2493
10922, 4509
10923, 2741
10924, 2448
10925, 3315
10926, 2696
10950, 2696
10951, 2448
10952, 3171
10953, 2741
10954, 2493
10955, 3405
10956, 2786
10957, 2493
10958, 3269
10959, 2786
10960, 2493
10984, 2493
10985, 3185
10986, 2786
10987, 2493
10988, 5170
10989, 2741
10990, 2448
10991, 3315
10992, 2696
10993, 2448
10994, 3171
11018, 3269
11019, 2786
11020, 2493
11021, 3405
11022, 2786
11023, 2493
11024, 3341
11025, 2786
11026, 2493
11027, 3185
11028, 2786
11052, 2696
11053, 2448
11054, 3171
11055, 2741
11056, 2493
11057, 3405
11058, 2786
11059, 2493
11060, 3269
11061, 2786
11062, 2493
11086, 2493
11087, 3405
11088, 2786
11089, 2493
11090, 4509
11091, 2741
11092, 2448
11093, 3315
11094, 2696
11095, 2448
11096, 3171
11120, 3171
11121, 2741
11122, 2493
11123, 3405
11124, 2786
11125, 2493
11126, 3269
11127, 2786
11128, 2493
11129, 3405
11130, 2786
11154, 2786
11155, 2493
11156, 5170
11157, 2741
11158, 2448
11159, 3315
11160, 2696
11161, 2448
11162, 3171
11163, 2741
11164, 2493
11188, 2493
11189, 3405
11190, 2786
11191, 2493
11192, 3341
11193, 2786
11194, 2493
11195, 3185
11196, 2786
11197, 2493
11198, 5170
11222, 3171
11223, 2741
11224, 2493
11225, 3405
11226, 2786
11227, 2493
11228, 3269
11229, 2786
11230, 2493
11231, 3405
11232, 2786
11256, 2786
11257, 2493
11258, 4509
11259, 2741
11260, 2448
11261, 3315
11262, 2696
11263, 2448
11264, 3171
11265, 2741
11266, 2493
11290, 2493
11291, 3405
11292, 2786
11293, 2493
11294, 3269
11295, 2786
11296, 2493
11297, 3405
11298, 2786
11299, 2493
11300, 4509
11324, 5170
11325, 2741
11326, 2448
11327, 3315
11328, 2696
11329, 2448
11330, 3171
11331, 2741
11332, 2493
11333, 3405
11334, 2786
11358, 2786
11359, 2493
11360, 3341
11361, 2786
11362, 2493
11363, 3185
11364, 2786
11365, 2493
11366, 5170
11367, 2741
11368, 2448
11392, 2493
11393, 3405
11394, 2786
11395, 2493
11396, 3269
11397, 2786
11398, 2493
11399, 3405
11400, 2786
11401, 2493
11402, 3341
11426, 4509
11427, 2741
11428, 2448
11429, 3315
11430, 2696
11431, 2448
11432, 3171
11433, 2741
11434, 2493
11435, 3405
11436, 2786
11460, 2786
11461, 2493
11462, 3269
11463, 2786
11464, 2493
11465, 3405
11466, 2786
11467, 2493
11468, 4509
11469, 2741
11470, 2448
11494, 2448
11495, 3776
11496, 2696
11497, 2448
11498, 4240
11499, 2696
11500, 2448
11501, 3093
11502, 2741
11503, 2493
11504, 4114
11528, 3475
11529, 2786
11530, 2493
11531, 4439
11532, 2741
11533, 2448
11534, 3385
11535, 2696
11536, 2448
11537, 3101
11538, 2741
11562, 2741
11563, 2493
11564, 3475
11565, 2786
11566, 2493
11567, 3199
11568, 2786
11569, 2493
11570, 3475
11571, 2786
11572, 2493
11596, 2493
11597, 4313
11598, 2741
11599, 2448
11600, 3679
11601, 2696
11602, 2448
11603, 4244
11604, 2696
11605, 2448
11606, 3031
11630, 3121
11631, 2786
11632, 2493
11633, 3403
11634, 2786
11635, 2493
11636, 4361
11637, 2741
11638, 2448
11639, 3313
11640, 2696
11664, 2696
11665, 2448
11666, 3023
11667, 2741
11668, 2493
11669, 3403
11670, 2786
11671, 2493
11672, 3121
11673, 2786
11674, 2493
11698, 2493
11699, 3257
11700, 2786
11701, 2493
11702, 4350
11703, 2741
11704, 2448
11705, 3716
11706, 2696
11707, 2448
11708, 3964
11732, 3195
11733, 2786
11734, 2493
11735, 3051
11736, 2786
11737, 2493
11738, 3195
11739, 2786
11740, 2493
11741, 4291
11742, 2741
11766, 2741
11767, 2448
11768, 3105
11769, 2696
11770, 2448
11771, 2953
11772, 2741
11773, 2493
11774, 3195
11775, 2786
11776, 2493
11800, 2493
11801, 3123
11802, 2786
11803, 2493
11804, 3195
11805, 2786
11806, 2493
11807, 4210
11808, 2741
11809, 2448
11810, 3560
11834, 2893
11835, 2741
11836, 2493
11837, 2977
11838, 2786
11839, 2493
11840, 2991
11841, 2786
11842, 2493
11843, 2977
11844, 2786
11868, 2786
11869, 2493
11870, 4027
11871, 2741
11872, 2448
11873, 3391
11874, 2651
11875, 2403
11876, 2601
11877, 2494
11878, 2291
11902, 2072
11903, 1767
11904, 3022
11905, 2072
11906, 1767
11907, 2269
11908, 2072
11909, 1767
11910, 3020
11911, 2072
11912, 1767
11936, 2336
11937, 2336
11938, 2336
11939, 2336
11940, 2336
11941, 2336
11942, 2336
11943, 2336
11944, 2336
11945, 2336
11946, 2336
11970, 2336
11971, 2336
11972, 2336
11973, 2336
11974, 2336
11975, 2336
11976, 2336
11977, 2336
11978, 2336
11979, 2336
11980, 2336
12004, 2336
12005, 2336
12006, 2336
12007, 2336
12008, 2336
12009, 2336
12010, 2336
12011, 2336
12012, 2336
12013, 2336
12014, 2336
12038, 2336
12039, 2336
12040, 2336
12041, 2336
12042, 2336
12043, 2336
12044, 2336
12045, 2336
12046, 2336
12047, 2336
12048, 2336
12072, 2336
12073, 2336
12074, 2336
12075, 2336
12076, 2336
12077, 2336
12078, 2336
12079, 2336
12080, 2336
12081, 2336
12082, 2336
12106, 2336
12107, 2336
12108, 2336
12109, 2336
12110, 2336
12111, 2336
12112, 2336
12113, 2336
12114, 2336
12115, 2336
12116, 2336
12140, 2336
12141, 2336
12142, 2336
12143, 2336
12144, 2336
12145, 2336
12146, 2336
12147, 2336
12148, 2336
12149, 2336
12150, 2336
12174, 2336
12175, 2336
12176, 2336
12177, 2336
12178, 2336
12179, 2336
12180, 2336
12181, 2336
12182, 2336
12183, 2336
12184, 2336
12208, 2336
12209, 2336
12210, 2336
12211, 2336
12212, 2336
12213, 2336
12214, 2336
12215, 2336
12216, 2336
12217, 2336
12218, 2336
12242, 2336
12243, 2336
12244, 2336
12245, 2336
12246, 2336
12247, 2336
12248, 2336
12249, 2336
12250, 2336
12251, 2336
12252, 2336
12276, 2336
12277, 2336
12278, 2336
12279, 2336
12280, 2336
12281, 2336
12282, 2336
12283, 2336
12284, 2336
12285, 2336
12286, 2336
12310, 2336
12311, 2336
12312, 2336
12313, 2336
12314, 2336
12315, 2336
12316, 2336
12317, 2336
12318, 2336
12319, 2336
12320, 2336
12344, 2336
12345, 2336
12346, 2336
12347, 2336
12348, 2336
12349, 2336
12350, 2336
12351, 2336
12352, 2336
12353, 2336
12354, 2336
12378, 2336
12379, 2336
12380, 2336
12381, 2336
12382, 2336
12383, 2336
12384, 2336
12385, 2336
12386, 2336
12387, 2336
12388, 2336
12412, 2336
12413, 2336
12414, 2336
12415, 2336
12416, 2336
12417, 2336
12418, 2336
12419, 2336
12420, 2336
12421, 2336
12422, 2336
12446, 2336
12447, 2336
12448, 2336
12449, 2336
12450, 2336
12451, 2336
12452, 2336
12453, 2336
12454, 2336
12455, 2336
12456, 2336
12480, 2336
12481, 2336
12482, 2336
12483, 2336
12484, 2336
12485, 2336
12486, 2336
12487, 2336
12488, 2336
12489, 2336
12490, 2336
12514, 2336
12515, 2336
12516, 2336
12517, 2336
12518, 2336
12519, 2336
12520, 2336
12521, 2336
12522, 2336
12523, 2336
12524, 2336
12548, 2336
12549, 2336
12550, 2336
12551, 2336
12552, 2336
12553, 2336
12554, 2336
12555, 2336
12556, 2336
12557, 2336
12558, 2336
12582, 2336
12583, 2336
12584, 2336
12585, 2336
12586, 2336
12587, 2336
12588, 2336
12589, 2336
12590, 2336
12591, 2336
12592, 2336
12616, 2336
12617, 2336
12618, 2336
12619, 2336
12620, 2336
12621, 2336
12622, 2336
12623, 2336
12624, 2336
12625, 2336
12626, 2336
12650, 2336
12651, 2336
12652, 2336
12653, 2336
12654, 2336
12655, 2336
12656, 2336
12657, 2336
12658, 2336
12659, 2336
12660, 2336
12684, 2336
12685, 2336
12686, 2336
12687, 2336
12688, 2336
12689, 2336
12690, 2336
12691, 2336
12692, 2336
12693, 2336
12694, 2336
12718, 2336
12719, 2336
12720, 2336
12721, 2336
12722, 2336
12723, 2336
12724, 2336
12725, 2336
12726, 2336
12727, 2336
12728, 2336
12752, 2336
12753, 2336
12754, 2336
12755, 2336
12756, 2336
12757, 2336
12758, 2336
12759, 2336
12760, 2336
12761, 2336
12762, 2336
12786, 2336
12787, 2336
12788, 2336
12789, 2336
12790, 2336
12791, 2336
12792, 2336
12793, 2336
12794, 2336
12795, 2336
12796, 2336
12820, 2336
12821, 2336
12822, 2336
12823, 2336
12824, 2336
12825, 2336
12826, 2336
12827, 2336
12828, 2336
12829, 2336
12830, 2336
12854, 2336
12855, 2336
12856, 2336
12857, 2336
12858, 2336
12859, 2336
12860, 2336
12861, 2336
12862, 2336
12863, 2336
12864, 2336
12888, 2336
12889, 2336
12890, 2336
12891, 2336
12892, 2336
12893, 2336
12894, 2336
12895, 2336
12896, 2336
12897, 2336
12898, 2336
12922, 2336
12923, 2336
12924, 2336
12925, 2336
12926, 2336
12927, 2336
12928, 2336
12929, 2336
12930, 2336
12931, 2336
12932, 2336
12956, 2336
12957, 2336
12958, 2336
12959, 2336
12960, 2336
12961, 2336
12962, 2336
12963, 2336
12964, 2336
12965, 2336
12966, 2336
12990, 2336
12991, 2336
12992, 2336
12993, 2336
12994, 2336
12995, 2336
12996, 2336
12997, 2336
12998, 2336
12999, 2336
13000, 2336
13024, 2336
13025, 2336
13026, 2336
13027, 2336
13028, 2336
13029, 2336
13030, 2336
13031, 2336
13032, 2336
13033, 2336
13034, 2336
13058, 2336
13059, 2336
13060, 2336
13061, 2336
13062, 2336
13063, 2336
13064, 2336
13065, 2336
13066, 2336
13067, 2336
13068, 2336
13092, 2336
13093, 2336
13094, 2336
13095, 2336
13096, 2336
13097, 2336
13098, 2336
13099, 2336
13100, 2336
13101, 2336
13102, 2336
13126, 2336
13127, 2336
13128, 2336
13129, 2336
13130, 2336
13131, 2336
13132, 2336
13133, 2336
13134, 2336
13135, 2336
13136, 2336
13160, 2336
13161, 2336
13162, 2336
13163, 2336
13164, 2336
13165, 2336
13166, 2336
13167, 2336
13168, 2336
13169, 2336
13170, 2336
13194, 2336
13195, 2336
13196, 2336
13197, 2336
13198, 2336
13199, 2336
13200, 2336
13201, 2336
13202, 2336
13203, 2336
13204, 2336
13228, 2336
13229, 2336
13230, 2336
13231, 2336
13232, 2336
13233, 2336
13234, 2336
13235, 2336
13236, 2336
13237, 2336
13238, 2336
13262, 2336
13263, 2336
13264, 2336
13265, 2336
13266, 2336
13267, 2336
13268, 2336
13269, 2336
13270, 2336
13271, 2336
13272, 2336
13296, 2336
13297, 2336
13298, 2336
13299, 2336
13300, 2336
13301, 2336
13302, 2336
13303, 2336
13304, 2336
13305, 2336
13306, 2336
13330, 2336
13331, 2336
13332, 2336
13333, 2336
13334, 2336
13335, 2336
13336, 2336
13337, 2336
13338, 2336
13339, 2336
13340, 2336
13364, 2336
13365, 2336
13366, 2336
13367, 2336
13368, 2336
13369, 2336
13370, 2336
13371, 2336
13372, 2336
13373, 2336
13374, 2336
13398, 2336
13399, 2336
13400, 2336
13401, 2336
13402, 2336
13403, 2336
13404, 2336
13405, 2336
13406, 2336
13407, 2336
13408, 2336
13432, 2336
13433, 2336
13434, 2336
13435, 2336
13436, 2336
13437, 2336
13438, 2336
13439, 2336
13440, 2336
13441, 2336
13442, 2336
13466, 2336
13467, 2336
13468, 2336
13469, 2336
13470, 2336
13471, 2336
13472, 2336
13473, 2336
13474, 2336
13475, 2336
13476, 2336
13500, 2336
13501, 2336
13502, 2336
13503, 2336
13504, 2336
13505, 2336
13506, 2336
13507, 2336
13508, 2336
13509, 2336
13510, 2336
13534, 2336
13535, 2336
13536, 2336
13537, 2336
13538, 2336
13539, 2336
13540, 2336
13541, 2336
13542, 2336
13543, 2336
13544, 2336
13568, 2336
13569, 2336
13570, 2336
13571, 2336
13572, 2336
13573, 2336
13574, 2336
13575, 2336
13576, 2336
13577, 2336
13578, 2336
13602, 2336
13603, 2336
13604, 2336
13605, 2336
13606, 2336
13607, 2336
13608, 2336
13609, 2336
13610, 2336
13611, 2336
13612, 2336
13636, 2335
13637, 2335
13638, 2335
13639, 2335
13640, 2335
13641, 2335
13642, 2335
13643, 2335
13644, 2335
13645, 2335
13646, 2335
13670, 2335
13671, 2335
13672, 2335
13673, 2335
13674, 2335
13675, 2335
13676, 2335
13677, 2335
13678, 2335
13679, 2335
13680, 2335
13704, 2072
13705, 1767
13706, 3201
13707, 2072
13708, 1767
13709, 2687
13710, 2576
13711, 2760
13712, 2738
13713, 2843
13714, 2868
13738, 2072
13739, 1767
13740, 3369
13741, 2072
13742, 1767
13743, 3098
13744, 2072
13745, 1767
13746, 2305
13747, 2027
13748, 1722
13772, 1767
13773, 3098
13774, 2072
13775, 1767
13776, 3369
13777, 2072
13778, 1767
13779, 3095
13780, 2072
13781, 1767
13782, 2268
13806, 2174
13807, 2027
13808, 1767
13809, 3059
13810, 2072
13811, 1767
13812, 3131
13813, 2072
13814, 1767
13815, 2687
13816, 2576
13840, 2257
13841, 2072
13842, 1767
13843, 2879
13844, 2027
13845, 1722
13846, 1977
13847, 1858
13848, 2040
13849, 2350
13850, 2393
13874, 2072
13875, 1767
13876, 3118
13877, 2072
13878, 1767
13879, 2239
13880, 2027
13881, 1722
13882, 2748
13883, 2027
13884, 1767
13908, 1767
13909, 2846
13910, 2072
13911, 1767
13912, 2904
13913, 2027
13914, 1722
13915, 2313
13916, 2211
13917, 2027
13918, 1767
13942, 1767
13943, 3166
13944, 2072
13945, 1767
13946, 2687
13947, 2576
13948, 2620
13949, 2668
13950, 2709
13951, 2673
13952, 2710
13976, 2027
13977, 1722
13978, 2899
13979, 1982
13980, 1722
13981, 2174
13982, 2027
13983, 1767
13984, 2993
13985, 2072
13986, 1767
14010, 1767
14011, 2259
14012, 2072
14013, 1767
14014, 3011
14015, 2072
14016, 1767
14017, 2241
14018, 2027
14019, 1722
14020, 2748
14044, 2429
14045, 2162
14046, 1812
14047, 3078
14048, 2162
14049, 1812
14050, 2357
14051, 2162
14052, 1812
14053, 3146
14054, 2162
14078, 2426
14079, 2426
14080, 2426
14081, 2426
14082, 2426
14083, 2426
14084, 2426
14085, 2426
14086, 2426
14087, 2426
14088, 2426
14112, 2426
14113, 2426
14114, 2426
14115, 2426
14116, 2426
14117, 2426
14118, 2426
14119, 2426
14120, 2426
14121, 2426
14122, 2426
14146, 2426
14147, 2426
14148, 2426
14149, 2426
14150, 2426
14151, 2426
14152, 2426
14153, 2426
14154, 2426
14155, 2426
14156, 2426
14180, 2426
14181, 2426
14182, 2426
14183, 2426
14184, 2426
14185, 2426
14186, 2426
14187, 2426
14188, 2426
14189, 2426
14190, 2426
14214, 2426
14215, 2426
14216, 2426
14217, 2426
14218, 2426
14219, 2426
14220, 2426
14221, 2426
14222, 2426
14223, 2426
14224, 2426
14248, 2426
14249, 2426
14250, 2426
14251, 2426
14252, 2426
14253, 2426
14254, 2426
14255, 2426
14256, 2426
14257, 2426
14258, 2426
14282, 2426
14283, 2426
14284, 2426
14285, 2426
14286, 2426
14287, 2426
14288, 2426
14289, 2426
14290, 2426
14291, 2426
14292, 2426
14316, 2426
14317, 2426
14318, 2426
14319, 2426
14320, 2426
14321, 2426
14322, 2426
14323, 2426
14324, 2426
14325, 2426
14326, 2426
14350, 2426
14351, 2426
14352, 2426
14353, 2426
14354, 2426
14355, 2426
14356, 2426
14357, 2426
14358, 2426
14359, 2426
14360, 2426
14384, 2426
14385, 2426
14386, 2426
14387, 2426
14388, 2426
14389, 2426
14390, 2426
14391, 2426
14392, 2426
14393, 2426
14394, 2426
14418, 2426
14419, 2426
14420, 2426
14421, 2426
14422, 2426
14423, 2426
14424, 2426
14425, 2426
14426, 2426
14427, 2426
14428, 2426
14452, 2426
14453, 2426
14454, 2426
14455, 2426
14456, 2426
14457, 2426
14458, 2426
14459, 2426
14460, 2426
14461, 2426
14462, 2426
14486, 2426
14487, 2426
14488, 2426
14489, 2426
14490, 2426
14491, 2426
14492, 2426
14493, 2426
14494, 2426
14495, 2426
14496, 2426
14520, 2426
14521, 2426
14522, 2426
14523, 2426
14524, 2426
14525, 2426
14526, 2426
14527, 2426
14528, 2426
14529, 2426
14530, 2426
14554, 2426
14555, 2426
14556, 2426
14557, 2426
14558, 2426
14559, 2426
14560, 2426
14561, 2426
14562, 2426
14563, 2426
14564, 2426
14588, 2426
14589, 2426
14590, 2426
14591, 2426
14592, 2426
14593, 2426
14594, 2426
14595, 2426
14596, 2426
14597, 2426
14598, 2426
14622, 2426
14623, 2426
14624, 2426
14625, 2426
14626, 2426
14627, 2426
14628, 2426
14629, 2426
14630, 2426
14631, 2426
14632, 2426
14656, 2426
14657, 2426
14658, 2426
14659, 2426
14660, 2426
14661, 2426
14662, 2426
14663, 2426
14664, 2426
14665, 2426
14666, 2426
14690, 2426
14691, 2426
14692, 2426
14693, 2426
14694, 2426
14695, 2426
14696, 2426
14697, 2426
14698, 2426
14699, 2426
14700, 2426
14724, 2426
14725, 2426
14726, 2426
14727, 2426
14728, 2426
14729, 2426
14730, 2426
14731, 2426
14732, 2426
14733, 2426
14734, 2426
14758, 2425
14759, 2425
14760, 2425
14761, 2425
14762, 2425
14763, 2425
14764, 2425
14765, 2425
14766, 2425
14767, 2425
14768, 2425
14792, 2425
14793, 2425
14794, 2425
14795, 2425
14796, 2425
14797, 2425
14798, 2425
14799, 2425
14800, 2425
14801, 2425
14802, 2425
14826, 1812
14827, 3005
14828, 2117
14829, 1767
14830, 2331
14831, 2256
14832, 2027
14833, 1722
14834, 2789
14835, 1937
14836, 1677
14860, 1175
14861, 1175
14862, 1175
14863, 1175
14864, 1175
14865, 1175
14866, 1175
14867, 1175
14868, 1175
14869, 1175
14870, 1175
14894, 1175
14895, 1175
14896, 1175
14897, 1175
14898, 1175
14899, 1175
14900, 1175
14901, 1175
14902, 1175
14903, 1175
14904, 1175
14928, 1175
14929, 1175
14930, 1175
14931, 1175
14932, 1175
14933, 1175
14934, 1175
14935, 1175
14936, 1175
14937, 1175
14938, 1175
14962, 1175
14963, 1175
14964, 1175
14965, 1175
14966, 1175
14967, 1175
14968, 1175
14969, 1175
14970, 1175
14971, 1175
14972, 1175
14996, 1175
14997, 1175
14998, 1175
14999, 1283
15000, 1176
15001, 2336
15002, 2388
15003, 2367
15004, 1965
15005, 2484
15006, 2536
15030, 2219
15031, 2250
15032, 2010
15033, 2529
15034, 2581
15035, 2626
15036, 2174
15037, 2240
15038, 2010
15039, 2529
15040, 2581
15064, 2616
15065, 2617
15066, 2618
15067, 2619
15068, 2620
15069, 2621
15070, 2622
15071, 2623
15072, 2624
15073, 2625
15074, 2626
15098, 2618
15099, 2660
15100, 2661
15101, 2662
15102, 2663
15103, 2664
15104, 2665
15105, 2666
15106, 2667
15107, 2668
15108, 2669
15132, 2670
15133, 2174
15134, 2059
15135, 2091
15136, 2618
15137, 2660
15138, 2661
15139, 2662
15140, 2663
15141, 2664
15142, 2665
15166, 2706
15167, 2707
15168, 2223
15169, 2669
15170, 2208
15171, 2059
15172, 2478
15173, 2457
15174, 2540
15175, 2561
15176, 2569
15200, 2194
15201, 2226
15202, 2734
15203, 2776
15204, 2777
15205, 2778
15206, 2779
15207, 2780
15208, 2781
15209, 2782
15210, 2783
15234, 2381
15235, 3001
15236, 3043
15237, 3078
15238, 3113
15239, 3078
15240, 3113
15241, 3148
15242, 3148
15243, 3113
15244, 2989
15268, 2866
15269, 2321
15270, 2234
15271, 2747
15272, 2885
15273, 2445
15274, 2510
15275, 2546
15276, 2564
15277, 2569
15278, 2604
15302, 3236
15303, 3271
15304, 3306
15305, 3271
15306, 3306
15307, 3341
15308, 3341
15309, 3074
15310, 3182
15311, 3237
15312, 3285
15336, 2496
15337, 3110
15338, 3158
15339, 3193
15340, 3228
15341, 3193
15342, 3228
15343, 3263
15344, 3263
15345, 3228
15346, 3228
15370, 3406
15371, 3406
15372, 3406
15373, 3406
15374, 3406
15375, 3406
15376, 3406
15377, 3406
15378, 3406
15379, 3406
15380, 2371
15404, 2959
15405, 3486
15406, 2416
15407, 2382
15408, 2381
15409, 2288
15410, 2801
15411, 2516
15412, 3131
15413, 2980
15414, 2495
15438, 2755
15439, 2751
15440, 2751
15441, 2755
15442, 2786
15443, 2786
15444, 2786
15445, 2748
15446, 3047
15447, 2711
15448, 2784
15472, 2825
15473, 2822
15474, 2751
15475, 2827
15476, 2787
15477, 2787
15478, 2786
15479, 2825
15480, 2787
15481, 2822
15482, 2819
15506, 2666
15507, 2580
15508, 3130
15509, 2784
15510, 2749
15511, 2749
15512, 2747
15513, 2751
15514, 2784
15515, 2786
15516, 2782
15540, 3196
15541, 3128
15542, 3815
15543, 3094
15544, 2943
15545, 3835
15546, 3142
15547, 3173
15548, 3930
15549, 3177
15550, 3103
15574, 2813
15575, 2799
15576, 3030
15577, 2981
15578, 3059
15579, 3024
15580, 3016
15581, 2871
15582, 2845
15583, 2808
15584, 3336
15608, 3409
15609, 3409
15610, 3343
15611, 3341
15612, 3471
15613, 3374
15614, 3375
15615, 3343
15616, 3377
15617, 3211
15618, 3280
15642, 3334
15643, 3332
15644, 3318
15645, 3364
15646, 3399
15647, 3369
15648, 3296
15649, 3390
15650, 3436
15651, 3366
15652, 3372
15676, 3275
15677, 3368
15678, 3379
15679, 3309
15680, 3347
15681, 3416
15682, 3297
15683, 3378
15684, 3378
15685, 3420
15686, 3382
15710, 3333
15711, 3375
15712, 3337
15713, 3395
15714, 3405
15715, 3263
15716, 3267
15717, 3265
15718, 2989
15719, 2832
15720, 2448
15744, 2493
15745, 3405
15746, 2786
15747, 2493
15748, 3269
15749, 2786
15750, 2493
15751, 3405
15752, 2786
15753, 2493
15754, 3982
15778, 5170
15779, 2741
15780, 2448
15781, 3315
15782, 2696
15783, 2448
15784, 3171
15785, 2741
15786, 2493
15787, 3405
15788, 2786
15812, 2786
15813, 2493
15814, 3341
15815, 2786
15816, 2493
15817, 3185
15818, 2786
15819, 2493
15820, 5170
15821, 2741
15822, 2448
15846, 2493
15847, 3405
15848, 2786
15849, 2493
15850, 3269
15851, 2786
15852, 2493
15853, 3405
15854, 2786
15855, 2493
15856, 3341
15880, 4509
15881, 2741
15882, 2448
15883, 3315
15884, 2696
15885, 2448
15886, 3171
15887, 2741
15888, 2493
15889, 3405
15890, 2786
15914, 2786
15915, 2493
15916, 3269
15917, 2786
15918, 2493
15919, 3405
15920, 2786
15921, 2493
15922, 4509
15923, 2741
15924, 2448
15948, 2448
15949, 3315
15950, 2696
15951, 2448
15952, 3171
15953, 2741
15954, 2493
15955, 3405
15956, 2786
15957, 2493
15958, 3269
15982, 3341
15983, 2786
15984, 2493
15985, 3185
15986, 2786
15987, 2493
15988, 5170
15989, 2741
15990, 2448
15991, 3315
15992, 2696
16016, 2786
16017, 2493
16018, 3269
16019, 2786
16020, 2493
16021, 3405
16022, 2786
16023, 2493
16024, 3341
16025, 2786
16026, 2493
16050, 2448
16051, 3315
16052, 2696
16053, 2448
16054, 3171
16055, 2741
16056, 2493
16057, 3405
16058, 2786
16059, 2493
16060, 3269
16084, 3269
16085, 2786
16086, 2493
16087, 3405
16088, 2786
16089, 2493
16090, 4509
16091, 2741
16092, 2448
16093, 3315
16094, 2696
16118, 2696
16119, 2448
16120, 3171
16121, 2741
16122, 2493
16123, 3405
16124, 2786
16125, 2493
16126, 3269
16127, 2786
16128, 2493
16152, 2493
16153, 3185
16154, 2786
16155, 2493
16156, 5170
16157, 2741
16158, 2448
16159, 3315
16160, 2696
16161, 2448
16162, 3171
16186, 3269
16187, 2786
16188, 2493
16189, 3405
16190, 2786
16191, 2493
16192, 3341
16193, 2786
16194, 2493
16195, 3185
16196, 2786
16220, 2696
16221, 2448
16222, 3171
16223, 2741
16224, 2493
16225, 3405
16226, 2786
16227, 2493
16228, 3269
16229, 2786
16230, 2493
16254, 2493
16255, 3405
16256, 2786
16257, 2493
16258, 4509
16259, 2741
16260, 2448
16261, 3315
16262, 2696
16263, 2448
16264, 3171
16288, 3171
16289, 2741
16290, 2493
16291, 3405
16292, 2786
16293, 2493
16294, 3269
16295, 2786
16296, 2493
16297, 3405
16298, 2786
16322, 2786
16323, 2493
16324, 5170
16325, 2741
16326, 2448
16327, 3315
16328, 2696
16329, 2448
16330, 3171
16331, 2741
16332, 2493
16356, 2493
16357, 3405
16358, 2786
16359, 2493
16360, 3341
16361, 2786
16362, 2493
16363, 3185
16364, 2786
16365, 2493
16366, 5170
16390, 3172
16391, 2742
16392, 2494
16393, 3406
16394, 2787
16395, 2494
16396, 3270
16397, 2787
16398, 2494
16399, 3406
16400, 2787
16424, 2787
16425, 2494
16426, 4510
16427, 2742
16428, 2449
16429, 3316
16430, 2697
16431, 2449
16432, 3172
16433, 2742
16434, 2494
16458, 2494
16459, 3406
16460, 2787
16461, 2494
16462, 3270
16463, 2787
16464, 2494
16465, 3406
16466, 2787
16467, 2494
16468, 4510
16492, 4201
16493, 2742
16494, 2449
16495, 3777
16496, 2697
16497, 2449
16498, 4241
16499, 2697
16500, 2449
16501, 3094
16502, 2742
16526, 2787
16527, 2494
16528, 3476
16529, 2787
16530, 2494
16531, 4440
16532, 2742
16533, 2449
16534, 3386
16535, 2697
16536, 2449
16560, 2449
16561, 3102
16562, 2742
16563, 2494
16564, 3476
16565, 2787
16566, 2494
16567, 3200
16568, 2787
16569, 2494
16570, 3476
16594, 3256
16595, 2787
16596, 2494
16597, 4314
16598, 2742
16599, 2449
16600, 3680
16601, 2697
16602, 2449
16603, 4245
16604, 2697
16628, 2787
16629, 2494
16630, 3122
16631, 2787
16632, 2494
16633, 3404
16634, 2787
16635, 2494
16636, 4362
16637, 2742
16638, 2449
16662, 2449
16663, 3314
16664, 2697
16665, 2449
16666, 3024
16667, 2742
16668, 2494
16669, 3404
16670, 2787
16671, 2494
16672, 3122
16696, 3194
16697, 2787
16698, 2494
16699, 3258
16700, 2787
16701, 2494
16702, 4351
16703, 2742
16704, 2449
16705, 3717
16706, 2697
16730, 2742
16731, 2494
16732, 3196
16733, 2787
16734, 2494
16735, 3052
16736, 2787
16737, 2494
16738, 3196
16739, 2787
16740, 2494
16764, 2494
16765, 5173
16766, 2742
16767, 2449
16768, 3106
16769, 2697
16770, 2449
16771, 2954
16772, 2742
16773, 2494
16774, 3196
16798, 3196
16799, 2787
16800, 2494
16801, 3124
16802, 2787
16803, 2494
16804, 3196
16805, 2787
16806, 2494
16807, 4211
16808, 2742
16832, 2697
16833, 2449
16834, 2894
16835, 2742
16836, 2494
16837, 2978
16838, 2787
16839, 2494
16840, 2992
16841, 2787
16842, 2494
16866, 2494
16867, 2978
16868, 2787
16869, 2494
16870, 4028
16871, 2742
16872, 2449
16873, 3392
16874, 2652
16875, 2404
16876, 2602
16900, 1768
16901, 2198
16902, 2073
16903, 1768
16904, 3023
16905, 2073
16906, 1768
16907, 2270
16908, 2073
16909, 1768
16910, 3021
16934, 2292
16935, 2292
16936, 2292
16937, 2292
16938, 2292
16939, 2291
16940, 2291
16941, 2291
16942, 2291
16943, 2291
16944, 2291
16968, 2291
16969, 2291
16970, 2291
16971, 2291
16972, 2291
16973, 2291
16974, 2291
16975, 2291
16976, 2291
16977, 2291
16978, 2291
17002, 2291
17003, 2028
17004, 1723
17005, 2980
17006, 2028
17007, 1723
17008, 2306
17009, 2028
17010, 1723
17011, 3013
17012, 2028
17036, 2665
17037, 2913
17038, 2817
17039, 2666
17040, 2631
17041, 2679
17042, 2820
17043, 2780
17044, 2782
17045, 2782
17046, 2813
17070, 1938
17071, 1678
17072, 2055
17073, 1983
17074, 1723
17075, 3055
17076, 2028
17077, 1723
17078, 3325
17079, 2028
17080, 1723
17104, 1678
17105, 2890
17106, 1938
17107, 1678
17108, 2165
17109, 1983
17110, 1723
17111, 3056
17112, 2028
17113, 1723
17114, 3325
17138, 2539
17139, 2576
17140, 2506
17141, 2550
17142, 2648
17143, 2443
17144, 1678
17145, 2820
17146, 1938
17147, 1678
17148, 2060
17172, 3054
17173, 2028
17174, 1723
17175, 2294
17176, 1983
17177, 1678
17178, 2926
17179, 1938
17180, 1678
17181, 2130
17182, 1983
17206, 2028
17207, 1723
17208, 2290
17209, 2073
17210, 1768
17211, 3000
17212, 2118
17213, 1768
17214, 2351
17215, 2118
17216, 1768
17240, 1983
17241, 1678
17242, 2197
17243, 2122
17244, 1938
17245, 1678
17246, 2780
17247, 1893
17248, 1633
17249, 1843
17250, 1724
17274, 2680
17275, 2710
17276, 2640
17277, 2648
17278, 2407
17279, 1678
17280, 2888
17281, 1938
17282, 1678
17283, 2055
17284, 1983
17308, 2028
17309, 1723
17310, 2980
17311, 2028
17312, 1723
17313, 2226
17314, 1983
17315, 1678
17316, 2890
17317, 1938
17318, 1678
17342, 1723
17343, 2860
17344, 1983
17345, 1678
17346, 2197
17347, 2122
17348, 1938
17349, 1678
17350, 2745
17351, 1893
17352, 1633
17376, 1131
17377, 1131
17378, 1131
17379, 1131
17380, 1131
17381, 1131
17382, 1131
17383, 1131
17384, 1131
17385, 1131
17386, 1131
17410, 1131
17411, 1131
17412, 1131
17413, 1131
17414, 1131
17415, 1131
17416, 1131
17417, 1131
17418, 1131
17419, 1131
17420, 1131
17444, 1131
17445, 1131
17446, 1131
17447, 1131
17448, 1131
17449, 1131
17450, 1131
17451, 1131
17452, 1131
17453, 1131
17454, 1131
17478, 1131
17479, 1131
17480, 1131
17481, 1131
17482, 1131
17483, 1131
17484, 1131
17485, 1131
17486, 1131
17487, 1131
17488, 1131
17512, 1131
17513, 1131
17514, 1131
17515, 1131
17516, 1131
17517, 1131
17518, 1131
17519, 1131
17520, 1131
17521, 1131
17522, 1131
17546, 1131
17547, 1131
17548, 1131
17549, 1131
17550, 1131
17551, 1131
17552, 1131
17553, 1131
17554, 1131
17555, 1131
17556, 1131
17580, 1131
17581, 1131
17582, 1131
17583, 1131
17584, 1131
17585, 1131
17586, 1131
17587, 1131
17588, 1131
17589, 1131
17590, 1131
17614, 1131
17615, 1131
17616, 1131
17617, 1131
17618, 1131
17619, 1131
17620, 1131
17621, 1131
17622, 1131
17623, 1131
17624, 1131
17648, 1131
17649, 1131
17650, 1131
17651, 1131
17652, 1131
17653, 1131
17654, 1131
17655, 1131
17656, 1131
17657, 1131
17658, 1131
17682, 1131
17683, 1131
17684, 1131
17685, 1131
17686, 1131
17687, 1131
17688, 1131
17689, 1131
17690, 1131
17691, 1131
17692, 1131
17716, 1131
17717, 1131
17718, 1131
17719, 1131
17720, 1131
17721, 1131
17722, 1131
17723, 1131
17724, 1131
17725, 1131
17726, 1131
17750, 1131
17751, 1131
17752, 1131
17753, 1131
17754, 1131
17755, 1131
17756, 1131
17757, 1131
17758, 1131
17759, 1131
17760, 1131
17784, 1131
17785, 1131
17786, 1131
17787, 1131
17788, 1131
17789, 1131
17790, 1131
17791, 1131
17792, 1131
17793, 1131
17794, 1131
17818, 1131
17819, 1131
17820, 1131
17821, 1131
17822, 1131
17823, 1131
17824, 1131
17825, 1131
17826, 1131
17827, 1131
17828, 1131
17852, 1131
17853, 1131
17854, 1131
17855, 1131
17856, 1131
17857, 1131
17858, 1131
17859, 1131
17860, 1131
17861, 1131
17862, 1131
17886, 1131
17887, 1131
17888, 1131
17889, 1131
17890, 1131
17891, 1131
17892, 1131
17893, 1131
17894, 1131
17895, 1131
17896, 1131
17920, 1131
17921, 1131
17922, 1131
17923, 1131
17924, 1131
17925, 1131
17926, 1131
17927, 1131
17928, 1131
17929, 1131
17930, 1131
17954, 1131
17955, 1131
17956, 1131
17957, 1131
17958, 1131
17959, 1131
17960, 1131
17961, 1131
17962, 1131
17963, 1131
17964, 1131
17988, 1131
17989, 1131
17990, 1131
17991, 1131
17992, 1131
17993, 1131
17994, 1131
17995, 1131
17996, 1131
17997, 1131
17998, 1131
18022, 1131
18023, 1131
18024, 1131
18025, 1131
18026, 1131
18027, 1131
18028, 1131
18029, 1131
18030, 1131
18031, 1131
18032, 1131
18056, 1131
18057, 1131
18058, 1131
18059, 1131
18060, 1131
18061, 1131
18062, 1131
18063, 1131
18064, 1131
18065, 1131
18066, 1131
18090, 1131
18091, 1131
18092, 1131
18093, 1131
18094, 1131
18095, 1131
18096, 1131
18097, 1131
18098, 1131
18099, 1131
18100, 1131
18124, 1131
18125, 1131
18126, 1131
18127, 1131
18128, 1131
18129, 1131
18130, 1131
18131, 1131
18132, 1131
18133, 1131
18134, 1131
18158, 1131
18159, 1131
18160, 1131
18161, 1131
18162, 1131
18163, 1131
18164, 1131
18165, 1131
18166, 1131
18167, 1131
18168, 1131
18192, 1131
18193, 1131
18194, 1131
18195, 1131
18196, 1131
18197, 1131
18198, 1131
18199, 1131
18200, 1131
18201, 1131
18202, 1131
18226, 1131
18227, 1131
18228, 1131
18229, 1131
18230, 1131
18231, 1131
18232, 1131
18233, 1131
18234, 1131
18235, 1131
18236, 1131
18260, 1131
18261, 1131
18262, 1131
18263, 1131
18264, 1131
18265, 1131
18266, 1131
18267, 1131
18268, 1131
18269, 1131
18270, 1131
18294, 1131
18295, 1131
18296, 1131
18297, 1131
18298, 1131
18299, 1131
18300, 1131
18301, 1131
18302, 1131
18303, 1131
18304, 1131
18328, 1131
18329, 1131
18330, 1131
18331, 1131
18332, 1131
18333, 1131
18334, 1131
18335, 1131
18336, 1131
18337, 1131
18338, 1131
18362, 1131
18363, 1131
18364, 1131
18365, 1131
18366, 1131
18367, 1131
18368, 1131
18369, 1131
18370, 1131
18371, 1131
18372, 1131
18396, 1131
18397, 1131
18398, 1131
18399, 1131
18400, 1131
18401, 1131
18402, 1131
18403, 1131
18404, 1131
18405, 1131
18406, 1131
18430, 1131
18431, 1131
18432, 1131
18433, 1131
18434, 1131
18435, 1131
18436, 1131
18437, 1131
18438, 1131
18439, 1131
18440, 1131
18464, 1131
18465, 1131
18466, 1131
18467, 1131
18468, 1131
18469, 1131
18470, 1131
18471, 1131
18472, 1131
18473, 1131
18474, 1131
18498, 1131
18499, 1131
18500, 1131
18501, 1131
18502, 1131
18503, 1131
18504, 1131
18505, 1131
18506, 1131
18507, 1131
18508, 1131
18532, 1131
18533, 1131
18534, 1131
18535, 1131
18536, 1131
18537, 1131
18538, 1131
18539, 1131
18540, 1131
18541, 1131
18542, 1131
18566, 1131
18567, 1131
18568, 1131
18569, 1131
18570, 1131
18571, 1131
18572, 1131
18573, 1131
18574, 1131
18575, 1131
18576, 1131
18600, 1131
18601, 1131
18602, 1131
18603, 1131
18604, 1131
18605, 1131
18606, 1131
18607, 1131
18608, 1131
18609, 1131
18610, 1131
18634, 1131
18635, 1131
18636, 1131
18637, 1131
18638, 1131
18639, 1131
18640, 1131
18641, 1131
18642, 1131
18643, 1131
18644, 1131
18668, 1131
18669, 1131
18670, 1131
18671, 1131
18672, 1131
18673, 1131
18674, 1131
18675, 1131
18676, 1131
18677, 1131
18678, 1131
18702, 1131
18703, 1131
18704, 1131
18705, 1131
18706, 1131
18707, 1131
18708, 1131
18709, 1131
18710, 1131
18711, 1131
18712, 1131
18736, 1131
18737, 1131
18738, 1131
18739, 1131
18740, 1131
18741, 1131
18742, 1131
18743, 1131
18744, 1131
18745, 1131
18746, 1131
18770, 1131
18771, 1131
18772, 1131
18773, 1131
18774, 1131
18775, 1131
18776, 1131
18777, 1131
18778, 1131
18779, 1131
18780, 1131
18804, 1131
18805, 1131
18806, 1131
18807, 1131
18808, 1131
18809, 1131
18810, 1131
18811, 1131
18812, 1131
18813, 1131
18814, 1131
18838, 1131
18839, 1131
18840, 1131
18841, 1131
18842, 1131
18843, 1131
18844, 1131
18845, 1131
18846, 1131
18847, 1131
18848, 1131
18872, 1131
18873, 1131
18874, 1131
18875, 1131
18876, 1131
18877, 1131
18878, 1131
18879, 1131
18880, 1131
18881, 1131
18882, 1131
18906, 1131
18907, 1131
18908, 1131
18909, 1131
18910, 1131
18911, 1131
18912, 1131
18913, 1131
18914, 1131
18915, 1131
18916, 1131
18940, 1131
18941, 1131
18942, 1131
18943, 1131
18944, 1131
18945, 1131
18946, 1131
18947, 1131
18948, 1131
18949, 1131
18950, 1131
18974, 1131
18975, 1131
18976, 1131
18977, 1131
18978, 1131
18979, 1131
18980, 1131
18981, 1131
18982, 1131
18983, 1131
18984, 1131
19008, 1131
19009, 1131
19010, 1131
19011, 1131
19012, 1131
19013, 1131
19014, 1131
19015, 1131
19016, 1131
19017, 1131
19018, 1131
19042, 1131
19043, 1131
19044, 1131
19045, 1131
19046, 1131
19047, 1131
19048, 1131
19049, 1131
19050, 1131
19051, 1131
19052, 1131
19076, 1131
19077, 1131
19078, 1131
19079, 1131
19080, 1131
19081, 1131
19082, 1131
19083, 1131
19084, 1131
19085, 1131
19086, 1131
19110, 1131
19111, 1131
19112, 1131
19113, 1131
19114, 1131
19115, 1131
19116, 1131
19117, 1131
19118, 1131
19119, 1131
19120, 1131
19144, 1131
19145, 1131
19146, 1131
19147, 1131
19148, 1131
19149, 1131
19150, 1131
19151, 1131
19152, 1131
19153, 1131
19154, 1131
19178, 1131
19179, 1131
19180, 1131
19181, 1131
19182, 1131
19183, 1131
19184, 1131
19185, 1131
19186, 1131
19187, 1131
19188, 1131
19212, 1131
19213, 1131
19214, 1131
19215, 1131
19216, 1131
19217, 1131
19218, 1131
19219, 1131
19220, 1131
19221, 1131
19222, 1131
19246, 1131
19247, 1131
19248, 1131
19249, 1131
19250, 1131
19251, 1131
19252, 1131
19253, 1131
19254, 1131
19255, 1131
19256, 1131
19280, 1131
19281, 1131
19282, 1131
19283, 1131
19284, 1131
19285, 1131
19286, 1131
19287, 1131
19288, 1131
19289, 1131
19290, 1131
19314, 1131
19315, 1131
19316, 1131
19317, 1131
19318, 1131
19319, 1131
19320, 1131
19321, 1131
19322, 1131
19323, 1131
19324, 1131
19348, 1131
19349, 1131
19350, 1131
19351, 1131
19352, 1131
19353, 1131
19354, 1131
19355, 1131
19356, 1131
19357, 1131
19358, 1131
19382, 1131
19383, 1131
19384, 1131
19385, 1131
19386, 1131
19387, 1131
19388, 1131
19389, 1131
19390, 1131
19391, 1131
19392, 1131
19416, 1131
19417, 1131
19418, 1131
19419, 1131
19420, 1131
19421, 1131
19422, 1131
19423, 1131
19424, 1131
19425, 1131
19426, 1131
19450, 1131
19451, 1131
19452, 1131
19453, 1131
19454, 1131
19455, 1131
19456, 1131
19457, 1131
19458, 1131
19459, 1131
19460, 1131
19484, 1131
19485, 1131
19486, 1131
19487, 1131
19488, 1131
19489, 1131
19490, 1131
19491, 1131
19492, 1131
19493, 1131
19494, 1131
19518, 1131
19519, 1131
19520, 1131
19521, 1131
19522, 1131
19523, 1131
19524, 1131
19525, 1131
19526, 1131
19527, 1131
19528, 1131
19552, 1131
19553, 1131
19554, 1131
19555, 1131
19556, 1131
19557, 1131
19558, 1131
19559, 1131
19560, 1131
19561, 1131
19562, 1131
19586, 1131
19587, 1131
19588, 1131
19589, 1131
19590, 1131
19591, 1131
19592, 1131
19593, 1131
19594, 1131
19595, 1131
19596, 1131
19620, 1131
19621, 1131
19622, 1131
19623, 1131
19624, 1131
19625, 1131
19626, 1131
19627, 1131
19628, 1131
19629, 1131
19630, 1131
19654, 1131
19655, 1131
19656, 1131
19657, 1131
19658, 1131
19659, 1131
19660, 1131
19661, 1131
19662, 1131
19663, 1131
19664, 1131
19688, 1131
19689, 1131
19690, 1131
19691, 1131
19692, 1131
19693, 1131
19694, 1131
19695, 1131
19696, 1131
19697, 1131
19698, 1131
19722, 1131
19723, 1131
19724, 1131
19725, 1131
19726, 1131
19727, 1131
19728, 1131
19729, 1131
19730, 1131
19731, 1131
19732, 1131
19756, 1131
19757, 1131
19758, 1131
19759, 1131
19760, 1131
19761, 1131
19762, 1131
19763, 1131
19764, 1131
19765, 1131
19766, 1131
19790, 1131
19791, 1131
19792, 1131
19793, 1131
19794, 1131
19795, 1131
19796, 1131
19797, 1131
19798, 1131
19799, 1131
19800, 1131
19824, 1131
19825, 1131
19826, 1131
19827, 1131
19828, 1131
19829, 1131
19830, 1131
19831, 1131
19832, 1131
19833, 1131
19834, 1131
19858, 1131
19859, 1131
19860, 1131
19861, 1131
19862, 1131
19863, 1131
19864, 1131
19865, 1131
19866, 1131
19867, 1131
19868, 1131
19892, 1131
19893, 1131
19894, 1131
19895, 1131
19896, 1131
19897, 1131
19898, 1131
19899, 1131
19900, 1131
19901, 1131
19902, 1131
19926, 1131
19927, 1131
19928, 1131
19929, 1131
19930, 1131
19931, 1131
19932, 1131
19933, 1131
19934, 1131
19935, 1131
19936, 1131
19960, 1131
19961, 1131
19962, 1131
19963, 1131
19964, 1131
19965, 1131
19966, 1131
19967, 1131
19968, 1131
19969, 1131
19970, 1131
19994, 1131
19995, 1131
19996, 1131
19997, 1131
19998, 1131
19999, 1206
