CoVLmWV37E1CBNtDbAB8q53va5HHsy3MWGexVNpMmnALUrwdddHb
CoV9zMjQJ6hJAyYssyB8PvkE7ku9Ba1RZtdzBQ6d5RpF3Dvp38ed
CoV6vrQdrEGjaseRa1AdwcdHNgSX3sPmbjp5NYdhPuceBUvEb9zq
CoWR4GC1f5MzReYb2ds2usk9v3S2Vat9nD9CqMHMjt8asd6BtChK
CoVJ5ubYE1pAtMGpXTSBdvbbDeTaharv1N7CnoLwXcuqpvjKEWcN
CoUj9kLdhm7Ft41dNmngVQGraXDNcKYcSRxZUhYRP4mnXkY5xMB7
CoWVBTz2d9x3vaDGUsjK57P3RwSfkcoC3wEqd5YXwbS7VPchFQSJ
CoVALqVeCWH3g5spwxhzs2xgzKsMLi93anW1QkKRHpQCsbZ3aEGc
CoV4Jr7Ld6sjoBEkCXM3itVmUmmhUuNyZUhd9wGXNXV9vzsg5riS
CoVDNGG3CqNJSzBqAbYuD8ow4F9Z5BtJhsvPmVqSUbYcLVtfGoSt
CoVwmuEXQKgFoPxXyYjSNMRAXtEHxGSU8P3WJWV98WZxXnZ4EuqS
CoVnQeTP58P5ktt5vJuhpE47rFv8qj4T3AtdcW47PakoKszVcTfX
CoW3z17kgFBrDiAL7oiCFTU4JYCPQMQM1bDnCmBjH7kAiRhpmMUY
CoVneFUVDWXeP6wFnZ1pqQGVg4dSzEw4HhVnn3zLy7K6JSjqky67
CoWDBeveRdALYRwUFk9tZVPb27d8crAvDNVwYHSCxjM2wQsmJgbY
CoVq34abv4f7z315XmYjQAw17eb1kBCPM8cV3hgW2y6eW9EBiAJp
CoUjTNWx5RtG7FYrSgRTnhs7ekGimHCqCGCKTBoJarLCFxiiJRno
CoVRNY3Mvhokovm6vhhQTu1ivE3fihKm3fHLLAzzukcv6d8DbD49
CoVJceoHBXhfAL9qJgxm2TVuZyyYXw7gvyYKKP9LJAG1SRUcgivJ
CoWRQzF3Rg41BWGaVe2i2GxfFUB372b9mSnN73P7GPY2LSkwGv5g
CoWSBSpLEp4NF8j8RHJEMCT6X6W6J9xqULPa1ZeV9g5vmspNJADj
CoVedrZDjGkJvb9mz6y1SwvBuZXouAfmUUcBUWyvyTLL4srgZ6Ft
CoUzviR5fo7KPMW3BsozHn4CdPUqwGTiRvqfsRQDPzAK4dr3ipNY
CoVHmhtDBCrptkaXQ6U3PkJMedfDDjBMc8WRMhnPVurAkA4D8XaJ
CoWZZyy61CWiGALqUcuCGQR3hYS2cWo6HiMRsSdakCHxCNBhqdav
CoVgVmgxRF9Mk6WLZwP8n8Xy9LwExKgKDsxDvdkFYKu4Yug7s2ZH
CoVk8PvhULVRf44VhsmTBhFwb4KSvrQYeQuda7oG1eidyBtBWzzy
CoWWHsK2xprgjTTUjxeU794ynKgg2hKBMCgtsUwC7atgF6QXZc1J
CoVFz8KEkJp1YDCDq7kSNE3vNQLkcfrzY7fxM5pjLSrAEteXG8Ez
CoVgncrKibqYjEmpaWHjqTc2QsnXksaBYdg7rCvGzQMEY5W8u5QR
CoVVerBQD4KCNpk5C44bDztCDtN9qGhArLizwwSSXF7MiVugxBdA
CoVWD21Sji1rpFRFb6iRpptFj3a9m378cm1gA6uQeStFhZQ8douB
CoWCtxmrvf1kjD1yoEVQ9tL2WwqeyoSL2mpHboxUoW5LL6XKH5S5
CoVfrn5KperNJLYX7858cLBgaC1TZxnuriWS7nxfa4i8QpayxxpF
CoVpR1DvFNYnsgJ9GhwusAeFBzzk7kwxq1UyAfwfGDDn4FSTH9Jg
CoVoYRTfrwjmsrKuN8h7gcCk7eZ3P7ksiooLwsfyE6L65hryJK5Q
CoW1Ep72NSrNQ2Hxa7regxkrSTgccRcMoxxoQAA7xTL5RfKEfYEQ
CoW49W864P3enAxC1k3vnKeCkYme38CiFvNMsjKyV2rFjW2xDna9
CoVJJaC7Kp4JPrBo1WE1Ruyq1AYomizp5cJWz3pPPV8UeLTybYKY
CoUqNzcC1HgBaWxYMx2RvKahxfLMKsYAPe8uUP7KDgm86Eqn4xRf
CoWKw6GMgx8YZ8WvU7iQQbUGvWwpYC6pPJBWC9rUKS9pgbykjWYQ
CoUyhea1EuUeVU1uwo8byEzfwAARZfGM7nBTKyxsJHZuZp3PHsvp
CoVMHFinJxd52WhzxXQxXDhRb1FR6sVGVtwvQyZdkTLkJC94u3bb
CoV6N1tq1WXexyxnDoHmjeHHixQ7mFxiuuCCNm4YqTRJ68HsAJUb
CoWYHnXAFffgU67Fyt33c23qS7M85d6v7nenxsgXmoS7U3o3V8Qn
CoVzejn93CxeB8jikRPVxY8mPQBDWHWYUVx5JmLqo1PAvk4bkAie
CoWStNMGoP2ExCnXjBpR61A1noPsecRF9wPWsu85Ns1mzRdwZvi4
CoVYErtcNpiSJx8KbkrPg2HZEo9y48G5XQM8ZkHyru9xP1g7v1JT
CoVzcXqCYa44rnZGig3tiVpSp2PNbUqvuqgxGsxv6xjk4b6cQEwZ
CoVvWSRVTBxnzXJn29CdZzuiGnWkjKeb6bGhNmua5hHAHuasmBek
CoVZ87TjW6x9RRFEgoRuHfdaaR4hLesVfnundXaF6HogeWvsqMEt
CoUzm1Q9GjTVzeCSRotbD1TDte9r4V7qDj7nEyyJnWpg7ZD2oQaH
CoUymGC7Qe5KTi4N8SxivgidpLvZusrBTdZcbd5oCLQRhAax8AhH
CoV7ui8ANMX6DCNUiiFK3BEy8sFxxgMqKGogyZo7SGdjWHruw4RR
CoW1Qpmf83p5DRFKJQBjLsvfXUTzkLE4SUXfPqTUYsQ3vBqcy6BS
CoUrajJvFV45RCQ1qLyUSQ7Fng4YrWQd9Ux9nnEYLwWM9UJKKoZV
CoWXkrZu8QXm2Bey97TKqGpimaodFFtt1wf9rF1tyQCJSKLiFm7i
CoVQBRKqm1XDPGjigSjmeU9FXLtdobxAnGcFPy8WhwBzASyJ396W
CoUrCMy8mkdmCCDhYSCiCZFt5DeVU5Q4GKzjWjSd97iexeCFX7NZ
CoVs8cPwnYer3rBikejvevHmVaJ4UZehSjcnf1QTFAjxXw9ewRBD
CoWF6S1aBxB6LZAiMRbpydF8Tuz5J4ob2WQnRMhNFGWAfZ7BSyRN
CoUfmLUAmH4fAqt6Cm7Wu4kXGK3aSuyUtMtY3KHjwgymJMi8ppYj
CoVNLTgnaTuKJiiojraBwsibE6EYvoPWyZ8rp2zEBpUzoDuhQJbF
CoVeBzjDxtcxx6jDE3uvAMBdhEvocTrtBVHGUKRg81A2tcsffzGq
CoW3XBDETS9f8fgr3cz7xgMGmaYLAgRwXw8iY3ouNKNPdtb7HfXk
CoVdYMBm1MV29TpBmv1VsCTuGDJZndPdu7wRx1ZQ1hmjGYW3L895
CoW9pePWMp3rfNeienxJhNh2dzL7GaKMkeSodReAZZWbD18K32HR
CoVaXhVeYdtfHZJEAXJYGc4HNGpg8u6vWw8FRymbr766ha8GCAmp
CoWQt9onsHD6pdhWBFVLZqWxorpvuY6d12xAomomduHYjFjZFysw
CoWY8oHQVHDZ6b3atUsGWEEcGDZBUQ8UGJrv5w4x9kcytP4jjNhZ
CoWFN6vcGCLmUnhZVS2YPYVyNFXNNYYMgSjtLPWkT6TiJVABh1ko
CoVj5M2TP9tiaZfEJpS71jkK6HCQnccjLbXwiLEXj1LXVaXWoYv4
CoUzizRN2jbcz9CrP2XgciepiG98H6ZwpqRQ7yDsHU6sDvvGuvv1
CoVgWgXSKH8en8Tr5w4eb4fJ4GLfRHM9HucrweVtoV15VXGhCG8X
CoW93k98EryWyixF9Y8AjYcFbKk4NpbGnzzCLg18ZsC7o6u4h6Re
CoVagqExy6hCZT2pDqhnxRthqLDtWK2oawBQXedHY21JsBga3qf5
CoV82akFwMwRPttzTDF9WxiF4AXmN7wrusbZD8xLEefDknPjUEc2
CoVaQkRp1obeQ5QtWPDLUMJycWhcCu8f1nQGPAFqV9EmqfA18DjF
CoVW2hLXN778QLMPD8Tzor6cjDxf7yqSKLwb7mtvti9RfjbyEZRQ
CoUqQWJY8jEFTBsXHBvfYFmqUttertTB2d4ySM6GbFtmsaF591os
CoVcr15aCTqmbEKhWMouYYGm2GJ3jkQQAhKvXVgR6bLbYFuFwmdp
CoW7q9Vgh2pjt3d4B6nqTXBrYGX2UgPe2a6HeRQUr9ep4oxchvXY
CoVacoZiNV7iQw4pqCWyx6q3GZ6JcAjdJLGSZL9S3FdwmfCqKaRR
CoVBDMRp22pUrmJq7SWuCk6CNerpsyjsaXkcqJPCGSyMMuc7ujwY
CoWXfGTgnTGQt5abANbUaiQALPgGyddt9ykz7LFf2dBRt5ZFJ5yz
CoVCanN6PbSiFBzC1JNWk4gHUpXZtzU63M5orMfnmEp2J6doDSgg
CoUoD5ZApHFraRcinNyLpXL4XJ2kv39MUK3kF6wqKNggrCbKH8c9
CoUp6pD6i8aNxAo1XLpcvejXeGndbmik33VxerYwE8iEknEPSuTA
CoWTmxooBAqXjGUVBV5eM9iwZQLb4621kP11vXGqAs6os7Vo6J2e
CoW9NRAXLsGk9amLR8cUbNVtXpFRRMLCVACBUpRuHHzzXW2MBTiN
CoUrzDtCpFGhk6ccuTBn7MbSKWGcDx57uLdRyA28AnpxDDFoAFXv
CoUpkwQJjSxHL7FjRgdr2PcdMxmhw5jLvpMZv5oAqtYrQ7cqUoW1
CoVnB3FKd8a72sJq4v9g6RWe7qGJEuquFve12T6hJjVwBuTsCYr1
CoW71HRudLWPLckKntJEEsANXQDHFp4g486ZL86Ryc9HpT8LdSSu
CoVkbxritvwZefXfQNiXjPi1AiiK2UvoTprGNv5djiVJf8v52CNy
CoV3tJKH416Zxo37FDEvdp6V2pEY8o2gs3yns45LpyivPy5tBvrf
CoW3y6a9QdyXPnaNPJBEgYAXvPgvSV9M4gL1KfFnnqDNUgPpY4v2
CoVcLJMuar8sfWDPtzrc1bJPzXJvDtt9CDkTNmMCxUBpeEET6PT3
CoWTEttFwftSN5pR6dnDmk2aog6imbAqpvsaMjgE2Rh9PLsMVEtJ
CoVxbwVCGD9YUvgTvHXmu2cDKhi7G5dD9Xd3ZQL2kUiHX8uqE3PW
CoW9yGYYFqtE2Wuwc9a4ustEQ8wK75fdrWj1fktYvUWTrX7GAaDP
CoW2FfVv7S9PRg1eyo1ZxbCP7oJ6XqJNXTC6nPhJ599ABwDuLJhv
CoVeoCfn1tdqs9KnNR3iU53cR97cEs7Z6bXFJXGp7CN7Q9z4gVdF
CoW7FHEmJLV3cDa2PPmgucUTiq7hutpce7ssfbqnrJTiL4knDkGi
CoWPe8jYfCRRvSy6r1EKeC3ix8z37UwCws4Zmkaxp7BBH28c1kuZ
CoUoMk3i6p5KBRhTg5zC6jzzK23pKRpE7qpr1RJUVETPZS7tt8ey
CoVftuV1wwLdhLdgV8sQxT7SMgm6QwfW37EMgcyhYxMd7mw9h9mm
CoV15DZx4KuSScS1p6XtHT6kuncBLJGEku3ocHgm89VD5U76TUGg
CoW4F5ED1acGoovDrPVVmb1ZBcxKGpHFLeEzEZwQCZGcL62k9s3k
CoVTZqxwBreQr4HNMzDUgmg7jg2neXtQnLmS3PLicmpAm8kKN4c7
CoUhsGwGU6Fkq7pVmmusB2GYvexxAmujULXNAYsPogAz3vfaUbpj
CoVG4EGAcgHEHTmZBxKG9RckRgd9yDTwN1prHKGwZU1HkL38Zuum
CoUufNsHfLJNCYxuqBTdCNbtKDSc8TR5ZxmSAqpq9YtJjmdtLSa1
CoVEpY66xXXvd12355bt8NvrZm2LyrtTkvS93UXdjdmHc9rr4Aqu
CoWSv2YynfR8LfH5aRGFhbhU4PFvgC9eDwJfKRqLzGS4H6869ZSo
CoV4BeoAJAAQCvFNFW3GEXvWsDtZAyU46dDkskDVjXKv37KsZbec
CoVT9C2f1B4Vfg2AiR1FUGB9aCHMqCqS43m58MU9463CLsz2Tgcb
CoVnobEZ8VMjqbVwSL1r6va5LtzuCQ5mr8M5BGssRW8a83BpdHSw
CoWRkS9rawHQ8KuD1Lc7Pd54HBrRP9be9qvoW9bGu1LqgFmLkzX4
CoVGBZhcRhpY6gx77VNuU7h6mFEduFcys6Qo1dTfoRwkiqKf6DSu
CoWBe8iqruzjGwqZNgRwLg9v28Ep8yGZwWYwZ2xjPYaW3bRshqu5
CoUzc7fZWqQ9ReC48sYJdTx3gXeDg3NzGmgRV9XsSo2PcvWgoEFt
CoUkCdzP7hXyMF3TR5mXBHGTKouWw76Xph72Hj43Wua2pVaxdpLZ
CoVj3v1DnJHqFxcBdGLLztN3GFooep2StK1q2pM6P3a3MJ3qpJjh
CoVZUudeVzjugVp2qUQ1s4pRaCEYnSRDZTPNyVJwQK5vYDWTVfKo
CoViHqaP3MmMUoiSbVR2Z9AR4BKHLYnuFD3uHTQcLHWXWLUfSgEx
CoVoicRTW4hbeYhvhtroEJQHmUtu3nLrt2Z46377oYHxgssZzxXr
CoUowGjRjP8dtjiHM4ssR9tk4tdHh6vxYbX8AcQ9NTk8HyxegsJ8
CoVkHwBhYmM5Lst2MN3YeTtB2dPXGWfkrRwT3mLvLbEuvcpAb2Gz
CoWLkXAThw9PGNs83xVbx3P7NvEmVGURv3PpLEDSadpZKdTeopM4
CoVBkXLRZDAjBjcn35VsW65doxKawmgJCQW2NSDwmUgvySdUrhH4
CoVc9MMCuPCEotcTBU31DXgAXqsX9Uv1RJW2FjAB7ya8BeEQoRuW
CoW7YF3LegtHdSWHokbmYNuf5suQPCGfpMpMVZbm4HWia4YWj48E
CoW9fYY8HAWN1YVBzvfNtT7yvtA5jZbV81gBFcdaLYXyR89VH9Yw
CoVCGSKocNNTd88b4etPHgk5FGDe4WUBkGqRNqZARLQGRcipRDAq
