CoVe5YfzebdZiRujAyWUuFwhov4gnA3LmyjgR5xk25DvkQvsocyo
CoWEeoojoAokB5xNws6LzhWCN86EfvGuTZtSuSRw9AnzGxhpvFZT
CoVvBDtLuAKDksZh4AETfK1deGgWuagfTdGjDhEMoruAB22NjmQX
CoUgBcB8yuLw5ADcopCmt3ziDbxgr3EBbrkJaLdBENWAADchzGtp
CoV2J6S5UBS2bJvAuG9SjoJTTdz6ZdxMFNqXb7GQgVYSH1X7rJJr
CoUgoAEBfAHkbAuivJ4YHp7jAp3o19xqtjTBUiodccaNCJ9Gu3xT
CoWSaX6XLVbmzNsTj4Y9UpmGfB11HLUqefowRdc5Xnv9BoXchCb9
CoUvtkhm8sN8fNCgCBL4aRxWBaxnXktKw3n6WDNdZBmeh69TFQhm
CoW7CsKs5dd2Xq4Lw14BQKkvWiB2VF4eVr7tvu7Fa5HGQKGHPpHa
CoWVq7SNt7AYenFffbSwhpni7dHGTfkM2EiSrT59jz7fvEa6UWUz
CoUxaHkJYErJXDB3bfCZGxWQ9Yvqof3VTWoJS911DHSwr8ezWCk7
CoW1c9GnUu9RwGsy44jwSHtbi4Qiou2HNcApon4D6JecaCmymFsZ
CoVz17VmowPBiraJioQGMWneHjEZtaSBctXQRRLNs8GxENe4FRvh
CoVdBXNkjzuMjAqWGCSV9FPM8xcwsjSAdGUjDv4k3yGPaXSqYoDB
CoVVkZXNxrNYLEK7ygL5cKMfroZqQq8uDeuvBmixsCZL4Zrf4eta
CoW1kvNZVJ6RwpdBLaGL4S4H1p9mhhVkPjPBphpcQUtYVVzGi8rT
CoVk5xLMWKwT1Hmu6XiuLQ541TqJF8ZuK4vWXD2snX9Nwxn7spiB
CoW1tEDnb3JAzirt8bK7FTFnwC47NAUJhbWUwkVJ9t6Bo7nYWPZR
CoUqM9x427besDqsTqWJMxQEdCzKH43BsNEWhqrBomkQ5MypW7mZ
CoVr638pzUkmAcmcyKjTTSJKntrpFepmrT5GUowqusHr8gVruzmh
CoVhBGydLvvBVzyBUN7jyBgohd5BYybBbhpMiSPE5hXp4ffGno5G
CoVNBofuDpYRqyC5DWHwdTihcyhyAWnAx5enksiG5FY55e2DYmjm
CoWXXxQJNHFrraYzzWr6kkjgZ6jDnuKqs99jbyGBU7zA9yKDHK8P
CoVFLcwHoXir3yAchdUwhhoB4mt1LAZXm3KJsRrzGspHkjiZQjX8
CoUf8JyrpTQL54MCYKHn2KPFPqSENsSnpHBp5N3JVJVk27JHvVzK
CoUgfEFQMvjMTRytg4i6j5Swd8Wa3XGAESeracxXfUC12M3ajy4i
CoWQGf2HSL9DRRSeSP36R1s7DCWosM35TVskFRSWj5ogxZbrLx8L
CoVvz3W1V6vZpJjGgZN9H9rVdPiGpbp2odiaPAibf6zfvHcNZbmY
CoV5dZaEA6HE7kGoBWUGnuHV4AziV3EKgJYc3TEANHjVRshBRL8d
CoWAUWDUA32yuXqzBnUikD8q1PPt8Q8vW7RDvmWk5TfYVRUME1Qr
CoVB8zzXAh2FyBkUDP3pWGGZ2KSi6NH377qYwPJ1ydFAgDWMCqoa
CoV5ohFNE5G5KokwBpzAP4DjiF1pq265ZApc9wWsG5Xmd2iw4by9
CoVjMZTrGp9wh1Jh1noyrXpp6gjo7sSS54cr9ovSpLgtkteJGbfa
CoW3iUTpvLePmXnhQRATEcJYRjVdVEyJTBvMs1BivB1Cght7wn9D
CoVLZpQLTh6YxyYFyB8vfTfmk3ZSdoM3aB1bRoNh4f78Epqhvaw8
CoWKQtjcnmWmn5GNNhUzEUu6WGEyYDu2M1aXAonE1YyjktfKdBUA
CoVhTm86E6wbdxJodcLSVHp9XhAPQ4kz5kzEYf3WVMmr5L7mKCHm
CoVhjPpvduc8xb3S6mwkJFRsjeyCRUhYT9nL29EU6mB47yrCWeKQ
CoVHcSeAEK7uUKyq35SXetp76jy1eoZZHznrNkRFkvMcN3gkZSiJ
CoVyyEAaExNpw9RGqcurG1F7eUdK4ASBHf7YFMsaDAGByed8An51
CoUgk39w1PhzKydBJBfgRcoE9zLDry6vyf5qpRCTDygbQyE2FWnS
CoWMkGEWtDuaLkRuCr7h1CFCPARE9zx7G6yN6EvqTaCmgTkLxtVF
CoV8D8BzCQZwMzG6WCJPYnK1DjoKn7CzeK7yDwzqxc8PsxdxfXpE
CoVkMVd3uEq13tkZGiLAqy5cDB9CMRFxpz1tZR5dN7CE7CQTpA59
CoUzSyRk435zZLRWvcuGdKkeQToB6a4c2LRoxV3NU8ZRCyxSR78c
CoWG9sccWCLqweXKoGUhjTK5XqsNdWQEXcQQzSMsh5nLzoygDtsr
CoWM6ZWJAP8QYpgbpppKs1Nco1HLT2ieK5F85J9QPP8DDgHua8oE
CoVNKxykHcLpon9DDRtfxgGFraiuTxTqADkCDypRchwGvc6eB4K2
CoUs1Dtz6XqHfRyFjgWxKpajt4VcmRZj7P615fg9QMCYxvoCU7NT
CoVpFwdCrhyCBGiN6SiYGk64WVA8Ssj3wf3BNsc81NB3Y4MfY8AA
CoUeyS8oka3QFPRLZ13ge1fXUeVCGWoXYPAogmGDrA8Zn2wJxwVV
CoV2GcHkSfV2cmu5QwxUijaq16tG4wBNMpcLLW51PqbPy9VAaXtR
CoUkiJnkraTgtGLfaQvA4fL5Q1PYz39ZRWK7JZSWHG4xUi8JSNZJ
CoVGAePwcWvqupeedcC4R6vqAjBVyFG2T6BT6CxHQdMpMwXRUKDW
CoUt3eP1eLRyXZeR6ANaq7CoSybsxPZN7RziX6bfvzMrw83mrDSd
CoVCJgGyDjgctLqcaHp4Ai8v2ok7bR8XuDwVgcJ11zRW7PETt8zE
CoV1FPLnWUpJgWnhouBHYbSkaXaYrUUGHVtUuVGERtix7AZreTXC
CoWD9pBKjbyALZFhtPheQpgqcnLM7i8Dt8bM1myoFwDB2e4Fx937
CoUgEWmEpDXzffXVfUWdk1Eg2D9TBPCPwMhznMsEVkcsCqNSwzXs
CoWCyKUYGaQ8GpCjzwVMJe7ncp7yDDyjXBoVJjiX3juHTTVTjyyC
CoWTR4BxEnuGyff5bWVMMdgbyRRAYchZYqM6jsW7YnNC6y6PXgv2
CoVeEFXVnYxQQYjfuK7KCwjbajQtmbsMKpQjhKtnEcnK3ZDKSQNR
CoWRhQcBkL7FiwBNDAu9Tio3EPmGYZZzNfazHGxruAjDaV1e2gxj
CoWFx9miUZbxLKqEBt6vXNiE6Ms7GuBvTTU9VxLbdPYt1qWp7iZg
CoV3YKRUCCcsazRtuLHkWB2bxeXZPgLqbpEBZvzSgbu4qwii9ftZ
CoW3PnEgZES3vffdKYqGv9FrDKh4U8ocJSvByVT6BDXcULQNe6oV
CoWGfEvX8TKf2o1tzNH6t96DUGf7hmC75vPmGSD6D5GXLckT7RhP
CoWVeWQ336b9664eZePSGBbocME9xFLwyECzpttTDBBwkzXpUepx
CoWK9VzvRpFkwhZSMaEbeE4QV5Pt5goG26mWv9kszRctnTq1hnm1
CoUo6jtynwQqdsvgyqo9PpniDpUaTS43tHAexQEQRjRWf7d5cK7x
CoUhvfmUMtqe2mkebXDW6dvZaMfy1cXkQnzPsbdghXthntNUrYvM
CoWJSdqg26WM5cL7yzrn1a1S4YZg1ckkU9M3Y2MouEQwJ4sLv1mu
CoVB9aFsgi2tBrLrXXva5cW8mUbuToaM3GtBuBFhe4FNbNdKMaFd
CoVHzp1s9tfS4UXHpJyFTQdu3gVGSqoDcffKJsDpRUT17KvhexiR
CoUywVxWGv95Y3ChceGFs5QK389QoMUwrKCK3DdhaMoTudUbgNvj
CoVFwHN6hi3FLkDJVJsKgfdvkqcrzk7KzhLG2hCDDVakBJQymreP
CoVQD8WSZsqPp1Y3kjpbPDMMw9pkck2jh5m2YjeTbYbzrLf8Vcqs
CoW6fV5cgrN1ifd4tXsJf3JmxrWoFxYxaKEuTxAKKNKg4uaJtPs9
CoVLRNMzt6idtzkMyv284nf1oYHEwHPjqFSbALzbCZ3BV9w4AZiF
CoVkToqTKTmqypJzT6m2n5css5nKpFcX2TBqgHqAanVQoENmQHnZ
CoUgBBcTzBLtjw5ffBonZheRBMkZqEh9Tr9LBHQzmosHJfQumvne
CoWLdcBoZkrXQNokyd8LkpXWtyju8KPi23cqqjz5E3zn152E7k21
CoVbZzpam4Zby7TGASiPact6Kyxwj9NYQcmsboLtToiQVrgDdLdv
CoVW7VBj9U32PgXXQ48fPmHToKJ4ihP4cgn98J3Ekn1FXSML2LTd
CoUwahSmLHXoSBfdveLdA4pojuMWQR8dpNwWZWZqK2roxGBwrvdw
CoUpqgwV35WVETSzwGpdqvvfyk2rJvRTUAGFHEnFWehmtFMgA9ZY
CoVUnFXq4ppxJp7dBh9DsnVicaG9Pt9tDh5rGfj8Lij2yzvUfvA9
CoVRNyGsm9THFiySBqcewGHdNB6BpdqXU1i3sYjRcnkEow98A7g6
CoVmxyouAGTmpZZTnFUfaf8oUgefkr1ei2fzJ7LRb4UTRKAdK1RQ
CoVvMRmxtQxAHYfcbw5wm4ABKd9JHZ7oKgs5Mgx9DS7535ZyUpQf
CoVzbz6XDNXJ7euyYtqgN97VMn2niWfZp1ACKF4WLn3YMB4FQJ4m
CoW5GhoQTCoyyGGNMwQ2UKD4XU39m8nYYLdraPswSmqwwg997W8E
CoVLJ4q4FwK2sF2UZ7M4gb7FYXvgbomPS5x7kSzwmqie7U4HZQFQ
CoVzetw2BsuirNDP9DXpXpPZmEpyFutr4brQDYoKPFY5mLwdgM6k
CoVWFFjFsiaTJdQDHZD1kM5nNF6hBhD5UHcgchAiWYCmY5PKQ6GZ
CoVjrtMw1u2XuWHmPsq8ztJMzaxnEF1U4d8xJeJb1G2M9Dd9RWEi
CoVCeoLj3WXMpoDLiKJCPLysiBw45bYV9z23in3gDaN6jJnpqW3n
CoW6Pp7qQ1JYYXkTHn8hjboYjsq7UVZX6cpa1QK83WhW2Sgk7dwN
CoW8wJjkoNTGru96c57GpLm7sEJsxhk1EdEu5axqn2qMjHZpARjF
CoV45AFjDdWuDryn4n5Kn9R5cKsjVyrpWPLDuUKh5roJi4Q7buzJ
CoWYzaBHuQcHpMM9dBquDMqzPzCgk2TqiVxwynqhWNWmNac8znph
CoVSyjCQPzrG8vHnz8Qr7pJ83BZX8HB1gfRKQRoZb3CZn1LWodhw
CoV4s16np25UkMKtDTmzLGFHXyjJJGTnx8PWSPkxpc2QaDMNH3Np
CoVLvnkFtScRmooirNA4yoh1k2tJUAKLECukxoGZfejWrnX3HG4Y
CoWGYHHFQr4YTXip9FvgAwqaRfwu8TiKwykGnKPM2LEwmVuKLRQ1
CoVNP9BGD7JGGvL8utXrGkY3VEkk7QuDZUTVtQXk5Jtkg2DjXVRR
CoWMA8fxyocsfR5jUMnokY75woS16ziBN2RgegktQQpstALQVGGM
CoWTPJnSjUvAtbAPtqaoXknRHMDPR8HvCujpuzoxiPVrcjPsrZ9r
CoUk24hfuj5EdnADWXtK7uXqKgbMiGeZYzoXN594i2JTnhA4crn8
